[2025-09-04|10:52:50][INFO]  Blackboard initialized from projects/bulk_frying/configs/blackboard.json
[2025-09-04|10:52:52][INFO]  DEBUG: cooking_logger.py module is being loaded.
[2025-09-04|10:52:52][INFO]  IndyCare MQTT logging is disabled.
[2025-09-04|10:52:52][INFO]  [SYSTEM] Starting bulk_frying System...
[2025-09-04|10:52:52][INFO]  Init AppCommunication
[2025-09-04|10:52:53][DEBUG] RobotFsmSequence: Enter new state NOT_READY
[2025-09-04|10:52:53][INFO]  2025-09-04 10:52:53: [Robot FSM] Program is Running, Stop the program (NotReadyStrategy)
[2025-09-04|10:52:53][INFO]  [DEBUG] stop_program: Sending stop command to Conty.
[2025-09-04|10:52:53][INFO]  [DEBUG] stop_program: Waiting for Conty program to stop. Current state: PROG_RUNNING
[2025-09-04|10:52:53][INFO]  Stop program!!
[2025-09-04|10:52:53][INFO]  [DEBUG] stop_program: Waiting for Conty program to stop. Current state: PROG_STOPPING
[2025-09-04|10:52:53][INFO]  [DEBUG] stop_program: Conty program confirmed to be in IDLE state.
[2025-09-04|10:52:53][INFO]  2025-09-04 10:52:53: [Robot FSM] Enter NotReadyStrategy State.
[2025-09-04|10:52:53][INFO]  robot fsm run
[2025-09-04|10:52:53][INFO]  ProcessManager initialized with fry_type: dry
[2025-09-04|10:52:53][INFO]  dryfsm 1
[2025-09-04|10:52:53][DEBUG] DryRecipeFsmSequence: Enter new state NO_MENU
[2025-09-04|10:52:53][INFO]  2025-09-04 10:52:53: [Basket 1 FSM] Enter DryNoMenuStrategy State.
[2025-09-04|10:52:53][INFO]  dryfsm 2
[2025-09-04|10:52:53][DEBUG] RobotFsmSequence: Trigger Event DONE on NOT_READY
[2025-09-04|10:52:53][DEBUG] DryRecipeFsmSequence: Enter new state NO_MENU
[2025-09-04|10:52:53][INFO]  2025-09-04 10:52:53: [Basket 2 FSM] Enter DryNoMenuStrategy State.
[2025-09-04|10:52:53][INFO]  dryfsm 3
[2025-09-04|10:52:53][INFO]  2025-09-04 10:52:53: [Robot FSM] Exit NotReadyStrategy State.
[2025-09-04|10:52:53][DEBUG] RobotFsmSequence: Enter new state NOT_READY_IDLE
[2025-09-04|10:52:53][INFO]  2025-09-04 10:52:53: Program is NOT running PROG_IDLE.
[2025-09-04|10:52:53][INFO]  2025-09-04 10:52:53: [Robot FSM] Enter NotReadyIdleStrategy State.
[2025-09-04|10:52:53][DEBUG] DryRecipeFsmSequence: Enter new state NO_MENU
[2025-09-04|10:52:53][INFO]  2025-09-04 10:52:53: [Basket 3 FSM] Enter DryNoMenuStrategy State.
[2025-09-04|10:52:53][INFO]  dryfsm 4
[2025-09-04|10:52:53][DEBUG] DryRecipeFsmSequence: Enter new state NO_MENU
[2025-09-04|10:52:53][INFO]  2025-09-04 10:52:53: [Basket 4 FSM] Enter DryNoMenuStrategy State.
[2025-09-04|10:52:53][INFO]  dryfsm 5
[2025-09-04|10:52:53][DEBUG] DryRecipeFsmSequence: Enter new state NO_MENU
[2025-09-04|10:52:53][INFO]  2025-09-04 10:52:53: [Basket 5 FSM] Enter DryNoMenuStrategy State.
[2025-09-04|10:52:53][INFO]  dryfsm 6
[2025-09-04|10:52:53][DEBUG] DryRecipeFsmSequence: Enter new state NO_MENU
[2025-09-04|10:52:53][INFO]  2025-09-04 10:52:53: [Basket 6 FSM] Enter DryNoMenuStrategy State.
[2025-09-04|10:52:53][INFO]  dryfsm 7
[2025-09-04|10:52:53][DEBUG] DryRecipeFsmSequence: Enter new state NO_MENU
[2025-09-04|10:52:53][INFO]  2025-09-04 10:52:53: [Basket 7 FSM] Enter DryNoMenuStrategy State.
[2025-09-04|10:52:53][INFO]  dryfsm 8
[2025-09-04|10:52:53][DEBUG] DryRecipeFsmSequence: Enter new state NO_MENU
[2025-09-04|10:52:53][INFO]  2025-09-04 10:52:53: [Basket 8 FSM] Enter DryNoMenuStrategy State.
[2025-09-04|10:52:54][INFO]  dry fsm run
[2025-09-04|10:52:54][INFO]  1 fryer Index : 1
[2025-09-04|10:52:54][DEBUG] WetRecipeFsmSequence: Enter new state WAIT_PUTIN
[2025-09-04|10:52:54][INFO]  [SPECIAL] Basket 1: Reset putin_shake=0, shake_done=0
[2025-09-04|10:52:54][INFO]  2025-09-04 10:52:54: [Basket 1 FSM] Enter WaitPutinStrategy State.
[2025-09-04|10:52:54][INFO]  3 fryer Index : 1
[2025-09-04|10:52:54][DEBUG] WetRecipeFsmSequence: Enter new state WAIT_PUTIN
[2025-09-04|10:52:54][INFO]  [SPECIAL] Basket 3: Reset putin_shake=0, shake_done=0
[2025-09-04|10:52:54][INFO]  2025-09-04 10:52:54: [Basket 3 FSM] Enter WaitPutinStrategy State.
[2025-09-04|10:52:54][INFO]  6 fryer Index : 4
[2025-09-04|10:52:54][DEBUG] WetRecipeFsmSequence: Enter new state WAIT_PUTIN
[2025-09-04|10:52:54][INFO]  [SPECIAL] Basket 6: Reset putin_shake=0, shake_done=0
[2025-09-04|10:52:54][INFO]  2025-09-04 10:52:54: [Basket 6 FSM] Enter WaitPutinStrategy State.
[2025-09-04|10:52:54][INFO]  8 fryer Index : 4
[2025-09-04|10:52:54][DEBUG] WetRecipeFsmSequence: Enter new state WAIT_PUTIN
[2025-09-04|10:52:54][INFO]  [SPECIAL] Basket 8: Reset putin_shake=0, shake_done=0
[2025-09-04|10:52:54][INFO]  2025-09-04 10:52:54: [Basket 8 FSM] Enter WaitPutinStrategy State.
[2025-09-04|10:52:54][INFO]  wet fsm run
[2025-09-04|10:52:54][INFO]  [ProcessManager Init] Current Working Directory: /home/user/dev/runtest/Release/codex_agents_indycare
[2025-09-04|10:52:54][INFO]  [ProcessManager Init] Attempting to load config from: /home/user/dev/runtest/Release/codex_agents_indycare/projects/bulk_frying/configs/app_config.json
[2025-09-04|10:52:54][INFO]  [ProcessManager Init] Extracted eco_sensor_config: {'enabled': False, 'communication_type': 'socket', 'ip': '192.168.0.2', 'port': 5000, 'serial_port': '/dev/ttyUSB0', 'read_interval_minutes': 10, 'send_on_startup': True, 'max_retry_attempts': 3, 'retry_delay_seconds': 5}
[2025-09-04|10:52:54][WARN]  [ProcessManager Init] EcoSensor is not enabled or config not found. Skipping initialization.
[2025-09-04|10:52:54][INFO]  EcoSensor: Will send data immediately on first run.
[2025-09-04|10:52:54][INFO]  [SYSTEM] bulk_frying system initialized. Running...
[2025-09-04|10:53:47][INFO]  2025-09-04 10:53:47: [ProcessManager] Reset all recipes!
[2025-09-04|10:53:47][INFO]  [SYSTEM] [DEBUG] Received request for full FSM reset.
[2025-09-04|10:53:47][INFO]  2025-09-04 10:53:47: Program is NOT running PROG_IDLE.
[2025-09-04|10:53:47][INFO]  [SYSTEM] [DEBUG] Re-initializing all FSMs without waiting for old threads.
[2025-09-04|10:53:47][INFO]  RobotFsmSequence: Stopping FSM service thread.
[2025-09-04|10:53:47][INFO]  RobotFsmSequence: FSM service thread stopped.
[2025-09-04|10:53:47][DEBUG] RobotFsmSequence: Enter new state NOT_READY
[2025-09-04|10:53:47][INFO]  2025-09-04 10:53:47: Program is NOT running PROG_IDLE.
[2025-09-04|10:53:47][INFO]  2025-09-04 10:53:47: [Robot FSM] Enter NotReadyStrategy State.
[2025-09-04|10:53:47][INFO]  [SYSTEM] [DEBUG] Robot FSM re-initialized.
[2025-09-04|10:53:47][INFO]  DryRecipeFsmSequence: Stopping FSM service thread.
[2025-09-04|10:53:47][INFO]  DryRecipeFsmSequence: FSM service thread stopped.
[2025-09-04|10:53:47][INFO]  DryRecipeFsmSequence: Stopping FSM service thread.
[2025-09-04|10:53:47][DEBUG] RobotFsmSequence: Trigger Event DONE on NOT_READY
[2025-09-04|10:53:47][INFO]  DryRecipeFsmSequence: FSM service thread stopped.
[2025-09-04|10:53:47][INFO]  2025-09-04 10:53:47: [Robot FSM] Exit NotReadyStrategy State.
[2025-09-04|10:53:47][INFO]  DryRecipeFsmSequence: Stopping FSM service thread.
[2025-09-04|10:53:47][DEBUG] RobotFsmSequence: Enter new state NOT_READY_IDLE
[2025-09-04|10:53:47][INFO]  DryRecipeFsmSequence: FSM service thread stopped.
[2025-09-04|10:53:47][INFO]  DryRecipeFsmSequence: Stopping FSM service thread.
[2025-09-04|10:53:47][INFO]  2025-09-04 10:53:47: Program is NOT running PROG_IDLE.
[2025-09-04|10:53:47][INFO]  2025-09-04 10:53:47: [Robot FSM] Enter NotReadyIdleStrategy State.
[2025-09-04|10:53:47][INFO]  DryRecipeFsmSequence: FSM service thread stopped.
[2025-09-04|10:53:47][INFO]  DryRecipeFsmSequence: Stopping FSM service thread.
[2025-09-04|10:53:47][INFO]  DryRecipeFsmSequence: FSM service thread stopped.
[2025-09-04|10:53:47][INFO]  DryRecipeFsmSequence: Stopping FSM service thread.
[2025-09-04|10:53:47][INFO]  DryRecipeFsmSequence: FSM service thread stopped.
[2025-09-04|10:53:47][INFO]  DryRecipeFsmSequence: Stopping FSM service thread.
[2025-09-04|10:53:47][INFO]  DryRecipeFsmSequence: FSM service thread stopped.
[2025-09-04|10:53:47][INFO]  DryRecipeFsmSequence: Stopping FSM service thread.
[2025-09-04|10:53:47][INFO]  DryRecipeFsmSequence: FSM service thread stopped.
[2025-09-04|10:53:47][INFO]  dryfsm 1
[2025-09-04|10:53:48][DEBUG] DryRecipeFsmSequence: Enter new state NO_MENU
[2025-09-04|10:53:48][INFO]  2025-09-04 10:53:48: [Basket 1 FSM] Enter DryNoMenuStrategy State.
[2025-09-04|10:53:48][INFO]  dryfsm 2
[2025-09-04|10:53:48][DEBUG] DryRecipeFsmSequence: Enter new state NO_MENU
[2025-09-04|10:53:48][INFO]  2025-09-04 10:53:48: [Basket 2 FSM] Enter DryNoMenuStrategy State.
[2025-09-04|10:53:48][INFO]  dryfsm 3
[2025-09-04|10:53:48][DEBUG] DryRecipeFsmSequence: Enter new state NO_MENU
[2025-09-04|10:53:48][INFO]  2025-09-04 10:53:48: [Basket 3 FSM] Enter DryNoMenuStrategy State.
[2025-09-04|10:53:48][INFO]  dryfsm 4
[2025-09-04|10:53:48][DEBUG] DryRecipeFsmSequence: Enter new state NO_MENU
[2025-09-04|10:53:48][INFO]  2025-09-04 10:53:48: [Basket 4 FSM] Enter DryNoMenuStrategy State.
[2025-09-04|10:53:48][INFO]  dryfsm 5
[2025-09-04|10:53:48][DEBUG] DryRecipeFsmSequence: Enter new state NO_MENU
[2025-09-04|10:53:48][INFO]  2025-09-04 10:53:48: [Basket 5 FSM] Enter DryNoMenuStrategy State.
[2025-09-04|10:53:48][INFO]  dryfsm 6
[2025-09-04|10:53:48][DEBUG] DryRecipeFsmSequence: Enter new state NO_MENU
[2025-09-04|10:53:48][INFO]  2025-09-04 10:53:48: [Basket 6 FSM] Enter DryNoMenuStrategy State.
[2025-09-04|10:53:48][INFO]  dryfsm 7
[2025-09-04|10:53:48][DEBUG] DryRecipeFsmSequence: Enter new state NO_MENU
[2025-09-04|10:53:48][INFO]  2025-09-04 10:53:48: [Basket 7 FSM] Enter DryNoMenuStrategy State.
[2025-09-04|10:53:48][INFO]  dryfsm 8
[2025-09-04|10:53:48][DEBUG] DryRecipeFsmSequence: Enter new state NO_MENU
[2025-09-04|10:53:48][INFO]  2025-09-04 10:53:48: [Basket 8 FSM] Enter DryNoMenuStrategy State.
[2025-09-04|10:53:48][INFO]  WetRecipeFsmSequence: Stopping FSM service thread.
[2025-09-04|10:53:48][INFO]  WetRecipeFsmSequence: FSM service thread stopped.
[2025-09-04|10:53:48][INFO]  WetRecipeFsmSequence: Stopping FSM service thread.
[2025-09-04|10:53:48][INFO]  WetRecipeFsmSequence: FSM service thread stopped.
[2025-09-04|10:53:48][INFO]  WetRecipeFsmSequence: Stopping FSM service thread.
[2025-09-04|10:53:48][INFO]  WetRecipeFsmSequence: FSM service thread stopped.
[2025-09-04|10:53:48][INFO]  WetRecipeFsmSequence: Stopping FSM service thread.
[2025-09-04|10:53:48][INFO]  WetRecipeFsmSequence: FSM service thread stopped.
[2025-09-04|10:53:48][INFO]  1 fryer Index : 1
[2025-09-04|10:53:48][DEBUG] WetRecipeFsmSequence: Enter new state WAIT_PUTIN
[2025-09-04|10:53:48][INFO]  [SPECIAL] Basket 1: Reset putin_shake=0, shake_done=0
[2025-09-04|10:53:48][INFO]  2025-09-04 10:53:48: [Basket 1 FSM] Enter WaitPutinStrategy State.
[2025-09-04|10:53:48][INFO]  3 fryer Index : 1
[2025-09-04|10:53:48][DEBUG] WetRecipeFsmSequence: Enter new state WAIT_PUTIN
[2025-09-04|10:53:48][INFO]  [SPECIAL] Basket 3: Reset putin_shake=0, shake_done=0
[2025-09-04|10:53:48][INFO]  2025-09-04 10:53:48: [Basket 3 FSM] Enter WaitPutinStrategy State.
[2025-09-04|10:53:48][INFO]  6 fryer Index : 4
[2025-09-04|10:53:48][DEBUG] WetRecipeFsmSequence: Enter new state WAIT_PUTIN
[2025-09-04|10:53:48][INFO]  [SPECIAL] Basket 6: Reset putin_shake=0, shake_done=0
[2025-09-04|10:53:48][INFO]  2025-09-04 10:53:48: [Basket 6 FSM] Enter WaitPutinStrategy State.
[2025-09-04|10:53:48][INFO]  8 fryer Index : 4
[2025-09-04|10:53:48][DEBUG] WetRecipeFsmSequence: Enter new state WAIT_PUTIN
[2025-09-04|10:53:48][INFO]  [SPECIAL] Basket 8: Reset putin_shake=0, shake_done=0
[2025-09-04|10:53:48][INFO]  2025-09-04 10:53:48: [Basket 8 FSM] Enter WaitPutinStrategy State.
[2025-09-04|10:53:49][INFO]  [SYSTEM] [DEBUG] All FSMs re-initialized.
[2025-09-04|10:53:49][INFO]  [ProcessManager] `prog_stopped` flag has been manually reset.
[2025-09-04|10:53:49][DEBUG] cooking_logger.py: send_recipe_list_mqtt() called with data: [{'label': '', 'time': 0}, {'label': '만두', 'time': 60}, {'label': '', 'time': 0}, {'label': '', 'time': 0}, {'label': '', 'time': 0}, {'label': '', 'time': 0}, {'label': '', 'time': 0}, {'label': '', 'time': 0}, {'label': '', 'time': 0}, {'label': '', 'time': 0}, {'label': '', 'time': 0}]
[2025-09-04|10:53:49][INFO]  -------- ui/recipe1/reset/recipe_name 191 True
[2025-09-04|10:53:49][INFO]  ---sdfsdfsdff=----------
[2025-09-04|10:54:25][INFO]  2025-09-04 10:54:25: [Robot FSM] Program Start.
[2025-09-04|10:54:25][ERROR] Start main program
[2025-09-04|10:54:26][INFO]  2025-09-04 10:54:26: Wait for main program running
[2025-09-04|10:54:26][INFO]  2025-09-04 10:54:26: Program is NOT running PROG_IDLE.
[2025-09-04|10:54:26][INFO]  2025-09-04 10:54:26: Wait for main program running
[2025-09-04|10:54:26][INFO]  2025-09-04 10:54:26: Program is NOT running PROG_IDLE.
[2025-09-04|10:54:26][INFO]  2025-09-04 10:54:26: Wait for main program running
[2025-09-04|10:54:26][INFO]  2025-09-04 10:54:26: Program is NOT running PROG_IDLE.
[2025-09-04|10:54:26][INFO]  2025-09-04 10:54:26: Wait for main program running
[2025-09-04|10:54:26][INFO]  2025-09-04 10:54:26: Program is NOT running PROG_IDLE.
[2025-09-04|10:54:26][INFO]  2025-09-04 10:54:26: Wait for main program running
[2025-09-04|10:54:26][INFO]  2025-09-04 10:54:26: Program is NOT running PROG_IDLE.
[2025-09-04|10:54:26][INFO]  2025-09-04 10:54:26: Wait for main program running
[2025-09-04|10:54:26][INFO]  2025-09-04 10:54:26: Program is NOT running PROG_IDLE.
[2025-09-04|10:54:26][INFO]  2025-09-04 10:54:26: Wait for main program running
[2025-09-04|10:54:26][INFO]  2025-09-04 10:54:26: Program is NOT running PROG_IDLE.
[2025-09-04|10:54:26][INFO]  2025-09-04 10:54:26: Wait for main program running
[2025-09-04|10:54:26][INFO]  2025-09-04 10:54:26: Program is NOT running PROG_IDLE.
[2025-09-04|10:54:26][INFO]  2025-09-04 10:54:26: Wait for main program running
[2025-09-04|10:54:26][INFO]  2025-09-04 10:54:26: Program is NOT running PROG_IDLE.
[2025-09-04|10:54:26][INFO]  2025-09-04 10:54:26: Wait for main program running
[2025-09-04|10:54:26][DEBUG] RobotFsmSequence: Trigger Event START_PROGRAM on NOT_READY_IDLE
[2025-09-04|10:54:26][INFO]  2025-09-04 10:54:26: [Robot FSM] Exit NotReadyIdleStrategy State.
[2025-09-04|10:54:26][DEBUG] RobotFsmSequence: Enter new state MOVE_TO_READY
[2025-09-04|10:54:26][INFO]  2025-09-04 10:54:26: [Robot FSM] Enter MoveToReadyStrategy State.
[2025-09-04|10:54:26][INFO]  2025-09-04 10:54:26: [Robot FSM] Start motion True move_to_ready  
[2025-09-04|10:54:27][INFO]  Command I600 : 100
[2025-09-04|10:54:28][INFO]  2025-09-04 10:54:28: [Robot FSM] Finish motion move_to_ready
[2025-09-04|10:54:28][DEBUG] RobotFsmSequence: Trigger Event DONE on MOVE_TO_READY
[2025-09-04|10:54:28][INFO]  2025-09-04 10:54:28: [Robot FSM] Exiting MoveToReadyStrategy State.
[2025-09-04|10:54:28][DEBUG] RobotFsmSequence: Enter new state READY_IDLE
[2025-09-04|10:54:28][INFO]  2025-09-04 10:54:28: [Robot FSM] Enter ReadyIdleStrategy State.
[2025-09-04|10:54:28][INFO]  Command I600 : 0
[2025-09-04|10:54:30][INFO]  [Basket 1] Waiting for recipe assignment lock.
[2025-09-04|10:54:30][INFO]  [Basket 1] Acquired recipe assignment lock.
[2025-09-04|10:54:30][INFO]  [Basket 3] Waiting for recipe assignment lock.
[2025-09-04|10:54:30][INFO]  [Basket 4] Waiting for recipe assignment lock.
[2025-09-04|10:54:30][INFO]  [Basket 2] Waiting for recipe assignment lock.
[2025-09-04|10:54:31][INFO]  [Basket 1] Releasing recipe assignment lock.
[2025-09-04|10:54:31][INFO]  [Basket 3] Acquired recipe assignment lock.
[2025-09-04|10:54:31][INFO]  2025-09-04 10:54:31: [Basket 1 FSM] Assign new menu 1
[2025-09-04|10:54:31][DEBUG] DryRecipeFsmSequence: Trigger Event ASSIGN_MENU on NO_MENU
[2025-09-04|10:54:31][INFO]  [Basket 3] Releasing recipe assignment lock.
[2025-09-04|10:54:31][INFO]  2025-09-04 10:54:31: [Basket 1 FSM] Exit DryNoMenuStrategy State.
[2025-09-04|10:54:31][INFO]  [Basket 4] Acquired recipe assignment lock.
[2025-09-04|10:54:31][DEBUG] DryRecipeFsmSequence: Enter new state COOKING_READY
[2025-09-04|10:54:31][INFO]  [Basket 4] Releasing recipe assignment lock.
[2025-09-04|10:54:31][INFO]  [Basket 2] Acquired recipe assignment lock.
[2025-09-04|10:54:31][INFO]  2025-09-04 10:54:31: [Basket 1 FSM] Enter DryCookingReadyStrategy State.
[2025-09-04|10:54:31][INFO]  2025-09-04 10:54:31: [Basket 3 FSM] Assign new menu 1
[2025-09-04|10:54:31][DEBUG] DryRecipeFsmSequence: Trigger Event ASSIGN_MENU on NO_MENU
[2025-09-04|10:54:31][INFO]  2025-09-04 10:54:31: [Basket 3 FSM] Exit DryNoMenuStrategy State.
[2025-09-04|10:54:31][DEBUG] DryRecipeFsmSequence: Enter new state COOKING_READY
[2025-09-04|10:54:31][INFO]  2025-09-04 10:54:31: [Basket 3 FSM] Enter DryCookingReadyStrategy State.
[2025-09-04|10:54:31][INFO]  [Basket 2] Releasing recipe assignment lock.
[2025-09-04|10:54:31][INFO]  2025-09-04 10:54:31: [Basket 2 FSM] Assign new menu 1
[2025-09-04|10:54:31][DEBUG] DryRecipeFsmSequence: Trigger Event ASSIGN_MENU on NO_MENU
[2025-09-04|10:54:31][INFO]  2025-09-04 10:54:31: [Basket 2 FSM] Exit DryNoMenuStrategy State.
[2025-09-04|10:54:31][DEBUG] DryRecipeFsmSequence: Enter new state COOKING_READY
[2025-09-04|10:54:31][INFO]  2025-09-04 10:54:31: [Basket 4 FSM] Assign new menu 1
[2025-09-04|10:54:31][DEBUG] DryRecipeFsmSequence: Trigger Event ASSIGN_MENU on NO_MENU
[2025-09-04|10:54:31][INFO]  2025-09-04 10:54:31: [Basket 4 FSM] Exit DryNoMenuStrategy State.
[2025-09-04|10:54:31][DEBUG] DryRecipeFsmSequence: Enter new state COOKING_READY
[2025-09-04|10:54:31][INFO]  2025-09-04 10:54:31: [Basket 4 FSM] Enter DryCookingReadyStrategy State.
[2025-09-04|10:54:31][INFO]  2025-09-04 10:54:31: [Basket 1 FSM] Start cooking.
[2025-09-04|10:54:31][DEBUG] DryRecipeFsmSequence: Trigger Event START_MENU on COOKING_READY
[2025-09-04|10:54:31][INFO]  2025-09-04 10:54:31: [Basket 1 FSM] Exit DryCookingReadyStrategy State.
[2025-09-04|10:54:31][DEBUG] DryRecipeFsmSequence: Enter new state MOVE_TO_FRYER
[2025-09-04|10:54:31][INFO]  2025-09-04 10:54:31: [Basket 1 FSM] Enter DryMoveToFryStrategy State.
[2025-09-04|10:54:31][INFO]  [Debug] Basket 1: putin_shake=True, type=<class 'bool'>
[2025-09-04|10:54:31][INFO]  2025-09-04 10:54:31: [Basket 2 FSM] Enter DryCookingReadyStrategy State.
[2025-09-04|10:54:31][INFO]  2025-09-04 10:54:31: [Basket 2 FSM] Start cooking.
[2025-09-04|10:54:31][DEBUG] DryRecipeFsmSequence: Trigger Event START_MENU on COOKING_READY
[2025-09-04|10:54:31][INFO]  2025-09-04 10:54:31: [Basket 2 FSM] Exit DryCookingReadyStrategy State.
[2025-09-04|10:54:31][DEBUG] DryRecipeFsmSequence: Enter new state MOVE_TO_FRYER
[2025-09-04|10:54:31][INFO]  2025-09-04 10:54:31: [Basket 2 FSM] Enter DryMoveToFryStrategy State.
[2025-09-04|10:54:31][INFO]  [Debug] Basket 2: putin_shake=True, type=<class 'bool'>
[2025-09-04|10:54:31][INFO]  [Basket 5] Waiting for recipe assignment lock.
[2025-09-04|10:54:31][INFO]  [Basket 5] Acquired recipe assignment lock.
[2025-09-04|10:54:31][INFO]  [Basket 6] Waiting for recipe assignment lock.
[2025-09-04|10:54:31][INFO]  [Basket 7] Waiting for recipe assignment lock.
[2025-09-04|10:54:31][INFO]  [Basket 5] Releasing recipe assignment lock.
[2025-09-04|10:54:31][INFO]  [Basket 6] Acquired recipe assignment lock.
[2025-09-04|10:54:31][INFO]  2025-09-04 10:54:31: [Basket 5 FSM] Assign new menu 1
[2025-09-04|10:54:31][INFO]  [Basket 8] Waiting for recipe assignment lock.
[2025-09-04|10:54:31][DEBUG] DryRecipeFsmSequence: Trigger Event ASSIGN_MENU on NO_MENU
[2025-09-04|10:54:31][INFO]  2025-09-04 10:54:31: [Basket 5 FSM] Exit DryNoMenuStrategy State.
[2025-09-04|10:54:31][DEBUG] DryRecipeFsmSequence: Enter new state COOKING_READY
[2025-09-04|10:54:31][INFO]  2025-09-04 10:54:31: [Basket 5 FSM] Enter DryCookingReadyStrategy State.
[2025-09-04|10:54:31][INFO]  2025-09-04 10:54:31: [Basket 5 FSM] Start cooking.
[2025-09-04|10:54:31][DEBUG] DryRecipeFsmSequence: Trigger Event START_MENU on COOKING_READY
[2025-09-04|10:54:31][INFO]  [Basket 6] Releasing recipe assignment lock.
[2025-09-04|10:54:31][INFO]  [Basket 7] Acquired recipe assignment lock.
[2025-09-04|10:54:31][INFO]  [Basket 7] Releasing recipe assignment lock.
[2025-09-04|10:54:31][INFO]  [Basket 8] Acquired recipe assignment lock.
[2025-09-04|10:54:31][INFO]  [PriorityScheduler] Current priority list:
[2025-09-04|10:54:31][INFO]    - Basket 1 | Fryer: 1 | type: dry | State: MOVE_TO_FRYER | Shake_times : 0 | Elapsed: 0.0s | FinishRemain: 1000.0s | Priority: 3
[2025-09-04|10:54:31][INFO]    - Basket 2 | Fryer: 2 | type: dry | State: MOVE_TO_FRYER | Shake_times : 0 | Elapsed: 0.0s | FinishRemain: 1000.0s | Priority: 3
[2025-09-04|10:54:31][INFO]  trigger_to_fryer_motion 1
[2025-09-04|10:54:31][INFO]  2025-09-04 10:54:31: [ProcessManager] Trigger move_to_fryer motion [FSM 1, Basket 1, Fryer 1]
[2025-09-04|10:54:31][INFO]  2025-09-04 10:54:31: [Basket 5 FSM] Exit DryCookingReadyStrategy State.
[2025-09-04|10:54:31][DEBUG] DryRecipeFsmSequence: Enter new state MOVE_TO_FRYER
[2025-09-04|10:54:31][INFO]  2025-09-04 10:54:31: [Basket 5 FSM] Enter DryMoveToFryStrategy State.
[2025-09-04|10:54:31][INFO]  [Debug] Basket 5: putin_shake=True, type=<class 'bool'>
[2025-09-04|10:54:31][INFO]  2025-09-04 10:54:31: [Basket 6 FSM] Assign new menu 1
[2025-09-04|10:54:31][DEBUG] DryRecipeFsmSequence: Trigger Event ASSIGN_MENU on NO_MENU
[2025-09-04|10:54:31][INFO]  2025-09-04 10:54:31: [Basket 6 FSM] Exit DryNoMenuStrategy State.
[2025-09-04|10:54:31][DEBUG] DryRecipeFsmSequence: Enter new state COOKING_READY
[2025-09-04|10:54:31][INFO]  2025-09-04 10:54:31: [Basket 6 FSM] Enter DryCookingReadyStrategy State.
[2025-09-04|10:54:31][DEBUG] RobotFsmSequence: Trigger Event RUN_BASKET_TO_FRYER on READY_IDLE
[2025-09-04|10:54:31][INFO]  2025-09-04 10:54:31: [Basket 7 FSM] Assign new menu 1
[2025-09-04|10:54:31][DEBUG] DryRecipeFsmSequence: Trigger Event ASSIGN_MENU on NO_MENU
[2025-09-04|10:54:31][INFO]  [Basket 8] Releasing recipe assignment lock.
[2025-09-04|10:54:31][INFO]  2025-09-04 10:54:31: [Basket 8 FSM] Assign new menu 1
[2025-09-04|10:54:31][INFO]  2025-09-04 10:54:31: [Basket 7 FSM] Exit DryNoMenuStrategy State.
[2025-09-04|10:54:31][DEBUG] DryRecipeFsmSequence: Enter new state COOKING_READY
[2025-09-04|10:54:31][INFO]  2025-09-04 10:54:31: [Basket 7 FSM] Enter DryCookingReadyStrategy State.
[2025-09-04|10:54:31][DEBUG] DryRecipeFsmSequence: Trigger Event ASSIGN_MENU on NO_MENU
[2025-09-04|10:54:31][INFO]  2025-09-04 10:54:31: [Basket 8 FSM] Exit DryNoMenuStrategy State.
[2025-09-04|10:54:31][DEBUG] DryRecipeFsmSequence: Enter new state COOKING_READY
[2025-09-04|10:54:31][INFO]  2025-09-04 10:54:31: [Basket 8 FSM] Enter DryCookingReadyStrategy State.
[2025-09-04|10:54:31][INFO]  2025-09-04 10:54:31: [Basket 6 FSM] Start cooking.
[2025-09-04|10:54:31][DEBUG] DryRecipeFsmSequence: Trigger Event START_MENU on COOKING_READY
[2025-09-04|10:54:31][INFO]  2025-09-04 10:54:31: [Basket 6 FSM] Exit DryCookingReadyStrategy State.
[2025-09-04|10:54:31][DEBUG] DryRecipeFsmSequence: Enter new state MOVE_TO_FRYER
[2025-09-04|10:54:31][INFO]  2025-09-04 10:54:31: [Basket 6 FSM] Enter DryMoveToFryStrategy State.
[2025-09-04|10:54:31][INFO]  [Debug] Basket 6: putin_shake=True, type=<class 'bool'>
[2025-09-04|10:54:31][INFO]  2025-09-04 10:54:31: [Robot FSM] Exiting ReadyIdleStrategy State.
[2025-09-04|10:54:31][DEBUG] RobotFsmSequence: Enter new state MOVE_BASKET_TO_FRYER
[2025-09-04|10:54:31][INFO]  2025-09-04 10:54:31: [Robot FSM] Enter MoveBasketToFryerStrategy State.
[2025-09-04|10:54:31][INFO]  2025-09-04 10:54:31: [Robot FSM] Start motion move_to_fryer with [basket 1, fryer 1]
[2025-09-04|10:54:31][INFO]  basket_to_fryer 311
[2025-09-04|10:54:31][INFO]  Command I600 : 311
[2025-09-04|10:55:15][INFO]  2025-09-04 10:55:15: [Robot FSM] Finish motion move_to_fryer with [basket 1, fryer 1]
[2025-09-04|10:55:15][INFO]  2025-09-04 10:55:15: [Basket 1 FSM] Motion move_to_fryer done (0)
[2025-09-04|10:55:15][DEBUG] DryRecipeFsmSequence: Trigger Event MOTION_DONE on MOVE_TO_FRYER
[2025-09-04|10:55:15][INFO]  2025-09-04 10:55:15: [Basket 1 FSM] Exit DryMoveToFryStrategy State.
[2025-09-04|10:55:15][DEBUG] DryRecipeFsmSequence: Enter new state FRY
[2025-09-04|10:55:15][INFO]  2025-09-04 10:55:15: [Basket 1 FSM] Enter DryFryStrategy State.
[2025-09-04|10:55:15][INFO]  Command I600 : 0
[2025-09-04|10:55:17][DEBUG] RobotFsmSequence: Trigger Event DONE on MOVE_BASKET_TO_FRYER
[2025-09-04|10:55:17][INFO]  2025-09-04 10:55:17: Exit MoveBasketToFryerStrategy State.
[2025-09-04|10:55:17][DEBUG] RobotFsmSequence: Enter new state MOVE_TO_READY
[2025-09-04|10:55:17][INFO]  2025-09-04 10:55:17: [Robot FSM] Enter MoveToReadyStrategy State.
[2025-09-04|10:55:17][INFO]  2025-09-04 10:55:17: [Robot FSM] Start motion False move_to_ready  
[2025-09-04|10:55:17][DEBUG] RobotFsmSequence: Trigger Event DONE on MOVE_TO_READY
[2025-09-04|10:55:17][INFO]  2025-09-04 10:55:17: [Robot FSM] Exiting MoveToReadyStrategy State.
[2025-09-04|10:55:17][DEBUG] RobotFsmSequence: Enter new state READY_IDLE
[2025-09-04|10:55:17][INFO]  2025-09-04 10:55:17: [Robot FSM] Enter ReadyIdleStrategy State.
[2025-09-04|10:55:19][INFO]  2025-09-04 10:55:19: Program stopped by App.
[2025-09-04|10:55:19][INFO]  [DEBUG] stop_program: Sending stop command to Conty.
[2025-09-04|10:55:19][INFO]  [DEBUG] stop_program: Waiting for Conty program to stop. Current state: PROG_RUNNING
[2025-09-04|10:55:19][INFO]  Stop program!!
[2025-09-04|10:55:19][WARN]  [ProcessManager] Program stop detected. Resetting all motion triggers to prevent deadlock.
[2025-09-04|10:55:19][INFO]  [DEBUG] stop_program: Waiting for Conty program to stop. Current state: PROG_STOPPING
[2025-09-04|10:55:19][INFO]  [DEBUG] stop_program: Waiting for Conty program to stop. Current state: PROG_STOPPING
[2025-09-04|10:55:19][INFO]  [DEBUG] stop_program: Conty program confirmed to be in IDLE state.
[2025-09-04|10:55:19][DEBUG] RobotFsmSequence: Trigger Event STOP on READY_IDLE
[2025-09-04|10:55:19][INFO]  2025-09-04 10:55:19: [Robot FSM] Exiting ReadyIdleStrategy State.
[2025-09-04|10:55:19][DEBUG] RobotFsmSequence: Enter new state NOT_READY_IDLE
[2025-09-04|10:55:19][INFO]  2025-09-04 10:55:19: Program is NOT running PROG_IDLE.
[2025-09-04|10:55:19][INFO]  2025-09-04 10:55:19: [Robot FSM] Enter NotReadyIdleStrategy State.
[2025-09-04|10:55:21][INFO]  2025-09-04 10:55:21: [ProcessManager] Reset all recipes!
[2025-09-04|10:55:21][INFO]  [SYSTEM] [DEBUG] Received request for full FSM reset.
[2025-09-04|10:55:21][INFO]  2025-09-04 10:55:21: Program is NOT running PROG_IDLE.
[2025-09-04|10:55:21][INFO]  [SYSTEM] [DEBUG] Re-initializing all FSMs without waiting for old threads.
[2025-09-04|10:55:21][INFO]  RobotFsmSequence: Stopping FSM service thread.
[2025-09-04|10:55:21][INFO]  RobotFsmSequence: FSM service thread stopped.
[2025-09-04|10:55:21][DEBUG] RobotFsmSequence: Enter new state NOT_READY
[2025-09-04|10:55:21][INFO]  2025-09-04 10:55:21: Program is NOT running PROG_IDLE.
[2025-09-04|10:55:21][INFO]  2025-09-04 10:55:21: [Robot FSM] Enter NotReadyStrategy State.
[2025-09-04|10:55:21][INFO]  [SYSTEM] [DEBUG] Robot FSM re-initialized.
[2025-09-04|10:55:21][INFO]  DryRecipeFsmSequence: Stopping FSM service thread.
[2025-09-04|10:55:21][INFO]  DryRecipeFsmSequence: FSM service thread stopped.
[2025-09-04|10:55:21][INFO]  DryRecipeFsmSequence: Stopping FSM service thread.
[2025-09-04|10:55:21][DEBUG] RobotFsmSequence: Trigger Event DONE on NOT_READY
[2025-09-04|10:55:21][INFO]  DryRecipeFsmSequence: FSM service thread stopped.
[2025-09-04|10:55:21][INFO]  DryRecipeFsmSequence: Stopping FSM service thread.
[2025-09-04|10:55:21][INFO]  2025-09-04 10:55:21: [Robot FSM] Exit NotReadyStrategy State.
[2025-09-04|10:55:21][DEBUG] RobotFsmSequence: Enter new state NOT_READY_IDLE
[2025-09-04|10:55:21][INFO]  2025-09-04 10:55:21: Program is NOT running PROG_IDLE.
[2025-09-04|10:55:21][INFO]  2025-09-04 10:55:21: [Robot FSM] Enter NotReadyIdleStrategy State.
[2025-09-04|10:55:21][INFO]  DryRecipeFsmSequence: FSM service thread stopped.
[2025-09-04|10:55:21][INFO]  DryRecipeFsmSequence: Stopping FSM service thread.
[2025-09-04|10:55:21][INFO]  DryRecipeFsmSequence: FSM service thread stopped.
[2025-09-04|10:55:21][INFO]  DryRecipeFsmSequence: Stopping FSM service thread.
[2025-09-04|10:55:21][INFO]  DryRecipeFsmSequence: FSM service thread stopped.
[2025-09-04|10:55:21][INFO]  DryRecipeFsmSequence: Stopping FSM service thread.
[2025-09-04|10:55:21][INFO]  DryRecipeFsmSequence: FSM service thread stopped.
[2025-09-04|10:55:21][INFO]  DryRecipeFsmSequence: Stopping FSM service thread.
[2025-09-04|10:55:21][INFO]  DryRecipeFsmSequence: FSM service thread stopped.
[2025-09-04|10:55:21][INFO]  DryRecipeFsmSequence: Stopping FSM service thread.
[2025-09-04|10:55:21][INFO]  DryRecipeFsmSequence: FSM service thread stopped.
[2025-09-04|10:55:21][INFO]  dryfsm 1
[2025-09-04|10:55:21][DEBUG] DryRecipeFsmSequence: Enter new state NO_MENU
[2025-09-04|10:55:21][INFO]  2025-09-04 10:55:21: [Basket 1 FSM] Enter DryNoMenuStrategy State.
[2025-09-04|10:55:21][INFO]  dryfsm 2
[2025-09-04|10:55:21][DEBUG] DryRecipeFsmSequence: Enter new state NO_MENU
[2025-09-04|10:55:21][INFO]  2025-09-04 10:55:21: [Basket 2 FSM] Enter DryNoMenuStrategy State.
[2025-09-04|10:55:21][INFO]  dryfsm 3
[2025-09-04|10:55:21][DEBUG] DryRecipeFsmSequence: Enter new state NO_MENU
[2025-09-04|10:55:21][INFO]  2025-09-04 10:55:21: [Basket 3 FSM] Enter DryNoMenuStrategy State.
[2025-09-04|10:55:21][INFO]  dryfsm 4
[2025-09-04|10:55:21][DEBUG] DryRecipeFsmSequence: Enter new state NO_MENU
[2025-09-04|10:55:21][INFO]  2025-09-04 10:55:21: [Basket 4 FSM] Enter DryNoMenuStrategy State.
[2025-09-04|10:55:21][INFO]  dryfsm 5
[2025-09-04|10:55:21][DEBUG] DryRecipeFsmSequence: Enter new state NO_MENU
[2025-09-04|10:55:21][INFO]  2025-09-04 10:55:21: [Basket 5 FSM] Enter DryNoMenuStrategy State.
[2025-09-04|10:55:21][INFO]  dryfsm 6
[2025-09-04|10:55:22][DEBUG] DryRecipeFsmSequence: Enter new state NO_MENU
[2025-09-04|10:55:22][INFO]  2025-09-04 10:55:22: [Basket 6 FSM] Enter DryNoMenuStrategy State.
[2025-09-04|10:55:22][INFO]  dryfsm 7
[2025-09-04|10:55:22][DEBUG] DryRecipeFsmSequence: Enter new state NO_MENU
[2025-09-04|10:55:22][INFO]  2025-09-04 10:55:22: [Basket 7 FSM] Enter DryNoMenuStrategy State.
[2025-09-04|10:55:22][INFO]  dryfsm 8
[2025-09-04|10:55:22][DEBUG] DryRecipeFsmSequence: Enter new state NO_MENU
[2025-09-04|10:55:22][INFO]  2025-09-04 10:55:22: [Basket 8 FSM] Enter DryNoMenuStrategy State.
[2025-09-04|10:55:22][INFO]  WetRecipeFsmSequence: Stopping FSM service thread.
[2025-09-04|10:55:22][INFO]  WetRecipeFsmSequence: FSM service thread stopped.
[2025-09-04|10:55:22][INFO]  WetRecipeFsmSequence: Stopping FSM service thread.
[2025-09-04|10:55:22][INFO]  WetRecipeFsmSequence: FSM service thread stopped.
[2025-09-04|10:55:22][INFO]  WetRecipeFsmSequence: Stopping FSM service thread.
[2025-09-04|10:55:22][INFO]  WetRecipeFsmSequence: FSM service thread stopped.
[2025-09-04|10:55:22][INFO]  WetRecipeFsmSequence: Stopping FSM service thread.
[2025-09-04|10:55:22][INFO]  WetRecipeFsmSequence: FSM service thread stopped.
[2025-09-04|10:55:22][INFO]  1 fryer Index : 1
[2025-09-04|10:55:22][DEBUG] WetRecipeFsmSequence: Enter new state WAIT_PUTIN
[2025-09-04|10:55:22][INFO]  [SPECIAL] Basket 1: Reset putin_shake=0, shake_done=0
[2025-09-04|10:55:22][INFO]  2025-09-04 10:55:22: [Basket 1 FSM] Enter WaitPutinStrategy State.
[2025-09-04|10:55:22][INFO]  3 fryer Index : 1
[2025-09-04|10:55:22][DEBUG] WetRecipeFsmSequence: Enter new state WAIT_PUTIN
[2025-09-04|10:55:22][INFO]  [SPECIAL] Basket 3: Reset putin_shake=0, shake_done=0
[2025-09-04|10:55:22][INFO]  2025-09-04 10:55:22: [Basket 3 FSM] Enter WaitPutinStrategy State.
[2025-09-04|10:55:22][INFO]  6 fryer Index : 4
[2025-09-04|10:55:22][DEBUG] WetRecipeFsmSequence: Enter new state WAIT_PUTIN
[2025-09-04|10:55:22][INFO]  [SPECIAL] Basket 6: Reset putin_shake=0, shake_done=0
[2025-09-04|10:55:22][INFO]  2025-09-04 10:55:22: [Basket 6 FSM] Enter WaitPutinStrategy State.
[2025-09-04|10:55:22][INFO]  8 fryer Index : 4
[2025-09-04|10:55:22][DEBUG] WetRecipeFsmSequence: Enter new state WAIT_PUTIN
[2025-09-04|10:55:22][INFO]  [SPECIAL] Basket 8: Reset putin_shake=0, shake_done=0
[2025-09-04|10:55:22][INFO]  2025-09-04 10:55:22: [Basket 8 FSM] Enter WaitPutinStrategy State.
[2025-09-04|10:55:22][INFO]  [SYSTEM] [DEBUG] All FSMs re-initialized.
[2025-09-04|10:55:22][INFO]  [ProcessManager] `prog_stopped` flag has been manually reset.
[2025-09-04|10:55:34][INFO]  2025-09-04 10:55:34: [Robot FSM] Program Start.
[2025-09-04|10:55:34][INFO]  2025-09-04 10:55:34: Wait for main program running
[2025-09-04|10:55:34][INFO]  2025-09-04 10:55:34: Program is NOT running PROG_IDLE.
[2025-09-04|10:55:34][ERROR] Start main program
[2025-09-04|10:55:35][INFO]  2025-09-04 10:55:35: Wait for main program running
[2025-09-04|10:55:35][INFO]  2025-09-04 10:55:35: Program is NOT running PROG_IDLE.
[2025-09-04|10:55:35][INFO]  2025-09-04 10:55:35: Wait for main program running
[2025-09-04|10:55:35][INFO]  2025-09-04 10:55:35: Program is NOT running PROG_IDLE.
[2025-09-04|10:55:35][INFO]  2025-09-04 10:55:35: Wait for main program running
[2025-09-04|10:55:35][INFO]  2025-09-04 10:55:35: Program is NOT running PROG_IDLE.
[2025-09-04|10:55:35][INFO]  2025-09-04 10:55:35: Wait for main program running
[2025-09-04|10:55:35][INFO]  2025-09-04 10:55:35: Program is NOT running PROG_IDLE.
[2025-09-04|10:55:35][INFO]  2025-09-04 10:55:35: Wait for main program running
[2025-09-04|10:55:35][INFO]  2025-09-04 10:55:35: Program is NOT running PROG_IDLE.
[2025-09-04|10:55:35][INFO]  2025-09-04 10:55:35: Wait for main program running
[2025-09-04|10:55:35][INFO]  2025-09-04 10:55:35: Program is NOT running PROG_IDLE.
[2025-09-04|10:55:35][INFO]  2025-09-04 10:55:35: Wait for main program running
[2025-09-04|10:55:35][INFO]  2025-09-04 10:55:35: Program is NOT running PROG_IDLE.
[2025-09-04|10:55:35][INFO]  2025-09-04 10:55:35: Wait for main program running
[2025-09-04|10:55:35][INFO]  2025-09-04 10:55:35: Program is NOT running PROG_IDLE.
[2025-09-04|10:55:35][INFO]  2025-09-04 10:55:35: Wait for main program running
[2025-09-04|10:55:35][DEBUG] RobotFsmSequence: Trigger Event START_PROGRAM on NOT_READY_IDLE
[2025-09-04|10:55:35][INFO]  2025-09-04 10:55:35: [Robot FSM] Exit NotReadyIdleStrategy State.
[2025-09-04|10:55:35][DEBUG] RobotFsmSequence: Enter new state MOVE_TO_READY
[2025-09-04|10:55:35][INFO]  2025-09-04 10:55:35: [Robot FSM] Enter MoveToReadyStrategy State.
[2025-09-04|10:55:35][INFO]  2025-09-04 10:55:35: [Robot FSM] Start motion True move_to_ready  
[2025-09-04|10:55:36][INFO]  Command I600 : 100
[2025-09-04|10:55:37][INFO]  2025-09-04 10:55:37: [Robot FSM] Finish motion move_to_ready
[2025-09-04|10:55:37][DEBUG] RobotFsmSequence: Trigger Event DONE on MOVE_TO_READY
[2025-09-04|10:55:37][INFO]  2025-09-04 10:55:37: [Robot FSM] Exiting MoveToReadyStrategy State.
[2025-09-04|10:55:37][DEBUG] RobotFsmSequence: Enter new state READY_IDLE
[2025-09-04|10:55:37][INFO]  2025-09-04 10:55:37: [Robot FSM] Enter ReadyIdleStrategy State.
[2025-09-04|10:55:37][INFO]  Command I600 : 0
[2025-09-04|10:55:40][INFO]  [Basket 2] Waiting for recipe assignment lock.
[2025-09-04|10:55:40][INFO]  [Basket 2] Acquired recipe assignment lock.
[2025-09-04|10:55:40][INFO]  [Basket 1] Waiting for recipe assignment lock.
[2025-09-04|10:55:40][INFO]  [Basket 2] Releasing recipe assignment lock.
[2025-09-04|10:55:40][INFO]  [Basket 1] Acquired recipe assignment lock.
[2025-09-04|10:55:40][INFO]  [Basket 1] Releasing recipe assignment lock.
[2025-09-04|10:55:40][INFO]  2025-09-04 10:55:40: [Basket 1 FSM] Assign new menu 1
[2025-09-04|10:55:40][DEBUG] DryRecipeFsmSequence: Trigger Event ASSIGN_MENU on NO_MENU
[2025-09-04|10:55:40][INFO]  2025-09-04 10:55:40: [Basket 1 FSM] Exit DryNoMenuStrategy State.
[2025-09-04|10:55:40][DEBUG] DryRecipeFsmSequence: Enter new state COOKING_READY
[2025-09-04|10:55:40][INFO]  2025-09-04 10:55:40: [Basket 1 FSM] Enter DryCookingReadyStrategy State.
[2025-09-04|10:55:40][INFO]  2025-09-04 10:55:40: [Basket 1 FSM] Start cooking.
[2025-09-04|10:55:40][INFO]  2025-09-04 10:55:40: [Basket 2 FSM] Assign new menu 1
[2025-09-04|10:55:40][DEBUG] DryRecipeFsmSequence: Trigger Event ASSIGN_MENU on NO_MENU
[2025-09-04|10:55:40][INFO]  2025-09-04 10:55:40: [Basket 2 FSM] Exit DryNoMenuStrategy State.
[2025-09-04|10:55:40][DEBUG] DryRecipeFsmSequence: Enter new state COOKING_READY
[2025-09-04|10:55:40][INFO]  2025-09-04 10:55:40: [Basket 2 FSM] Enter DryCookingReadyStrategy State.
[2025-09-04|10:55:40][INFO]  2025-09-04 10:55:40: [Basket 2 FSM] Start cooking.
[2025-09-04|10:55:40][DEBUG] DryRecipeFsmSequence: Trigger Event START_MENU on COOKING_READY
[2025-09-04|10:55:40][INFO]  2025-09-04 10:55:40: [Basket 2 FSM] Exit DryCookingReadyStrategy State.
[2025-09-04|10:55:40][DEBUG] DryRecipeFsmSequence: Enter new state MOVE_TO_FRYER
[2025-09-04|10:55:40][INFO]  2025-09-04 10:55:40: [Basket 2 FSM] Enter DryMoveToFryStrategy State.
[2025-09-04|10:55:40][INFO]  [Debug] Basket 2: putin_shake=True, type=<class 'bool'>
[2025-09-04|10:55:40][DEBUG] DryRecipeFsmSequence: Trigger Event START_MENU on COOKING_READY
[2025-09-04|10:55:40][INFO]  2025-09-04 10:55:40: [Basket 1 FSM] Exit DryCookingReadyStrategy State.
[2025-09-04|10:55:40][DEBUG] DryRecipeFsmSequence: Enter new state MOVE_TO_FRYER
[2025-09-04|10:55:40][INFO]  2025-09-04 10:55:40: [Basket 1 FSM] Enter DryMoveToFryStrategy State.
[2025-09-04|10:55:40][INFO]  [Debug] Basket 1: putin_shake=True, type=<class 'bool'>
[2025-09-04|10:55:40][INFO]  [Basket 3] Waiting for recipe assignment lock.
[2025-09-04|10:55:40][INFO]  [Basket 3] Acquired recipe assignment lock.
[2025-09-04|10:55:40][INFO]  [Basket 7] Waiting for recipe assignment lock.
[2025-09-04|10:55:40][INFO]  [Basket 6] Waiting for recipe assignment lock.
[2025-09-04|10:55:40][INFO]  [Basket 4] Waiting for recipe assignment lock.
[2025-09-04|10:55:40][INFO]  [Basket 8] Waiting for recipe assignment lock.
[2025-09-04|10:55:40][INFO]  [Basket 5] Waiting for recipe assignment lock.
[2025-09-04|10:55:40][INFO]  [Basket 3] Releasing recipe assignment lock.
[2025-09-04|10:55:40][INFO]  2025-09-04 10:55:40: [Basket 3 FSM] Assign new menu 1
[2025-09-04|10:55:40][INFO]  [Basket 7] Acquired recipe assignment lock.
[2025-09-04|10:55:40][DEBUG] DryRecipeFsmSequence: Trigger Event ASSIGN_MENU on NO_MENU
[2025-09-04|10:55:40][INFO]  [Basket 7] Releasing recipe assignment lock.
[2025-09-04|10:55:40][INFO]  [Basket 6] Acquired recipe assignment lock.
[2025-09-04|10:55:40][INFO]  2025-09-04 10:55:40: [Basket 7 FSM] Assign new menu 1
[2025-09-04|10:55:40][INFO]  [Basket 6] Releasing recipe assignment lock.
[2025-09-04|10:55:40][INFO]  [Basket 4] Acquired recipe assignment lock.
[2025-09-04|10:55:40][INFO]  [Basket 4] Releasing recipe assignment lock.
[2025-09-04|10:55:40][INFO]  [Basket 8] Acquired recipe assignment lock.
[2025-09-04|10:55:40][DEBUG] DryRecipeFsmSequence: Trigger Event ASSIGN_MENU on NO_MENU
[2025-09-04|10:55:40][INFO]  [Basket 8] Releasing recipe assignment lock.
[2025-09-04|10:55:40][INFO]  [Basket 5] Acquired recipe assignment lock.
[2025-09-04|10:55:40][INFO]  [Basket 5] Releasing recipe assignment lock.
[2025-09-04|10:55:40][INFO]  2025-09-04 10:55:40: [Basket 5 FSM] Assign new menu 1
[2025-09-04|10:55:40][DEBUG] DryRecipeFsmSequence: Trigger Event ASSIGN_MENU on NO_MENU
[2025-09-04|10:55:40][INFO]  2025-09-04 10:55:40: [Basket 5 FSM] Exit DryNoMenuStrategy State.
[2025-09-04|10:55:40][DEBUG] DryRecipeFsmSequence: Enter new state COOKING_READY
[2025-09-04|10:55:40][INFO]  2025-09-04 10:55:40: [Basket 5 FSM] Enter DryCookingReadyStrategy State.
[2025-09-04|10:55:40][INFO]  2025-09-04 10:55:40: [Basket 5 FSM] Start cooking.
[2025-09-04|10:55:40][DEBUG] DryRecipeFsmSequence: Trigger Event START_MENU on COOKING_READY
[2025-09-04|10:55:40][INFO]  2025-09-04 10:55:40: [Basket 6 FSM] Assign new menu 1
[2025-09-04|10:55:40][DEBUG] DryRecipeFsmSequence: Trigger Event ASSIGN_MENU on NO_MENU
[2025-09-04|10:55:40][INFO]  2025-09-04 10:55:40: [Basket 6 FSM] Exit DryNoMenuStrategy State.
[2025-09-04|10:55:40][DEBUG] DryRecipeFsmSequence: Enter new state COOKING_READY
[2025-09-04|10:55:40][INFO]  2025-09-04 10:55:40: [Basket 6 FSM] Enter DryCookingReadyStrategy State.
[2025-09-04|10:55:40][INFO]  2025-09-04 10:55:40: [Basket 6 FSM] Start cooking.
[2025-09-04|10:55:40][DEBUG] DryRecipeFsmSequence: Trigger Event START_MENU on COOKING_READY
[2025-09-04|10:55:40][INFO]  2025-09-04 10:55:40: [Basket 8 FSM] Assign new menu 1
[2025-09-04|10:55:40][DEBUG] DryRecipeFsmSequence: Trigger Event ASSIGN_MENU on NO_MENU
[2025-09-04|10:55:40][INFO]  2025-09-04 10:55:40: [Basket 8 FSM] Exit DryNoMenuStrategy State.
[2025-09-04|10:55:40][DEBUG] DryRecipeFsmSequence: Enter new state COOKING_READY
[2025-09-04|10:55:40][INFO]  2025-09-04 10:55:40: [Basket 8 FSM] Enter DryCookingReadyStrategy State.
[2025-09-04|10:55:40][INFO]  2025-09-04 10:55:40: [Basket 7 FSM] Exit DryNoMenuStrategy State.
[2025-09-04|10:55:40][INFO]  2025-09-04 10:55:40: [Basket 3 FSM] Exit DryNoMenuStrategy State.
[2025-09-04|10:55:40][INFO]  2025-09-04 10:55:40: [Basket 4 FSM] Assign new menu 1
[2025-09-04|10:55:40][DEBUG] DryRecipeFsmSequence: Enter new state COOKING_READY
[2025-09-04|10:55:40][INFO]  2025-09-04 10:55:40: [Basket 3 FSM] Enter DryCookingReadyStrategy State.
[2025-09-04|10:55:40][DEBUG] DryRecipeFsmSequence: Trigger Event ASSIGN_MENU on NO_MENU
[2025-09-04|10:55:40][INFO]  2025-09-04 10:55:40: [Basket 4 FSM] Exit DryNoMenuStrategy State.
[2025-09-04|10:55:40][DEBUG] DryRecipeFsmSequence: Enter new state COOKING_READY
[2025-09-04|10:55:40][DEBUG] DryRecipeFsmSequence: Enter new state COOKING_READY
[2025-09-04|10:55:40][INFO]  2025-09-04 10:55:40: [Basket 7 FSM] Enter DryCookingReadyStrategy State.
[2025-09-04|10:55:40][INFO]  2025-09-04 10:55:40: [Basket 6 FSM] Exit DryCookingReadyStrategy State.
[2025-09-04|10:55:40][INFO]  2025-09-04 10:55:40: [Basket 5 FSM] Exit DryCookingReadyStrategy State.
[2025-09-04|10:55:40][DEBUG] DryRecipeFsmSequence: Enter new state MOVE_TO_FRYER
[2025-09-04|10:55:40][INFO]  2025-09-04 10:55:40: [Basket 4 FSM] Enter DryCookingReadyStrategy State.
[2025-09-04|10:55:40][DEBUG] DryRecipeFsmSequence: Enter new state MOVE_TO_FRYER
[2025-09-04|10:55:40][INFO]  2025-09-04 10:55:40: [Basket 5 FSM] Enter DryMoveToFryStrategy State.
[2025-09-04|10:55:40][INFO]  [Debug] Basket 5: putin_shake=True, type=<class 'bool'>
[2025-09-04|10:55:40][INFO]  2025-09-04 10:55:40: [Basket 6 FSM] Enter DryMoveToFryStrategy State.
[2025-09-04|10:55:40][INFO]  [Debug] Basket 6: putin_shake=True, type=<class 'bool'>
[2025-09-04|10:55:58][INFO]  2025-09-04 10:55:58: Program stopped by App.
[2025-09-04|10:55:58][INFO]  [DEBUG] stop_program: Sending stop command to Conty.
[2025-09-04|10:55:58][INFO]  [DEBUG] stop_program: Waiting for Conty program to stop. Current state: PROG_RUNNING
[2025-09-04|10:55:58][INFO]  Stop program!!
[2025-09-04|10:55:58][INFO]  [DEBUG] stop_program: Waiting for Conty program to stop. Current state: PROG_RUNNING
[2025-09-04|10:55:58][INFO]  [DEBUG] stop_program: Conty program confirmed to be in IDLE state.
[2025-09-04|10:55:58][DEBUG] RobotFsmSequence: Trigger Event STOP on READY_IDLE
[2025-09-04|10:55:58][INFO]  2025-09-04 10:55:58: [Robot FSM] Exiting ReadyIdleStrategy State.
[2025-09-04|10:55:58][DEBUG] RobotFsmSequence: Enter new state NOT_READY_IDLE
[2025-09-04|10:55:58][INFO]  2025-09-04 10:55:58: Program is NOT running PROG_IDLE.
[2025-09-04|10:55:58][INFO]  2025-09-04 10:55:58: [Robot FSM] Enter NotReadyIdleStrategy State.
[2025-09-04|10:55:58][ERROR] 2025-09-04 10:55:58: [Robot FSM] Violation detected [indy_state=OP_SYSTEM_RESET, violation_code=VIOLATION]
[2025-09-04|10:55:58][ERROR] 2025-09-04 10:55:58: [Robot FSM] Violation detected [indy_state=OP_SYSTEM_RESET, violation_code=VIOLATION]
[2025-09-04|10:55:58][WARN]  [ProcessManager] Program stop detected. Resetting all motion triggers to prevent deadlock.
[2025-09-04|10:55:58][ERROR] 2025-09-04 10:55:58: [Robot FSM] Violation detected [indy_state=OP_SYSTEM_RESET, violation_code=VIOLATION]
[2025-09-04|10:55:58][ERROR] 2025-09-04 10:55:58: [Robot FSM] Violation detected [indy_state=OP_SYSTEM_RESET, violation_code=VIOLATION]
[2025-09-04|10:55:58][ERROR] 2025-09-04 10:55:58: [Robot FSM] Violation detected [indy_state=OP_SYSTEM_RESET, violation_code=VIOLATION]
[2025-09-04|10:55:58][ERROR] 2025-09-04 10:55:58: [Robot FSM] Violation detected [indy_state=OP_SYSTEM_RESET, violation_code=VIOLATION]
[2025-09-04|10:56:00][INFO]  2025-09-04 10:56:00: [ProcessManager] Reset all recipes!
[2025-09-04|10:56:00][INFO]  [SYSTEM] [DEBUG] Received request for full FSM reset.
[2025-09-04|10:56:00][INFO]  2025-09-04 10:56:00: Program is NOT running PROG_IDLE.
[2025-09-04|10:56:00][INFO]  [SYSTEM] [DEBUG] Re-initializing all FSMs without waiting for old threads.
[2025-09-04|10:56:00][INFO]  RobotFsmSequence: Stopping FSM service thread.
[2025-09-04|10:56:00][INFO]  RobotFsmSequence: FSM service thread stopped.
[2025-09-04|10:56:00][DEBUG] RobotFsmSequence: Enter new state NOT_READY
[2025-09-04|10:56:00][INFO]  2025-09-04 10:56:00: Program is NOT running PROG_IDLE.
[2025-09-04|10:56:00][INFO]  2025-09-04 10:56:00: [Robot FSM] Enter NotReadyStrategy State.
[2025-09-04|10:56:00][INFO]  [SYSTEM] [DEBUG] Robot FSM re-initialized.
[2025-09-04|10:56:00][INFO]  DryRecipeFsmSequence: Stopping FSM service thread.
[2025-09-04|10:56:00][DEBUG] RobotFsmSequence: Trigger Event DONE on NOT_READY
[2025-09-04|10:56:00][INFO]  DryRecipeFsmSequence: FSM service thread stopped.
[2025-09-04|10:56:00][INFO]  DryRecipeFsmSequence: Stopping FSM service thread.
[2025-09-04|10:56:00][INFO]  DryRecipeFsmSequence: FSM service thread stopped.
[2025-09-04|10:56:00][INFO]  DryRecipeFsmSequence: Stopping FSM service thread.
[2025-09-04|10:56:00][INFO]  2025-09-04 10:56:00: [Robot FSM] Exit NotReadyStrategy State.
[2025-09-04|10:56:00][DEBUG] RobotFsmSequence: Enter new state NOT_READY_IDLE
[2025-09-04|10:56:00][INFO]  2025-09-04 10:56:00: Program is NOT running PROG_IDLE.
[2025-09-04|10:56:00][INFO]  DryRecipeFsmSequence: FSM service thread stopped.
[2025-09-04|10:56:00][INFO]  DryRecipeFsmSequence: Stopping FSM service thread.
[2025-09-04|10:56:00][INFO]  2025-09-04 10:56:00: [Robot FSM] Enter NotReadyIdleStrategy State.
[2025-09-04|10:56:00][INFO]  DryRecipeFsmSequence: FSM service thread stopped.
[2025-09-04|10:56:00][INFO]  DryRecipeFsmSequence: Stopping FSM service thread.
[2025-09-04|10:56:00][INFO]  DryRecipeFsmSequence: FSM service thread stopped.
[2025-09-04|10:56:00][INFO]  DryRecipeFsmSequence: Stopping FSM service thread.
[2025-09-04|10:56:00][INFO]  DryRecipeFsmSequence: FSM service thread stopped.
[2025-09-04|10:56:00][INFO]  DryRecipeFsmSequence: Stopping FSM service thread.
[2025-09-04|10:56:00][INFO]  DryRecipeFsmSequence: FSM service thread stopped.
[2025-09-04|10:56:00][INFO]  DryRecipeFsmSequence: Stopping FSM service thread.
[2025-09-04|10:56:00][INFO]  DryRecipeFsmSequence: FSM service thread stopped.
[2025-09-04|10:56:00][INFO]  dryfsm 1
[2025-09-04|10:56:00][DEBUG] DryRecipeFsmSequence: Enter new state NO_MENU
[2025-09-04|10:56:00][INFO]  2025-09-04 10:56:00: [Basket 1 FSM] Enter DryNoMenuStrategy State.
[2025-09-04|10:56:00][INFO]  dryfsm 2
[2025-09-04|10:56:00][DEBUG] DryRecipeFsmSequence: Enter new state NO_MENU
[2025-09-04|10:56:00][INFO]  2025-09-04 10:56:00: [Basket 2 FSM] Enter DryNoMenuStrategy State.
[2025-09-04|10:56:00][INFO]  dryfsm 3
[2025-09-04|10:56:00][DEBUG] DryRecipeFsmSequence: Enter new state NO_MENU
[2025-09-04|10:56:00][INFO]  2025-09-04 10:56:00: [Basket 3 FSM] Enter DryNoMenuStrategy State.
[2025-09-04|10:56:00][INFO]  dryfsm 4
[2025-09-04|10:56:00][DEBUG] DryRecipeFsmSequence: Enter new state NO_MENU
[2025-09-04|10:56:00][INFO]  2025-09-04 10:56:00: [Basket 4 FSM] Enter DryNoMenuStrategy State.
[2025-09-04|10:56:00][INFO]  dryfsm 5
[2025-09-04|10:56:00][DEBUG] DryRecipeFsmSequence: Enter new state NO_MENU
[2025-09-04|10:56:00][INFO]  2025-09-04 10:56:00: [Basket 5 FSM] Enter DryNoMenuStrategy State.
[2025-09-04|10:56:00][INFO]  dryfsm 6
[2025-09-04|10:56:00][DEBUG] DryRecipeFsmSequence: Enter new state NO_MENU
[2025-09-04|10:56:00][INFO]  2025-09-04 10:56:00: [Basket 6 FSM] Enter DryNoMenuStrategy State.
[2025-09-04|10:56:00][INFO]  dryfsm 7
[2025-09-04|10:56:00][DEBUG] DryRecipeFsmSequence: Enter new state NO_MENU
[2025-09-04|10:56:00][INFO]  2025-09-04 10:56:00: [Basket 7 FSM] Enter DryNoMenuStrategy State.
[2025-09-04|10:56:00][INFO]  dryfsm 8
[2025-09-04|10:56:01][DEBUG] DryRecipeFsmSequence: Enter new state NO_MENU
[2025-09-04|10:56:01][INFO]  2025-09-04 10:56:01: [Basket 8 FSM] Enter DryNoMenuStrategy State.
[2025-09-04|10:56:01][INFO]  WetRecipeFsmSequence: Stopping FSM service thread.
[2025-09-04|10:56:01][INFO]  WetRecipeFsmSequence: FSM service thread stopped.
[2025-09-04|10:56:01][INFO]  WetRecipeFsmSequence: Stopping FSM service thread.
[2025-09-04|10:56:01][INFO]  WetRecipeFsmSequence: FSM service thread stopped.
[2025-09-04|10:56:01][INFO]  WetRecipeFsmSequence: Stopping FSM service thread.
[2025-09-04|10:56:01][INFO]  WetRecipeFsmSequence: FSM service thread stopped.
[2025-09-04|10:56:01][INFO]  WetRecipeFsmSequence: Stopping FSM service thread.
[2025-09-04|10:56:01][INFO]  WetRecipeFsmSequence: FSM service thread stopped.
[2025-09-04|10:56:01][INFO]  1 fryer Index : 1
[2025-09-04|10:56:01][DEBUG] WetRecipeFsmSequence: Enter new state WAIT_PUTIN
[2025-09-04|10:56:01][INFO]  [SPECIAL] Basket 1: Reset putin_shake=0, shake_done=0
[2025-09-04|10:56:01][INFO]  2025-09-04 10:56:01: [Basket 1 FSM] Enter WaitPutinStrategy State.
[2025-09-04|10:56:01][INFO]  3 fryer Index : 1
[2025-09-04|10:56:01][DEBUG] WetRecipeFsmSequence: Enter new state WAIT_PUTIN
[2025-09-04|10:56:01][INFO]  [SPECIAL] Basket 3: Reset putin_shake=0, shake_done=0
[2025-09-04|10:56:01][INFO]  2025-09-04 10:56:01: [Basket 3 FSM] Enter WaitPutinStrategy State.
[2025-09-04|10:56:01][INFO]  6 fryer Index : 4
[2025-09-04|10:56:01][DEBUG] WetRecipeFsmSequence: Enter new state WAIT_PUTIN
[2025-09-04|10:56:01][INFO]  [SPECIAL] Basket 6: Reset putin_shake=0, shake_done=0
[2025-09-04|10:56:01][INFO]  2025-09-04 10:56:01: [Basket 6 FSM] Enter WaitPutinStrategy State.
[2025-09-04|10:56:01][INFO]  8 fryer Index : 4
[2025-09-04|10:56:01][DEBUG] WetRecipeFsmSequence: Enter new state WAIT_PUTIN
[2025-09-04|10:56:01][INFO]  [SPECIAL] Basket 8: Reset putin_shake=0, shake_done=0
[2025-09-04|10:56:01][INFO]  2025-09-04 10:56:01: [Basket 8 FSM] Enter WaitPutinStrategy State.
[2025-09-04|10:56:01][INFO]  [SYSTEM] [DEBUG] All FSMs re-initialized.
[2025-09-04|10:56:01][INFO]  [ProcessManager] `prog_stopped` flag has been manually reset.
[2025-09-04|10:56:02][DEBUG] cooking_logger.py: send_recipe_list_mqtt() called with data: [{'label': '', 'time': 0}, {'label': '만두', 'time': 60}, {'label': '', 'time': 0}, {'label': '', 'time': 0}, {'label': '', 'time': 0}, {'label': '', 'time': 0}, {'label': '', 'time': 0}, {'label': '', 'time': 0}, {'label': '', 'time': 0}, {'label': '', 'time': 0}, {'label': '', 'time': 0}]
[2025-09-04|10:56:02][INFO]  -------- ui/recipe1/reset/recipe_name 191 True
[2025-09-04|10:56:02][INFO]  ---sdfsdfsdff=----------
[2025-09-04|10:56:04][INFO]  2025-09-04 10:56:04: [Robot FSM] Program Start.
[2025-09-04|10:56:04][ERROR] Start main program
[2025-09-04|10:56:04][INFO]  2025-09-04 10:56:04: Wait for main program running
[2025-09-04|10:56:04][INFO]  2025-09-04 10:56:04: Program is NOT running PROG_IDLE.
[2025-09-04|10:56:05][INFO]  2025-09-04 10:56:05: Wait for main program running
[2025-09-04|10:56:05][INFO]  2025-09-04 10:56:05: Program is NOT running PROG_IDLE.
[2025-09-04|10:56:05][INFO]  2025-09-04 10:56:05: Wait for main program running
[2025-09-04|10:56:05][INFO]  2025-09-04 10:56:05: Program is NOT running PROG_IDLE.
[2025-09-04|10:56:05][INFO]  2025-09-04 10:56:05: Wait for main program running
[2025-09-04|10:56:05][INFO]  2025-09-04 10:56:05: Program is NOT running PROG_IDLE.
[2025-09-04|10:56:05][INFO]  2025-09-04 10:56:05: Wait for main program running
[2025-09-04|10:56:05][INFO]  2025-09-04 10:56:05: Program is NOT running PROG_IDLE.
[2025-09-04|10:56:05][INFO]  2025-09-04 10:56:05: Wait for main program running
[2025-09-04|10:56:05][INFO]  2025-09-04 10:56:05: Program is NOT running PROG_IDLE.
[2025-09-04|10:56:05][INFO]  2025-09-04 10:56:05: Wait for main program running
[2025-09-04|10:56:05][INFO]  2025-09-04 10:56:05: Program is NOT running PROG_IDLE.
[2025-09-04|10:56:05][INFO]  2025-09-04 10:56:05: Wait for main program running
[2025-09-04|10:56:05][INFO]  2025-09-04 10:56:05: Program is NOT running PROG_IDLE.
[2025-09-04|10:56:05][INFO]  2025-09-04 10:56:05: Wait for main program running
[2025-09-04|10:56:05][DEBUG] RobotFsmSequence: Trigger Event START_PROGRAM on NOT_READY_IDLE
[2025-09-04|10:56:05][INFO]  2025-09-04 10:56:05: [Robot FSM] Exit NotReadyIdleStrategy State.
[2025-09-04|10:56:05][DEBUG] RobotFsmSequence: Enter new state MOVE_TO_READY
[2025-09-04|10:56:05][INFO]  2025-09-04 10:56:05: [Robot FSM] Enter MoveToReadyStrategy State.
[2025-09-04|10:56:05][INFO]  2025-09-04 10:56:05: [Robot FSM] Start motion True move_to_ready  
[2025-09-04|10:56:05][INFO]  Command I600 : 100
[2025-09-04|10:56:07][INFO]  2025-09-04 10:56:07: [Robot FSM] Finish motion move_to_ready
[2025-09-04|10:56:07][DEBUG] RobotFsmSequence: Trigger Event DONE on MOVE_TO_READY
[2025-09-04|10:56:07][INFO]  2025-09-04 10:56:07: [Robot FSM] Exiting MoveToReadyStrategy State.
[2025-09-04|10:56:07][DEBUG] RobotFsmSequence: Enter new state READY_IDLE
[2025-09-04|10:56:07][INFO]  2025-09-04 10:56:07: [Robot FSM] Enter ReadyIdleStrategy State.
[2025-09-04|10:56:07][INFO]  Command I600 : 0
[2025-09-04|10:56:13][INFO]  [Basket 5] Waiting for recipe assignment lock.
[2025-09-04|10:56:13][INFO]  [Basket 5] Acquired recipe assignment lock.
[2025-09-04|10:56:13][INFO]  [Basket 3] Waiting for recipe assignment lock.
[2025-09-04|10:56:13][INFO]  [Basket 4] Waiting for recipe assignment lock.
[2025-09-04|10:56:13][INFO]  [Basket 2] Waiting for recipe assignment lock.
[2025-09-04|10:56:13][INFO]  [Basket 1] Waiting for recipe assignment lock.
[2025-09-04|10:56:13][INFO]  [Basket 5] Releasing recipe assignment lock.
[2025-09-04|10:56:13][INFO]  2025-09-04 10:56:13: [Basket 5 FSM] Assign new menu 1
[2025-09-04|10:56:13][INFO]  [Basket 4] Acquired recipe assignment lock.
[2025-09-04|10:56:13][DEBUG] DryRecipeFsmSequence: Trigger Event ASSIGN_MENU on NO_MENU
[2025-09-04|10:56:13][INFO]  2025-09-04 10:56:13: [Basket 5 FSM] Exit DryNoMenuStrategy State.
[2025-09-04|10:56:13][INFO]  [Basket 4] Releasing recipe assignment lock.
[2025-09-04|10:56:13][INFO]  [Basket 3] Acquired recipe assignment lock.
[2025-09-04|10:56:13][DEBUG] DryRecipeFsmSequence: Enter new state COOKING_READY
[2025-09-04|10:56:13][INFO]  2025-09-04 10:56:13: [Basket 5 FSM] Enter DryCookingReadyStrategy State.
[2025-09-04|10:56:13][INFO]  2025-09-04 10:56:13: [Basket 4 FSM] Assign new menu 1
[2025-09-04|10:56:13][DEBUG] DryRecipeFsmSequence: Trigger Event ASSIGN_MENU on NO_MENU
[2025-09-04|10:56:13][INFO]  2025-09-04 10:56:13: [Basket 5 FSM] Start cooking.
[2025-09-04|10:56:13][INFO]  2025-09-04 10:56:13: [Basket 4 FSM] Exit DryNoMenuStrategy State.
[2025-09-04|10:56:13][DEBUG] DryRecipeFsmSequence: Trigger Event START_MENU on COOKING_READY
[2025-09-04|10:56:13][INFO]  [Basket 3] Releasing recipe assignment lock.
[2025-09-04|10:56:13][INFO]  2025-09-04 10:56:13: [Basket 3 FSM] Assign new menu 1
[2025-09-04|10:56:13][DEBUG] DryRecipeFsmSequence: Trigger Event ASSIGN_MENU on NO_MENU
[2025-09-04|10:56:13][DEBUG] DryRecipeFsmSequence: Enter new state COOKING_READY
[2025-09-04|10:56:13][INFO]  [Basket 2] Acquired recipe assignment lock.
[2025-09-04|10:56:13][INFO]  2025-09-04 10:56:13: [Basket 5 FSM] Exit DryCookingReadyStrategy State.
[2025-09-04|10:56:13][DEBUG] DryRecipeFsmSequence: Enter new state MOVE_TO_FRYER
[2025-09-04|10:56:13][INFO]  2025-09-04 10:56:13: [Basket 5 FSM] Enter DryMoveToFryStrategy State.
[2025-09-04|10:56:13][INFO]  [Debug] Basket 5: putin_shake=True, type=<class 'bool'>
[2025-09-04|10:56:13][INFO]  2025-09-04 10:56:13: [Basket 4 FSM] Enter DryCookingReadyStrategy State.
[2025-09-04|10:56:13][INFO]  [Basket 2] Releasing recipe assignment lock.
[2025-09-04|10:56:13][INFO]  2025-09-04 10:56:13: [Basket 3 FSM] Exit DryNoMenuStrategy State.
[2025-09-04|10:56:13][INFO]  [Basket 1] Acquired recipe assignment lock.
[2025-09-04|10:56:13][DEBUG] DryRecipeFsmSequence: Enter new state COOKING_READY
[2025-09-04|10:56:13][INFO]  2025-09-04 10:56:13: [Basket 3 FSM] Enter DryCookingReadyStrategy State.
[2025-09-04|10:56:13][INFO]  2025-09-04 10:56:13: [Basket 2 FSM] Assign new menu 1
[2025-09-04|10:56:13][INFO]  [Basket 1] Releasing recipe assignment lock.
[2025-09-04|10:56:13][DEBUG] DryRecipeFsmSequence: Trigger Event ASSIGN_MENU on NO_MENU
[2025-09-04|10:56:13][INFO]  2025-09-04 10:56:13: [Basket 2 FSM] Exit DryNoMenuStrategy State.
[2025-09-04|10:56:13][DEBUG] DryRecipeFsmSequence: Enter new state COOKING_READY
[2025-09-04|10:56:13][INFO]  2025-09-04 10:56:13: [Basket 2 FSM] Enter DryCookingReadyStrategy State.
[2025-09-04|10:56:13][INFO]  2025-09-04 10:56:13: [Basket 2 FSM] Start cooking.
[2025-09-04|10:56:13][DEBUG] DryRecipeFsmSequence: Trigger Event START_MENU on COOKING_READY
[2025-09-04|10:56:13][INFO]  2025-09-04 10:56:13: [Basket 1 FSM] Assign new menu 1
[2025-09-04|10:56:13][DEBUG] DryRecipeFsmSequence: Trigger Event ASSIGN_MENU on NO_MENU
[2025-09-04|10:56:13][INFO]  2025-09-04 10:56:13: [Basket 1 FSM] Exit DryNoMenuStrategy State.
[2025-09-04|10:56:13][DEBUG] DryRecipeFsmSequence: Enter new state COOKING_READY
[2025-09-04|10:56:13][INFO]  2025-09-04 10:56:13: [Basket 1 FSM] Enter DryCookingReadyStrategy State.
[2025-09-04|10:56:13][INFO]  2025-09-04 10:56:13: [Basket 1 FSM] Start cooking.
[2025-09-04|10:56:13][DEBUG] DryRecipeFsmSequence: Trigger Event START_MENU on COOKING_READY
[2025-09-04|10:56:13][INFO]  2025-09-04 10:56:13: [Basket 2 FSM] Exit DryCookingReadyStrategy State.
[2025-09-04|10:56:13][DEBUG] DryRecipeFsmSequence: Enter new state MOVE_TO_FRYER
[2025-09-04|10:56:13][INFO]  2025-09-04 10:56:13: [Basket 2 FSM] Enter DryMoveToFryStrategy State.
[2025-09-04|10:56:13][INFO]  [Debug] Basket 2: putin_shake=True, type=<class 'bool'>
[2025-09-04|10:56:13][INFO]  2025-09-04 10:56:13: [Basket 1 FSM] Exit DryCookingReadyStrategy State.
[2025-09-04|10:56:13][DEBUG] DryRecipeFsmSequence: Enter new state MOVE_TO_FRYER
[2025-09-04|10:56:13][INFO]  2025-09-04 10:56:13: [Basket 1 FSM] Enter DryMoveToFryStrategy State.
[2025-09-04|10:56:13][INFO]  [Debug] Basket 1: putin_shake=True, type=<class 'bool'>
[2025-09-04|10:56:14][INFO]  [Basket 8] Waiting for recipe assignment lock.
[2025-09-04|10:56:14][INFO]  [Basket 6] Waiting for recipe assignment lock.
[2025-09-04|10:56:14][INFO]  [Basket 7] Waiting for recipe assignment lock.
[2025-09-04|10:56:14][INFO]  [Basket 8] Acquired recipe assignment lock.
[2025-09-04|10:56:14][INFO]  [Basket 8] Releasing recipe assignment lock.
[2025-09-04|10:56:14][INFO]  2025-09-04 10:56:14: [Basket 8 FSM] Assign new menu 1
[2025-09-04|10:56:14][INFO]  [Basket 6] Acquired recipe assignment lock.
[2025-09-04|10:56:14][DEBUG] DryRecipeFsmSequence: Trigger Event ASSIGN_MENU on NO_MENU
[2025-09-04|10:56:14][INFO]  [Basket 6] Releasing recipe assignment lock.
[2025-09-04|10:56:14][INFO]  2025-09-04 10:56:14: [Basket 8 FSM] Exit DryNoMenuStrategy State.
[2025-09-04|10:56:14][INFO]  2025-09-04 10:56:14: [Basket 6 FSM] Assign new menu 1
[2025-09-04|10:56:14][DEBUG] DryRecipeFsmSequence: Enter new state COOKING_READY
[2025-09-04|10:56:14][INFO]  [Basket 7] Acquired recipe assignment lock.
[2025-09-04|10:56:14][DEBUG] DryRecipeFsmSequence: Trigger Event ASSIGN_MENU on NO_MENU
[2025-09-04|10:56:14][INFO]  2025-09-04 10:56:14: [Basket 6 FSM] Exit DryNoMenuStrategy State.
[2025-09-04|10:56:14][DEBUG] DryRecipeFsmSequence: Enter new state COOKING_READY
[2025-09-04|10:56:14][INFO]  2025-09-04 10:56:14: [Basket 6 FSM] Enter DryCookingReadyStrategy State.
[2025-09-04|10:56:14][INFO]  2025-09-04 10:56:14: [Basket 6 FSM] Start cooking.
[2025-09-04|10:56:14][DEBUG] DryRecipeFsmSequence: Trigger Event START_MENU on COOKING_READY
[2025-09-04|10:56:14][INFO]  2025-09-04 10:56:14: [Basket 8 FSM] Enter DryCookingReadyStrategy State.
[2025-09-04|10:56:14][INFO]  [Basket 7] Releasing recipe assignment lock.
[2025-09-04|10:56:14][INFO]  2025-09-04 10:56:14: [Basket 7 FSM] Assign new menu 1
[2025-09-04|10:56:14][DEBUG] DryRecipeFsmSequence: Trigger Event ASSIGN_MENU on NO_MENU
[2025-09-04|10:56:14][INFO]  2025-09-04 10:56:14: [Basket 7 FSM] Exit DryNoMenuStrategy State.
[2025-09-04|10:56:14][DEBUG] DryRecipeFsmSequence: Enter new state COOKING_READY
[2025-09-04|10:56:14][INFO]  2025-09-04 10:56:14: [Basket 7 FSM] Enter DryCookingReadyStrategy State.
[2025-09-04|10:56:14][INFO]  2025-09-04 10:56:14: [Basket 6 FSM] Exit DryCookingReadyStrategy State.
[2025-09-04|10:56:14][DEBUG] DryRecipeFsmSequence: Enter new state MOVE_TO_FRYER
[2025-09-04|10:56:14][INFO]  2025-09-04 10:56:14: [Basket 6 FSM] Enter DryMoveToFryStrategy State.
[2025-09-04|10:56:14][INFO]  [Debug] Basket 6: putin_shake=True, type=<class 'bool'>
