[2025-08-30|03:09:09][INFO]  Blackboard initialized from projects/bulk_frying/configs/blackboard.json
[2025-08-30|03:09:11][INFO]  DEBUG: cooking_logger.py module is being loaded.
[2025-08-30|03:09:11][INFO]  IndyCare MQTT logging is enabled.
[2025-08-30|03:09:11][INFO]  [CookingLogger] Using MQTT Device ID: indyHomyeongFrying
[2025-08-30|03:09:11][INFO]  cooking_logger.py: CONNECT MQTT server success...
[2025-08-30|03:09:11][INFO]  [SYSTEM] Starting bulk_frying System...
[2025-08-30|03:09:11][INFO]  Init AppCommunication
[2025-08-30|03:09:12][DEBUG] RobotFsmSequence: Enter new state NOT_READY
[2025-08-30|03:09:12][INFO]  2025-08-30 03:09:12: [Robot FSM] Program is Running, Stop the program (NotReadyStrategy)
[2025-08-30|03:09:12][INFO]  [DEBUG] stop_program: Sending stop command to Conty.
[2025-08-30|03:09:12][INFO]  [DEBUG] stop_program: Waiting for Conty program to stop. Current state: PROG_RUNNING
[2025-08-30|03:09:12][INFO]  Stop program!!
[2025-08-30|03:09:12][INFO]  [DEBUG] stop_program: Waiting for Conty program to stop. Current state: PROG_STOPPING
[2025-08-30|03:09:12][INFO]  [DEBUG] stop_program: Waiting for Conty program to stop. Current state: PROG_STOPPING
[2025-08-30|03:09:12][INFO]  [DEBUG] stop_program: Conty program confirmed to be in IDLE state.
[2025-08-30|03:09:12][INFO]  2025-08-30 03:09:12: [Robot FSM] Enter NotReadyStrategy State.
[2025-08-30|03:09:12][INFO]  robot fsm run
[2025-08-30|03:09:12][INFO]  ProcessManager initialized with fry_type: dry
[2025-08-30|03:09:12][INFO]  dryfsm 1
[2025-08-30|03:09:12][DEBUG] RobotFsmSequence: Trigger Event DONE on NOT_READY
[2025-08-30|03:09:12][DEBUG] DryRecipeFsmSequence: Enter new state NO_MENU
[2025-08-30|03:09:12][INFO]  2025-08-30 03:09:12: [Basket 1 FSM] Enter DryNoMenuStrategy State.
[2025-08-30|03:09:12][INFO]  2025-08-30 03:09:12: [Robot FSM] Exit NotReadyStrategy State.
[2025-08-30|03:09:12][DEBUG] RobotFsmSequence: Enter new state NOT_READY_IDLE
[2025-08-30|03:09:12][INFO]  2025-08-30 03:09:12: Program is NOT running PROG_IDLE.
[2025-08-30|03:09:12][INFO]  2025-08-30 03:09:12: [Robot FSM] Enter NotReadyIdleStrategy State.
[2025-08-30|03:09:12][INFO]  dryfsm 2
[2025-08-30|03:09:12][DEBUG] DryRecipeFsmSequence: Enter new state NO_MENU
[2025-08-30|03:09:12][INFO]  2025-08-30 03:09:12: [Basket 2 FSM] Enter DryNoMenuStrategy State.
[2025-08-30|03:09:12][INFO]  dryfsm 3
[2025-08-30|03:09:12][DEBUG] DryRecipeFsmSequence: Enter new state NO_MENU
[2025-08-30|03:09:12][INFO]  2025-08-30 03:09:12: [Basket 3 FSM] Enter DryNoMenuStrategy State.
[2025-08-30|03:09:12][INFO]  dryfsm 4
[2025-08-30|03:09:13][DEBUG] DryRecipeFsmSequence: Enter new state NO_MENU
[2025-08-30|03:09:13][INFO]  2025-08-30 03:09:13: [Basket 4 FSM] Enter DryNoMenuStrategy State.
[2025-08-30|03:09:13][INFO]  dryfsm 5
[2025-08-30|03:09:13][DEBUG] DryRecipeFsmSequence: Enter new state NO_MENU
[2025-08-30|03:09:13][INFO]  2025-08-30 03:09:13: [Basket 5 FSM] Enter DryNoMenuStrategy State.
[2025-08-30|03:09:13][INFO]  dryfsm 6
[2025-08-30|03:09:13][DEBUG] DryRecipeFsmSequence: Enter new state NO_MENU
[2025-08-30|03:09:13][INFO]  2025-08-30 03:09:13: [Basket 6 FSM] Enter DryNoMenuStrategy State.
[2025-08-30|03:09:13][INFO]  dryfsm 7
[2025-08-30|03:09:13][DEBUG] DryRecipeFsmSequence: Enter new state NO_MENU
[2025-08-30|03:09:13][INFO]  2025-08-30 03:09:13: [Basket 7 FSM] Enter DryNoMenuStrategy State.
[2025-08-30|03:09:13][INFO]  dryfsm 8
[2025-08-30|03:09:13][DEBUG] DryRecipeFsmSequence: Enter new state NO_MENU
[2025-08-30|03:09:13][INFO]  2025-08-30 03:09:13: [Basket 8 FSM] Enter DryNoMenuStrategy State.
[2025-08-30|03:09:13][INFO]  dry fsm run
[2025-08-30|03:09:13][INFO]  1 fryer Index : 1
[2025-08-30|03:09:13][DEBUG] WetRecipeFsmSequence: Enter new state WAIT_PUTIN
[2025-08-30|03:09:13][INFO]  [SPECIAL] Basket 1: Reset putin_shake=0, shake_done=0
[2025-08-30|03:09:13][INFO]  2025-08-30 03:09:13: [Basket 1 FSM] Enter WaitPutinStrategy State.
[2025-08-30|03:09:13][INFO]  3 fryer Index : 1
[2025-08-30|03:09:13][DEBUG] WetRecipeFsmSequence: Enter new state WAIT_PUTIN
[2025-08-30|03:09:13][INFO]  [SPECIAL] Basket 3: Reset putin_shake=0, shake_done=0
[2025-08-30|03:09:13][INFO]  2025-08-30 03:09:13: [Basket 3 FSM] Enter WaitPutinStrategy State.
[2025-08-30|03:09:13][INFO]  6 fryer Index : 4
[2025-08-30|03:09:13][DEBUG] WetRecipeFsmSequence: Enter new state WAIT_PUTIN
[2025-08-30|03:09:13][INFO]  [SPECIAL] Basket 6: Reset putin_shake=0, shake_done=0
[2025-08-30|03:09:13][INFO]  2025-08-30 03:09:13: [Basket 6 FSM] Enter WaitPutinStrategy State.
[2025-08-30|03:09:13][INFO]  8 fryer Index : 4
[2025-08-30|03:09:13][DEBUG] WetRecipeFsmSequence: Enter new state WAIT_PUTIN
[2025-08-30|03:09:13][INFO]  [SPECIAL] Basket 8: Reset putin_shake=0, shake_done=0
[2025-08-30|03:09:13][INFO]  2025-08-30 03:09:13: [Basket 8 FSM] Enter WaitPutinStrategy State.
[2025-08-30|03:09:13][INFO]  wet fsm run
[2025-08-30|03:09:13][INFO]  [ProcessManager Init] Current Working Directory: /home/user/dev/runtest/Release/codex_agents_indycare
[2025-08-30|03:09:13][INFO]  [ProcessManager Init] Attempting to load config from: /home/user/dev/runtest/Release/codex_agents_indycare/projects/bulk_frying/configs/app_config.json
[2025-08-30|03:09:13][INFO]  [ProcessManager Init] Extracted eco_sensor_config: {'enabled': False, 'communication_type': 'socket', 'ip': '192.168.0.2', 'port': 5000, 'serial_port': '/dev/ttyUSB0', 'read_interval_minutes': 10, 'send_on_startup': True, 'max_retry_attempts': 3, 'retry_delay_seconds': 5}
[2025-08-30|03:09:13][WARN]  [ProcessManager Init] EcoSensor is not enabled or config not found. Skipping initialization.
[2025-08-30|03:09:13][INFO]  EcoSensor: Will send data immediately on first run.
[2025-08-30|03:09:13][INFO]  [SYSTEM] bulk_frying system initialized. Running...
[2025-08-30|03:09:20][INFO]  2025-08-30 03:09:20: [ProcessManager] Reset all recipes!
[2025-08-30|03:09:20][INFO]  [SYSTEM] [DEBUG] Received request for full FSM reset.
[2025-08-30|03:09:20][INFO]  2025-08-30 03:09:20: Program is NOT running PROG_IDLE.
[2025-08-30|03:09:20][INFO]  [SYSTEM] [DEBUG] Starting full FSM reset including Robot FSM.
[2025-08-30|03:09:20][INFO]  [SYSTEM] [DEBUG] Stopping current Robot FSM thread.
[2025-08-30|03:09:20][INFO]  RobotFsmSequence: Stopping FSM service thread.
[2025-08-30|03:09:20][INFO]  RobotFsmSequence: FSM service thread stopped.
[2025-08-30|03:09:20][INFO]  [SYSTEM] [DEBUG] Re-initializing Robot FSM.
[2025-08-30|03:09:20][DEBUG] RobotFsmSequence: Enter new state NOT_READY
[2025-08-30|03:09:20][INFO]  2025-08-30 03:09:20: Program is NOT running PROG_IDLE.
[2025-08-30|03:09:20][INFO]  2025-08-30 03:09:20: [Robot FSM] Enter NotReadyStrategy State.
[2025-08-30|03:09:20][INFO]  [SYSTEM] [DEBUG] Robot FSM restarted successfully.
[2025-08-30|03:09:20][INFO]  [SYSTEM] [DEBUG] Stopping and re-initializing Recipe FSMs.
[2025-08-30|03:09:20][INFO]  DryRecipeFsmSequence: Stopping FSM service thread.
[2025-08-30|03:09:20][DEBUG] RobotFsmSequence: Trigger Event DONE on NOT_READY
[2025-08-30|03:09:20][INFO]  DryRecipeFsmSequence: FSM service thread stopped.
[2025-08-30|03:09:20][INFO]  DryRecipeFsmSequence: Stopping FSM service thread.
[2025-08-30|03:09:20][INFO]  DryRecipeFsmSequence: FSM service thread stopped.
[2025-08-30|03:09:20][INFO]  2025-08-30 03:09:20: [Robot FSM] Exit NotReadyStrategy State.
[2025-08-30|03:09:20][DEBUG] RobotFsmSequence: Enter new state NOT_READY_IDLE
[2025-08-30|03:09:20][INFO]  DryRecipeFsmSequence: Stopping FSM service thread.
[2025-08-30|03:09:20][INFO]  2025-08-30 03:09:20: Program is NOT running PROG_IDLE.
[2025-08-30|03:09:20][INFO]  2025-08-30 03:09:20: [Robot FSM] Enter NotReadyIdleStrategy State.
[2025-08-30|03:09:20][INFO]  DryRecipeFsmSequence: FSM service thread stopped.
[2025-08-30|03:09:20][INFO]  DryRecipeFsmSequence: Stopping FSM service thread.
[2025-08-30|03:09:20][INFO]  DryRecipeFsmSequence: FSM service thread stopped.
[2025-08-30|03:09:20][INFO]  DryRecipeFsmSequence: Stopping FSM service thread.
[2025-08-30|03:09:20][INFO]  DryRecipeFsmSequence: FSM service thread stopped.
[2025-08-30|03:09:20][INFO]  DryRecipeFsmSequence: Stopping FSM service thread.
[2025-08-30|03:09:20][INFO]  DryRecipeFsmSequence: FSM service thread stopped.
[2025-08-30|03:09:20][INFO]  DryRecipeFsmSequence: Stopping FSM service thread.
[2025-08-30|03:09:20][INFO]  DryRecipeFsmSequence: FSM service thread stopped.
[2025-08-30|03:09:20][INFO]  DryRecipeFsmSequence: Stopping FSM service thread.
[2025-08-30|03:09:20][INFO]  DryRecipeFsmSequence: FSM service thread stopped.
[2025-08-30|03:09:20][INFO]  dryfsm 1
[2025-08-30|03:09:20][DEBUG] DryRecipeFsmSequence: Enter new state NO_MENU
[2025-08-30|03:09:20][INFO]  2025-08-30 03:09:20: [Basket 1 FSM] Enter DryNoMenuStrategy State.
[2025-08-30|03:09:20][INFO]  dryfsm 2
[2025-08-30|03:09:20][DEBUG] DryRecipeFsmSequence: Enter new state NO_MENU
[2025-08-30|03:09:20][INFO]  2025-08-30 03:09:20: [Basket 2 FSM] Enter DryNoMenuStrategy State.
[2025-08-30|03:09:20][INFO]  dryfsm 3
[2025-08-30|03:09:20][DEBUG] DryRecipeFsmSequence: Enter new state NO_MENU
[2025-08-30|03:09:20][INFO]  2025-08-30 03:09:20: [Basket 3 FSM] Enter DryNoMenuStrategy State.
[2025-08-30|03:09:20][INFO]  dryfsm 4
[2025-08-30|03:09:20][DEBUG] DryRecipeFsmSequence: Enter new state NO_MENU
[2025-08-30|03:09:20][INFO]  2025-08-30 03:09:20: [Basket 4 FSM] Enter DryNoMenuStrategy State.
[2025-08-30|03:09:20][INFO]  dryfsm 5
[2025-08-30|03:09:20][DEBUG] DryRecipeFsmSequence: Enter new state NO_MENU
[2025-08-30|03:09:20][INFO]  2025-08-30 03:09:20: [Basket 5 FSM] Enter DryNoMenuStrategy State.
[2025-08-30|03:09:20][INFO]  dryfsm 6
[2025-08-30|03:09:20][DEBUG] DryRecipeFsmSequence: Enter new state NO_MENU
[2025-08-30|03:09:20][INFO]  2025-08-30 03:09:20: [Basket 6 FSM] Enter DryNoMenuStrategy State.
[2025-08-30|03:09:20][INFO]  dryfsm 7
[2025-08-30|03:09:20][DEBUG] DryRecipeFsmSequence: Enter new state NO_MENU
[2025-08-30|03:09:20][INFO]  2025-08-30 03:09:20: [Basket 7 FSM] Enter DryNoMenuStrategy State.
[2025-08-30|03:09:20][INFO]  dryfsm 8
[2025-08-30|03:09:21][DEBUG] DryRecipeFsmSequence: Enter new state NO_MENU
[2025-08-30|03:09:21][INFO]  2025-08-30 03:09:21: [Basket 8 FSM] Enter DryNoMenuStrategy State.
[2025-08-30|03:09:21][INFO]  WetRecipeFsmSequence: Stopping FSM service thread.
[2025-08-30|03:09:21][INFO]  WetRecipeFsmSequence: FSM service thread stopped.
[2025-08-30|03:09:21][INFO]  WetRecipeFsmSequence: Stopping FSM service thread.
[2025-08-30|03:09:21][INFO]  WetRecipeFsmSequence: FSM service thread stopped.
[2025-08-30|03:09:21][INFO]  WetRecipeFsmSequence: Stopping FSM service thread.
[2025-08-30|03:09:21][INFO]  WetRecipeFsmSequence: FSM service thread stopped.
[2025-08-30|03:09:21][INFO]  WetRecipeFsmSequence: Stopping FSM service thread.
[2025-08-30|03:09:21][INFO]  WetRecipeFsmSequence: FSM service thread stopped.
[2025-08-30|03:09:21][INFO]  1 fryer Index : 1
[2025-08-30|03:09:21][DEBUG] WetRecipeFsmSequence: Enter new state WAIT_PUTIN
[2025-08-30|03:09:21][INFO]  [SPECIAL] Basket 1: Reset putin_shake=0, shake_done=0
[2025-08-30|03:09:21][INFO]  2025-08-30 03:09:21: [Basket 1 FSM] Enter WaitPutinStrategy State.
[2025-08-30|03:09:21][INFO]  3 fryer Index : 1
[2025-08-30|03:09:21][DEBUG] WetRecipeFsmSequence: Enter new state WAIT_PUTIN
[2025-08-30|03:09:21][INFO]  [SPECIAL] Basket 3: Reset putin_shake=0, shake_done=0
[2025-08-30|03:09:21][INFO]  2025-08-30 03:09:21: [Basket 3 FSM] Enter WaitPutinStrategy State.
[2025-08-30|03:09:21][INFO]  6 fryer Index : 4
[2025-08-30|03:09:21][DEBUG] WetRecipeFsmSequence: Enter new state WAIT_PUTIN
[2025-08-30|03:09:21][INFO]  [SPECIAL] Basket 6: Reset putin_shake=0, shake_done=0
[2025-08-30|03:09:21][INFO]  2025-08-30 03:09:21: [Basket 6 FSM] Enter WaitPutinStrategy State.
[2025-08-30|03:09:21][INFO]  8 fryer Index : 4
[2025-08-30|03:09:21][DEBUG] WetRecipeFsmSequence: Enter new state WAIT_PUTIN
[2025-08-30|03:09:21][INFO]  [SPECIAL] Basket 8: Reset putin_shake=0, shake_done=0
[2025-08-30|03:09:21][INFO]  2025-08-30 03:09:21: [Basket 8 FSM] Enter WaitPutinStrategy State.
[2025-08-30|03:09:21][INFO]  [SYSTEM] [DEBUG] All Recipe FSMs restarted successfully.
[2025-08-30|03:09:21][INFO]  [SYSTEM] [DEBUG] Full FSM reset complete.
[2025-08-30|03:09:28][DEBUG] cooking_logger.py: send_recipe_list_mqtt() called with data: [{'label': '', 'time': 0}, {'label': '치킨', 'time': 180}, {'label': '', 'time': 0}, {'label': '', 'time': 0}, {'label': '', 'time': 0}, {'label': '', 'time': 0}, {'label': '', 'time': 0}, {'label': '', 'time': 0}, {'label': '', 'time': 0}, {'label': '', 'time': 0}, {'label': '', 'time': 0}]
[2025-08-30|03:09:28][DEBUG] cooking_logger.py: send_mqtt_log() called with data: {'recipeList': [{'label': '', 'time': 0}, {'label': '치킨', 'time': 180}, {'label': '', 'time': 0}, {'label': '', 'time': 0}, {'label': '', 'time': 0}, {'label': '', 'time': 0}, {'label': '', 'time': 0}, {'label': '', 'time': 0}, {'label': '', 'time': 0}, {'label': '', 'time': 0}, {'label': '', 'time': 0}]}
[2025-08-30|03:09:28][DEBUG] cooking_logger.py: Publishing to topic 'v1/devices/me/telemetry' with payload: {'recipeList': [{'label': '', 'time': 0}, {'label': '치킨', 'time': 180}, {'label': '', 'time': 0}, {'label': '', 'time': 0}, {'label': '', 'time': 0}, {'label': '', 'time': 0}, {'label': '', 'time': 0}, {'label': '', 'time': 0}, {'label': '', 'time': 0}, {'label': '', 'time': 0}, {'label': '', 'time': 0}]}
[2025-08-30|03:09:28][INFO]  cooking_logger.py: Successfully sent log to MQTT.
[2025-08-30|03:09:28][INFO]  -------- ui/recipe1/reset/recipe_name 191 True
[2025-08-30|03:09:28][INFO]  ---sdfsdfsdff=----------
[2025-08-30|03:09:33][INFO]  2025-08-30 03:09:33: [Robot FSM] Program Start.
[2025-08-30|03:09:33][ERROR] Start main program
[2025-08-30|03:09:33][INFO]  2025-08-30 03:09:33: Wait for main program running
[2025-08-30|03:09:33][INFO]  2025-08-30 03:09:33: Program is NOT running PROG_IDLE.
[2025-08-30|03:09:33][INFO]  2025-08-30 03:09:33: Wait for main program running
[2025-08-30|03:09:33][INFO]  2025-08-30 03:09:33: Program is NOT running PROG_IDLE.
[2025-08-30|03:09:33][INFO]  2025-08-30 03:09:33: Wait for main program running
[2025-08-30|03:09:33][INFO]  2025-08-30 03:09:33: Program is NOT running PROG_IDLE.
[2025-08-30|03:09:33][INFO]  2025-08-30 03:09:33: Wait for main program running
[2025-08-30|03:09:33][INFO]  2025-08-30 03:09:33: Program is NOT running PROG_IDLE.
[2025-08-30|03:09:33][INFO]  2025-08-30 03:09:33: Wait for main program running
[2025-08-30|03:09:33][INFO]  2025-08-30 03:09:33: Program is NOT running PROG_IDLE.
[2025-08-30|03:09:33][INFO]  2025-08-30 03:09:33: Wait for main program running
[2025-08-30|03:09:33][INFO]  2025-08-30 03:09:33: Program is NOT running PROG_IDLE.
[2025-08-30|03:09:33][INFO]  2025-08-30 03:09:33: Wait for main program running
[2025-08-30|03:09:33][DEBUG] RobotFsmSequence: Trigger Event START_PROGRAM on NOT_READY_IDLE
[2025-08-30|03:09:33][INFO]  2025-08-30 03:09:33: [Robot FSM] Exit NotReadyIdleStrategy State.
[2025-08-30|03:09:33][DEBUG] RobotFsmSequence: Enter new state MOVE_TO_READY
[2025-08-30|03:09:33][INFO]  2025-08-30 03:09:33: [Robot FSM] Enter MoveToReadyStrategy State.
[2025-08-30|03:09:33][INFO]  2025-08-30 03:09:33: [Robot FSM] Start motion True move_to_ready  
[2025-08-30|03:09:33][INFO]  Command I600 : 100
[2025-08-30|03:09:35][INFO]  2025-08-30 03:09:35: [Robot FSM] Finish motion move_to_ready
[2025-08-30|03:09:35][DEBUG] RobotFsmSequence: Trigger Event DONE on MOVE_TO_READY
[2025-08-30|03:09:35][INFO]  2025-08-30 03:09:35: [Robot FSM] Exiting MoveToReadyStrategy State.
[2025-08-30|03:09:35][DEBUG] RobotFsmSequence: Enter new state READY_IDLE
[2025-08-30|03:09:35][INFO]  2025-08-30 03:09:35: [Robot FSM] Enter ReadyIdleStrategy State.
[2025-08-30|03:09:35][INFO]  Command I600 : 0
[2025-08-30|03:09:45][INFO]  [Basket 1] Waiting for recipe assignment lock.
[2025-08-30|03:09:45][INFO]  [Basket 1] Acquired recipe assignment lock.
[2025-08-30|03:09:45][INFO]  [Basket 1] Releasing recipe assignment lock.
[2025-08-30|03:09:45][INFO]  2025-08-30 03:09:45: [Basket 1 FSM] Assign new menu 1
[2025-08-30|03:09:45][DEBUG] DryRecipeFsmSequence: Trigger Event ASSIGN_MENU on NO_MENU
[2025-08-30|03:09:45][INFO]  2025-08-30 03:09:45: [Basket 1 FSM] Exit DryNoMenuStrategy State.
[2025-08-30|03:09:45][DEBUG] DryRecipeFsmSequence: Enter new state COOKING_READY
[2025-08-30|03:09:45][INFO]  2025-08-30 03:09:45: [Basket 1 FSM] Enter DryCookingReadyStrategy State.
[2025-08-30|03:09:45][INFO]  2025-08-30 03:09:45: [Basket 1 FSM] Start cooking.
[2025-08-30|03:09:45][DEBUG] DryRecipeFsmSequence: Trigger Event START_MENU on COOKING_READY
[2025-08-30|03:09:46][INFO]  2025-08-30 03:09:46: [Basket 1 FSM] Exit DryCookingReadyStrategy State.
[2025-08-30|03:09:46][DEBUG] DryRecipeFsmSequence: Enter new state MOVE_TO_FRYER
[2025-08-30|03:09:46][INFO]  2025-08-30 03:09:46: [Basket 1 FSM] Enter DryMoveToFryStrategy State.
[2025-08-30|03:09:46][INFO]  [Debug] Basket 1: putin_shake=True, type=<class 'bool'>
[2025-08-30|03:09:46][INFO]  [PriorityScheduler] Current priority list:
[2025-08-30|03:09:46][INFO]    - Basket 1 | Fryer: 1 | type: dry | State: MOVE_TO_FRYER | Shake_times : 0 | Elapsed: 0.0s | FinishRemain: 1000.0s | Priority: 3
[2025-08-30|03:09:46][INFO]  trigger_to_fryer_motion 1
[2025-08-30|03:09:46][INFO]  2025-08-30 03:09:46: [ProcessManager] Trigger move_to_fryer motion [FSM 1, Basket 1, Fryer 1]
[2025-08-30|03:09:46][DEBUG] RobotFsmSequence: Trigger Event RUN_BASKET_TO_FRYER on READY_IDLE
[2025-08-30|03:09:46][INFO]  2025-08-30 03:09:46: [Robot FSM] Exiting ReadyIdleStrategy State.
[2025-08-30|03:09:46][DEBUG] RobotFsmSequence: Enter new state MOVE_BASKET_TO_FRYER
[2025-08-30|03:09:46][INFO]  2025-08-30 03:09:46: [Robot FSM] Enter MoveBasketToFryerStrategy State.
[2025-08-30|03:09:46][INFO]  2025-08-30 03:09:46: [Robot FSM] Start motion move_to_fryer with [basket 1, fryer 1]
[2025-08-30|03:09:46][INFO]  basket_to_fryer 311
[2025-08-30|03:09:46][INFO]  Command I600 : 311
[2025-08-30|03:09:59][INFO]  2025-08-30 03:09:59: Program stopped by App.
[2025-08-30|03:09:59][INFO]  [DEBUG] stop_program: Sending stop command to Conty.
[2025-08-30|03:09:59][INFO]  [DEBUG] stop_program: Waiting for Conty program to stop. Current state: PROG_RUNNING
[2025-08-30|03:09:59][INFO]  Stop program!!
[2025-08-30|03:09:59][INFO]  [DEBUG] stop_program: Waiting for Conty program to stop. Current state: PROG_STOPPING
[2025-08-30|03:09:59][INFO]  [DEBUG] stop_program: Waiting for Conty program to stop. Current state: PROG_STOPPING
[2025-08-30|03:09:59][INFO]  [DEBUG] stop_program: Waiting for Conty program to stop. Current state: PROG_STOPPING
[2025-08-30|03:09:59][INFO]  [DEBUG] stop_program: Conty program confirmed to be in IDLE state.
[2025-08-30|03:09:59][DEBUG] RobotFsmSequence: Trigger Event STOP on MOVE_BASKET_TO_FRYER
[2025-08-30|03:09:59][INFO]  2025-08-30 03:09:59: Exit MoveBasketToFryerStrategy State.
[2025-08-30|03:09:59][DEBUG] RobotFsmSequence: Enter new state NOT_READY_IDLE
[2025-08-30|03:09:59][INFO]  2025-08-30 03:09:59: Program is NOT running PROG_IDLE.
[2025-08-30|03:09:59][INFO]  2025-08-30 03:09:59: [Robot FSM] Enter NotReadyIdleStrategy State.
[2025-08-30|03:09:59][INFO]  Command I600 : 0
[2025-08-30|03:10:00][INFO]  2025-08-30 03:10:00: [ProcessManager] Reset all recipes!
[2025-08-30|03:10:00][INFO]  [SYSTEM] [DEBUG] Received request for full FSM reset.
[2025-08-30|03:10:00][INFO]  2025-08-30 03:10:00: Program is NOT running PROG_IDLE.
[2025-08-30|03:10:00][INFO]  [SYSTEM] [DEBUG] Starting full FSM reset including Robot FSM.
[2025-08-30|03:10:00][INFO]  [SYSTEM] [DEBUG] Stopping current Robot FSM thread.
[2025-08-30|03:10:00][INFO]  RobotFsmSequence: Stopping FSM service thread.
[2025-08-30|03:10:01][INFO]  RobotFsmSequence: FSM service thread stopped.
[2025-08-30|03:10:01][INFO]  [SYSTEM] [DEBUG] Re-initializing Robot FSM.
[2025-08-30|03:10:01][DEBUG] RobotFsmSequence: Enter new state NOT_READY
[2025-08-30|03:10:01][INFO]  2025-08-30 03:10:01: Program is NOT running PROG_IDLE.
[2025-08-30|03:10:01][INFO]  2025-08-30 03:10:01: [Robot FSM] Enter NotReadyStrategy State.
[2025-08-30|03:10:01][INFO]  [SYSTEM] [DEBUG] Robot FSM restarted successfully.
[2025-08-30|03:10:01][INFO]  [SYSTEM] [DEBUG] Stopping and re-initializing Recipe FSMs.
[2025-08-30|03:10:01][INFO]  DryRecipeFsmSequence: Stopping FSM service thread.
[2025-08-30|03:10:01][INFO]  DryRecipeFsmSequence: FSM service thread stopped.
[2025-08-30|03:10:01][INFO]  DryRecipeFsmSequence: Stopping FSM service thread.
[2025-08-30|03:10:01][INFO]  DryRecipeFsmSequence: FSM service thread stopped.
[2025-08-30|03:10:01][INFO]  DryRecipeFsmSequence: Stopping FSM service thread.
[2025-08-30|03:10:01][INFO]  DryRecipeFsmSequence: FSM service thread stopped.
[2025-08-30|03:10:01][INFO]  DryRecipeFsmSequence: Stopping FSM service thread.
[2025-08-30|03:10:01][DEBUG] RobotFsmSequence: Trigger Event DONE on NOT_READY
[2025-08-30|03:10:01][INFO]  2025-08-30 03:10:01: [Robot FSM] Exit NotReadyStrategy State.
[2025-08-30|03:10:01][DEBUG] RobotFsmSequence: Enter new state NOT_READY_IDLE
[2025-08-30|03:10:01][INFO]  2025-08-30 03:10:01: Program is NOT running PROG_IDLE.
[2025-08-30|03:10:01][INFO]  2025-08-30 03:10:01: [Robot FSM] Enter NotReadyIdleStrategy State.
[2025-08-30|03:10:01][INFO]  DryRecipeFsmSequence: FSM service thread stopped.
[2025-08-30|03:10:01][INFO]  DryRecipeFsmSequence: Stopping FSM service thread.
[2025-08-30|03:10:01][INFO]  DryRecipeFsmSequence: FSM service thread stopped.
[2025-08-30|03:10:01][INFO]  DryRecipeFsmSequence: Stopping FSM service thread.
[2025-08-30|03:10:01][INFO]  DryRecipeFsmSequence: FSM service thread stopped.
[2025-08-30|03:10:01][INFO]  DryRecipeFsmSequence: Stopping FSM service thread.
[2025-08-30|03:10:01][INFO]  DryRecipeFsmSequence: FSM service thread stopped.
[2025-08-30|03:10:01][INFO]  DryRecipeFsmSequence: Stopping FSM service thread.
[2025-08-30|03:10:01][INFO]  DryRecipeFsmSequence: FSM service thread stopped.
[2025-08-30|03:10:01][INFO]  dryfsm 1
[2025-08-30|03:10:01][DEBUG] DryRecipeFsmSequence: Enter new state NO_MENU
[2025-08-30|03:10:01][INFO]  2025-08-30 03:10:01: [Basket 1 FSM] Enter DryNoMenuStrategy State.
[2025-08-30|03:10:01][INFO]  dryfsm 2
[2025-08-30|03:10:01][DEBUG] DryRecipeFsmSequence: Enter new state NO_MENU
[2025-08-30|03:10:01][INFO]  2025-08-30 03:10:01: [Basket 2 FSM] Enter DryNoMenuStrategy State.
[2025-08-30|03:10:01][INFO]  dryfsm 3
[2025-08-30|03:10:01][DEBUG] DryRecipeFsmSequence: Enter new state NO_MENU
[2025-08-30|03:10:01][INFO]  2025-08-30 03:10:01: [Basket 3 FSM] Enter DryNoMenuStrategy State.
[2025-08-30|03:10:01][INFO]  dryfsm 4
[2025-08-30|03:10:01][DEBUG] DryRecipeFsmSequence: Enter new state NO_MENU
[2025-08-30|03:10:01][INFO]  2025-08-30 03:10:01: [Basket 4 FSM] Enter DryNoMenuStrategy State.
[2025-08-30|03:10:01][INFO]  dryfsm 5
[2025-08-30|03:10:01][DEBUG] DryRecipeFsmSequence: Enter new state NO_MENU
[2025-08-30|03:10:01][INFO]  2025-08-30 03:10:01: [Basket 5 FSM] Enter DryNoMenuStrategy State.
[2025-08-30|03:10:01][INFO]  dryfsm 6
[2025-08-30|03:10:01][DEBUG] DryRecipeFsmSequence: Enter new state NO_MENU
[2025-08-30|03:10:01][INFO]  2025-08-30 03:10:01: [Basket 6 FSM] Enter DryNoMenuStrategy State.
[2025-08-30|03:10:01][INFO]  dryfsm 7
[2025-08-30|03:10:01][DEBUG] DryRecipeFsmSequence: Enter new state NO_MENU
[2025-08-30|03:10:01][INFO]  2025-08-30 03:10:01: [Basket 7 FSM] Enter DryNoMenuStrategy State.
[2025-08-30|03:10:01][INFO]  dryfsm 8
[2025-08-30|03:10:01][DEBUG] DryRecipeFsmSequence: Enter new state NO_MENU
[2025-08-30|03:10:01][INFO]  2025-08-30 03:10:01: [Basket 8 FSM] Enter DryNoMenuStrategy State.
[2025-08-30|03:10:01][INFO]  WetRecipeFsmSequence: Stopping FSM service thread.
[2025-08-30|03:10:01][INFO]  WetRecipeFsmSequence: FSM service thread stopped.
[2025-08-30|03:10:01][INFO]  WetRecipeFsmSequence: Stopping FSM service thread.
[2025-08-30|03:10:01][INFO]  WetRecipeFsmSequence: FSM service thread stopped.
[2025-08-30|03:10:01][INFO]  WetRecipeFsmSequence: Stopping FSM service thread.
[2025-08-30|03:10:01][INFO]  WetRecipeFsmSequence: FSM service thread stopped.
[2025-08-30|03:10:01][INFO]  WetRecipeFsmSequence: Stopping FSM service thread.
[2025-08-30|03:10:01][INFO]  WetRecipeFsmSequence: FSM service thread stopped.
[2025-08-30|03:10:01][INFO]  1 fryer Index : 1
[2025-08-30|03:10:01][DEBUG] WetRecipeFsmSequence: Enter new state WAIT_PUTIN
[2025-08-30|03:10:01][INFO]  [SPECIAL] Basket 1: Reset putin_shake=0, shake_done=0
[2025-08-30|03:10:01][INFO]  2025-08-30 03:10:01: [Basket 1 FSM] Enter WaitPutinStrategy State.
[2025-08-30|03:10:01][INFO]  3 fryer Index : 1
[2025-08-30|03:10:01][DEBUG] WetRecipeFsmSequence: Enter new state WAIT_PUTIN
[2025-08-30|03:10:01][INFO]  [SPECIAL] Basket 3: Reset putin_shake=0, shake_done=0
[2025-08-30|03:10:01][INFO]  2025-08-30 03:10:01: [Basket 3 FSM] Enter WaitPutinStrategy State.
[2025-08-30|03:10:01][INFO]  6 fryer Index : 4
[2025-08-30|03:10:02][DEBUG] WetRecipeFsmSequence: Enter new state WAIT_PUTIN
[2025-08-30|03:10:02][INFO]  [SPECIAL] Basket 6: Reset putin_shake=0, shake_done=0
[2025-08-30|03:10:02][INFO]  2025-08-30 03:10:02: [Basket 6 FSM] Enter WaitPutinStrategy State.
[2025-08-30|03:10:02][INFO]  8 fryer Index : 4
[2025-08-30|03:10:02][DEBUG] WetRecipeFsmSequence: Enter new state WAIT_PUTIN
[2025-08-30|03:10:02][INFO]  [SPECIAL] Basket 8: Reset putin_shake=0, shake_done=0
[2025-08-30|03:10:02][INFO]  2025-08-30 03:10:02: [Basket 8 FSM] Enter WaitPutinStrategy State.
[2025-08-30|03:10:02][INFO]  [SYSTEM] [DEBUG] All Recipe FSMs restarted successfully.
[2025-08-30|03:10:02][INFO]  [SYSTEM] [DEBUG] Full FSM reset complete.
[2025-08-30|03:10:02][INFO]  2025-08-30 03:10:02: [Robot FSM] Program Start.
[2025-08-30|03:10:02][INFO]  2025-08-30 03:10:02: [Robot FSM] Program Start.
[2025-08-30|03:10:02][INFO]  2025-08-30 03:10:02: [Robot FSM] Program Start.
[2025-08-30|03:10:02][INFO]  2025-08-30 03:10:02: [Robot FSM] Program Start.
[2025-08-30|03:10:02][INFO]  2025-08-30 03:10:02: [Robot FSM] Program Start.
[2025-08-30|03:10:02][INFO]  2025-08-30 03:10:02: [Robot FSM] Program Start.
[2025-08-30|03:10:02][INFO]  2025-08-30 03:10:02: [Robot FSM] Program Start.
[2025-08-30|03:10:42][INFO]  2025-08-30 03:10:42: [ProcessManager] Reset all recipes!
[2025-08-30|03:10:42][INFO]  [SYSTEM] [DEBUG] Received request for full FSM reset.
[2025-08-30|03:10:42][INFO]  2025-08-30 03:10:42: Program is NOT running PROG_IDLE.
[2025-08-30|03:10:42][INFO]  [SYSTEM] [DEBUG] Starting full FSM reset including Robot FSM.
[2025-08-30|03:10:42][INFO]  [SYSTEM] [DEBUG] Stopping current Robot FSM thread.
[2025-08-30|03:10:42][INFO]  RobotFsmSequence: Stopping FSM service thread.
[2025-08-30|03:10:42][INFO]  RobotFsmSequence: FSM service thread stopped.
[2025-08-30|03:10:42][INFO]  [SYSTEM] [DEBUG] Re-initializing Robot FSM.
[2025-08-30|03:10:42][DEBUG] RobotFsmSequence: Enter new state NOT_READY
[2025-08-30|03:10:42][INFO]  2025-08-30 03:10:42: Program is NOT running PROG_IDLE.
[2025-08-30|03:10:42][INFO]  2025-08-30 03:10:42: [Robot FSM] Enter NotReadyStrategy State.
[2025-08-30|03:10:42][INFO]  [SYSTEM] [DEBUG] Robot FSM restarted successfully.
[2025-08-30|03:10:42][INFO]  [SYSTEM] [DEBUG] Stopping and re-initializing Recipe FSMs.
[2025-08-30|03:10:42][INFO]  DryRecipeFsmSequence: Stopping FSM service thread.
[2025-08-30|03:10:42][DEBUG] RobotFsmSequence: Trigger Event DONE on NOT_READY
[2025-08-30|03:10:42][INFO]  DryRecipeFsmSequence: FSM service thread stopped.
[2025-08-30|03:10:42][INFO]  DryRecipeFsmSequence: Stopping FSM service thread.
[2025-08-30|03:10:42][INFO]  2025-08-30 03:10:42: [Robot FSM] Exit NotReadyStrategy State.
[2025-08-30|03:10:42][DEBUG] RobotFsmSequence: Enter new state NOT_READY_IDLE
[2025-08-30|03:10:42][INFO]  2025-08-30 03:10:42: Program is NOT running PROG_IDLE.
[2025-08-30|03:10:42][INFO]  2025-08-30 03:10:42: [Robot FSM] Enter NotReadyIdleStrategy State.
[2025-08-30|03:10:42][INFO]  DryRecipeFsmSequence: FSM service thread stopped.
[2025-08-30|03:10:42][INFO]  DryRecipeFsmSequence: Stopping FSM service thread.
[2025-08-30|03:10:42][INFO]  DryRecipeFsmSequence: FSM service thread stopped.
[2025-08-30|03:10:42][INFO]  DryRecipeFsmSequence: Stopping FSM service thread.
[2025-08-30|03:10:42][INFO]  DryRecipeFsmSequence: FSM service thread stopped.
[2025-08-30|03:10:42][INFO]  DryRecipeFsmSequence: Stopping FSM service thread.
[2025-08-30|03:10:42][INFO]  DryRecipeFsmSequence: FSM service thread stopped.
[2025-08-30|03:10:42][INFO]  DryRecipeFsmSequence: Stopping FSM service thread.
[2025-08-30|03:10:42][INFO]  DryRecipeFsmSequence: FSM service thread stopped.
[2025-08-30|03:10:42][INFO]  DryRecipeFsmSequence: Stopping FSM service thread.
[2025-08-30|03:10:42][INFO]  DryRecipeFsmSequence: FSM service thread stopped.
[2025-08-30|03:10:42][INFO]  DryRecipeFsmSequence: Stopping FSM service thread.
[2025-08-30|03:10:42][INFO]  DryRecipeFsmSequence: FSM service thread stopped.
[2025-08-30|03:10:42][INFO]  dryfsm 1
[2025-08-30|03:10:42][DEBUG] DryRecipeFsmSequence: Enter new state NO_MENU
[2025-08-30|03:10:42][INFO]  2025-08-30 03:10:42: [Basket 1 FSM] Enter DryNoMenuStrategy State.
[2025-08-30|03:10:42][INFO]  dryfsm 2
[2025-08-30|03:10:42][DEBUG] DryRecipeFsmSequence: Enter new state NO_MENU
[2025-08-30|03:10:42][INFO]  2025-08-30 03:10:42: [Basket 2 FSM] Enter DryNoMenuStrategy State.
[2025-08-30|03:10:42][INFO]  dryfsm 3
[2025-08-30|03:10:42][DEBUG] DryRecipeFsmSequence: Enter new state NO_MENU
[2025-08-30|03:10:42][INFO]  2025-08-30 03:10:42: [Basket 3 FSM] Enter DryNoMenuStrategy State.
[2025-08-30|03:10:42][INFO]  dryfsm 4
[2025-08-30|03:10:42][DEBUG] DryRecipeFsmSequence: Enter new state NO_MENU
[2025-08-30|03:10:42][INFO]  2025-08-30 03:10:42: [Basket 4 FSM] Enter DryNoMenuStrategy State.
[2025-08-30|03:10:42][INFO]  dryfsm 5
[2025-08-30|03:10:42][DEBUG] DryRecipeFsmSequence: Enter new state NO_MENU
[2025-08-30|03:10:42][INFO]  2025-08-30 03:10:42: [Basket 5 FSM] Enter DryNoMenuStrategy State.
[2025-08-30|03:10:42][INFO]  dryfsm 6
[2025-08-30|03:10:42][DEBUG] DryRecipeFsmSequence: Enter new state NO_MENU
[2025-08-30|03:10:42][INFO]  2025-08-30 03:10:42: [Basket 6 FSM] Enter DryNoMenuStrategy State.
[2025-08-30|03:10:42][INFO]  dryfsm 7
[2025-08-30|03:10:42][DEBUG] DryRecipeFsmSequence: Enter new state NO_MENU
[2025-08-30|03:10:43][INFO]  2025-08-30 03:10:43: [Basket 7 FSM] Enter DryNoMenuStrategy State.
[2025-08-30|03:10:43][INFO]  dryfsm 8
[2025-08-30|03:10:43][DEBUG] DryRecipeFsmSequence: Enter new state NO_MENU
[2025-08-30|03:10:43][INFO]  2025-08-30 03:10:43: [Basket 8 FSM] Enter DryNoMenuStrategy State.
[2025-08-30|03:10:43][INFO]  WetRecipeFsmSequence: Stopping FSM service thread.
[2025-08-30|03:10:43][INFO]  WetRecipeFsmSequence: FSM service thread stopped.
[2025-08-30|03:10:43][INFO]  WetRecipeFsmSequence: Stopping FSM service thread.
[2025-08-30|03:10:43][INFO]  WetRecipeFsmSequence: FSM service thread stopped.
[2025-08-30|03:10:43][INFO]  WetRecipeFsmSequence: Stopping FSM service thread.
[2025-08-30|03:10:43][INFO]  WetRecipeFsmSequence: FSM service thread stopped.
[2025-08-30|03:10:43][INFO]  WetRecipeFsmSequence: Stopping FSM service thread.
[2025-08-30|03:10:43][INFO]  WetRecipeFsmSequence: FSM service thread stopped.
[2025-08-30|03:10:43][INFO]  1 fryer Index : 1
[2025-08-30|03:10:43][DEBUG] WetRecipeFsmSequence: Enter new state WAIT_PUTIN
[2025-08-30|03:10:43][INFO]  [SPECIAL] Basket 1: Reset putin_shake=0, shake_done=0
[2025-08-30|03:10:43][INFO]  2025-08-30 03:10:43: [Basket 1 FSM] Enter WaitPutinStrategy State.
[2025-08-30|03:10:43][INFO]  3 fryer Index : 1
[2025-08-30|03:10:43][DEBUG] WetRecipeFsmSequence: Enter new state WAIT_PUTIN
[2025-08-30|03:10:43][INFO]  [SPECIAL] Basket 3: Reset putin_shake=0, shake_done=0
[2025-08-30|03:10:43][INFO]  2025-08-30 03:10:43: [Basket 3 FSM] Enter WaitPutinStrategy State.
[2025-08-30|03:10:43][INFO]  6 fryer Index : 4
[2025-08-30|03:10:43][DEBUG] WetRecipeFsmSequence: Enter new state WAIT_PUTIN
[2025-08-30|03:10:43][INFO]  [SPECIAL] Basket 6: Reset putin_shake=0, shake_done=0
[2025-08-30|03:10:43][INFO]  2025-08-30 03:10:43: [Basket 6 FSM] Enter WaitPutinStrategy State.
[2025-08-30|03:10:43][INFO]  8 fryer Index : 4
[2025-08-30|03:10:43][DEBUG] WetRecipeFsmSequence: Enter new state WAIT_PUTIN
[2025-08-30|03:10:43][INFO]  [SPECIAL] Basket 8: Reset putin_shake=0, shake_done=0
[2025-08-30|03:10:43][INFO]  2025-08-30 03:10:43: [Basket 8 FSM] Enter WaitPutinStrategy State.
[2025-08-30|03:10:43][INFO]  [SYSTEM] [DEBUG] All Recipe FSMs restarted successfully.
[2025-08-30|03:10:43][INFO]  [SYSTEM] [DEBUG] Full FSM reset complete.
[2025-08-30|03:10:46][INFO]  2025-08-30 03:10:46: [Robot FSM] Program Start.
[2025-08-30|03:10:46][ERROR] Start main program
[2025-08-30|03:10:47][INFO]  2025-08-30 03:10:47: Wait for main program running
[2025-08-30|03:10:47][INFO]  2025-08-30 03:10:47: Program is NOT running PROG_IDLE.
[2025-08-30|03:10:47][INFO]  2025-08-30 03:10:47: Wait for main program running
[2025-08-30|03:10:47][INFO]  2025-08-30 03:10:47: Program is NOT running PROG_IDLE.
[2025-08-30|03:10:47][INFO]  2025-08-30 03:10:47: Wait for main program running
[2025-08-30|03:10:47][INFO]  2025-08-30 03:10:47: Program is NOT running PROG_IDLE.
[2025-08-30|03:10:47][INFO]  2025-08-30 03:10:47: Wait for main program running
[2025-08-30|03:10:47][INFO]  2025-08-30 03:10:47: Program is NOT running PROG_IDLE.
[2025-08-30|03:10:47][INFO]  2025-08-30 03:10:47: Wait for main program running
[2025-08-30|03:10:47][INFO]  2025-08-30 03:10:47: Program is NOT running PROG_IDLE.
[2025-08-30|03:10:47][INFO]  2025-08-30 03:10:47: Wait for main program running
[2025-08-30|03:10:47][INFO]  2025-08-30 03:10:47: Program is NOT running PROG_IDLE.
[2025-08-30|03:10:47][INFO]  2025-08-30 03:10:47: Wait for main program running
[2025-08-30|03:10:47][INFO]  2025-08-30 03:10:47: Program is NOT running PROG_IDLE.
[2025-08-30|03:10:47][INFO]  2025-08-30 03:10:47: Wait for main program running
[2025-08-30|03:10:47][INFO]  2025-08-30 03:10:47: Program is NOT running PROG_IDLE.
[2025-08-30|03:10:47][INFO]  2025-08-30 03:10:47: Wait for main program running
[2025-08-30|03:10:47][DEBUG] RobotFsmSequence: Trigger Event START_PROGRAM on NOT_READY_IDLE
[2025-08-30|03:10:47][INFO]  2025-08-30 03:10:47: [Robot FSM] Exit NotReadyIdleStrategy State.
[2025-08-30|03:10:47][DEBUG] RobotFsmSequence: Enter new state MOVE_TO_READY
[2025-08-30|03:10:47][INFO]  2025-08-30 03:10:47: [Robot FSM] Enter MoveToReadyStrategy State.
[2025-08-30|03:10:47][INFO]  2025-08-30 03:10:47: [Robot FSM] Start motion True move_to_ready  
[2025-08-30|03:10:47][INFO]  Command I600 : 100
[2025-08-30|03:10:49][INFO]  2025-08-30 03:10:49: [Robot FSM] Finish motion move_to_ready
[2025-08-30|03:10:49][DEBUG] RobotFsmSequence: Trigger Event DONE on MOVE_TO_READY
[2025-08-30|03:10:49][INFO]  2025-08-30 03:10:49: [Robot FSM] Exiting MoveToReadyStrategy State.
[2025-08-30|03:10:49][DEBUG] RobotFsmSequence: Enter new state READY_IDLE
[2025-08-30|03:10:49][INFO]  2025-08-30 03:10:49: [Robot FSM] Enter ReadyIdleStrategy State.
[2025-08-30|03:10:49][INFO]  Command I600 : 0
[2025-08-30|03:10:50][INFO]  [Basket 1] Waiting for recipe assignment lock.
[2025-08-30|03:10:50][INFO]  [Basket 1] Acquired recipe assignment lock.
[2025-08-30|03:10:50][INFO]  [Basket 1] Releasing recipe assignment lock.
[2025-08-30|03:10:50][INFO]  2025-08-30 03:10:50: [Basket 1 FSM] Assign new menu 1
[2025-08-30|03:10:50][DEBUG] DryRecipeFsmSequence: Trigger Event ASSIGN_MENU on NO_MENU
[2025-08-30|03:10:50][INFO]  2025-08-30 03:10:50: [Basket 1 FSM] Exit DryNoMenuStrategy State.
[2025-08-30|03:10:50][DEBUG] DryRecipeFsmSequence: Enter new state COOKING_READY
[2025-08-30|03:10:50][INFO]  2025-08-30 03:10:50: [Basket 1 FSM] Enter DryCookingReadyStrategy State.
[2025-08-30|03:10:50][INFO]  2025-08-30 03:10:50: [Basket 1 FSM] Start cooking.
[2025-08-30|03:10:50][DEBUG] DryRecipeFsmSequence: Trigger Event START_MENU on COOKING_READY
[2025-08-30|03:10:50][INFO]  2025-08-30 03:10:50: [Basket 1 FSM] Exit DryCookingReadyStrategy State.
[2025-08-30|03:10:50][DEBUG] DryRecipeFsmSequence: Enter new state MOVE_TO_FRYER
[2025-08-30|03:10:50][INFO]  2025-08-30 03:10:50: [Basket 1 FSM] Enter DryMoveToFryStrategy State.
[2025-08-30|03:10:50][INFO]  [Debug] Basket 1: putin_shake=True, type=<class 'bool'>
[2025-08-30|03:10:50][INFO]  [PriorityScheduler] Current priority list:
[2025-08-30|03:10:50][INFO]    - Basket 1 | Fryer: 1 | type: dry | State: MOVE_TO_FRYER | Shake_times : 0 | Elapsed: 0.0s | FinishRemain: 1000.0s | Priority: 3
[2025-08-30|03:10:50][INFO]  trigger_to_fryer_motion 1
[2025-08-30|03:10:50][INFO]  2025-08-30 03:10:50: [ProcessManager] Trigger move_to_fryer motion [FSM 1, Basket 1, Fryer 1]
[2025-08-30|03:10:50][DEBUG] RobotFsmSequence: Trigger Event RUN_BASKET_TO_FRYER on READY_IDLE
[2025-08-30|03:10:50][INFO]  2025-08-30 03:10:50: [Robot FSM] Exiting ReadyIdleStrategy State.
[2025-08-30|03:10:50][DEBUG] RobotFsmSequence: Enter new state MOVE_BASKET_TO_FRYER
[2025-08-30|03:10:50][INFO]  2025-08-30 03:10:50: [Robot FSM] Enter MoveBasketToFryerStrategy State.
[2025-08-30|03:10:50][INFO]  2025-08-30 03:10:50: [Robot FSM] Start motion move_to_fryer with [basket 1, fryer 1]
[2025-08-30|03:10:50][INFO]  basket_to_fryer 311
[2025-08-30|03:10:51][INFO]  Command I600 : 311
[2025-08-30|03:11:01][INFO]  2025-08-30 03:11:01: Program stopped by App.
[2025-08-30|03:11:01][INFO]  [DEBUG] stop_program: Sending stop command to Conty.
[2025-08-30|03:11:01][INFO]  [DEBUG] stop_program: Waiting for Conty program to stop. Current state: PROG_RUNNING
[2025-08-30|03:11:01][INFO]  Stop program!!
[2025-08-30|03:11:01][INFO]  [DEBUG] stop_program: Waiting for Conty program to stop. Current state: PROG_RUNNING
[2025-08-30|03:11:01][INFO]  [DEBUG] stop_program: Waiting for Conty program to stop. Current state: PROG_STOPPING
[2025-08-30|03:11:01][INFO]  [DEBUG] stop_program: Conty program confirmed to be in IDLE state.
[2025-08-30|03:11:01][DEBUG] RobotFsmSequence: Trigger Event STOP on MOVE_BASKET_TO_FRYER
[2025-08-30|03:11:01][INFO]  2025-08-30 03:11:01: Exit MoveBasketToFryerStrategy State.
[2025-08-30|03:11:01][DEBUG] RobotFsmSequence: Enter new state NOT_READY_IDLE
[2025-08-30|03:11:01][INFO]  2025-08-30 03:11:01: Program is NOT running PROG_IDLE.
[2025-08-30|03:11:01][INFO]  2025-08-30 03:11:01: [Robot FSM] Enter NotReadyIdleStrategy State.
[2025-08-30|03:11:01][INFO]  Command I600 : 0
[2025-08-30|03:11:06][INFO]  2025-08-30 03:11:06: [ProcessManager] Reset all recipes!
[2025-08-30|03:11:06][INFO]  [SYSTEM] [DEBUG] Received request for full FSM reset.
[2025-08-30|03:11:06][INFO]  2025-08-30 03:11:06: Program is NOT running PROG_IDLE.
[2025-08-30|03:11:06][INFO]  [SYSTEM] [DEBUG] Starting full FSM reset including Robot FSM.
[2025-08-30|03:11:06][INFO]  [SYSTEM] [DEBUG] Stopping current Robot FSM thread.
[2025-08-30|03:11:06][INFO]  RobotFsmSequence: Stopping FSM service thread.
[2025-08-30|03:11:06][INFO]  RobotFsmSequence: FSM service thread stopped.
[2025-08-30|03:11:06][INFO]  [SYSTEM] [DEBUG] Re-initializing Robot FSM.
[2025-08-30|03:11:06][DEBUG] RobotFsmSequence: Enter new state NOT_READY
[2025-08-30|03:11:06][INFO]  2025-08-30 03:11:06: Program is NOT running PROG_IDLE.
[2025-08-30|03:11:06][INFO]  2025-08-30 03:11:06: [Robot FSM] Enter NotReadyStrategy State.
[2025-08-30|03:11:06][INFO]  [SYSTEM] [DEBUG] Robot FSM restarted successfully.
[2025-08-30|03:11:06][INFO]  [SYSTEM] [DEBUG] Stopping and re-initializing Recipe FSMs.
[2025-08-30|03:11:06][INFO]  DryRecipeFsmSequence: Stopping FSM service thread.
[2025-08-30|03:11:06][INFO]  DryRecipeFsmSequence: FSM service thread stopped.
[2025-08-30|03:11:06][INFO]  DryRecipeFsmSequence: Stopping FSM service thread.
[2025-08-30|03:11:06][DEBUG] RobotFsmSequence: Trigger Event DONE on NOT_READY
[2025-08-30|03:11:06][INFO]  DryRecipeFsmSequence: FSM service thread stopped.
[2025-08-30|03:11:06][INFO]  DryRecipeFsmSequence: Stopping FSM service thread.
[2025-08-30|03:11:06][INFO]  2025-08-30 03:11:06: [Robot FSM] Exit NotReadyStrategy State.
[2025-08-30|03:11:06][DEBUG] RobotFsmSequence: Enter new state NOT_READY_IDLE
[2025-08-30|03:11:06][INFO]  2025-08-30 03:11:06: Program is NOT running PROG_IDLE.
[2025-08-30|03:11:06][INFO]  2025-08-30 03:11:06: [Robot FSM] Enter NotReadyIdleStrategy State.
[2025-08-30|03:11:06][INFO]  DryRecipeFsmSequence: FSM service thread stopped.
[2025-08-30|03:11:06][INFO]  DryRecipeFsmSequence: Stopping FSM service thread.
[2025-08-30|03:11:06][INFO]  DryRecipeFsmSequence: FSM service thread stopped.
[2025-08-30|03:11:06][INFO]  DryRecipeFsmSequence: Stopping FSM service thread.
[2025-08-30|03:11:06][INFO]  DryRecipeFsmSequence: FSM service thread stopped.
[2025-08-30|03:11:06][INFO]  DryRecipeFsmSequence: Stopping FSM service thread.
[2025-08-30|03:11:06][INFO]  DryRecipeFsmSequence: FSM service thread stopped.
[2025-08-30|03:11:06][INFO]  DryRecipeFsmSequence: Stopping FSM service thread.
[2025-08-30|03:11:06][INFO]  DryRecipeFsmSequence: FSM service thread stopped.
[2025-08-30|03:11:06][INFO]  DryRecipeFsmSequence: Stopping FSM service thread.
[2025-08-30|03:11:06][INFO]  DryRecipeFsmSequence: FSM service thread stopped.
[2025-08-30|03:11:06][INFO]  dryfsm 1
[2025-08-30|03:11:06][DEBUG] DryRecipeFsmSequence: Enter new state NO_MENU
[2025-08-30|03:11:06][INFO]  2025-08-30 03:11:06: [Basket 1 FSM] Enter DryNoMenuStrategy State.
[2025-08-30|03:11:06][INFO]  dryfsm 2
[2025-08-30|03:11:06][DEBUG] DryRecipeFsmSequence: Enter new state NO_MENU
[2025-08-30|03:11:06][INFO]  2025-08-30 03:11:06: [Basket 2 FSM] Enter DryNoMenuStrategy State.
[2025-08-30|03:11:06][INFO]  dryfsm 3
[2025-08-30|03:11:06][DEBUG] DryRecipeFsmSequence: Enter new state NO_MENU
[2025-08-30|03:11:06][INFO]  2025-08-30 03:11:06: [Basket 3 FSM] Enter DryNoMenuStrategy State.
[2025-08-30|03:11:06][INFO]  dryfsm 4
[2025-08-30|03:11:06][DEBUG] DryRecipeFsmSequence: Enter new state NO_MENU
[2025-08-30|03:11:06][INFO]  2025-08-30 03:11:06: [Basket 4 FSM] Enter DryNoMenuStrategy State.
[2025-08-30|03:11:06][INFO]  dryfsm 5
[2025-08-30|03:11:06][DEBUG] DryRecipeFsmSequence: Enter new state NO_MENU
[2025-08-30|03:11:06][INFO]  2025-08-30 03:11:06: [Basket 5 FSM] Enter DryNoMenuStrategy State.
[2025-08-30|03:11:06][INFO]  dryfsm 6
[2025-08-30|03:11:06][DEBUG] DryRecipeFsmSequence: Enter new state NO_MENU
[2025-08-30|03:11:06][INFO]  2025-08-30 03:11:06: [Basket 6 FSM] Enter DryNoMenuStrategy State.
[2025-08-30|03:11:06][INFO]  dryfsm 7
[2025-08-30|03:11:07][DEBUG] DryRecipeFsmSequence: Enter new state NO_MENU
[2025-08-30|03:11:07][INFO]  2025-08-30 03:11:07: [Basket 7 FSM] Enter DryNoMenuStrategy State.
[2025-08-30|03:11:07][INFO]  dryfsm 8
[2025-08-30|03:11:07][DEBUG] DryRecipeFsmSequence: Enter new state NO_MENU
[2025-08-30|03:11:07][INFO]  2025-08-30 03:11:07: [Basket 8 FSM] Enter DryNoMenuStrategy State.
[2025-08-30|03:11:07][INFO]  WetRecipeFsmSequence: Stopping FSM service thread.
[2025-08-30|03:11:07][INFO]  WetRecipeFsmSequence: FSM service thread stopped.
[2025-08-30|03:11:07][INFO]  WetRecipeFsmSequence: Stopping FSM service thread.
[2025-08-30|03:11:07][INFO]  WetRecipeFsmSequence: FSM service thread stopped.
[2025-08-30|03:11:07][INFO]  WetRecipeFsmSequence: Stopping FSM service thread.
[2025-08-30|03:11:07][INFO]  WetRecipeFsmSequence: FSM service thread stopped.
[2025-08-30|03:11:07][INFO]  WetRecipeFsmSequence: Stopping FSM service thread.
[2025-08-30|03:11:07][INFO]  WetRecipeFsmSequence: FSM service thread stopped.
[2025-08-30|03:11:07][INFO]  1 fryer Index : 1
[2025-08-30|03:11:07][DEBUG] WetRecipeFsmSequence: Enter new state WAIT_PUTIN
[2025-08-30|03:11:07][INFO]  [SPECIAL] Basket 1: Reset putin_shake=0, shake_done=0
[2025-08-30|03:11:07][INFO]  2025-08-30 03:11:07: [Basket 1 FSM] Enter WaitPutinStrategy State.
[2025-08-30|03:11:07][INFO]  3 fryer Index : 1
[2025-08-30|03:11:07][DEBUG] WetRecipeFsmSequence: Enter new state WAIT_PUTIN
[2025-08-30|03:11:07][INFO]  [SPECIAL] Basket 3: Reset putin_shake=0, shake_done=0
[2025-08-30|03:11:07][INFO]  2025-08-30 03:11:07: [Basket 3 FSM] Enter WaitPutinStrategy State.
[2025-08-30|03:11:07][INFO]  6 fryer Index : 4
[2025-08-30|03:11:07][DEBUG] WetRecipeFsmSequence: Enter new state WAIT_PUTIN
[2025-08-30|03:11:07][INFO]  [SPECIAL] Basket 6: Reset putin_shake=0, shake_done=0
[2025-08-30|03:11:07][INFO]  2025-08-30 03:11:07: [Basket 6 FSM] Enter WaitPutinStrategy State.
[2025-08-30|03:11:07][INFO]  8 fryer Index : 4
[2025-08-30|03:11:07][DEBUG] WetRecipeFsmSequence: Enter new state WAIT_PUTIN
[2025-08-30|03:11:07][INFO]  [SPECIAL] Basket 8: Reset putin_shake=0, shake_done=0
[2025-08-30|03:11:07][INFO]  2025-08-30 03:11:07: [Basket 8 FSM] Enter WaitPutinStrategy State.
[2025-08-30|03:11:07][INFO]  [SYSTEM] [DEBUG] All Recipe FSMs restarted successfully.
[2025-08-30|03:11:07][INFO]  [SYSTEM] [DEBUG] Full FSM reset complete.
[2025-08-30|03:11:10][INFO]  2025-08-30 03:11:10: [ProcessManager] Reset all recipes!
[2025-08-30|03:11:10][INFO]  [SYSTEM] [DEBUG] Received request for full FSM reset.
[2025-08-30|03:11:10][INFO]  2025-08-30 03:11:10: Program is NOT running PROG_IDLE.
[2025-08-30|03:11:10][INFO]  [SYSTEM] [DEBUG] Starting full FSM reset including Robot FSM.
[2025-08-30|03:11:10][INFO]  [SYSTEM] [DEBUG] Stopping current Robot FSM thread.
[2025-08-30|03:11:10][INFO]  RobotFsmSequence: Stopping FSM service thread.
[2025-08-30|03:11:10][INFO]  RobotFsmSequence: FSM service thread stopped.
[2025-08-30|03:11:10][INFO]  [SYSTEM] [DEBUG] Re-initializing Robot FSM.
[2025-08-30|03:11:10][DEBUG] RobotFsmSequence: Enter new state NOT_READY
[2025-08-30|03:11:10][INFO]  2025-08-30 03:11:10: Program is NOT running PROG_IDLE.
[2025-08-30|03:11:10][INFO]  2025-08-30 03:11:10: [Robot FSM] Enter NotReadyStrategy State.
[2025-08-30|03:11:10][INFO]  [SYSTEM] [DEBUG] Robot FSM restarted successfully.
[2025-08-30|03:11:10][INFO]  [SYSTEM] [DEBUG] Stopping and re-initializing Recipe FSMs.
[2025-08-30|03:11:10][INFO]  DryRecipeFsmSequence: Stopping FSM service thread.
[2025-08-30|03:11:10][DEBUG] RobotFsmSequence: Trigger Event DONE on NOT_READY
[2025-08-30|03:11:10][INFO]  DryRecipeFsmSequence: FSM service thread stopped.
[2025-08-30|03:11:10][INFO]  DryRecipeFsmSequence: Stopping FSM service thread.
[2025-08-30|03:11:10][INFO]  DryRecipeFsmSequence: FSM service thread stopped.
[2025-08-30|03:11:10][INFO]  DryRecipeFsmSequence: Stopping FSM service thread.
[2025-08-30|03:11:10][INFO]  2025-08-30 03:11:10: [Robot FSM] Exit NotReadyStrategy State.
[2025-08-30|03:11:10][DEBUG] RobotFsmSequence: Enter new state NOT_READY_IDLE
[2025-08-30|03:11:10][INFO]  2025-08-30 03:11:10: Program is NOT running PROG_IDLE.
[2025-08-30|03:11:10][INFO]  2025-08-30 03:11:10: [Robot FSM] Enter NotReadyIdleStrategy State.
[2025-08-30|03:11:10][INFO]  DryRecipeFsmSequence: FSM service thread stopped.
[2025-08-30|03:11:10][INFO]  DryRecipeFsmSequence: Stopping FSM service thread.
[2025-08-30|03:11:10][INFO]  DryRecipeFsmSequence: FSM service thread stopped.
[2025-08-30|03:11:10][INFO]  DryRecipeFsmSequence: Stopping FSM service thread.
[2025-08-30|03:11:10][INFO]  DryRecipeFsmSequence: FSM service thread stopped.
[2025-08-30|03:11:10][INFO]  DryRecipeFsmSequence: Stopping FSM service thread.
[2025-08-30|03:11:10][INFO]  DryRecipeFsmSequence: FSM service thread stopped.
[2025-08-30|03:11:10][INFO]  DryRecipeFsmSequence: Stopping FSM service thread.
[2025-08-30|03:11:10][INFO]  DryRecipeFsmSequence: FSM service thread stopped.
[2025-08-30|03:11:10][INFO]  DryRecipeFsmSequence: Stopping FSM service thread.
[2025-08-30|03:11:10][INFO]  DryRecipeFsmSequence: FSM service thread stopped.
[2025-08-30|03:11:10][INFO]  dryfsm 1
[2025-08-30|03:11:10][DEBUG] DryRecipeFsmSequence: Enter new state NO_MENU
[2025-08-30|03:11:10][INFO]  2025-08-30 03:11:10: [Basket 1 FSM] Enter DryNoMenuStrategy State.
[2025-08-30|03:11:10][INFO]  dryfsm 2
[2025-08-30|03:11:10][DEBUG] DryRecipeFsmSequence: Enter new state NO_MENU
[2025-08-30|03:11:10][INFO]  2025-08-30 03:11:10: [Basket 2 FSM] Enter DryNoMenuStrategy State.
[2025-08-30|03:11:10][INFO]  dryfsm 3
[2025-08-30|03:11:10][DEBUG] DryRecipeFsmSequence: Enter new state NO_MENU
[2025-08-30|03:11:10][INFO]  2025-08-30 03:11:10: [Basket 3 FSM] Enter DryNoMenuStrategy State.
[2025-08-30|03:11:10][INFO]  dryfsm 4
[2025-08-30|03:11:10][DEBUG] DryRecipeFsmSequence: Enter new state NO_MENU
[2025-08-30|03:11:10][INFO]  2025-08-30 03:11:10: [Basket 4 FSM] Enter DryNoMenuStrategy State.
[2025-08-30|03:11:10][INFO]  dryfsm 5
[2025-08-30|03:11:10][DEBUG] DryRecipeFsmSequence: Enter new state NO_MENU
[2025-08-30|03:11:10][INFO]  2025-08-30 03:11:10: [Basket 5 FSM] Enter DryNoMenuStrategy State.
[2025-08-30|03:11:10][INFO]  dryfsm 6
[2025-08-30|03:11:10][DEBUG] DryRecipeFsmSequence: Enter new state NO_MENU
[2025-08-30|03:11:10][INFO]  2025-08-30 03:11:10: [Basket 6 FSM] Enter DryNoMenuStrategy State.
[2025-08-30|03:11:10][INFO]  dryfsm 7
[2025-08-30|03:11:10][DEBUG] DryRecipeFsmSequence: Enter new state NO_MENU
[2025-08-30|03:11:10][INFO]  2025-08-30 03:11:10: [Basket 7 FSM] Enter DryNoMenuStrategy State.
[2025-08-30|03:11:10][INFO]  dryfsm 8
[2025-08-30|03:11:10][DEBUG] DryRecipeFsmSequence: Enter new state NO_MENU
[2025-08-30|03:11:10][INFO]  2025-08-30 03:11:10: [Basket 8 FSM] Enter DryNoMenuStrategy State.
[2025-08-30|03:11:11][INFO]  WetRecipeFsmSequence: Stopping FSM service thread.
[2025-08-30|03:11:11][INFO]  WetRecipeFsmSequence: FSM service thread stopped.
[2025-08-30|03:11:11][INFO]  WetRecipeFsmSequence: Stopping FSM service thread.
[2025-08-30|03:11:11][INFO]  WetRecipeFsmSequence: FSM service thread stopped.
[2025-08-30|03:11:11][INFO]  WetRecipeFsmSequence: Stopping FSM service thread.
[2025-08-30|03:11:11][INFO]  WetRecipeFsmSequence: FSM service thread stopped.
[2025-08-30|03:11:11][INFO]  WetRecipeFsmSequence: Stopping FSM service thread.
[2025-08-30|03:11:11][INFO]  WetRecipeFsmSequence: FSM service thread stopped.
[2025-08-30|03:11:11][INFO]  1 fryer Index : 1
[2025-08-30|03:11:11][DEBUG] WetRecipeFsmSequence: Enter new state WAIT_PUTIN
[2025-08-30|03:11:11][INFO]  [SPECIAL] Basket 1: Reset putin_shake=0, shake_done=0
[2025-08-30|03:11:11][INFO]  2025-08-30 03:11:11: [Basket 1 FSM] Enter WaitPutinStrategy State.
[2025-08-30|03:11:11][INFO]  3 fryer Index : 1
[2025-08-30|03:11:11][DEBUG] WetRecipeFsmSequence: Enter new state WAIT_PUTIN
[2025-08-30|03:11:11][INFO]  [SPECIAL] Basket 3: Reset putin_shake=0, shake_done=0
[2025-08-30|03:11:11][INFO]  2025-08-30 03:11:11: [Basket 3 FSM] Enter WaitPutinStrategy State.
[2025-08-30|03:11:11][INFO]  6 fryer Index : 4
[2025-08-30|03:11:11][DEBUG] WetRecipeFsmSequence: Enter new state WAIT_PUTIN
[2025-08-30|03:11:11][INFO]  [SPECIAL] Basket 6: Reset putin_shake=0, shake_done=0
[2025-08-30|03:11:11][INFO]  2025-08-30 03:11:11: [Basket 6 FSM] Enter WaitPutinStrategy State.
[2025-08-30|03:11:11][INFO]  8 fryer Index : 4
[2025-08-30|03:11:11][DEBUG] WetRecipeFsmSequence: Enter new state WAIT_PUTIN
[2025-08-30|03:11:11][INFO]  [SPECIAL] Basket 8: Reset putin_shake=0, shake_done=0
[2025-08-30|03:11:11][INFO]  2025-08-30 03:11:11: [Basket 8 FSM] Enter WaitPutinStrategy State.
[2025-08-30|03:11:11][INFO]  [SYSTEM] [DEBUG] All Recipe FSMs restarted successfully.
[2025-08-30|03:11:11][INFO]  [SYSTEM] [DEBUG] Full FSM reset complete.
[2025-08-30|03:11:17][INFO]  2025-08-30 03:11:17: [Robot FSM] Program Start.
[2025-08-30|03:11:17][ERROR] Start main program
[2025-08-30|03:11:17][INFO]  2025-08-30 03:11:17: Wait for main program running
[2025-08-30|03:11:17][INFO]  2025-08-30 03:11:17: Program is NOT running PROG_IDLE.
[2025-08-30|03:11:17][INFO]  2025-08-30 03:11:17: Wait for main program running
[2025-08-30|03:11:17][INFO]  2025-08-30 03:11:17: Program is NOT running PROG_IDLE.
[2025-08-30|03:11:18][INFO]  2025-08-30 03:11:18: Wait for main program running
[2025-08-30|03:11:18][INFO]  2025-08-30 03:11:18: Program is NOT running PROG_IDLE.
[2025-08-30|03:11:18][INFO]  2025-08-30 03:11:18: Wait for main program running
[2025-08-30|03:11:18][INFO]  2025-08-30 03:11:18: Program is NOT running PROG_IDLE.
[2025-08-30|03:11:18][INFO]  2025-08-30 03:11:18: Wait for main program running
[2025-08-30|03:11:18][INFO]  2025-08-30 03:11:18: Program is NOT running PROG_IDLE.
[2025-08-30|03:11:18][INFO]  2025-08-30 03:11:18: Wait for main program running
[2025-08-30|03:11:18][INFO]  2025-08-30 03:11:18: Program is NOT running PROG_IDLE.
[2025-08-30|03:11:18][INFO]  2025-08-30 03:11:18: Wait for main program running
[2025-08-30|03:11:18][INFO]  2025-08-30 03:11:18: Program is NOT running PROG_IDLE.
[2025-08-30|03:11:18][INFO]  2025-08-30 03:11:18: Wait for main program running
[2025-08-30|03:11:18][DEBUG] RobotFsmSequence: Trigger Event START_PROGRAM on NOT_READY_IDLE
[2025-08-30|03:11:18][INFO]  2025-08-30 03:11:18: [Robot FSM] Exit NotReadyIdleStrategy State.
[2025-08-30|03:11:18][DEBUG] RobotFsmSequence: Enter new state MOVE_TO_READY
[2025-08-30|03:11:18][INFO]  2025-08-30 03:11:18: [Robot FSM] Enter MoveToReadyStrategy State.
[2025-08-30|03:11:18][INFO]  2025-08-30 03:11:18: [Robot FSM] Start motion True move_to_ready  
[2025-08-30|03:11:18][INFO]  Command I600 : 100
[2025-08-30|03:11:20][INFO]  2025-08-30 03:11:20: [Robot FSM] Finish motion move_to_ready
[2025-08-30|03:11:20][DEBUG] RobotFsmSequence: Trigger Event DONE on MOVE_TO_READY
[2025-08-30|03:11:20][INFO]  2025-08-30 03:11:20: [Robot FSM] Exiting MoveToReadyStrategy State.
[2025-08-30|03:11:20][DEBUG] RobotFsmSequence: Enter new state READY_IDLE
[2025-08-30|03:11:20][INFO]  2025-08-30 03:11:20: [Robot FSM] Enter ReadyIdleStrategy State.
[2025-08-30|03:11:20][INFO]  Command I600 : 0
[2025-08-30|03:11:24][INFO]  [Basket 1] Waiting for recipe assignment lock.
[2025-08-30|03:11:24][INFO]  [Basket 1] Acquired recipe assignment lock.
[2025-08-30|03:11:24][INFO]  [Basket 1] Releasing recipe assignment lock.
[2025-08-30|03:11:24][INFO]  2025-08-30 03:11:24: [Basket 1 FSM] Assign new menu 1
[2025-08-30|03:11:24][DEBUG] DryRecipeFsmSequence: Trigger Event ASSIGN_MENU on NO_MENU
[2025-08-30|03:11:24][INFO]  2025-08-30 03:11:24: [Basket 1 FSM] Exit DryNoMenuStrategy State.
[2025-08-30|03:11:24][DEBUG] DryRecipeFsmSequence: Enter new state COOKING_READY
[2025-08-30|03:11:24][INFO]  2025-08-30 03:11:24: [Basket 1 FSM] Enter DryCookingReadyStrategy State.
[2025-08-30|03:11:24][INFO]  2025-08-30 03:11:24: [Basket 1 FSM] Start cooking.
[2025-08-30|03:11:24][DEBUG] DryRecipeFsmSequence: Trigger Event START_MENU on COOKING_READY
[2025-08-30|03:11:24][INFO]  2025-08-30 03:11:24: [Basket 1 FSM] Exit DryCookingReadyStrategy State.
[2025-08-30|03:11:24][DEBUG] DryRecipeFsmSequence: Enter new state MOVE_TO_FRYER
[2025-08-30|03:11:24][INFO]  2025-08-30 03:11:24: [Basket 1 FSM] Enter DryMoveToFryStrategy State.
[2025-08-30|03:11:24][INFO]  [Debug] Basket 1: putin_shake=True, type=<class 'bool'>
[2025-08-30|03:11:24][INFO]  [PriorityScheduler] Current priority list:
[2025-08-30|03:11:24][INFO]    - Basket 1 | Fryer: 1 | type: dry | State: MOVE_TO_FRYER | Shake_times : 0 | Elapsed: 0.0s | FinishRemain: 1000.0s | Priority: 3
[2025-08-30|03:11:24][INFO]  trigger_to_fryer_motion 1
[2025-08-30|03:11:24][INFO]  2025-08-30 03:11:24: [ProcessManager] Trigger move_to_fryer motion [FSM 1, Basket 1, Fryer 1]
[2025-08-30|03:11:24][DEBUG] RobotFsmSequence: Trigger Event RUN_BASKET_TO_FRYER on READY_IDLE
[2025-08-30|03:11:24][INFO]  2025-08-30 03:11:24: [Robot FSM] Exiting ReadyIdleStrategy State.
[2025-08-30|03:11:24][DEBUG] RobotFsmSequence: Enter new state MOVE_BASKET_TO_FRYER
[2025-08-30|03:11:24][INFO]  2025-08-30 03:11:24: [Robot FSM] Enter MoveBasketToFryerStrategy State.
[2025-08-30|03:11:24][INFO]  2025-08-30 03:11:24: [Robot FSM] Start motion move_to_fryer with [basket 1, fryer 1]
[2025-08-30|03:11:24][INFO]  basket_to_fryer 311
[2025-08-30|03:11:24][INFO]  Command I600 : 311
[2025-08-30|03:12:08][INFO]  2025-08-30 03:12:08: Program stopped by App.
[2025-08-30|03:12:08][INFO]  [DEBUG] stop_program: Sending stop command to Conty.
[2025-08-30|03:12:08][INFO]  [DEBUG] stop_program: Waiting for Conty program to stop. Current state: PROG_RUNNING
[2025-08-30|03:12:08][INFO]  Stop program!!
[2025-08-30|03:12:08][INFO]  [DEBUG] stop_program: Waiting for Conty program to stop. Current state: PROG_RUNNING
[2025-08-30|03:12:08][INFO]  [DEBUG] stop_program: Waiting for Conty program to stop. Current state: PROG_STOPPING
[2025-08-30|03:12:09][INFO]  [DEBUG] stop_program: Waiting for Conty program to stop. Current state: PROG_STOPPING
[2025-08-30|03:12:09][INFO]  [DEBUG] stop_program: Conty program confirmed to be in IDLE state.
[2025-08-30|03:12:09][DEBUG] RobotFsmSequence: Trigger Event STOP on MOVE_BASKET_TO_FRYER
[2025-08-30|03:12:09][INFO]  2025-08-30 03:12:09: Exit MoveBasketToFryerStrategy State.
[2025-08-30|03:12:09][DEBUG] RobotFsmSequence: Enter new state NOT_READY_IDLE
[2025-08-30|03:12:09][INFO]  2025-08-30 03:12:09: Program is NOT running PROG_IDLE.
[2025-08-30|03:12:09][INFO]  2025-08-30 03:12:09: [Robot FSM] Enter NotReadyIdleStrategy State.
[2025-08-30|03:12:09][INFO]  Command I600 : 0
[2025-08-30|03:12:20][INFO]  2025-08-30 03:12:20: [ProcessManager] Reset all recipes!
[2025-08-30|03:12:20][INFO]  [SYSTEM] [DEBUG] Received request for full FSM reset.
[2025-08-30|03:12:20][INFO]  2025-08-30 03:12:20: Program is NOT running PROG_IDLE.
[2025-08-30|03:12:20][INFO]  [SYSTEM] [DEBUG] Starting full FSM reset including Robot FSM.
[2025-08-30|03:12:20][INFO]  [SYSTEM] [DEBUG] Stopping current Robot FSM thread.
[2025-08-30|03:12:20][INFO]  RobotFsmSequence: Stopping FSM service thread.
[2025-08-30|03:12:20][INFO]  RobotFsmSequence: FSM service thread stopped.
[2025-08-30|03:12:20][INFO]  [SYSTEM] [DEBUG] Re-initializing Robot FSM.
[2025-08-30|03:12:20][DEBUG] RobotFsmSequence: Enter new state NOT_READY
[2025-08-30|03:12:20][INFO]  2025-08-30 03:12:20: Program is NOT running PROG_IDLE.
[2025-08-30|03:12:20][INFO]  2025-08-30 03:12:20: [Robot FSM] Enter NotReadyStrategy State.
[2025-08-30|03:12:20][INFO]  [SYSTEM] [DEBUG] Robot FSM restarted successfully.
[2025-08-30|03:12:20][INFO]  [SYSTEM] [DEBUG] Stopping and re-initializing Recipe FSMs.
[2025-08-30|03:12:20][INFO]  DryRecipeFsmSequence: Stopping FSM service thread.
[2025-08-30|03:12:20][INFO]  DryRecipeFsmSequence: FSM service thread stopped.
[2025-08-30|03:12:20][INFO]  DryRecipeFsmSequence: Stopping FSM service thread.
[2025-08-30|03:12:20][DEBUG] RobotFsmSequence: Trigger Event DONE on NOT_READY
[2025-08-30|03:12:20][INFO]  DryRecipeFsmSequence: FSM service thread stopped.
[2025-08-30|03:12:20][INFO]  2025-08-30 03:12:20: [Robot FSM] Exit NotReadyStrategy State.
[2025-08-30|03:12:20][DEBUG] RobotFsmSequence: Enter new state NOT_READY_IDLE
[2025-08-30|03:12:20][INFO]  2025-08-30 03:12:20: Program is NOT running PROG_IDLE.
[2025-08-30|03:12:20][INFO]  2025-08-30 03:12:20: [Robot FSM] Enter NotReadyIdleStrategy State.
[2025-08-30|03:12:20][INFO]  DryRecipeFsmSequence: Stopping FSM service thread.
[2025-08-30|03:12:20][INFO]  DryRecipeFsmSequence: FSM service thread stopped.
[2025-08-30|03:12:20][INFO]  DryRecipeFsmSequence: Stopping FSM service thread.
[2025-08-30|03:12:20][INFO]  DryRecipeFsmSequence: FSM service thread stopped.
[2025-08-30|03:12:20][INFO]  DryRecipeFsmSequence: Stopping FSM service thread.
[2025-08-30|03:12:20][INFO]  DryRecipeFsmSequence: FSM service thread stopped.
[2025-08-30|03:12:20][INFO]  DryRecipeFsmSequence: Stopping FSM service thread.
[2025-08-30|03:12:20][INFO]  DryRecipeFsmSequence: FSM service thread stopped.
[2025-08-30|03:12:20][INFO]  DryRecipeFsmSequence: Stopping FSM service thread.
[2025-08-30|03:12:20][INFO]  DryRecipeFsmSequence: FSM service thread stopped.
[2025-08-30|03:12:20][INFO]  DryRecipeFsmSequence: Stopping FSM service thread.
[2025-08-30|03:12:20][INFO]  DryRecipeFsmSequence: FSM service thread stopped.
[2025-08-30|03:12:20][INFO]  dryfsm 1
[2025-08-30|03:12:20][DEBUG] DryRecipeFsmSequence: Enter new state NO_MENU
[2025-08-30|03:12:20][INFO]  2025-08-30 03:12:20: [Basket 1 FSM] Enter DryNoMenuStrategy State.
[2025-08-30|03:12:20][INFO]  dryfsm 2
[2025-08-30|03:12:20][DEBUG] DryRecipeFsmSequence: Enter new state NO_MENU
[2025-08-30|03:12:20][INFO]  2025-08-30 03:12:20: [Basket 2 FSM] Enter DryNoMenuStrategy State.
[2025-08-30|03:12:20][INFO]  dryfsm 3
[2025-08-30|03:12:20][DEBUG] DryRecipeFsmSequence: Enter new state NO_MENU
[2025-08-30|03:12:20][INFO]  2025-08-30 03:12:20: [Basket 3 FSM] Enter DryNoMenuStrategy State.
[2025-08-30|03:12:20][INFO]  dryfsm 4
[2025-08-30|03:12:20][DEBUG] DryRecipeFsmSequence: Enter new state NO_MENU
[2025-08-30|03:12:20][INFO]  2025-08-30 03:12:20: [Basket 4 FSM] Enter DryNoMenuStrategy State.
[2025-08-30|03:12:20][INFO]  dryfsm 5
[2025-08-30|03:12:20][DEBUG] DryRecipeFsmSequence: Enter new state NO_MENU
[2025-08-30|03:12:20][INFO]  2025-08-30 03:12:20: [Basket 5 FSM] Enter DryNoMenuStrategy State.
[2025-08-30|03:12:20][INFO]  dryfsm 6
[2025-08-30|03:12:20][DEBUG] DryRecipeFsmSequence: Enter new state NO_MENU
[2025-08-30|03:12:20][INFO]  2025-08-30 03:12:20: [Basket 6 FSM] Enter DryNoMenuStrategy State.
[2025-08-30|03:12:20][INFO]  dryfsm 7
[2025-08-30|03:12:20][DEBUG] DryRecipeFsmSequence: Enter new state NO_MENU
[2025-08-30|03:12:20][INFO]  2025-08-30 03:12:20: [Basket 7 FSM] Enter DryNoMenuStrategy State.
[2025-08-30|03:12:20][INFO]  dryfsm 8
[2025-08-30|03:12:20][DEBUG] DryRecipeFsmSequence: Enter new state NO_MENU
[2025-08-30|03:12:20][INFO]  2025-08-30 03:12:20: [Basket 8 FSM] Enter DryNoMenuStrategy State.
[2025-08-30|03:12:20][INFO]  WetRecipeFsmSequence: Stopping FSM service thread.
[2025-08-30|03:12:20][INFO]  WetRecipeFsmSequence: FSM service thread stopped.
[2025-08-30|03:12:20][INFO]  WetRecipeFsmSequence: Stopping FSM service thread.
[2025-08-30|03:12:20][INFO]  WetRecipeFsmSequence: FSM service thread stopped.
[2025-08-30|03:12:20][INFO]  WetRecipeFsmSequence: Stopping FSM service thread.
[2025-08-30|03:12:20][INFO]  WetRecipeFsmSequence: FSM service thread stopped.
[2025-08-30|03:12:20][INFO]  WetRecipeFsmSequence: Stopping FSM service thread.
[2025-08-30|03:12:20][INFO]  WetRecipeFsmSequence: FSM service thread stopped.
[2025-08-30|03:12:20][INFO]  1 fryer Index : 1
[2025-08-30|03:12:20][DEBUG] WetRecipeFsmSequence: Enter new state WAIT_PUTIN
[2025-08-30|03:12:20][INFO]  [SPECIAL] Basket 1: Reset putin_shake=0, shake_done=0
[2025-08-30|03:12:20][INFO]  2025-08-30 03:12:20: [Basket 1 FSM] Enter WaitPutinStrategy State.
[2025-08-30|03:12:20][INFO]  3 fryer Index : 1
[2025-08-30|03:12:20][DEBUG] WetRecipeFsmSequence: Enter new state WAIT_PUTIN
[2025-08-30|03:12:21][INFO]  [SPECIAL] Basket 3: Reset putin_shake=0, shake_done=0
[2025-08-30|03:12:21][INFO]  2025-08-30 03:12:21: [Basket 3 FSM] Enter WaitPutinStrategy State.
[2025-08-30|03:12:21][INFO]  6 fryer Index : 4
[2025-08-30|03:12:21][DEBUG] WetRecipeFsmSequence: Enter new state WAIT_PUTIN
[2025-08-30|03:12:21][INFO]  [SPECIAL] Basket 6: Reset putin_shake=0, shake_done=0
[2025-08-30|03:12:21][INFO]  2025-08-30 03:12:21: [Basket 6 FSM] Enter WaitPutinStrategy State.
[2025-08-30|03:12:21][INFO]  8 fryer Index : 4
[2025-08-30|03:12:21][DEBUG] WetRecipeFsmSequence: Enter new state WAIT_PUTIN
[2025-08-30|03:12:21][INFO]  [SPECIAL] Basket 8: Reset putin_shake=0, shake_done=0
[2025-08-30|03:12:21][INFO]  2025-08-30 03:12:21: [Basket 8 FSM] Enter WaitPutinStrategy State.
[2025-08-30|03:12:21][INFO]  [SYSTEM] [DEBUG] All Recipe FSMs restarted successfully.
[2025-08-30|03:12:21][INFO]  [SYSTEM] [DEBUG] Full FSM reset complete.
[2025-08-30|03:12:26][INFO]  2025-08-30 03:12:26: [Robot FSM] Program Start.
[2025-08-30|03:12:26][ERROR] Start main program
[2025-08-30|03:12:26][INFO]  2025-08-30 03:12:26: Wait for main program running
[2025-08-30|03:12:26][INFO]  2025-08-30 03:12:26: Program is NOT running PROG_IDLE.
[2025-08-30|03:12:26][INFO]  2025-08-30 03:12:26: Wait for main program running
[2025-08-30|03:12:26][INFO]  2025-08-30 03:12:26: Program is NOT running PROG_IDLE.
[2025-08-30|03:12:26][INFO]  2025-08-30 03:12:26: Wait for main program running
[2025-08-30|03:12:26][INFO]  2025-08-30 03:12:26: Program is NOT running PROG_IDLE.
[2025-08-30|03:12:26][INFO]  2025-08-30 03:12:26: Wait for main program running
[2025-08-30|03:12:26][INFO]  2025-08-30 03:12:26: Program is NOT running PROG_IDLE.
[2025-08-30|03:12:26][INFO]  2025-08-30 03:12:26: Wait for main program running
[2025-08-30|03:12:26][INFO]  2025-08-30 03:12:26: Program is NOT running PROG_IDLE.
[2025-08-30|03:12:26][INFO]  2025-08-30 03:12:26: Wait for main program running
[2025-08-30|03:12:26][INFO]  2025-08-30 03:12:26: Program is NOT running PROG_IDLE.
[2025-08-30|03:12:26][INFO]  2025-08-30 03:12:26: Wait for main program running
[2025-08-30|03:12:26][INFO]  2025-08-30 03:12:26: Program is NOT running PROG_IDLE.
[2025-08-30|03:12:26][INFO]  2025-08-30 03:12:26: Wait for main program running
[2025-08-30|03:12:26][INFO]  2025-08-30 03:12:26: Program is NOT running PROG_IDLE.
[2025-08-30|03:12:26][INFO]  2025-08-30 03:12:26: Wait for main program running
[2025-08-30|03:12:26][INFO]  2025-08-30 03:12:26: Program is NOT running PROG_IDLE.
[2025-08-30|03:12:27][INFO]  2025-08-30 03:12:27: Wait for main program running
[2025-08-30|03:12:27][DEBUG] RobotFsmSequence: Trigger Event START_PROGRAM on NOT_READY_IDLE
[2025-08-30|03:12:27][INFO]  2025-08-30 03:12:27: [Robot FSM] Exit NotReadyIdleStrategy State.
[2025-08-30|03:12:27][DEBUG] RobotFsmSequence: Enter new state MOVE_TO_READY
[2025-08-30|03:12:27][INFO]  2025-08-30 03:12:27: [Robot FSM] Enter MoveToReadyStrategy State.
[2025-08-30|03:12:27][INFO]  2025-08-30 03:12:27: [Robot FSM] Start motion True move_to_ready  
[2025-08-30|03:12:27][INFO]  Command I600 : 100
[2025-08-30|03:12:28][INFO]  2025-08-30 03:12:28: [Robot FSM] Finish motion move_to_ready
[2025-08-30|03:12:28][DEBUG] RobotFsmSequence: Trigger Event DONE on MOVE_TO_READY
[2025-08-30|03:12:28][INFO]  2025-08-30 03:12:28: [Robot FSM] Exiting MoveToReadyStrategy State.
[2025-08-30|03:12:28][DEBUG] RobotFsmSequence: Enter new state READY_IDLE
[2025-08-30|03:12:28][INFO]  2025-08-30 03:12:28: [Robot FSM] Enter ReadyIdleStrategy State.
[2025-08-30|03:12:29][INFO]  Command I600 : 0
[2025-08-30|03:12:31][INFO]  [Basket 1] Waiting for recipe assignment lock.
[2025-08-30|03:12:31][INFO]  [Basket 1] Acquired recipe assignment lock.
[2025-08-30|03:12:31][INFO]  [Basket 1] Releasing recipe assignment lock.
[2025-08-30|03:12:31][INFO]  2025-08-30 03:12:31: [Basket 1 FSM] Assign new menu 1
[2025-08-30|03:12:31][DEBUG] DryRecipeFsmSequence: Trigger Event ASSIGN_MENU on NO_MENU
[2025-08-30|03:12:31][INFO]  2025-08-30 03:12:31: [Basket 1 FSM] Exit DryNoMenuStrategy State.
[2025-08-30|03:12:31][DEBUG] DryRecipeFsmSequence: Enter new state COOKING_READY
[2025-08-30|03:12:31][INFO]  2025-08-30 03:12:31: [Basket 1 FSM] Enter DryCookingReadyStrategy State.
[2025-08-30|03:12:31][INFO]  2025-08-30 03:12:31: [Basket 1 FSM] Start cooking.
[2025-08-30|03:12:31][DEBUG] DryRecipeFsmSequence: Trigger Event START_MENU on COOKING_READY
[2025-08-30|03:12:31][INFO]  2025-08-30 03:12:31: [Basket 1 FSM] Exit DryCookingReadyStrategy State.
[2025-08-30|03:12:31][DEBUG] DryRecipeFsmSequence: Enter new state MOVE_TO_FRYER
[2025-08-30|03:12:31][INFO]  2025-08-30 03:12:31: [Basket 1 FSM] Enter DryMoveToFryStrategy State.
[2025-08-30|03:12:31][INFO]  [Debug] Basket 1: putin_shake=True, type=<class 'bool'>
[2025-08-30|03:12:48][INFO]  2025-08-30 03:12:48: Program stopped by App.
[2025-08-30|03:12:48][INFO]  [DEBUG] stop_program: Sending stop command to Conty.
[2025-08-30|03:12:48][INFO]  [DEBUG] stop_program: Waiting for Conty program to stop. Current state: PROG_RUNNING
[2025-08-30|03:12:48][INFO]  Stop program!!
[2025-08-30|03:12:48][INFO]  [DEBUG] stop_program: Waiting for Conty program to stop. Current state: PROG_RUNNING
[2025-08-30|03:12:48][INFO]  [DEBUG] stop_program: Waiting for Conty program to stop. Current state: PROG_STOPPING
[2025-08-30|03:12:48][INFO]  [DEBUG] stop_program: Conty program confirmed to be in IDLE state.
[2025-08-30|03:12:48][DEBUG] RobotFsmSequence: Trigger Event STOP on READY_IDLE
[2025-08-30|03:12:48][INFO]  2025-08-30 03:12:48: [Robot FSM] Exiting ReadyIdleStrategy State.
[2025-08-30|03:12:48][DEBUG] RobotFsmSequence: Enter new state NOT_READY_IDLE
[2025-08-30|03:12:48][INFO]  2025-08-30 03:12:48: Program is NOT running PROG_IDLE.
[2025-08-30|03:12:48][INFO]  2025-08-30 03:12:48: [Robot FSM] Enter NotReadyIdleStrategy State.
[2025-08-30|03:12:48][ERROR] 2025-08-30 03:12:48: [Robot FSM] Violation detected [indy_state=OP_SYSTEM_RESET, violation_code=VIOLATION]
[2025-08-30|03:12:48][ERROR] 2025-08-30 03:12:48: [Robot FSM] Violation detected [indy_state=OP_SYSTEM_RESET, violation_code=VIOLATION]
[2025-08-30|03:12:48][ERROR] 2025-08-30 03:12:48: [Robot FSM] Violation detected [indy_state=OP_SYSTEM_RESET, violation_code=VIOLATION]
[2025-08-30|03:12:48][ERROR] 2025-08-30 03:12:48: [Robot FSM] Violation detected [indy_state=OP_SYSTEM_RESET, violation_code=VIOLATION]
[2025-08-30|03:12:48][ERROR] 2025-08-30 03:12:48: [Robot FSM] Violation detected [indy_state=OP_SYSTEM_RESET, violation_code=VIOLATION]
[2025-08-30|03:12:49][INFO]  2025-08-30 03:12:49: [ProcessManager] Reset all recipes!
[2025-08-30|03:12:49][INFO]  [SYSTEM] [DEBUG] Received request for full FSM reset.
[2025-08-30|03:12:49][INFO]  2025-08-30 03:12:49: Program is NOT running PROG_IDLE.
[2025-08-30|03:12:49][INFO]  [SYSTEM] [DEBUG] Starting full FSM reset including Robot FSM.
[2025-08-30|03:12:49][INFO]  [SYSTEM] [DEBUG] Stopping current Robot FSM thread.
[2025-08-30|03:12:49][INFO]  RobotFsmSequence: Stopping FSM service thread.
[2025-08-30|03:12:49][INFO]  RobotFsmSequence: FSM service thread stopped.
[2025-08-30|03:12:49][INFO]  [SYSTEM] [DEBUG] Re-initializing Robot FSM.
[2025-08-30|03:12:49][DEBUG] RobotFsmSequence: Enter new state NOT_READY
[2025-08-30|03:12:49][INFO]  2025-08-30 03:12:49: Program is NOT running PROG_IDLE.
[2025-08-30|03:12:49][INFO]  2025-08-30 03:12:49: [Robot FSM] Enter NotReadyStrategy State.
[2025-08-30|03:12:49][INFO]  [SYSTEM] [DEBUG] Robot FSM restarted successfully.
[2025-08-30|03:12:49][INFO]  [SYSTEM] [DEBUG] Stopping and re-initializing Recipe FSMs.
[2025-08-30|03:12:49][INFO]  DryRecipeFsmSequence: Stopping FSM service thread.
[2025-08-30|03:12:49][INFO]  DryRecipeFsmSequence: FSM service thread stopped.
[2025-08-30|03:12:49][INFO]  DryRecipeFsmSequence: Stopping FSM service thread.
[2025-08-30|03:12:49][INFO]  DryRecipeFsmSequence: FSM service thread stopped.
[2025-08-30|03:12:49][INFO]  DryRecipeFsmSequence: Stopping FSM service thread.
[2025-08-30|03:12:49][DEBUG] RobotFsmSequence: Trigger Event DONE on NOT_READY
[2025-08-30|03:12:49][INFO]  DryRecipeFsmSequence: FSM service thread stopped.
[2025-08-30|03:12:49][INFO]  DryRecipeFsmSequence: Stopping FSM service thread.
[2025-08-30|03:12:49][INFO]  DryRecipeFsmSequence: FSM service thread stopped.
[2025-08-30|03:12:49][INFO]  DryRecipeFsmSequence: Stopping FSM service thread.
[2025-08-30|03:12:49][INFO]  2025-08-30 03:12:49: [Robot FSM] Exit NotReadyStrategy State.
[2025-08-30|03:12:49][DEBUG] RobotFsmSequence: Enter new state NOT_READY_IDLE
[2025-08-30|03:12:49][INFO]  2025-08-30 03:12:49: Program is NOT running PROG_IDLE.
[2025-08-30|03:12:49][INFO]  2025-08-30 03:12:49: [Robot FSM] Enter NotReadyIdleStrategy State.
[2025-08-30|03:12:49][INFO]  DryRecipeFsmSequence: FSM service thread stopped.
[2025-08-30|03:12:49][INFO]  DryRecipeFsmSequence: Stopping FSM service thread.
[2025-08-30|03:12:49][INFO]  DryRecipeFsmSequence: FSM service thread stopped.
[2025-08-30|03:12:49][INFO]  DryRecipeFsmSequence: Stopping FSM service thread.
[2025-08-30|03:12:49][INFO]  DryRecipeFsmSequence: FSM service thread stopped.
[2025-08-30|03:12:49][INFO]  DryRecipeFsmSequence: Stopping FSM service thread.
[2025-08-30|03:12:49][INFO]  DryRecipeFsmSequence: FSM service thread stopped.
[2025-08-30|03:12:49][INFO]  dryfsm 1
[2025-08-30|03:12:49][DEBUG] DryRecipeFsmSequence: Enter new state NO_MENU
[2025-08-30|03:12:49][INFO]  2025-08-30 03:12:49: [Basket 1 FSM] Enter DryNoMenuStrategy State.
[2025-08-30|03:12:49][INFO]  dryfsm 2
[2025-08-30|03:12:49][DEBUG] DryRecipeFsmSequence: Enter new state NO_MENU
[2025-08-30|03:12:49][INFO]  2025-08-30 03:12:49: [Basket 2 FSM] Enter DryNoMenuStrategy State.
[2025-08-30|03:12:49][INFO]  dryfsm 3
[2025-08-30|03:12:50][DEBUG] DryRecipeFsmSequence: Enter new state NO_MENU
[2025-08-30|03:12:50][INFO]  2025-08-30 03:12:50: [Basket 3 FSM] Enter DryNoMenuStrategy State.
[2025-08-30|03:12:50][INFO]  dryfsm 4
[2025-08-30|03:12:50][DEBUG] DryRecipeFsmSequence: Enter new state NO_MENU
[2025-08-30|03:12:50][INFO]  2025-08-30 03:12:50: [Basket 4 FSM] Enter DryNoMenuStrategy State.
[2025-08-30|03:12:50][INFO]  dryfsm 5
[2025-08-30|03:12:50][DEBUG] DryRecipeFsmSequence: Enter new state NO_MENU
[2025-08-30|03:12:50][INFO]  2025-08-30 03:12:50: [Basket 5 FSM] Enter DryNoMenuStrategy State.
[2025-08-30|03:12:50][INFO]  dryfsm 6
[2025-08-30|03:12:50][DEBUG] DryRecipeFsmSequence: Enter new state NO_MENU
[2025-08-30|03:12:50][INFO]  2025-08-30 03:12:50: [Basket 6 FSM] Enter DryNoMenuStrategy State.
[2025-08-30|03:12:50][INFO]  dryfsm 7
[2025-08-30|03:12:50][DEBUG] DryRecipeFsmSequence: Enter new state NO_MENU
[2025-08-30|03:12:50][INFO]  2025-08-30 03:12:50: [Basket 7 FSM] Enter DryNoMenuStrategy State.
[2025-08-30|03:12:50][INFO]  dryfsm 8
[2025-08-30|03:12:50][DEBUG] DryRecipeFsmSequence: Enter new state NO_MENU
[2025-08-30|03:12:50][INFO]  2025-08-30 03:12:50: [Basket 8 FSM] Enter DryNoMenuStrategy State.
[2025-08-30|03:12:50][INFO]  WetRecipeFsmSequence: Stopping FSM service thread.
[2025-08-30|03:12:50][INFO]  WetRecipeFsmSequence: FSM service thread stopped.
[2025-08-30|03:12:50][INFO]  WetRecipeFsmSequence: Stopping FSM service thread.
[2025-08-30|03:12:50][INFO]  WetRecipeFsmSequence: FSM service thread stopped.
[2025-08-30|03:12:50][INFO]  WetRecipeFsmSequence: Stopping FSM service thread.
[2025-08-30|03:12:50][INFO]  WetRecipeFsmSequence: FSM service thread stopped.
[2025-08-30|03:12:50][INFO]  WetRecipeFsmSequence: Stopping FSM service thread.
[2025-08-30|03:12:50][INFO]  WetRecipeFsmSequence: FSM service thread stopped.
[2025-08-30|03:12:50][INFO]  1 fryer Index : 1
[2025-08-30|03:12:50][DEBUG] WetRecipeFsmSequence: Enter new state WAIT_PUTIN
[2025-08-30|03:12:50][INFO]  [SPECIAL] Basket 1: Reset putin_shake=0, shake_done=0
[2025-08-30|03:12:50][INFO]  2025-08-30 03:12:50: [Basket 1 FSM] Enter WaitPutinStrategy State.
[2025-08-30|03:12:50][INFO]  3 fryer Index : 1
[2025-08-30|03:12:50][DEBUG] WetRecipeFsmSequence: Enter new state WAIT_PUTIN
[2025-08-30|03:12:50][INFO]  [SPECIAL] Basket 3: Reset putin_shake=0, shake_done=0
[2025-08-30|03:12:50][INFO]  2025-08-30 03:12:50: [Basket 3 FSM] Enter WaitPutinStrategy State.
[2025-08-30|03:12:50][INFO]  6 fryer Index : 4
[2025-08-30|03:12:50][DEBUG] WetRecipeFsmSequence: Enter new state WAIT_PUTIN
[2025-08-30|03:12:50][INFO]  [SPECIAL] Basket 6: Reset putin_shake=0, shake_done=0
[2025-08-30|03:12:50][INFO]  2025-08-30 03:12:50: [Basket 6 FSM] Enter WaitPutinStrategy State.
[2025-08-30|03:12:50][INFO]  8 fryer Index : 4
[2025-08-30|03:12:50][DEBUG] WetRecipeFsmSequence: Enter new state WAIT_PUTIN
[2025-08-30|03:12:50][INFO]  [SPECIAL] Basket 8: Reset putin_shake=0, shake_done=0
[2025-08-30|03:12:50][INFO]  2025-08-30 03:12:50: [Basket 8 FSM] Enter WaitPutinStrategy State.
[2025-08-30|03:12:50][INFO]  [SYSTEM] [DEBUG] All Recipe FSMs restarted successfully.
[2025-08-30|03:12:50][INFO]  [SYSTEM] [DEBUG] Full FSM reset complete.
[2025-08-30|03:12:58][INFO]  2025-08-30 03:12:58: [Robot FSM] Program Start.
[2025-08-30|03:12:58][ERROR] Start main program
[2025-08-30|03:12:58][INFO]  2025-08-30 03:12:58: Wait for main program running
[2025-08-30|03:12:58][INFO]  2025-08-30 03:12:58: Program is NOT running PROG_IDLE.
[2025-08-30|03:12:58][INFO]  2025-08-30 03:12:58: Wait for main program running
[2025-08-30|03:12:58][INFO]  2025-08-30 03:12:58: Program is NOT running PROG_IDLE.
[2025-08-30|03:12:58][INFO]  2025-08-30 03:12:58: Wait for main program running
[2025-08-30|03:12:58][INFO]  2025-08-30 03:12:58: Program is NOT running PROG_IDLE.
[2025-08-30|03:12:59][INFO]  2025-08-30 03:12:59: Wait for main program running
[2025-08-30|03:12:59][INFO]  2025-08-30 03:12:59: Program is NOT running PROG_IDLE.
[2025-08-30|03:12:59][INFO]  2025-08-30 03:12:59: Wait for main program running
[2025-08-30|03:12:59][INFO]  2025-08-30 03:12:59: Program is NOT running PROG_IDLE.
[2025-08-30|03:12:59][INFO]  2025-08-30 03:12:59: Wait for main program running
[2025-08-30|03:12:59][INFO]  2025-08-30 03:12:59: Program is NOT running PROG_IDLE.
[2025-08-30|03:12:59][INFO]  2025-08-30 03:12:59: Wait for main program running
[2025-08-30|03:12:59][INFO]  2025-08-30 03:12:59: Program is NOT running PROG_IDLE.
[2025-08-30|03:12:59][INFO]  2025-08-30 03:12:59: Wait for main program running
[2025-08-30|03:12:59][INFO]  2025-08-30 03:12:59: Program is NOT running PROG_IDLE.
[2025-08-30|03:12:59][INFO]  2025-08-30 03:12:59: Wait for main program running
[2025-08-30|03:12:59][INFO]  2025-08-30 03:12:59: Program is NOT running PROG_IDLE.
[2025-08-30|03:12:59][INFO]  2025-08-30 03:12:59: Wait for main program running
[2025-08-30|03:12:59][INFO]  2025-08-30 03:12:59: Program is NOT running PROG_IDLE.
[2025-08-30|03:12:59][INFO]  2025-08-30 03:12:59: Wait for main program running
[2025-08-30|03:12:59][DEBUG] RobotFsmSequence: Trigger Event START_PROGRAM on NOT_READY_IDLE
[2025-08-30|03:12:59][INFO]  2025-08-30 03:12:59: [Robot FSM] Exit NotReadyIdleStrategy State.
[2025-08-30|03:12:59][DEBUG] RobotFsmSequence: Enter new state MOVE_TO_READY
[2025-08-30|03:12:59][INFO]  2025-08-30 03:12:59: [Robot FSM] Enter MoveToReadyStrategy State.
[2025-08-30|03:12:59][INFO]  2025-08-30 03:12:59: [Robot FSM] Start motion True move_to_ready  
[2025-08-30|03:12:59][INFO]  Command I600 : 100
[2025-08-30|03:13:01][INFO]  2025-08-30 03:13:01: [Robot FSM] Finish motion move_to_ready
[2025-08-30|03:13:01][DEBUG] RobotFsmSequence: Trigger Event DONE on MOVE_TO_READY
[2025-08-30|03:13:01][INFO]  2025-08-30 03:13:01: [Robot FSM] Exiting MoveToReadyStrategy State.
[2025-08-30|03:13:01][DEBUG] RobotFsmSequence: Enter new state READY_IDLE
[2025-08-30|03:13:01][INFO]  2025-08-30 03:13:01: [Robot FSM] Enter ReadyIdleStrategy State.
[2025-08-30|03:13:01][INFO]  Command I600 : 0
[2025-08-30|03:13:04][INFO]  [Basket 1] Waiting for recipe assignment lock.
[2025-08-30|03:13:04][INFO]  [Basket 1] Acquired recipe assignment lock.
[2025-08-30|03:13:04][INFO]  [Basket 1] Releasing recipe assignment lock.
[2025-08-30|03:13:04][INFO]  2025-08-30 03:13:04: [Basket 1 FSM] Assign new menu 1
[2025-08-30|03:13:04][DEBUG] DryRecipeFsmSequence: Trigger Event ASSIGN_MENU on NO_MENU
[2025-08-30|03:13:04][INFO]  2025-08-30 03:13:04: [Basket 1 FSM] Exit DryNoMenuStrategy State.
[2025-08-30|03:13:04][DEBUG] DryRecipeFsmSequence: Enter new state COOKING_READY
[2025-08-30|03:13:04][INFO]  2025-08-30 03:13:04: [Basket 1 FSM] Enter DryCookingReadyStrategy State.
[2025-08-30|03:13:04][INFO]  2025-08-30 03:13:04: [Basket 1 FSM] Start cooking.
[2025-08-30|03:13:04][DEBUG] DryRecipeFsmSequence: Trigger Event START_MENU on COOKING_READY
[2025-08-30|03:13:04][INFO]  2025-08-30 03:13:04: [Basket 1 FSM] Exit DryCookingReadyStrategy State.
[2025-08-30|03:13:04][DEBUG] DryRecipeFsmSequence: Enter new state MOVE_TO_FRYER
[2025-08-30|03:13:04][INFO]  2025-08-30 03:13:04: [Basket 1 FSM] Enter DryMoveToFryStrategy State.
[2025-08-30|03:13:04][INFO]  [Debug] Basket 1: putin_shake=True, type=<class 'bool'>
