[2025-09-04|09:47:50][INFO]  Blackboard initialized from projects/bulk_frying/configs/blackboard.json
[2025-09-04|09:47:52][INFO]  DEBUG: cooking_logger.py module is being loaded.
[2025-09-04|09:47:52][INFO]  IndyCare MQTT logging is enabled.
[2025-09-04|09:47:52][INFO]  [CookingLogger] Using MQTT Device ID: indyTestStep
[2025-09-04|09:47:52][INFO]  cooking_logger.py: CONNECT MQTT server success...
[2025-09-04|09:47:52][INFO]  [SYSTEM] Starting bulk_frying System...
[2025-09-04|09:47:53][INFO]  Init AppCommunication
[2025-09-04|09:47:53][DEBUG] RobotFsmSequence: Enter new state NOT_READY
[2025-09-04|09:47:53][INFO]  2025-09-04 09:47:53: Program is NOT running PROG_IDLE.
[2025-09-04|09:47:53][INFO]  2025-09-04 09:47:53: [Robot FSM] Enter NotReadyStrategy State.
[2025-09-04|09:47:53][INFO]  robot fsm run
[2025-09-04|09:47:53][INFO]  ProcessManager initialized with fry_type: dry
[2025-09-04|09:47:53][INFO]  dryfsm 1
[2025-09-04|09:47:53][DEBUG] DryRecipeFsmSequence: Enter new state NO_MENU
[2025-09-04|09:47:53][INFO]  2025-09-04 09:47:53: [Basket 1 FSM] Enter DryNoMenuStrategy State.
[2025-09-04|09:47:53][INFO]  dryfsm 2
[2025-09-04|09:47:53][DEBUG] RobotFsmSequence: Trigger Event DONE on NOT_READY
[2025-09-04|09:47:53][INFO]  2025-09-04 09:47:53: [Robot FSM] Exit NotReadyStrategy State.
[2025-09-04|09:47:53][DEBUG] RobotFsmSequence: Enter new state NOT_READY_IDLE
[2025-09-04|09:47:53][INFO]  2025-09-04 09:47:53: Program is NOT running PROG_IDLE.
[2025-09-04|09:47:53][INFO]  2025-09-04 09:47:53: [Robot FSM] Enter NotReadyIdleStrategy State.
[2025-09-04|09:47:53][DEBUG] DryRecipeFsmSequence: Enter new state NO_MENU
[2025-09-04|09:47:53][INFO]  2025-09-04 09:47:53: [Basket 2 FSM] Enter DryNoMenuStrategy State.
[2025-09-04|09:47:53][INFO]  dryfsm 3
[2025-09-04|09:47:53][DEBUG] DryRecipeFsmSequence: Enter new state NO_MENU
[2025-09-04|09:47:53][INFO]  2025-09-04 09:47:53: [Basket 3 FSM] Enter DryNoMenuStrategy State.
[2025-09-04|09:47:53][INFO]  dryfsm 4
[2025-09-04|09:47:53][DEBUG] DryRecipeFsmSequence: Enter new state NO_MENU
[2025-09-04|09:47:53][INFO]  2025-09-04 09:47:53: [Basket 4 FSM] Enter DryNoMenuStrategy State.
[2025-09-04|09:47:53][INFO]  dryfsm 5
[2025-09-04|09:47:53][DEBUG] DryRecipeFsmSequence: Enter new state NO_MENU
[2025-09-04|09:47:53][INFO]  2025-09-04 09:47:53: [Basket 5 FSM] Enter DryNoMenuStrategy State.
[2025-09-04|09:47:53][INFO]  dryfsm 6
[2025-09-04|09:47:53][DEBUG] DryRecipeFsmSequence: Enter new state NO_MENU
[2025-09-04|09:47:53][INFO]  2025-09-04 09:47:53: [Basket 6 FSM] Enter DryNoMenuStrategy State.
[2025-09-04|09:47:53][INFO]  dryfsm 7
[2025-09-04|09:47:53][DEBUG] DryRecipeFsmSequence: Enter new state NO_MENU
[2025-09-04|09:47:53][INFO]  2025-09-04 09:47:53: [Basket 7 FSM] Enter DryNoMenuStrategy State.
[2025-09-04|09:47:53][INFO]  dryfsm 8
[2025-09-04|09:47:53][DEBUG] DryRecipeFsmSequence: Enter new state NO_MENU
[2025-09-04|09:47:53][INFO]  2025-09-04 09:47:53: [Basket 8 FSM] Enter DryNoMenuStrategy State.
[2025-09-04|09:47:53][INFO]  dry fsm run
[2025-09-04|09:47:53][INFO]  1 fryer Index : 1
[2025-09-04|09:47:53][DEBUG] WetRecipeFsmSequence: Enter new state WAIT_PUTIN
[2025-09-04|09:47:53][INFO]  [SPECIAL] Basket 1: Reset putin_shake=0, shake_done=0
[2025-09-04|09:47:53][INFO]  2025-09-04 09:47:53: [Basket 1 FSM] Enter WaitPutinStrategy State.
[2025-09-04|09:47:53][INFO]  3 fryer Index : 1
[2025-09-04|09:47:53][DEBUG] WetRecipeFsmSequence: Enter new state WAIT_PUTIN
[2025-09-04|09:47:53][INFO]  [SPECIAL] Basket 3: Reset putin_shake=0, shake_done=0
[2025-09-04|09:47:53][INFO]  2025-09-04 09:47:53: [Basket 3 FSM] Enter WaitPutinStrategy State.
[2025-09-04|09:47:53][INFO]  6 fryer Index : 4
[2025-09-04|09:47:53][DEBUG] WetRecipeFsmSequence: Enter new state WAIT_PUTIN
[2025-09-04|09:47:53][INFO]  [SPECIAL] Basket 6: Reset putin_shake=0, shake_done=0
[2025-09-04|09:47:53][INFO]  2025-09-04 09:47:53: [Basket 6 FSM] Enter WaitPutinStrategy State.
[2025-09-04|09:47:53][INFO]  8 fryer Index : 4
[2025-09-04|09:47:53][DEBUG] WetRecipeFsmSequence: Enter new state WAIT_PUTIN
[2025-09-04|09:47:53][INFO]  [SPECIAL] Basket 8: Reset putin_shake=0, shake_done=0
[2025-09-04|09:47:53][INFO]  2025-09-04 09:47:53: [Basket 8 FSM] Enter WaitPutinStrategy State.
[2025-09-04|09:47:54][INFO]  wet fsm run
[2025-09-04|09:47:54][INFO]  [ProcessManager Init] Current Working Directory: /home/user/dev/runtest/Release/codex_agents_indycare
[2025-09-04|09:47:54][INFO]  [ProcessManager Init] Attempting to load config from: /home/user/dev/runtest/Release/codex_agents_indycare/projects/bulk_frying/configs/app_config.json
[2025-09-04|09:47:54][INFO]  [ProcessManager Init] Extracted eco_sensor_config: {'enabled': False, 'communication_type': 'socket', 'ip': '192.168.0.2', 'port': 5000, 'serial_port': '/dev/ttyUSB0', 'read_interval_minutes': 10, 'send_on_startup': True, 'max_retry_attempts': 3, 'retry_delay_seconds': 5}
[2025-09-04|09:47:54][WARN]  [ProcessManager Init] EcoSensor is not enabled or config not found. Skipping initialization.
[2025-09-04|09:47:54][INFO]  EcoSensor: Will send data immediately on first run.
[2025-09-04|09:47:54][INFO]  [SYSTEM] bulk_frying system initialized. Running...
[2025-09-04|10:31:03][INFO]  2025-09-04 10:31:03: [ProcessManager] Reset all recipes!
[2025-09-04|10:31:03][INFO]  [ProcessManager] `prog_stopped` flag has been manually reset.
[2025-09-04|10:31:03][INFO]  [SYSTEM] [DEBUG] Received request for full FSM reset.
[2025-09-04|10:31:03][INFO]  2025-09-04 10:31:03: Program is NOT running PROG_IDLE.
[2025-09-04|10:31:03][INFO]  [SYSTEM] [DEBUG] Re-initializing all FSMs without waiting for old threads.
[2025-09-04|10:31:03][INFO]  RobotFsmSequence: Stopping FSM service thread.
[2025-09-04|10:31:03][INFO]  RobotFsmSequence: FSM service thread stopped.
[2025-09-04|10:31:03][DEBUG] RobotFsmSequence: Enter new state NOT_READY
[2025-09-04|10:31:03][INFO]  2025-09-04 10:31:03: Program is NOT running PROG_IDLE.
[2025-09-04|10:31:03][INFO]  2025-09-04 10:31:03: [Robot FSM] Enter NotReadyStrategy State.
[2025-09-04|10:31:03][INFO]  [SYSTEM] [DEBUG] Robot FSM re-initialized.
[2025-09-04|10:31:03][INFO]  DryRecipeFsmSequence: Stopping FSM service thread.
[2025-09-04|10:31:03][INFO]  DryRecipeFsmSequence: FSM service thread stopped.
[2025-09-04|10:31:03][INFO]  DryRecipeFsmSequence: Stopping FSM service thread.
[2025-09-04|10:31:03][DEBUG] RobotFsmSequence: Trigger Event DONE on NOT_READY
[2025-09-04|10:31:03][INFO]  DryRecipeFsmSequence: FSM service thread stopped.
[2025-09-04|10:31:03][INFO]  DryRecipeFsmSequence: Stopping FSM service thread.
[2025-09-04|10:31:03][INFO]  DryRecipeFsmSequence: FSM service thread stopped.
[2025-09-04|10:31:03][INFO]  DryRecipeFsmSequence: Stopping FSM service thread.
[2025-09-04|10:31:03][INFO]  2025-09-04 10:31:03: [Robot FSM] Exit NotReadyStrategy State.
[2025-09-04|10:31:03][DEBUG] RobotFsmSequence: Enter new state NOT_READY_IDLE
[2025-09-04|10:31:03][INFO]  DryRecipeFsmSequence: FSM service thread stopped.
[2025-09-04|10:31:03][INFO]  DryRecipeFsmSequence: Stopping FSM service thread.
[2025-09-04|10:31:03][INFO]  DryRecipeFsmSequence: FSM service thread stopped.
[2025-09-04|10:31:03][INFO]  DryRecipeFsmSequence: Stopping FSM service thread.
[2025-09-04|10:31:03][INFO]  DryRecipeFsmSequence: FSM service thread stopped.
[2025-09-04|10:31:03][INFO]  DryRecipeFsmSequence: Stopping FSM service thread.
[2025-09-04|10:31:03][INFO]  DryRecipeFsmSequence: FSM service thread stopped.
[2025-09-04|10:31:03][INFO]  DryRecipeFsmSequence: Stopping FSM service thread.
[2025-09-04|10:31:03][INFO]  2025-09-04 10:31:03: Program is NOT running PROG_IDLE.
[2025-09-04|10:31:03][INFO]  DryRecipeFsmSequence: FSM service thread stopped.
[2025-09-04|10:31:03][INFO]  2025-09-04 10:31:03: [Robot FSM] Enter NotReadyIdleStrategy State.
[2025-09-04|10:31:03][INFO]  dryfsm 1
[2025-09-04|10:31:03][DEBUG] DryRecipeFsmSequence: Enter new state NO_MENU
[2025-09-04|10:31:03][INFO]  2025-09-04 10:31:03: [Basket 1 FSM] Enter DryNoMenuStrategy State.
[2025-09-04|10:31:03][INFO]  dryfsm 2
[2025-09-04|10:31:03][DEBUG] DryRecipeFsmSequence: Enter new state NO_MENU
[2025-09-04|10:31:03][INFO]  2025-09-04 10:31:03: [Basket 2 FSM] Enter DryNoMenuStrategy State.
[2025-09-04|10:31:03][INFO]  dryfsm 3
[2025-09-04|10:31:03][DEBUG] DryRecipeFsmSequence: Enter new state NO_MENU
[2025-09-04|10:31:03][INFO]  2025-09-04 10:31:03: [Basket 3 FSM] Enter DryNoMenuStrategy State.
[2025-09-04|10:31:03][INFO]  dryfsm 4
[2025-09-04|10:31:03][DEBUG] DryRecipeFsmSequence: Enter new state NO_MENU
[2025-09-04|10:31:03][INFO]  2025-09-04 10:31:03: [Basket 4 FSM] Enter DryNoMenuStrategy State.
[2025-09-04|10:31:03][INFO]  dryfsm 5
[2025-09-04|10:31:03][DEBUG] DryRecipeFsmSequence: Enter new state NO_MENU
[2025-09-04|10:31:04][INFO]  2025-09-04 10:31:03: [Basket 5 FSM] Enter DryNoMenuStrategy State.
[2025-09-04|10:31:04][INFO]  dryfsm 6
[2025-09-04|10:31:04][DEBUG] DryRecipeFsmSequence: Enter new state NO_MENU
[2025-09-04|10:31:04][INFO]  2025-09-04 10:31:04: [Basket 6 FSM] Enter DryNoMenuStrategy State.
[2025-09-04|10:31:04][INFO]  dryfsm 7
[2025-09-04|10:31:04][DEBUG] DryRecipeFsmSequence: Enter new state NO_MENU
[2025-09-04|10:31:04][INFO]  2025-09-04 10:31:04: [Basket 7 FSM] Enter DryNoMenuStrategy State.
[2025-09-04|10:31:04][INFO]  dryfsm 8
[2025-09-04|10:31:04][DEBUG] DryRecipeFsmSequence: Enter new state NO_MENU
[2025-09-04|10:31:04][INFO]  2025-09-04 10:31:04: [Basket 8 FSM] Enter DryNoMenuStrategy State.
[2025-09-04|10:31:04][INFO]  WetRecipeFsmSequence: Stopping FSM service thread.
[2025-09-04|10:31:04][INFO]  WetRecipeFsmSequence: FSM service thread stopped.
[2025-09-04|10:31:04][INFO]  WetRecipeFsmSequence: Stopping FSM service thread.
[2025-09-04|10:31:04][INFO]  WetRecipeFsmSequence: FSM service thread stopped.
[2025-09-04|10:31:04][INFO]  WetRecipeFsmSequence: Stopping FSM service thread.
[2025-09-04|10:31:04][INFO]  WetRecipeFsmSequence: FSM service thread stopped.
[2025-09-04|10:31:04][INFO]  WetRecipeFsmSequence: Stopping FSM service thread.
[2025-09-04|10:31:04][INFO]  WetRecipeFsmSequence: FSM service thread stopped.
[2025-09-04|10:31:04][INFO]  1 fryer Index : 1
[2025-09-04|10:31:04][DEBUG] WetRecipeFsmSequence: Enter new state WAIT_PUTIN
[2025-09-04|10:31:04][INFO]  [SPECIAL] Basket 1: Reset putin_shake=0, shake_done=0
[2025-09-04|10:31:04][INFO]  2025-09-04 10:31:04: [Basket 1 FSM] Enter WaitPutinStrategy State.
[2025-09-04|10:31:04][INFO]  3 fryer Index : 1
[2025-09-04|10:31:04][DEBUG] WetRecipeFsmSequence: Enter new state WAIT_PUTIN
[2025-09-04|10:31:04][INFO]  [SPECIAL] Basket 3: Reset putin_shake=0, shake_done=0
[2025-09-04|10:31:04][INFO]  2025-09-04 10:31:04: [Basket 3 FSM] Enter WaitPutinStrategy State.
[2025-09-04|10:31:04][INFO]  6 fryer Index : 4
[2025-09-04|10:31:04][DEBUG] WetRecipeFsmSequence: Enter new state WAIT_PUTIN
[2025-09-04|10:31:04][INFO]  [SPECIAL] Basket 6: Reset putin_shake=0, shake_done=0
[2025-09-04|10:31:04][INFO]  2025-09-04 10:31:04: [Basket 6 FSM] Enter WaitPutinStrategy State.
[2025-09-04|10:31:04][INFO]  8 fryer Index : 4
[2025-09-04|10:31:04][DEBUG] WetRecipeFsmSequence: Enter new state WAIT_PUTIN
[2025-09-04|10:31:04][INFO]  [SPECIAL] Basket 8: Reset putin_shake=0, shake_done=0
[2025-09-04|10:31:04][INFO]  2025-09-04 10:31:04: [Basket 8 FSM] Enter WaitPutinStrategy State.
[2025-09-04|10:31:04][INFO]  [SYSTEM] [DEBUG] All FSMs re-initialized.
[2025-09-04|10:31:05][DEBUG] cooking_logger.py: send_recipe_list_mqtt() called with data: [{'label': '', 'time': 0}, {'label': '만두', 'time': 60}, {'label': '', 'time': 0}, {'label': '', 'time': 0}, {'label': '', 'time': 0}, {'label': '', 'time': 0}, {'label': '', 'time': 0}, {'label': '', 'time': 0}, {'label': '', 'time': 0}, {'label': '', 'time': 0}, {'label': '', 'time': 0}]
[2025-09-04|10:31:05][DEBUG] cooking_logger.py: send_mqtt_log() called with data: {'recipeList': [{'label': '', 'time': 0}, {'label': '만두', 'time': 60}, {'label': '', 'time': 0}, {'label': '', 'time': 0}, {'label': '', 'time': 0}, {'label': '', 'time': 0}, {'label': '', 'time': 0}, {'label': '', 'time': 0}, {'label': '', 'time': 0}, {'label': '', 'time': 0}, {'label': '', 'time': 0}]}
[2025-09-04|10:31:05][DEBUG] cooking_logger.py: Publishing to topic 'v1/devices/me/telemetry' with payload: {'recipeList': [{'label': '', 'time': 0}, {'label': '만두', 'time': 60}, {'label': '', 'time': 0}, {'label': '', 'time': 0}, {'label': '', 'time': 0}, {'label': '', 'time': 0}, {'label': '', 'time': 0}, {'label': '', 'time': 0}, {'label': '', 'time': 0}, {'label': '', 'time': 0}, {'label': '', 'time': 0}]}
[2025-09-04|10:31:05][INFO]  cooking_logger.py: Successfully sent log to MQTT.
[2025-09-04|10:31:05][INFO]  -------- ui/recipe1/reset/recipe_name 191 True
[2025-09-04|10:31:05][INFO]  ---sdfsdfsdff=----------
[2025-09-04|10:31:12][INFO]  2025-09-04 10:31:12: [Robot FSM] Program Start.
[2025-09-04|10:31:12][ERROR] Start main program
[2025-09-04|10:31:12][INFO]  2025-09-04 10:31:12: Wait for main program running
[2025-09-04|10:31:12][INFO]  2025-09-04 10:31:12: Program is NOT running PROG_IDLE.
[2025-09-04|10:31:12][INFO]  2025-09-04 10:31:12: Wait for main program running
[2025-09-04|10:31:12][INFO]  2025-09-04 10:31:12: Program is NOT running PROG_IDLE.
[2025-09-04|10:31:12][INFO]  2025-09-04 10:31:12: Wait for main program running
[2025-09-04|10:31:12][INFO]  2025-09-04 10:31:12: Program is NOT running PROG_IDLE.
[2025-09-04|10:31:12][INFO]  2025-09-04 10:31:12: Wait for main program running
[2025-09-04|10:31:12][INFO]  2025-09-04 10:31:12: Program is NOT running PROG_IDLE.
[2025-09-04|10:31:12][INFO]  2025-09-04 10:31:12: Wait for main program running
[2025-09-04|10:31:12][INFO]  2025-09-04 10:31:12: Program is NOT running PROG_IDLE.
[2025-09-04|10:31:12][INFO]  2025-09-04 10:31:12: Wait for main program running
[2025-09-04|10:31:12][INFO]  2025-09-04 10:31:12: Program is NOT running PROG_IDLE.
[2025-09-04|10:31:13][INFO]  2025-09-04 10:31:13: Wait for main program running
[2025-09-04|10:31:13][INFO]  2025-09-04 10:31:13: Program is NOT running PROG_IDLE.
[2025-09-04|10:31:13][INFO]  2025-09-04 10:31:13: Wait for main program running
[2025-09-04|10:31:13][INFO]  2025-09-04 10:31:13: Program is NOT running PROG_IDLE.
[2025-09-04|10:31:13][INFO]  2025-09-04 10:31:13: Wait for main program running
[2025-09-04|10:31:13][INFO]  2025-09-04 10:31:13: Program is NOT running PROG_IDLE.
[2025-09-04|10:31:13][INFO]  2025-09-04 10:31:13: Wait for main program running
[2025-09-04|10:31:13][INFO]  2025-09-04 10:31:13: Program is NOT running PROG_IDLE.
[2025-09-04|10:31:13][INFO]  2025-09-04 10:31:13: Wait for main program running
[2025-09-04|10:31:13][DEBUG] RobotFsmSequence: Trigger Event START_PROGRAM on NOT_READY_IDLE
[2025-09-04|10:31:13][INFO]  2025-09-04 10:31:13: [Robot FSM] Exit NotReadyIdleStrategy State.
[2025-09-04|10:31:13][DEBUG] RobotFsmSequence: Enter new state MOVE_TO_READY
[2025-09-04|10:31:13][INFO]  2025-09-04 10:31:13: [Robot FSM] Enter MoveToReadyStrategy State.
[2025-09-04|10:31:13][INFO]  2025-09-04 10:31:13: [Robot FSM] Start motion True move_to_ready  
[2025-09-04|10:31:13][INFO]  Command I600 : 100
[2025-09-04|10:31:15][INFO]  2025-09-04 10:31:15: [Robot FSM] Finish motion move_to_ready
[2025-09-04|10:31:15][DEBUG] RobotFsmSequence: Trigger Event DONE on MOVE_TO_READY
[2025-09-04|10:31:15][INFO]  2025-09-04 10:31:15: [Robot FSM] Exiting MoveToReadyStrategy State.
[2025-09-04|10:31:15][DEBUG] RobotFsmSequence: Enter new state READY_IDLE
[2025-09-04|10:31:15][INFO]  2025-09-04 10:31:15: [Robot FSM] Enter ReadyIdleStrategy State.
[2025-09-04|10:31:15][INFO]  Command I600 : 0
[2025-09-04|10:31:18][INFO]  [Basket 2] Waiting for recipe assignment lock.
[2025-09-04|10:31:18][INFO]  [Basket 3] Waiting for recipe assignment lock.
[2025-09-04|10:31:18][INFO]  [Basket 2] Acquired recipe assignment lock.
[2025-09-04|10:31:18][INFO]  [Basket 2] Releasing recipe assignment lock.
[2025-09-04|10:31:18][INFO]  2025-09-04 10:31:18: [Basket 2 FSM] Assign new menu 1
[2025-09-04|10:31:18][INFO]  [Basket 1] Waiting for recipe assignment lock.
[2025-09-04|10:31:18][INFO]  [Basket 3] Acquired recipe assignment lock.
[2025-09-04|10:31:18][DEBUG] DryRecipeFsmSequence: Trigger Event ASSIGN_MENU on NO_MENU
[2025-09-04|10:31:18][INFO]  2025-09-04 10:31:18: [Basket 2 FSM] Exit DryNoMenuStrategy State.
[2025-09-04|10:31:18][DEBUG] DryRecipeFsmSequence: Enter new state COOKING_READY
[2025-09-04|10:31:18][INFO]  2025-09-04 10:31:18: [Basket 2 FSM] Enter DryCookingReadyStrategy State.
[2025-09-04|10:31:18][INFO]  2025-09-04 10:31:18: [Basket 2 FSM] Start cooking.
[2025-09-04|10:31:18][DEBUG] DryRecipeFsmSequence: Trigger Event START_MENU on COOKING_READY
[2025-09-04|10:31:18][INFO]  [Basket 3] Releasing recipe assignment lock.
[2025-09-04|10:31:18][INFO]  2025-09-04 10:31:18: [Basket 3 FSM] Assign new menu 1
[2025-09-04|10:31:18][INFO]  [Basket 1] Acquired recipe assignment lock.
[2025-09-04|10:31:19][INFO]  2025-09-04 10:31:18: [Basket 2 FSM] Exit DryCookingReadyStrategy State.
[2025-09-04|10:31:19][DEBUG] DryRecipeFsmSequence: Enter new state MOVE_TO_FRYER
[2025-09-04|10:31:19][INFO]  2025-09-04 10:31:19: [Basket 2 FSM] Enter DryMoveToFryStrategy State.
[2025-09-04|10:31:19][INFO]  [Debug] Basket 2: putin_shake=True, type=<class 'bool'>
[2025-09-04|10:31:19][DEBUG] DryRecipeFsmSequence: Trigger Event ASSIGN_MENU on NO_MENU
[2025-09-04|10:31:19][INFO]  2025-09-04 10:31:19: [Basket 3 FSM] Exit DryNoMenuStrategy State.
[2025-09-04|10:31:19][DEBUG] DryRecipeFsmSequence: Enter new state COOKING_READY
[2025-09-04|10:31:19][INFO]  2025-09-04 10:31:19: [Basket 3 FSM] Enter DryCookingReadyStrategy State.
[2025-09-04|10:31:19][INFO]  [Basket 1] Releasing recipe assignment lock.
[2025-09-04|10:31:19][INFO]  2025-09-04 10:31:19: [Basket 1 FSM] Assign new menu 1
[2025-09-04|10:31:19][DEBUG] DryRecipeFsmSequence: Trigger Event ASSIGN_MENU on NO_MENU
[2025-09-04|10:31:19][INFO]  2025-09-04 10:31:19: [Basket 1 FSM] Exit DryNoMenuStrategy State.
[2025-09-04|10:31:19][DEBUG] DryRecipeFsmSequence: Enter new state COOKING_READY
[2025-09-04|10:31:19][INFO]  2025-09-04 10:31:19: [Basket 1 FSM] Enter DryCookingReadyStrategy State.
[2025-09-04|10:31:19][INFO]  2025-09-04 10:31:19: [Basket 1 FSM] Start cooking.
[2025-09-04|10:31:19][DEBUG] DryRecipeFsmSequence: Trigger Event START_MENU on COOKING_READY
[2025-09-04|10:31:19][INFO]  2025-09-04 10:31:19: [Basket 1 FSM] Exit DryCookingReadyStrategy State.
[2025-09-04|10:31:19][DEBUG] DryRecipeFsmSequence: Enter new state MOVE_TO_FRYER
[2025-09-04|10:31:19][INFO]  2025-09-04 10:31:19: [Basket 1 FSM] Enter DryMoveToFryStrategy State.
[2025-09-04|10:31:19][INFO]  [Debug] Basket 1: putin_shake=True, type=<class 'bool'>
[2025-09-04|10:31:19][INFO]  [PriorityScheduler] Current priority list:
[2025-09-04|10:31:19][INFO]    - Basket 1 | Fryer: 1 | type: dry | State: MOVE_TO_FRYER | Shake_times : 0 | Elapsed: 0.0s | FinishRemain: 1000.0s | Priority: 3
[2025-09-04|10:31:19][INFO]    - Basket 2 | Fryer: 2 | type: dry | State: MOVE_TO_FRYER | Shake_times : 0 | Elapsed: 0.0s | FinishRemain: 1000.0s | Priority: 3
[2025-09-04|10:31:19][INFO]  trigger_to_fryer_motion 1
[2025-09-04|10:31:19][INFO]  2025-09-04 10:31:19: [ProcessManager] Trigger move_to_fryer motion [FSM 1, Basket 1, Fryer 1]
[2025-09-04|10:31:19][DEBUG] RobotFsmSequence: Trigger Event RUN_BASKET_TO_FRYER on READY_IDLE
[2025-09-04|10:31:19][INFO]  2025-09-04 10:31:19: [Robot FSM] Exiting ReadyIdleStrategy State.
[2025-09-04|10:31:19][DEBUG] RobotFsmSequence: Enter new state MOVE_BASKET_TO_FRYER
[2025-09-04|10:31:19][INFO]  2025-09-04 10:31:19: [Robot FSM] Enter MoveBasketToFryerStrategy State.
[2025-09-04|10:31:19][INFO]  2025-09-04 10:31:19: [Robot FSM] Start motion move_to_fryer with [basket 1, fryer 1]
[2025-09-04|10:31:19][INFO]  basket_to_fryer 311
[2025-09-04|10:31:19][INFO]  Command I600 : 311
[2025-09-04|10:31:19][INFO]  [Basket 5] Waiting for recipe assignment lock.
[2025-09-04|10:31:19][INFO]  [Basket 5] Acquired recipe assignment lock.
[2025-09-04|10:31:19][INFO]  [Basket 8] Waiting for recipe assignment lock.
[2025-09-04|10:31:19][INFO]  [Basket 6] Waiting for recipe assignment lock.
[2025-09-04|10:31:19][INFO]  [Basket 4] Waiting for recipe assignment lock.
[2025-09-04|10:31:19][INFO]  [Basket 7] Waiting for recipe assignment lock.
[2025-09-04|10:31:19][INFO]  [Basket 5] Releasing recipe assignment lock.
[2025-09-04|10:31:19][INFO]  2025-09-04 10:31:19: [Basket 5 FSM] Assign new menu 1
[2025-09-04|10:31:19][INFO]  [Basket 8] Acquired recipe assignment lock.
[2025-09-04|10:31:19][DEBUG] DryRecipeFsmSequence: Trigger Event ASSIGN_MENU on NO_MENU
[2025-09-04|10:31:19][INFO]  2025-09-04 10:31:19: [Basket 5 FSM] Exit DryNoMenuStrategy State.
[2025-09-04|10:31:19][DEBUG] DryRecipeFsmSequence: Enter new state COOKING_READY
[2025-09-04|10:31:19][INFO]  2025-09-04 10:31:19: [Basket 5 FSM] Enter DryCookingReadyStrategy State.
[2025-09-04|10:31:19][INFO]  2025-09-04 10:31:19: [Basket 5 FSM] Start cooking.
[2025-09-04|10:31:19][DEBUG] DryRecipeFsmSequence: Trigger Event START_MENU on COOKING_READY
[2025-09-04|10:31:19][INFO]  2025-09-04 10:31:19: [Basket 5 FSM] Exit DryCookingReadyStrategy State.
[2025-09-04|10:31:19][DEBUG] DryRecipeFsmSequence: Enter new state MOVE_TO_FRYER
[2025-09-04|10:31:19][INFO]  [Basket 8] Releasing recipe assignment lock.
[2025-09-04|10:31:19][INFO]  [Basket 6] Acquired recipe assignment lock.
[2025-09-04|10:31:19][INFO]  [Basket 6] Releasing recipe assignment lock.
[2025-09-04|10:31:19][INFO]  [Basket 4] Acquired recipe assignment lock.
[2025-09-04|10:31:19][INFO]  2025-09-04 10:31:19: [Basket 8 FSM] Assign new menu 1
[2025-09-04|10:31:19][DEBUG] DryRecipeFsmSequence: Trigger Event ASSIGN_MENU on NO_MENU
[2025-09-04|10:31:19][INFO]  2025-09-04 10:31:19: [Basket 8 FSM] Exit DryNoMenuStrategy State.
[2025-09-04|10:31:19][DEBUG] DryRecipeFsmSequence: Enter new state COOKING_READY
[2025-09-04|10:31:19][INFO]  2025-09-04 10:31:19: [Basket 8 FSM] Enter DryCookingReadyStrategy State.
[2025-09-04|10:31:19][INFO]  2025-09-04 10:31:19: [Basket 6 FSM] Assign new menu 1
[2025-09-04|10:31:19][INFO]  [Basket 4] Releasing recipe assignment lock.
[2025-09-04|10:31:19][INFO]  [Basket 7] Acquired recipe assignment lock.
[2025-09-04|10:31:19][DEBUG] DryRecipeFsmSequence: Trigger Event ASSIGN_MENU on NO_MENU
[2025-09-04|10:31:19][INFO]  2025-09-04 10:31:19: [Basket 5 FSM] Enter DryMoveToFryStrategy State.
[2025-09-04|10:31:19][INFO]  [Debug] Basket 5: putin_shake=True, type=<class 'bool'>
[2025-09-04|10:31:19][INFO]  2025-09-04 10:31:19: [Basket 4 FSM] Assign new menu 1
[2025-09-04|10:31:19][DEBUG] DryRecipeFsmSequence: Trigger Event ASSIGN_MENU on NO_MENU
[2025-09-04|10:31:19][INFO]  [Basket 7] Releasing recipe assignment lock.
[2025-09-04|10:31:19][INFO]  2025-09-04 10:31:19: [Basket 4 FSM] Exit DryNoMenuStrategy State.
[2025-09-04|10:31:19][INFO]  2025-09-04 10:31:19: [Basket 6 FSM] Exit DryNoMenuStrategy State.
[2025-09-04|10:31:19][DEBUG] DryRecipeFsmSequence: Enter new state COOKING_READY
[2025-09-04|10:31:19][INFO]  2025-09-04 10:31:19: [Basket 4 FSM] Enter DryCookingReadyStrategy State.
[2025-09-04|10:31:19][INFO]  2025-09-04 10:31:19: [Basket 7 FSM] Assign new menu 1
[2025-09-04|10:31:19][DEBUG] DryRecipeFsmSequence: Trigger Event ASSIGN_MENU on NO_MENU
[2025-09-04|10:31:19][INFO]  2025-09-04 10:31:19: [Basket 7 FSM] Exit DryNoMenuStrategy State.
[2025-09-04|10:31:19][DEBUG] DryRecipeFsmSequence: Enter new state COOKING_READY
[2025-09-04|10:31:19][INFO]  2025-09-04 10:31:19: [Basket 7 FSM] Enter DryCookingReadyStrategy State.
[2025-09-04|10:31:19][DEBUG] DryRecipeFsmSequence: Enter new state COOKING_READY
[2025-09-04|10:31:19][INFO]  2025-09-04 10:31:19: [Basket 6 FSM] Enter DryCookingReadyStrategy State.
[2025-09-04|10:31:19][INFO]  2025-09-04 10:31:19: [Basket 6 FSM] Start cooking.
[2025-09-04|10:31:19][DEBUG] DryRecipeFsmSequence: Trigger Event START_MENU on COOKING_READY
[2025-09-04|10:31:19][INFO]  2025-09-04 10:31:19: [Basket 6 FSM] Exit DryCookingReadyStrategy State.
[2025-09-04|10:31:19][DEBUG] DryRecipeFsmSequence: Enter new state MOVE_TO_FRYER
[2025-09-04|10:31:19][INFO]  2025-09-04 10:31:19: [Basket 6 FSM] Enter DryMoveToFryStrategy State.
[2025-09-04|10:31:19][INFO]  [Debug] Basket 6: putin_shake=True, type=<class 'bool'>
[2025-09-04|10:32:00][INFO]  2025-09-04 10:32:00: Program stopped by App.
[2025-09-04|10:32:00][INFO]  [DEBUG] stop_program: Sending stop command to Conty.
[2025-09-04|10:32:00][INFO]  [DEBUG] stop_program: Waiting for Conty program to stop. Current state: PROG_RUNNING
[2025-09-04|10:32:00][INFO]  Stop program!!
[2025-09-04|10:32:01][INFO]  [DEBUG] stop_program: Waiting for Conty program to stop. Current state: PROG_RUNNING
[2025-09-04|10:32:01][WARN]  [ProcessManager] Program stop detected. Resetting all motion triggers to prevent deadlock.
[2025-09-04|10:32:01][INFO]  [DEBUG] stop_program: Waiting for Conty program to stop. Current state: PROG_STOPPING
[2025-09-04|10:32:01][INFO]  [DEBUG] stop_program: Waiting for Conty program to stop. Current state: PROG_STOPPING
[2025-09-04|10:32:01][INFO]  [DEBUG] stop_program: Conty program confirmed to be in IDLE state.
[2025-09-04|10:32:01][DEBUG] RobotFsmSequence: Trigger Event STOP on MOVE_BASKET_TO_FRYER
[2025-09-04|10:32:01][INFO]  2025-09-04 10:32:01: Exit MoveBasketToFryerStrategy State.
[2025-09-04|10:32:01][DEBUG] RobotFsmSequence: Enter new state FINISHING_MOTION
[2025-09-04|10:32:01][INFO]  2025-09-04 10:32:01: [Robot FSM] Enter FinishingMotionStrategy State. Waiting for motion to finish or program to stop.
[2025-09-04|10:32:01][INFO]  2025-09-04 10:32:01: Program is NOT running PROG_IDLE.
[2025-09-04|10:32:01][WARN]  2025-09-04 10:32:01: [Robot FSM] Program has stopped. Forcing FINISH_MOTION to DONE.
[2025-09-04|10:32:01][DEBUG] RobotFsmSequence: Trigger Event DONE on FINISHING_MOTION
[2025-09-04|10:32:01][INFO]  2025-09-04 10:32:01: [Robot FSM] Exit FinishingMotionStrategy State.
[2025-09-04|10:32:01][DEBUG] RobotFsmSequence: Enter new state NOT_READY_IDLE
[2025-09-04|10:32:01][INFO]  2025-09-04 10:32:01: Program is NOT running PROG_IDLE.
[2025-09-04|10:32:01][INFO]  2025-09-04 10:32:01: [Robot FSM] Enter NotReadyIdleStrategy State.
[2025-09-04|10:32:01][ERROR] 2025-09-04 10:32:01: [Robot FSM] Violation detected [indy_state=OP_SYSTEM_RESET, violation_code=VIOLATION]
[2025-09-04|10:32:01][ERROR] 2025-09-04 10:32:01: [Robot FSM] Violation detected [indy_state=OP_SYSTEM_RESET, violation_code=VIOLATION]
[2025-09-04|10:32:01][INFO]  Command I600 : 0
[2025-09-04|10:32:09][INFO]  2025-09-04 10:32:09: [ProcessManager] Reset all recipes!
[2025-09-04|10:32:09][INFO]  [ProcessManager] `prog_stopped` flag has been manually reset.
[2025-09-04|10:32:09][INFO]  [SYSTEM] [DEBUG] Received request for full FSM reset.
[2025-09-04|10:32:09][INFO]  2025-09-04 10:32:09: Program is NOT running PROG_IDLE.
[2025-09-04|10:32:09][INFO]  [SYSTEM] [DEBUG] Re-initializing all FSMs without waiting for old threads.
[2025-09-04|10:32:09][INFO]  RobotFsmSequence: Stopping FSM service thread.
[2025-09-04|10:32:09][INFO]  RobotFsmSequence: FSM service thread stopped.
[2025-09-04|10:32:09][DEBUG] RobotFsmSequence: Enter new state NOT_READY
[2025-09-04|10:32:09][INFO]  2025-09-04 10:32:09: Program is NOT running PROG_IDLE.
[2025-09-04|10:32:09][INFO]  2025-09-04 10:32:09: [Robot FSM] Enter NotReadyStrategy State.
[2025-09-04|10:32:09][INFO]  [SYSTEM] [DEBUG] Robot FSM re-initialized.
[2025-09-04|10:32:09][INFO]  DryRecipeFsmSequence: Stopping FSM service thread.
[2025-09-04|10:32:09][INFO]  DryRecipeFsmSequence: FSM service thread stopped.
[2025-09-04|10:32:09][INFO]  DryRecipeFsmSequence: Stopping FSM service thread.
[2025-09-04|10:32:09][DEBUG] RobotFsmSequence: Trigger Event DONE on NOT_READY
[2025-09-04|10:32:09][INFO]  DryRecipeFsmSequence: FSM service thread stopped.
[2025-09-04|10:32:09][INFO]  DryRecipeFsmSequence: Stopping FSM service thread.
[2025-09-04|10:32:09][INFO]  2025-09-04 10:32:09: [Robot FSM] Exit NotReadyStrategy State.
[2025-09-04|10:32:09][DEBUG] RobotFsmSequence: Enter new state NOT_READY_IDLE
[2025-09-04|10:32:09][INFO]  2025-09-04 10:32:09: Program is NOT running PROG_IDLE.
[2025-09-04|10:32:09][INFO]  2025-09-04 10:32:09: [Robot FSM] Enter NotReadyIdleStrategy State.
[2025-09-04|10:32:09][INFO]  DryRecipeFsmSequence: FSM service thread stopped.
[2025-09-04|10:32:09][INFO]  DryRecipeFsmSequence: Stopping FSM service thread.
[2025-09-04|10:32:09][INFO]  DryRecipeFsmSequence: FSM service thread stopped.
[2025-09-04|10:32:09][INFO]  DryRecipeFsmSequence: Stopping FSM service thread.
[2025-09-04|10:32:09][INFO]  DryRecipeFsmSequence: FSM service thread stopped.
[2025-09-04|10:32:09][INFO]  DryRecipeFsmSequence: Stopping FSM service thread.
[2025-09-04|10:32:09][INFO]  DryRecipeFsmSequence: FSM service thread stopped.
[2025-09-04|10:32:09][INFO]  DryRecipeFsmSequence: Stopping FSM service thread.
[2025-09-04|10:32:09][INFO]  DryRecipeFsmSequence: FSM service thread stopped.
[2025-09-04|10:32:09][INFO]  DryRecipeFsmSequence: Stopping FSM service thread.
[2025-09-04|10:32:09][INFO]  DryRecipeFsmSequence: FSM service thread stopped.
[2025-09-04|10:32:09][INFO]  dryfsm 1
[2025-09-04|10:32:09][DEBUG] DryRecipeFsmSequence: Enter new state NO_MENU
[2025-09-04|10:32:09][INFO]  2025-09-04 10:32:09: [Basket 1 FSM] Enter DryNoMenuStrategy State.
[2025-09-04|10:32:09][INFO]  dryfsm 2
[2025-09-04|10:32:10][DEBUG] DryRecipeFsmSequence: Enter new state NO_MENU
[2025-09-04|10:32:10][INFO]  2025-09-04 10:32:10: [Basket 2 FSM] Enter DryNoMenuStrategy State.
[2025-09-04|10:32:10][INFO]  dryfsm 3
[2025-09-04|10:32:10][DEBUG] DryRecipeFsmSequence: Enter new state NO_MENU
[2025-09-04|10:32:10][INFO]  2025-09-04 10:32:10: [Basket 3 FSM] Enter DryNoMenuStrategy State.
[2025-09-04|10:32:10][INFO]  dryfsm 4
[2025-09-04|10:32:10][DEBUG] DryRecipeFsmSequence: Enter new state NO_MENU
[2025-09-04|10:32:10][INFO]  2025-09-04 10:32:10: [Basket 4 FSM] Enter DryNoMenuStrategy State.
[2025-09-04|10:32:10][INFO]  dryfsm 5
[2025-09-04|10:32:10][DEBUG] DryRecipeFsmSequence: Enter new state NO_MENU
[2025-09-04|10:32:10][INFO]  2025-09-04 10:32:10: [Basket 5 FSM] Enter DryNoMenuStrategy State.
[2025-09-04|10:32:10][INFO]  dryfsm 6
[2025-09-04|10:32:10][DEBUG] DryRecipeFsmSequence: Enter new state NO_MENU
[2025-09-04|10:32:10][INFO]  2025-09-04 10:32:10: [Basket 6 FSM] Enter DryNoMenuStrategy State.
[2025-09-04|10:32:10][INFO]  dryfsm 7
[2025-09-04|10:32:10][DEBUG] DryRecipeFsmSequence: Enter new state NO_MENU
[2025-09-04|10:32:10][INFO]  2025-09-04 10:32:10: [Basket 7 FSM] Enter DryNoMenuStrategy State.
[2025-09-04|10:32:10][INFO]  dryfsm 8
[2025-09-04|10:32:10][DEBUG] DryRecipeFsmSequence: Enter new state NO_MENU
[2025-09-04|10:32:10][INFO]  2025-09-04 10:32:10: [Basket 8 FSM] Enter DryNoMenuStrategy State.
[2025-09-04|10:32:10][INFO]  WetRecipeFsmSequence: Stopping FSM service thread.
[2025-09-04|10:32:10][INFO]  WetRecipeFsmSequence: FSM service thread stopped.
[2025-09-04|10:32:10][INFO]  WetRecipeFsmSequence: Stopping FSM service thread.
[2025-09-04|10:32:10][INFO]  WetRecipeFsmSequence: FSM service thread stopped.
[2025-09-04|10:32:10][INFO]  WetRecipeFsmSequence: Stopping FSM service thread.
[2025-09-04|10:32:10][INFO]  WetRecipeFsmSequence: FSM service thread stopped.
[2025-09-04|10:32:10][INFO]  WetRecipeFsmSequence: Stopping FSM service thread.
[2025-09-04|10:32:10][INFO]  WetRecipeFsmSequence: FSM service thread stopped.
[2025-09-04|10:32:10][INFO]  1 fryer Index : 1
[2025-09-04|10:32:10][DEBUG] WetRecipeFsmSequence: Enter new state WAIT_PUTIN
[2025-09-04|10:32:10][INFO]  [SPECIAL] Basket 1: Reset putin_shake=0, shake_done=0
[2025-09-04|10:32:10][INFO]  2025-09-04 10:32:10: [Basket 1 FSM] Enter WaitPutinStrategy State.
[2025-09-04|10:32:10][INFO]  3 fryer Index : 1
[2025-09-04|10:32:10][DEBUG] WetRecipeFsmSequence: Enter new state WAIT_PUTIN
[2025-09-04|10:32:10][INFO]  [SPECIAL] Basket 3: Reset putin_shake=0, shake_done=0
[2025-09-04|10:32:10][INFO]  2025-09-04 10:32:10: [Basket 3 FSM] Enter WaitPutinStrategy State.
[2025-09-04|10:32:10][INFO]  6 fryer Index : 4
[2025-09-04|10:32:10][DEBUG] WetRecipeFsmSequence: Enter new state WAIT_PUTIN
[2025-09-04|10:32:10][INFO]  [SPECIAL] Basket 6: Reset putin_shake=0, shake_done=0
[2025-09-04|10:32:10][INFO]  2025-09-04 10:32:10: [Basket 6 FSM] Enter WaitPutinStrategy State.
[2025-09-04|10:32:10][INFO]  8 fryer Index : 4
[2025-09-04|10:32:10][DEBUG] WetRecipeFsmSequence: Enter new state WAIT_PUTIN
[2025-09-04|10:32:10][INFO]  [SPECIAL] Basket 8: Reset putin_shake=0, shake_done=0
[2025-09-04|10:32:10][INFO]  2025-09-04 10:32:10: [Basket 8 FSM] Enter WaitPutinStrategy State.
[2025-09-04|10:32:10][INFO]  [SYSTEM] [DEBUG] All FSMs re-initialized.
[2025-09-04|10:32:17][INFO]  2025-09-04 10:32:17: [Robot FSM] Program Start.
[2025-09-04|10:32:17][ERROR] Start main program
[2025-09-04|10:32:17][INFO]  2025-09-04 10:32:17: Wait for main program running
[2025-09-04|10:32:17][INFO]  2025-09-04 10:32:17: Program is NOT running PROG_IDLE.
[2025-09-04|10:32:17][INFO]  2025-09-04 10:32:17: Wait for main program running
[2025-09-04|10:32:17][INFO]  2025-09-04 10:32:17: Program is NOT running PROG_IDLE.
[2025-09-04|10:32:17][INFO]  2025-09-04 10:32:17: Wait for main program running
[2025-09-04|10:32:17][INFO]  2025-09-04 10:32:17: Program is NOT running PROG_IDLE.
[2025-09-04|10:32:17][INFO]  2025-09-04 10:32:17: Wait for main program running
[2025-09-04|10:32:17][INFO]  2025-09-04 10:32:17: Program is NOT running PROG_IDLE.
[2025-09-04|10:32:17][INFO]  2025-09-04 10:32:17: Wait for main program running
[2025-09-04|10:32:17][INFO]  2025-09-04 10:32:17: Program is NOT running PROG_IDLE.
[2025-09-04|10:32:18][INFO]  2025-09-04 10:32:18: Wait for main program running
[2025-09-04|10:32:18][INFO]  2025-09-04 10:32:18: Program is NOT running PROG_IDLE.
[2025-09-04|10:32:18][INFO]  2025-09-04 10:32:18: Wait for main program running
[2025-09-04|10:32:18][INFO]  2025-09-04 10:32:18: Program is NOT running PROG_IDLE.
[2025-09-04|10:32:18][INFO]  2025-09-04 10:32:18: Wait for main program running
[2025-09-04|10:32:18][INFO]  2025-09-04 10:32:18: Program is NOT running PROG_IDLE.
[2025-09-04|10:32:18][INFO]  2025-09-04 10:32:18: Wait for main program running
[2025-09-04|10:32:18][DEBUG] RobotFsmSequence: Trigger Event START_PROGRAM on NOT_READY_IDLE
[2025-09-04|10:32:18][INFO]  2025-09-04 10:32:18: [Robot FSM] Exit NotReadyIdleStrategy State.
[2025-09-04|10:32:18][DEBUG] RobotFsmSequence: Enter new state MOVE_TO_READY
[2025-09-04|10:32:18][INFO]  2025-09-04 10:32:18: [Robot FSM] Enter MoveToReadyStrategy State.
[2025-09-04|10:32:18][INFO]  2025-09-04 10:32:18: [Robot FSM] Start motion True move_to_ready  
[2025-09-04|10:32:18][INFO]  Command I600 : 100
[2025-09-04|10:32:20][INFO]  2025-09-04 10:32:20: [Robot FSM] Finish motion move_to_ready
[2025-09-04|10:32:20][DEBUG] RobotFsmSequence: Trigger Event DONE on MOVE_TO_READY
[2025-09-04|10:32:20][INFO]  2025-09-04 10:32:20: [Robot FSM] Exiting MoveToReadyStrategy State.
[2025-09-04|10:32:20][DEBUG] RobotFsmSequence: Enter new state READY_IDLE
[2025-09-04|10:32:20][INFO]  2025-09-04 10:32:20: [Robot FSM] Enter ReadyIdleStrategy State.
[2025-09-04|10:32:20][INFO]  Command I600 : 0
[2025-09-04|10:32:26][INFO]  [Basket 2] Waiting for recipe assignment lock.
[2025-09-04|10:32:26][INFO]  [Basket 2] Acquired recipe assignment lock.
[2025-09-04|10:32:26][INFO]  [Basket 1] Waiting for recipe assignment lock.
[2025-09-04|10:32:26][INFO]  [Basket 2] Releasing recipe assignment lock.
[2025-09-04|10:32:26][INFO]  [Basket 1] Acquired recipe assignment lock.
[2025-09-04|10:32:27][INFO]  2025-09-04 10:32:26: [Basket 2 FSM] Assign new menu 1
[2025-09-04|10:32:27][INFO]  [Basket 1] Releasing recipe assignment lock.
[2025-09-04|10:32:27][DEBUG] DryRecipeFsmSequence: Trigger Event ASSIGN_MENU on NO_MENU
[2025-09-04|10:32:27][INFO]  2025-09-04 10:32:27: [Basket 2 FSM] Exit DryNoMenuStrategy State.
[2025-09-04|10:32:27][DEBUG] DryRecipeFsmSequence: Enter new state COOKING_READY
[2025-09-04|10:32:27][INFO]  2025-09-04 10:32:27: [Basket 2 FSM] Enter DryCookingReadyStrategy State.
[2025-09-04|10:32:27][INFO]  2025-09-04 10:32:27: [Basket 2 FSM] Start cooking.
[2025-09-04|10:32:27][INFO]  2025-09-04 10:32:27: [Basket 1 FSM] Assign new menu 1
[2025-09-04|10:32:27][DEBUG] DryRecipeFsmSequence: Trigger Event ASSIGN_MENU on NO_MENU
[2025-09-04|10:32:27][DEBUG] DryRecipeFsmSequence: Trigger Event START_MENU on COOKING_READY
[2025-09-04|10:32:27][INFO]  2025-09-04 10:32:27: [Basket 1 FSM] Exit DryNoMenuStrategy State.
[2025-09-04|10:32:27][DEBUG] DryRecipeFsmSequence: Enter new state COOKING_READY
[2025-09-04|10:32:27][INFO]  2025-09-04 10:32:27: [Basket 1 FSM] Enter DryCookingReadyStrategy State.
[2025-09-04|10:32:27][INFO]  2025-09-04 10:32:27: [Basket 1 FSM] Start cooking.
[2025-09-04|10:32:27][DEBUG] DryRecipeFsmSequence: Trigger Event START_MENU on COOKING_READY
[2025-09-04|10:32:27][INFO]  2025-09-04 10:32:27: [Basket 2 FSM] Exit DryCookingReadyStrategy State.
[2025-09-04|10:32:27][DEBUG] DryRecipeFsmSequence: Enter new state MOVE_TO_FRYER
[2025-09-04|10:32:27][INFO]  2025-09-04 10:32:27: [Basket 2 FSM] Enter DryMoveToFryStrategy State.
[2025-09-04|10:32:27][INFO]  2025-09-04 10:32:27: [Basket 1 FSM] Exit DryCookingReadyStrategy State.
[2025-09-04|10:32:27][DEBUG] DryRecipeFsmSequence: Enter new state MOVE_TO_FRYER
[2025-09-04|10:32:27][INFO]  2025-09-04 10:32:27: [Basket 1 FSM] Enter DryMoveToFryStrategy State.
[2025-09-04|10:32:27][INFO]  [Debug] Basket 1: putin_shake=True, type=<class 'bool'>
[2025-09-04|10:32:27][INFO]  [Debug] Basket 2: putin_shake=True, type=<class 'bool'>
[2025-09-04|10:32:27][INFO]  [Basket 8] Waiting for recipe assignment lock.
[2025-09-04|10:32:27][INFO]  [Basket 8] Acquired recipe assignment lock.
[2025-09-04|10:32:27][INFO]  [Basket 3] Waiting for recipe assignment lock.
[2025-09-04|10:32:27][INFO]  [Basket 7] Waiting for recipe assignment lock.
[2025-09-04|10:32:27][INFO]  [Basket 5] Waiting for recipe assignment lock.
[2025-09-04|10:32:27][INFO]  [Basket 4] Waiting for recipe assignment lock.
[2025-09-04|10:32:27][INFO]  [Basket 6] Waiting for recipe assignment lock.
[2025-09-04|10:32:27][INFO]  [Basket 8] Releasing recipe assignment lock.
[2025-09-04|10:32:27][INFO]  [Basket 3] Acquired recipe assignment lock.
[2025-09-04|10:32:27][INFO]  [Basket 3] Releasing recipe assignment lock.
[2025-09-04|10:32:27][INFO]  [Basket 7] Acquired recipe assignment lock.
[2025-09-04|10:32:27][INFO]  2025-09-04 10:32:27: [Basket 8 FSM] Assign new menu 1
[2025-09-04|10:32:27][INFO]  2025-09-04 10:32:27: [Basket 3 FSM] Assign new menu 1
[2025-09-04|10:32:27][DEBUG] DryRecipeFsmSequence: Trigger Event ASSIGN_MENU on NO_MENU
[2025-09-04|10:32:27][INFO]  2025-09-04 10:32:27: [Basket 3 FSM] Exit DryNoMenuStrategy State.
[2025-09-04|10:32:27][DEBUG] DryRecipeFsmSequence: Enter new state COOKING_READY
[2025-09-04|10:32:27][INFO]  2025-09-04 10:32:27: [Basket 3 FSM] Enter DryCookingReadyStrategy State.
[2025-09-04|10:32:27][DEBUG] DryRecipeFsmSequence: Trigger Event ASSIGN_MENU on NO_MENU
[2025-09-04|10:32:27][INFO]  2025-09-04 10:32:27: [Basket 8 FSM] Exit DryNoMenuStrategy State.
[2025-09-04|10:32:27][DEBUG] DryRecipeFsmSequence: Enter new state COOKING_READY
[2025-09-04|10:32:27][INFO]  2025-09-04 10:32:27: [Basket 8 FSM] Enter DryCookingReadyStrategy State.
[2025-09-04|10:32:27][INFO]  [Basket 7] Releasing recipe assignment lock.
[2025-09-04|10:32:27][INFO]  [Basket 5] Acquired recipe assignment lock.
[2025-09-04|10:32:27][INFO]  [Basket 5] Releasing recipe assignment lock.
[2025-09-04|10:32:27][INFO]  [Basket 4] Acquired recipe assignment lock.
[2025-09-04|10:32:27][INFO]  [Basket 4] Releasing recipe assignment lock.
[2025-09-04|10:32:27][INFO]  [Basket 6] Acquired recipe assignment lock.
[2025-09-04|10:32:27][INFO]  [Basket 6] Releasing recipe assignment lock.
[2025-09-04|10:32:27][INFO]  2025-09-04 10:32:27: [Basket 6 FSM] Assign new menu 1
[2025-09-04|10:32:27][DEBUG] DryRecipeFsmSequence: Trigger Event ASSIGN_MENU on NO_MENU
[2025-09-04|10:32:27][INFO]  2025-09-04 10:32:27: [Basket 6 FSM] Exit DryNoMenuStrategy State.
[2025-09-04|10:32:27][DEBUG] DryRecipeFsmSequence: Enter new state COOKING_READY
[2025-09-04|10:32:27][INFO]  2025-09-04 10:32:27: [Basket 6 FSM] Enter DryCookingReadyStrategy State.
[2025-09-04|10:32:27][INFO]  2025-09-04 10:32:27: [Basket 6 FSM] Start cooking.
[2025-09-04|10:32:27][DEBUG] DryRecipeFsmSequence: Trigger Event START_MENU on COOKING_READY
[2025-09-04|10:32:27][INFO]  2025-09-04 10:32:27: [Basket 7 FSM] Assign new menu 1
[2025-09-04|10:32:27][DEBUG] DryRecipeFsmSequence: Trigger Event ASSIGN_MENU on NO_MENU
[2025-09-04|10:32:27][INFO]  2025-09-04 10:32:27: [Basket 7 FSM] Exit DryNoMenuStrategy State.
[2025-09-04|10:32:27][DEBUG] DryRecipeFsmSequence: Enter new state COOKING_READY
[2025-09-04|10:32:27][INFO]  2025-09-04 10:32:27: [Basket 7 FSM] Enter DryCookingReadyStrategy State.
[2025-09-04|10:32:27][INFO]  2025-09-04 10:32:27: [Basket 4 FSM] Assign new menu 1
[2025-09-04|10:32:27][DEBUG] DryRecipeFsmSequence: Trigger Event ASSIGN_MENU on NO_MENU
[2025-09-04|10:32:27][INFO]  2025-09-04 10:32:27: [Basket 4 FSM] Exit DryNoMenuStrategy State.
[2025-09-04|10:32:27][DEBUG] DryRecipeFsmSequence: Enter new state COOKING_READY
[2025-09-04|10:32:27][INFO]  2025-09-04 10:32:27: [Basket 5 FSM] Assign new menu 1
[2025-09-04|10:32:27][DEBUG] DryRecipeFsmSequence: Trigger Event ASSIGN_MENU on NO_MENU
[2025-09-04|10:32:27][INFO]  2025-09-04 10:32:27: [Basket 5 FSM] Exit DryNoMenuStrategy State.
[2025-09-04|10:32:27][DEBUG] DryRecipeFsmSequence: Enter new state COOKING_READY
[2025-09-04|10:32:27][INFO]  2025-09-04 10:32:27: [Basket 5 FSM] Enter DryCookingReadyStrategy State.
[2025-09-04|10:32:27][INFO]  2025-09-04 10:32:27: [Basket 5 FSM] Start cooking.
[2025-09-04|10:32:27][DEBUG] DryRecipeFsmSequence: Trigger Event START_MENU on COOKING_READY
[2025-09-04|10:32:27][INFO]  2025-09-04 10:32:27: [Basket 4 FSM] Enter DryCookingReadyStrategy State.
[2025-09-04|10:32:27][INFO]  2025-09-04 10:32:27: [Basket 5 FSM] Exit DryCookingReadyStrategy State.
[2025-09-04|10:32:27][DEBUG] DryRecipeFsmSequence: Enter new state MOVE_TO_FRYER
[2025-09-04|10:32:27][INFO]  2025-09-04 10:32:27: [Basket 5 FSM] Enter DryMoveToFryStrategy State.
[2025-09-04|10:32:27][INFO]  [Debug] Basket 5: putin_shake=True, type=<class 'bool'>
[2025-09-04|10:32:27][INFO]  2025-09-04 10:32:27: [Basket 6 FSM] Exit DryCookingReadyStrategy State.
[2025-09-04|10:32:27][DEBUG] DryRecipeFsmSequence: Enter new state MOVE_TO_FRYER
[2025-09-04|10:32:27][INFO]  2025-09-04 10:32:27: [Basket 6 FSM] Enter DryMoveToFryStrategy State.
[2025-09-04|10:32:27][INFO]  [Debug] Basket 6: putin_shake=True, type=<class 'bool'>
[2025-09-04|10:32:39][INFO]  2025-09-04 10:32:39: [ProcessManager] Reset all recipes!
[2025-09-04|10:32:39][INFO]  [ProcessManager] `prog_stopped` flag has been manually reset.
[2025-09-04|10:32:39][INFO]  [SYSTEM] [DEBUG] Received request for full FSM reset.
[2025-09-04|10:32:39][WARN]  [SYSTEM] [DEBUG] Robot program is RUNNING. Stopping it before FSM reset.
[2025-09-04|10:32:39][INFO]  [DEBUG] stop_program: Sending stop command to Conty.
[2025-09-04|10:32:39][INFO]  [DEBUG] stop_program: Waiting for Conty program to stop. Current state: PROG_RUNNING
[2025-09-04|10:32:39][INFO]  Stop program!!
[2025-09-04|10:32:39][INFO]  2025-09-04 10:32:39: Program is NOT running PROG_STOPPING.
[2025-09-04|10:32:39][INFO]  2025-09-04 10:32:39: Program stopped externally
[2025-09-04|10:32:39][DEBUG] RobotFsmSequence: Trigger Event STOP on READY_IDLE
[2025-09-04|10:32:39][INFO]  2025-09-04 10:32:39: [Robot FSM] Exiting ReadyIdleStrategy State.
[2025-09-04|10:32:39][DEBUG] RobotFsmSequence: Enter new state NOT_READY_IDLE
[2025-09-04|10:32:39][INFO]  2025-09-04 10:32:39: Program is NOT running PROG_STOPPING.
[2025-09-04|10:32:39][INFO]  2025-09-04 10:32:39: [Robot FSM] Enter NotReadyIdleStrategy State.
[2025-09-04|10:32:39][INFO]  [DEBUG] stop_program: Waiting for Conty program to stop. Current state: PROG_STOPPING
[2025-09-04|10:32:40][ERROR] 2025-09-04 10:32:40: [Robot FSM] Violation detected [indy_state=OP_SYSTEM_RESET, violation_code=VIOLATION]
[2025-09-04|10:32:40][ERROR] 2025-09-04 10:32:40: [Robot FSM] Violation detected [indy_state=OP_SYSTEM_RESET, violation_code=VIOLATION]
[2025-09-04|10:32:40][ERROR] 2025-09-04 10:32:40: [Robot FSM] Violation detected [indy_state=OP_SYSTEM_RESET, violation_code=VIOLATION]
[2025-09-04|10:32:40][ERROR] 2025-09-04 10:32:40: [Robot FSM] Violation detected [indy_state=OP_SYSTEM_RESET, violation_code=VIOLATION]
[2025-09-04|10:32:40][ERROR] 2025-09-04 10:32:40: [Robot FSM] Violation detected [indy_state=OP_SYSTEM_RESET, violation_code=VIOLATION]
[2025-09-04|10:32:40][INFO]  [DEBUG] stop_program: Conty program confirmed to be in IDLE state.
[2025-09-04|10:32:40][INFO]  [SYSTEM] [DEBUG] Robot program stopped successfully.
[2025-09-04|10:32:40][INFO]  [SYSTEM] [DEBUG] Re-initializing all FSMs without waiting for old threads.
[2025-09-04|10:32:40][INFO]  RobotFsmSequence: Stopping FSM service thread.
[2025-09-04|10:32:40][INFO]  RobotFsmSequence: FSM service thread stopped.
[2025-09-04|10:32:40][DEBUG] RobotFsmSequence: Enter new state NOT_READY
[2025-09-04|10:32:40][INFO]  2025-09-04 10:32:40: Program is NOT running PROG_IDLE.
[2025-09-04|10:32:40][INFO]  2025-09-04 10:32:40: [Robot FSM] Enter NotReadyStrategy State.
[2025-09-04|10:32:40][INFO]  [SYSTEM] [DEBUG] Robot FSM re-initialized.
[2025-09-04|10:32:40][INFO]  DryRecipeFsmSequence: Stopping FSM service thread.
[2025-09-04|10:32:40][INFO]  DryRecipeFsmSequence: FSM service thread stopped.
[2025-09-04|10:32:40][INFO]  DryRecipeFsmSequence: Stopping FSM service thread.
[2025-09-04|10:32:40][DEBUG] RobotFsmSequence: Trigger Event DONE on NOT_READY
[2025-09-04|10:32:40][INFO]  DryRecipeFsmSequence: FSM service thread stopped.
[2025-09-04|10:32:40][INFO]  2025-09-04 10:32:40: [Robot FSM] Exit NotReadyStrategy State.
[2025-09-04|10:32:40][DEBUG] RobotFsmSequence: Enter new state NOT_READY_IDLE
[2025-09-04|10:32:40][INFO]  2025-09-04 10:32:40: Program is NOT running PROG_IDLE.
[2025-09-04|10:32:40][INFO]  2025-09-04 10:32:40: [Robot FSM] Enter NotReadyIdleStrategy State.
[2025-09-04|10:32:40][INFO]  DryRecipeFsmSequence: Stopping FSM service thread.
[2025-09-04|10:32:40][INFO]  DryRecipeFsmSequence: FSM service thread stopped.
[2025-09-04|10:32:40][INFO]  DryRecipeFsmSequence: Stopping FSM service thread.
[2025-09-04|10:32:40][INFO]  DryRecipeFsmSequence: FSM service thread stopped.
[2025-09-04|10:32:40][INFO]  DryRecipeFsmSequence: Stopping FSM service thread.
[2025-09-04|10:32:40][INFO]  DryRecipeFsmSequence: FSM service thread stopped.
[2025-09-04|10:32:40][INFO]  DryRecipeFsmSequence: Stopping FSM service thread.
[2025-09-04|10:32:40][INFO]  DryRecipeFsmSequence: FSM service thread stopped.
[2025-09-04|10:32:40][INFO]  DryRecipeFsmSequence: Stopping FSM service thread.
[2025-09-04|10:32:40][INFO]  DryRecipeFsmSequence: FSM service thread stopped.
[2025-09-04|10:32:40][INFO]  DryRecipeFsmSequence: Stopping FSM service thread.
[2025-09-04|10:32:40][INFO]  DryRecipeFsmSequence: FSM service thread stopped.
[2025-09-04|10:32:40][INFO]  dryfsm 1
[2025-09-04|10:32:40][DEBUG] DryRecipeFsmSequence: Enter new state NO_MENU
[2025-09-04|10:32:40][INFO]  2025-09-04 10:32:40: [Basket 1 FSM] Enter DryNoMenuStrategy State.
[2025-09-04|10:32:40][INFO]  dryfsm 2
[2025-09-04|10:32:40][DEBUG] DryRecipeFsmSequence: Enter new state NO_MENU
[2025-09-04|10:32:40][INFO]  2025-09-04 10:32:40: [Basket 2 FSM] Enter DryNoMenuStrategy State.
[2025-09-04|10:32:40][INFO]  dryfsm 3
[2025-09-04|10:32:40][DEBUG] DryRecipeFsmSequence: Enter new state NO_MENU
[2025-09-04|10:32:40][INFO]  2025-09-04 10:32:40: [Basket 3 FSM] Enter DryNoMenuStrategy State.
[2025-09-04|10:32:40][INFO]  dryfsm 4
[2025-09-04|10:32:40][DEBUG] DryRecipeFsmSequence: Enter new state NO_MENU
[2025-09-04|10:32:40][INFO]  2025-09-04 10:32:40: [Basket 4 FSM] Enter DryNoMenuStrategy State.
[2025-09-04|10:32:40][INFO]  dryfsm 5
[2025-09-04|10:32:40][DEBUG] DryRecipeFsmSequence: Enter new state NO_MENU
[2025-09-04|10:32:40][INFO]  2025-09-04 10:32:40: [Basket 5 FSM] Enter DryNoMenuStrategy State.
[2025-09-04|10:32:40][INFO]  dryfsm 6
[2025-09-04|10:32:40][DEBUG] DryRecipeFsmSequence: Enter new state NO_MENU
[2025-09-04|10:32:40][INFO]  2025-09-04 10:32:40: [Basket 6 FSM] Enter DryNoMenuStrategy State.
[2025-09-04|10:32:40][INFO]  dryfsm 7
[2025-09-04|10:32:40][DEBUG] DryRecipeFsmSequence: Enter new state NO_MENU
[2025-09-04|10:32:40][INFO]  2025-09-04 10:32:40: [Basket 7 FSM] Enter DryNoMenuStrategy State.
[2025-09-04|10:32:40][INFO]  dryfsm 8
[2025-09-04|10:32:40][DEBUG] DryRecipeFsmSequence: Enter new state NO_MENU
[2025-09-04|10:32:40][INFO]  2025-09-04 10:32:40: [Basket 8 FSM] Enter DryNoMenuStrategy State.
[2025-09-04|10:32:40][INFO]  WetRecipeFsmSequence: Stopping FSM service thread.
[2025-09-04|10:32:40][INFO]  WetRecipeFsmSequence: FSM service thread stopped.
[2025-09-04|10:32:40][INFO]  WetRecipeFsmSequence: Stopping FSM service thread.
[2025-09-04|10:32:40][INFO]  WetRecipeFsmSequence: FSM service thread stopped.
[2025-09-04|10:32:40][INFO]  WetRecipeFsmSequence: Stopping FSM service thread.
[2025-09-04|10:32:40][INFO]  WetRecipeFsmSequence: FSM service thread stopped.
[2025-09-04|10:32:40][INFO]  WetRecipeFsmSequence: Stopping FSM service thread.
[2025-09-04|10:32:40][INFO]  WetRecipeFsmSequence: FSM service thread stopped.
[2025-09-04|10:32:40][INFO]  1 fryer Index : 1
[2025-09-04|10:32:40][DEBUG] WetRecipeFsmSequence: Enter new state WAIT_PUTIN
[2025-09-04|10:32:41][INFO]  [SPECIAL] Basket 1: Reset putin_shake=0, shake_done=0
[2025-09-04|10:32:41][INFO]  2025-09-04 10:32:41: [Basket 1 FSM] Enter WaitPutinStrategy State.
[2025-09-04|10:32:41][INFO]  3 fryer Index : 1
[2025-09-04|10:32:41][DEBUG] WetRecipeFsmSequence: Enter new state WAIT_PUTIN
[2025-09-04|10:32:41][INFO]  [SPECIAL] Basket 3: Reset putin_shake=0, shake_done=0
[2025-09-04|10:32:41][INFO]  2025-09-04 10:32:41: [Basket 3 FSM] Enter WaitPutinStrategy State.
[2025-09-04|10:32:41][INFO]  6 fryer Index : 4
[2025-09-04|10:32:41][DEBUG] WetRecipeFsmSequence: Enter new state WAIT_PUTIN
[2025-09-04|10:32:41][INFO]  [SPECIAL] Basket 6: Reset putin_shake=0, shake_done=0
[2025-09-04|10:32:41][INFO]  2025-09-04 10:32:41: [Basket 6 FSM] Enter WaitPutinStrategy State.
[2025-09-04|10:32:41][INFO]  8 fryer Index : 4
[2025-09-04|10:32:41][DEBUG] WetRecipeFsmSequence: Enter new state WAIT_PUTIN
[2025-09-04|10:32:41][INFO]  [SPECIAL] Basket 8: Reset putin_shake=0, shake_done=0
[2025-09-04|10:32:41][INFO]  2025-09-04 10:32:41: [Basket 8 FSM] Enter WaitPutinStrategy State.
[2025-09-04|10:32:41][INFO]  [SYSTEM] [DEBUG] All FSMs re-initialized.
[2025-09-04|10:32:41][WARN]  [ProcessManager] Program stop detected. Resetting all motion triggers to prevent deadlock.
[2025-09-04|10:32:54][INFO]  2025-09-04 10:32:54: [Robot FSM] Program Start.
[2025-09-04|10:32:54][ERROR] Start main program
[2025-09-04|10:32:54][INFO]  2025-09-04 10:32:54: Wait for main program running
[2025-09-04|10:32:54][INFO]  2025-09-04 10:32:54: Program is NOT running PROG_IDLE.
[2025-09-04|10:32:54][INFO]  2025-09-04 10:32:54: Wait for main program running
[2025-09-04|10:32:54][INFO]  2025-09-04 10:32:54: Program is NOT running PROG_IDLE.
[2025-09-04|10:32:54][INFO]  2025-09-04 10:32:54: Wait for main program running
[2025-09-04|10:32:54][INFO]  2025-09-04 10:32:54: Program is NOT running PROG_IDLE.
[2025-09-04|10:32:54][INFO]  2025-09-04 10:32:54: Wait for main program running
[2025-09-04|10:32:54][INFO]  2025-09-04 10:32:54: Program is NOT running PROG_IDLE.
[2025-09-04|10:32:55][INFO]  2025-09-04 10:32:55: Wait for main program running
[2025-09-04|10:32:55][INFO]  2025-09-04 10:32:55: Program is NOT running PROG_IDLE.
[2025-09-04|10:32:55][INFO]  2025-09-04 10:32:55: Wait for main program running
[2025-09-04|10:32:55][INFO]  2025-09-04 10:32:55: Program is NOT running PROG_IDLE.
[2025-09-04|10:32:55][INFO]  2025-09-04 10:32:55: Wait for main program running
[2025-09-04|10:32:55][INFO]  2025-09-04 10:32:55: Program is NOT running PROG_IDLE.
[2025-09-04|10:32:55][INFO]  2025-09-04 10:32:55: Wait for main program running
[2025-09-04|10:32:55][INFO]  2025-09-04 10:32:55: Program is NOT running PROG_IDLE.
[2025-09-04|10:32:55][INFO]  2025-09-04 10:32:55: Wait for main program running
[2025-09-04|10:32:55][DEBUG] RobotFsmSequence: Trigger Event START_PROGRAM on NOT_READY_IDLE
[2025-09-04|10:32:55][INFO]  2025-09-04 10:32:55: [Robot FSM] Exit NotReadyIdleStrategy State.
[2025-09-04|10:32:55][DEBUG] RobotFsmSequence: Enter new state MOVE_TO_READY
[2025-09-04|10:32:55][INFO]  2025-09-04 10:32:55: [Robot FSM] Enter MoveToReadyStrategy State.
[2025-09-04|10:32:55][INFO]  2025-09-04 10:32:55: [Robot FSM] Start motion True move_to_ready  
[2025-09-04|10:32:55][INFO]  Command I600 : 100
[2025-09-04|10:32:57][INFO]  2025-09-04 10:32:57: [Robot FSM] Finish motion move_to_ready
[2025-09-04|10:32:57][DEBUG] RobotFsmSequence: Trigger Event DONE on MOVE_TO_READY
[2025-09-04|10:32:57][INFO]  2025-09-04 10:32:57: [Robot FSM] Exiting MoveToReadyStrategy State.
[2025-09-04|10:32:57][DEBUG] RobotFsmSequence: Enter new state READY_IDLE
[2025-09-04|10:32:57][INFO]  2025-09-04 10:32:57: [Robot FSM] Enter ReadyIdleStrategy State.
[2025-09-04|10:32:57][INFO]  Command I600 : 0
[2025-09-04|10:33:05][INFO]  [Basket 4] Waiting for recipe assignment lock.
[2025-09-04|10:33:05][INFO]  [Basket 4] Acquired recipe assignment lock.
[2025-09-04|10:33:05][INFO]  [Basket 3] Waiting for recipe assignment lock.
[2025-09-04|10:33:05][INFO]  [Basket 1] Waiting for recipe assignment lock.
[2025-09-04|10:33:05][INFO]  [Basket 5] Waiting for recipe assignment lock.
[2025-09-04|10:33:05][INFO]  [Basket 2] Waiting for recipe assignment lock.
[2025-09-04|10:33:05][INFO]  [Basket 4] Releasing recipe assignment lock.
[2025-09-04|10:33:05][INFO]  [Basket 3] Acquired recipe assignment lock.
[2025-09-04|10:33:05][INFO]  [Basket 3] Releasing recipe assignment lock.
[2025-09-04|10:33:05][INFO]  [Basket 1] Acquired recipe assignment lock.
[2025-09-04|10:33:05][INFO]  [Basket 1] Releasing recipe assignment lock.
[2025-09-04|10:33:05][INFO]  [Basket 5] Acquired recipe assignment lock.
[2025-09-04|10:33:05][INFO]  [Basket 5] Releasing recipe assignment lock.
[2025-09-04|10:33:05][INFO]  2025-09-04 10:33:05: [Basket 5 FSM] Assign new menu 1
[2025-09-04|10:33:05][INFO]  [Basket 2] Acquired recipe assignment lock.
[2025-09-04|10:33:05][INFO]  [Basket 2] Releasing recipe assignment lock.
[2025-09-04|10:33:05][INFO]  2025-09-04 10:33:05: [Basket 2 FSM] Assign new menu 1
[2025-09-04|10:33:05][DEBUG] DryRecipeFsmSequence: Trigger Event ASSIGN_MENU on NO_MENU
[2025-09-04|10:33:05][INFO]  2025-09-04 10:33:05: [Basket 2 FSM] Exit DryNoMenuStrategy State.
[2025-09-04|10:33:05][DEBUG] DryRecipeFsmSequence: Enter new state COOKING_READY
[2025-09-04|10:33:05][INFO]  2025-09-04 10:33:05: [Basket 2 FSM] Enter DryCookingReadyStrategy State.
[2025-09-04|10:33:05][INFO]  2025-09-04 10:33:05: [Basket 2 FSM] Start cooking.
[2025-09-04|10:33:05][DEBUG] DryRecipeFsmSequence: Trigger Event START_MENU on COOKING_READY
[2025-09-04|10:33:05][INFO]  2025-09-04 10:33:05: [Basket 4 FSM] Assign new menu 1
[2025-09-04|10:33:05][DEBUG] DryRecipeFsmSequence: Trigger Event ASSIGN_MENU on NO_MENU
[2025-09-04|10:33:05][INFO]  2025-09-04 10:33:05: [Basket 4 FSM] Exit DryNoMenuStrategy State.
[2025-09-04|10:33:05][DEBUG] DryRecipeFsmSequence: Enter new state COOKING_READY
[2025-09-04|10:33:05][INFO]  2025-09-04 10:33:05: [Basket 4 FSM] Enter DryCookingReadyStrategy State.
[2025-09-04|10:33:05][INFO]  2025-09-04 10:33:05: [Basket 3 FSM] Assign new menu 1
[2025-09-04|10:33:05][INFO]  2025-09-04 10:33:05: [Basket 1 FSM] Assign new menu 1
[2025-09-04|10:33:05][DEBUG] DryRecipeFsmSequence: Trigger Event ASSIGN_MENU on NO_MENU
[2025-09-04|10:33:05][INFO]  2025-09-04 10:33:05: [Basket 1 FSM] Exit DryNoMenuStrategy State.
[2025-09-04|10:33:05][DEBUG] DryRecipeFsmSequence: Enter new state COOKING_READY
[2025-09-04|10:33:05][INFO]  2025-09-04 10:33:05: [Basket 1 FSM] Enter DryCookingReadyStrategy State.
[2025-09-04|10:33:05][INFO]  2025-09-04 10:33:05: [Basket 1 FSM] Start cooking.
[2025-09-04|10:33:05][DEBUG] DryRecipeFsmSequence: Trigger Event START_MENU on COOKING_READY
[2025-09-04|10:33:05][DEBUG] DryRecipeFsmSequence: Trigger Event ASSIGN_MENU on NO_MENU
[2025-09-04|10:33:05][INFO]  2025-09-04 10:33:05: [Basket 5 FSM] Exit DryNoMenuStrategy State.
[2025-09-04|10:33:05][DEBUG] DryRecipeFsmSequence: Enter new state COOKING_READY
[2025-09-04|10:33:05][INFO]  2025-09-04 10:33:05: [Basket 5 FSM] Enter DryCookingReadyStrategy State.
[2025-09-04|10:33:05][INFO]  2025-09-04 10:33:05: [Basket 5 FSM] Start cooking.
[2025-09-04|10:33:05][DEBUG] DryRecipeFsmSequence: Trigger Event START_MENU on COOKING_READY
[2025-09-04|10:33:05][DEBUG] DryRecipeFsmSequence: Trigger Event ASSIGN_MENU on NO_MENU
[2025-09-04|10:33:05][INFO]  2025-09-04 10:33:05: [Basket 3 FSM] Exit DryNoMenuStrategy State.
[2025-09-04|10:33:05][DEBUG] DryRecipeFsmSequence: Enter new state COOKING_READY
[2025-09-04|10:33:05][INFO]  2025-09-04 10:33:05: [Basket 3 FSM] Enter DryCookingReadyStrategy State.
[2025-09-04|10:33:05][INFO]  2025-09-04 10:33:05: [Basket 1 FSM] Exit DryCookingReadyStrategy State.
[2025-09-04|10:33:05][DEBUG] DryRecipeFsmSequence: Enter new state MOVE_TO_FRYER
[2025-09-04|10:33:05][INFO]  2025-09-04 10:33:05: [Basket 1 FSM] Enter DryMoveToFryStrategy State.
[2025-09-04|10:33:05][INFO]  [Debug] Basket 1: putin_shake=True, type=<class 'bool'>
[2025-09-04|10:33:05][INFO]  2025-09-04 10:33:05: [Basket 5 FSM] Exit DryCookingReadyStrategy State.
[2025-09-04|10:33:05][DEBUG] DryRecipeFsmSequence: Enter new state MOVE_TO_FRYER
[2025-09-04|10:33:05][INFO]  2025-09-04 10:33:05: [Basket 5 FSM] Enter DryMoveToFryStrategy State.
[2025-09-04|10:33:05][INFO]  [Debug] Basket 5: putin_shake=True, type=<class 'bool'>
[2025-09-04|10:33:05][INFO]  2025-09-04 10:33:05: [Basket 2 FSM] Exit DryCookingReadyStrategy State.
[2025-09-04|10:33:05][DEBUG] DryRecipeFsmSequence: Enter new state MOVE_TO_FRYER
[2025-09-04|10:33:05][INFO]  2025-09-04 10:33:05: [Basket 2 FSM] Enter DryMoveToFryStrategy State.
[2025-09-04|10:33:05][INFO]  [Debug] Basket 2: putin_shake=True, type=<class 'bool'>
[2025-09-04|10:33:06][INFO]  [Basket 6] Waiting for recipe assignment lock.
[2025-09-04|10:33:06][INFO]  [Basket 6] Acquired recipe assignment lock.
[2025-09-04|10:33:06][INFO]  [Basket 7] Waiting for recipe assignment lock.
[2025-09-04|10:33:06][INFO]  [Basket 8] Waiting for recipe assignment lock.
[2025-09-04|10:33:06][INFO]  [Basket 6] Releasing recipe assignment lock.
[2025-09-04|10:33:06][INFO]  [Basket 7] Acquired recipe assignment lock.
[2025-09-04|10:33:06][INFO]  [Basket 7] Releasing recipe assignment lock.
[2025-09-04|10:33:06][INFO]  [Basket 8] Acquired recipe assignment lock.
[2025-09-04|10:33:06][INFO]  [Basket 8] Releasing recipe assignment lock.
[2025-09-04|10:33:06][INFO]  2025-09-04 10:33:06: [Basket 8 FSM] Assign new menu 1
[2025-09-04|10:33:06][DEBUG] DryRecipeFsmSequence: Trigger Event ASSIGN_MENU on NO_MENU
[2025-09-04|10:33:06][INFO]  2025-09-04 10:33:06: [Basket 8 FSM] Exit DryNoMenuStrategy State.
[2025-09-04|10:33:06][INFO]  2025-09-04 10:33:06: [Basket 6 FSM] Assign new menu 1
[2025-09-04|10:33:06][DEBUG] DryRecipeFsmSequence: Trigger Event ASSIGN_MENU on NO_MENU
[2025-09-04|10:33:06][INFO]  2025-09-04 10:33:06: [Basket 6 FSM] Exit DryNoMenuStrategy State.
[2025-09-04|10:33:06][DEBUG] DryRecipeFsmSequence: Enter new state COOKING_READY
[2025-09-04|10:33:06][INFO]  2025-09-04 10:33:06: [Basket 6 FSM] Enter DryCookingReadyStrategy State.
[2025-09-04|10:33:06][INFO]  2025-09-04 10:33:06: [Basket 7 FSM] Assign new menu 1
[2025-09-04|10:33:06][DEBUG] DryRecipeFsmSequence: Trigger Event ASSIGN_MENU on NO_MENU
[2025-09-04|10:33:06][INFO]  2025-09-04 10:33:06: [Basket 7 FSM] Exit DryNoMenuStrategy State.
[2025-09-04|10:33:06][DEBUG] DryRecipeFsmSequence: Enter new state COOKING_READY
[2025-09-04|10:33:06][INFO]  2025-09-04 10:33:06: [Basket 7 FSM] Enter DryCookingReadyStrategy State.
[2025-09-04|10:33:06][DEBUG] DryRecipeFsmSequence: Enter new state COOKING_READY
[2025-09-04|10:33:06][INFO]  2025-09-04 10:33:06: [Basket 6 FSM] Start cooking.
[2025-09-04|10:33:06][DEBUG] DryRecipeFsmSequence: Trigger Event START_MENU on COOKING_READY
[2025-09-04|10:33:06][INFO]  2025-09-04 10:33:06: [Basket 6 FSM] Exit DryCookingReadyStrategy State.
[2025-09-04|10:33:06][DEBUG] DryRecipeFsmSequence: Enter new state MOVE_TO_FRYER
[2025-09-04|10:33:06][INFO]  2025-09-04 10:33:06: [Basket 6 FSM] Enter DryMoveToFryStrategy State.
[2025-09-04|10:33:06][INFO]  [Debug] Basket 6: putin_shake=True, type=<class 'bool'>
[2025-09-04|10:33:06][INFO]  2025-09-04 10:33:06: [Basket 8 FSM] Enter DryCookingReadyStrategy State.
