[2025-08-30|04:03:42][INFO]  Blackboard initialized from projects/bulk_frying/configs/blackboard.json
[2025-08-30|04:03:44][INFO]  DEBUG: cooking_logger.py module is being loaded.
[2025-08-30|04:03:44][INFO]  IndyCare MQTT logging is enabled.
[2025-08-30|04:03:44][INFO]  [CookingLogger] Using MQTT Device ID: indyHomyeongFrying
[2025-08-30|04:03:44][INFO]  cooking_logger.py: CONNECT MQTT server success...
[2025-08-30|04:03:44][INFO]  [SYSTEM] Starting bulk_frying System...
[2025-08-30|04:03:44][INFO]  Init AppCommunication
[2025-08-30|04:03:45][DEBUG] RobotFsmSequence: Enter new state NOT_READY
[2025-08-30|04:03:45][INFO]  2025-08-30 04:03:45: Program is NOT running PROG_IDLE.
[2025-08-30|04:03:45][INFO]  2025-08-30 04:03:45: [Robot FSM] Enter NotReadyStrategy State.
[2025-08-30|04:03:45][INFO]  robot fsm run
[2025-08-30|04:03:45][INFO]  ProcessManager initialized with fry_type: dry
[2025-08-30|04:03:45][INFO]  dryfsm 1
[2025-08-30|04:03:45][DEBUG] RobotFsmSequence: Trigger Event DONE on NOT_READY
[2025-08-30|04:03:45][DEBUG] DryRecipeFsmSequence: Enter new state NO_MENU
[2025-08-30|04:03:45][INFO]  2025-08-30 04:03:45: [Basket 1 FSM] Enter DryNoMenuStrategy State.
[2025-08-30|04:03:45][INFO]  dryfsm 2
[2025-08-30|04:03:45][INFO]  2025-08-30 04:03:45: [Robot FSM] Exit NotReadyStrategy State.
[2025-08-30|04:03:45][DEBUG] RobotFsmSequence: Enter new state NOT_READY_IDLE
[2025-08-30|04:03:45][INFO]  2025-08-30 04:03:45: Program is NOT running PROG_IDLE.
[2025-08-30|04:03:45][INFO]  2025-08-30 04:03:45: [Robot FSM] Enter NotReadyIdleStrategy State.
[2025-08-30|04:03:45][DEBUG] DryRecipeFsmSequence: Enter new state NO_MENU
[2025-08-30|04:03:45][INFO]  2025-08-30 04:03:45: [Basket 2 FSM] Enter DryNoMenuStrategy State.
[2025-08-30|04:03:45][INFO]  dryfsm 3
[2025-08-30|04:03:45][DEBUG] DryRecipeFsmSequence: Enter new state NO_MENU
[2025-08-30|04:03:45][INFO]  2025-08-30 04:03:45: [Basket 3 FSM] Enter DryNoMenuStrategy State.
[2025-08-30|04:03:45][INFO]  dryfsm 4
[2025-08-30|04:03:45][DEBUG] DryRecipeFsmSequence: Enter new state NO_MENU
[2025-08-30|04:03:45][INFO]  2025-08-30 04:03:45: [Basket 4 FSM] Enter DryNoMenuStrategy State.
[2025-08-30|04:03:45][INFO]  dryfsm 5
[2025-08-30|04:03:45][DEBUG] DryRecipeFsmSequence: Enter new state NO_MENU
[2025-08-30|04:03:45][INFO]  2025-08-30 04:03:45: [Basket 5 FSM] Enter DryNoMenuStrategy State.
[2025-08-30|04:03:45][INFO]  dryfsm 6
[2025-08-30|04:03:45][DEBUG] DryRecipeFsmSequence: Enter new state NO_MENU
[2025-08-30|04:03:45][INFO]  2025-08-30 04:03:45: [Basket 6 FSM] Enter DryNoMenuStrategy State.
[2025-08-30|04:03:45][INFO]  dryfsm 7
[2025-08-30|04:03:45][DEBUG] DryRecipeFsmSequence: Enter new state NO_MENU
[2025-08-30|04:03:45][INFO]  2025-08-30 04:03:45: [Basket 7 FSM] Enter DryNoMenuStrategy State.
[2025-08-30|04:03:45][INFO]  dryfsm 8
[2025-08-30|04:03:45][DEBUG] DryRecipeFsmSequence: Enter new state NO_MENU
[2025-08-30|04:03:45][INFO]  2025-08-30 04:03:45: [Basket 8 FSM] Enter DryNoMenuStrategy State.
[2025-08-30|04:03:45][INFO]  dry fsm run
[2025-08-30|04:03:45][INFO]  1 fryer Index : 1
[2025-08-30|04:03:45][DEBUG] WetRecipeFsmSequence: Enter new state WAIT_PUTIN
[2025-08-30|04:03:45][INFO]  [SPECIAL] Basket 1: Reset putin_shake=0, shake_done=0
[2025-08-30|04:03:45][INFO]  2025-08-30 04:03:45: [Basket 1 FSM] Enter WaitPutinStrategy State.
[2025-08-30|04:03:45][INFO]  3 fryer Index : 1
[2025-08-30|04:03:45][DEBUG] WetRecipeFsmSequence: Enter new state WAIT_PUTIN
[2025-08-30|04:03:45][INFO]  [SPECIAL] Basket 3: Reset putin_shake=0, shake_done=0
[2025-08-30|04:03:45][INFO]  2025-08-30 04:03:45: [Basket 3 FSM] Enter WaitPutinStrategy State.
[2025-08-30|04:03:45][INFO]  6 fryer Index : 4
[2025-08-30|04:03:45][DEBUG] WetRecipeFsmSequence: Enter new state WAIT_PUTIN
[2025-08-30|04:03:45][INFO]  [SPECIAL] Basket 6: Reset putin_shake=0, shake_done=0
[2025-08-30|04:03:45][INFO]  2025-08-30 04:03:45: [Basket 6 FSM] Enter WaitPutinStrategy State.
[2025-08-30|04:03:45][INFO]  8 fryer Index : 4
[2025-08-30|04:03:45][DEBUG] WetRecipeFsmSequence: Enter new state WAIT_PUTIN
[2025-08-30|04:03:45][INFO]  [SPECIAL] Basket 8: Reset putin_shake=0, shake_done=0
[2025-08-30|04:03:45][INFO]  2025-08-30 04:03:45: [Basket 8 FSM] Enter WaitPutinStrategy State.
[2025-08-30|04:03:45][INFO]  wet fsm run
[2025-08-30|04:03:45][INFO]  [ProcessManager Init] Current Working Directory: /home/user/dev/runtest/Release/codex_agents_indycare
[2025-08-30|04:03:45][INFO]  [ProcessManager Init] Attempting to load config from: /home/user/dev/runtest/Release/codex_agents_indycare/projects/bulk_frying/configs/app_config.json
[2025-08-30|04:03:45][INFO]  [ProcessManager Init] Extracted eco_sensor_config: {'enabled': False, 'communication_type': 'socket', 'ip': '192.168.0.2', 'port': 5000, 'serial_port': '/dev/ttyUSB0', 'read_interval_minutes': 10, 'send_on_startup': True, 'max_retry_attempts': 3, 'retry_delay_seconds': 5}
[2025-08-30|04:03:45][WARN]  [ProcessManager Init] EcoSensor is not enabled or config not found. Skipping initialization.
[2025-08-30|04:03:45][INFO]  EcoSensor: Will send data immediately on first run.
[2025-08-30|04:03:46][INFO]  [SYSTEM] bulk_frying system initialized. Running...
[2025-08-30|04:03:51][INFO]  2025-08-30 04:03:51: [ProcessManager] Reset all recipes!
[2025-08-30|04:03:51][INFO]  [ProcessManager] `prog_stopped` flag has been manually reset.
[2025-08-30|04:03:51][INFO]  [SYSTEM] [DEBUG] Received request for full FSM reset.
[2025-08-30|04:03:51][INFO]  2025-08-30 04:03:51: Program is NOT running PROG_IDLE.
[2025-08-30|04:03:51][INFO]  [SYSTEM] [DEBUG] Re-initializing all FSMs without waiting for old threads.
[2025-08-30|04:03:51][INFO]  RobotFsmSequence: Stopping FSM service thread.
[2025-08-30|04:03:51][INFO]  RobotFsmSequence: FSM service thread stopped.
[2025-08-30|04:03:51][DEBUG] RobotFsmSequence: Enter new state NOT_READY
[2025-08-30|04:03:51][INFO]  2025-08-30 04:03:51: Program is NOT running PROG_IDLE.
[2025-08-30|04:03:51][INFO]  2025-08-30 04:03:51: [Robot FSM] Enter NotReadyStrategy State.
[2025-08-30|04:03:51][INFO]  [SYSTEM] [DEBUG] Robot FSM re-initialized.
[2025-08-30|04:03:51][INFO]  DryRecipeFsmSequence: Stopping FSM service thread.
[2025-08-30|04:03:51][INFO]  DryRecipeFsmSequence: FSM service thread stopped.
[2025-08-30|04:03:51][INFO]  DryRecipeFsmSequence: Stopping FSM service thread.
[2025-08-30|04:03:51][INFO]  DryRecipeFsmSequence: FSM service thread stopped.
[2025-08-30|04:03:51][INFO]  DryRecipeFsmSequence: Stopping FSM service thread.
[2025-08-30|04:03:51][DEBUG] RobotFsmSequence: Trigger Event DONE on NOT_READY
[2025-08-30|04:03:51][INFO]  DryRecipeFsmSequence: FSM service thread stopped.
[2025-08-30|04:03:51][INFO]  DryRecipeFsmSequence: Stopping FSM service thread.
[2025-08-30|04:03:51][INFO]  2025-08-30 04:03:51: [Robot FSM] Exit NotReadyStrategy State.
[2025-08-30|04:03:51][DEBUG] RobotFsmSequence: Enter new state NOT_READY_IDLE
[2025-08-30|04:03:51][INFO]  2025-08-30 04:03:51: Program is NOT running PROG_IDLE.
[2025-08-30|04:03:51][INFO]  2025-08-30 04:03:51: [Robot FSM] Enter NotReadyIdleStrategy State.
[2025-08-30|04:03:51][INFO]  DryRecipeFsmSequence: FSM service thread stopped.
[2025-08-30|04:03:51][INFO]  DryRecipeFsmSequence: Stopping FSM service thread.
[2025-08-30|04:03:51][INFO]  DryRecipeFsmSequence: FSM service thread stopped.
[2025-08-30|04:03:51][INFO]  DryRecipeFsmSequence: Stopping FSM service thread.
[2025-08-30|04:03:51][INFO]  DryRecipeFsmSequence: FSM service thread stopped.
[2025-08-30|04:03:51][INFO]  DryRecipeFsmSequence: Stopping FSM service thread.
[2025-08-30|04:03:51][INFO]  DryRecipeFsmSequence: FSM service thread stopped.
[2025-08-30|04:03:51][INFO]  DryRecipeFsmSequence: Stopping FSM service thread.
[2025-08-30|04:03:51][INFO]  DryRecipeFsmSequence: FSM service thread stopped.
[2025-08-30|04:03:51][INFO]  dryfsm 1
[2025-08-30|04:03:51][DEBUG] DryRecipeFsmSequence: Enter new state NO_MENU
[2025-08-30|04:03:51][INFO]  2025-08-30 04:03:51: [Basket 1 FSM] Enter DryNoMenuStrategy State.
[2025-08-30|04:03:51][INFO]  dryfsm 2
[2025-08-30|04:03:51][DEBUG] DryRecipeFsmSequence: Enter new state NO_MENU
[2025-08-30|04:03:51][INFO]  2025-08-30 04:03:51: [Basket 2 FSM] Enter DryNoMenuStrategy State.
[2025-08-30|04:03:51][INFO]  dryfsm 3
[2025-08-30|04:03:51][DEBUG] DryRecipeFsmSequence: Enter new state NO_MENU
[2025-08-30|04:03:51][INFO]  2025-08-30 04:03:51: [Basket 3 FSM] Enter DryNoMenuStrategy State.
[2025-08-30|04:03:51][INFO]  dryfsm 4
[2025-08-30|04:03:51][DEBUG] DryRecipeFsmSequence: Enter new state NO_MENU
[2025-08-30|04:03:51][INFO]  2025-08-30 04:03:51: [Basket 4 FSM] Enter DryNoMenuStrategy State.
[2025-08-30|04:03:51][INFO]  dryfsm 5
[2025-08-30|04:03:51][DEBUG] DryRecipeFsmSequence: Enter new state NO_MENU
[2025-08-30|04:03:51][INFO]  2025-08-30 04:03:51: [Basket 5 FSM] Enter DryNoMenuStrategy State.
[2025-08-30|04:03:51][INFO]  dryfsm 6
[2025-08-30|04:03:51][DEBUG] DryRecipeFsmSequence: Enter new state NO_MENU
[2025-08-30|04:03:51][INFO]  2025-08-30 04:03:51: [Basket 6 FSM] Enter DryNoMenuStrategy State.
[2025-08-30|04:03:51][INFO]  dryfsm 7
[2025-08-30|04:03:51][DEBUG] DryRecipeFsmSequence: Enter new state NO_MENU
[2025-08-30|04:03:51][INFO]  2025-08-30 04:03:51: [Basket 7 FSM] Enter DryNoMenuStrategy State.
[2025-08-30|04:03:51][INFO]  dryfsm 8
[2025-08-30|04:03:51][DEBUG] DryRecipeFsmSequence: Enter new state NO_MENU
[2025-08-30|04:03:51][INFO]  2025-08-30 04:03:51: [Basket 8 FSM] Enter DryNoMenuStrategy State.
[2025-08-30|04:03:51][INFO]  WetRecipeFsmSequence: Stopping FSM service thread.
[2025-08-30|04:03:51][INFO]  WetRecipeFsmSequence: FSM service thread stopped.
[2025-08-30|04:03:51][INFO]  WetRecipeFsmSequence: Stopping FSM service thread.
[2025-08-30|04:03:51][INFO]  WetRecipeFsmSequence: FSM service thread stopped.
[2025-08-30|04:03:51][INFO]  WetRecipeFsmSequence: Stopping FSM service thread.
[2025-08-30|04:03:51][INFO]  WetRecipeFsmSequence: FSM service thread stopped.
[2025-08-30|04:03:51][INFO]  WetRecipeFsmSequence: Stopping FSM service thread.
[2025-08-30|04:03:51][INFO]  WetRecipeFsmSequence: FSM service thread stopped.
[2025-08-30|04:03:51][INFO]  1 fryer Index : 1
[2025-08-30|04:03:51][DEBUG] WetRecipeFsmSequence: Enter new state WAIT_PUTIN
[2025-08-30|04:03:52][INFO]  [SPECIAL] Basket 1: Reset putin_shake=0, shake_done=0
[2025-08-30|04:03:52][INFO]  2025-08-30 04:03:52: [Basket 1 FSM] Enter WaitPutinStrategy State.
[2025-08-30|04:03:52][INFO]  3 fryer Index : 1
[2025-08-30|04:03:52][DEBUG] WetRecipeFsmSequence: Enter new state WAIT_PUTIN
[2025-08-30|04:03:52][INFO]  [SPECIAL] Basket 3: Reset putin_shake=0, shake_done=0
[2025-08-30|04:03:52][INFO]  2025-08-30 04:03:52: [Basket 3 FSM] Enter WaitPutinStrategy State.
[2025-08-30|04:03:52][INFO]  6 fryer Index : 4
[2025-08-30|04:03:52][DEBUG] WetRecipeFsmSequence: Enter new state WAIT_PUTIN
[2025-08-30|04:03:52][INFO]  [SPECIAL] Basket 6: Reset putin_shake=0, shake_done=0
[2025-08-30|04:03:52][INFO]  2025-08-30 04:03:52: [Basket 6 FSM] Enter WaitPutinStrategy State.
[2025-08-30|04:03:52][INFO]  8 fryer Index : 4
[2025-08-30|04:03:52][DEBUG] WetRecipeFsmSequence: Enter new state WAIT_PUTIN
[2025-08-30|04:03:52][INFO]  [SPECIAL] Basket 8: Reset putin_shake=0, shake_done=0
[2025-08-30|04:03:52][INFO]  2025-08-30 04:03:52: [Basket 8 FSM] Enter WaitPutinStrategy State.
[2025-08-30|04:03:52][INFO]  [SYSTEM] [DEBUG] All FSMs re-initialized.
[2025-08-30|04:03:54][DEBUG] cooking_logger.py: send_recipe_list_mqtt() called with data: [{'label': '', 'time': 0}, {'label': '치킨', 'time': 180}, {'label': '', 'time': 0}, {'label': '', 'time': 0}, {'label': '', 'time': 0}, {'label': '', 'time': 0}, {'label': '', 'time': 0}, {'label': '', 'time': 0}, {'label': '', 'time': 0}, {'label': '', 'time': 0}, {'label': '', 'time': 0}]
[2025-08-30|04:03:54][DEBUG] cooking_logger.py: send_mqtt_log() called with data: {'recipeList': [{'label': '', 'time': 0}, {'label': '치킨', 'time': 180}, {'label': '', 'time': 0}, {'label': '', 'time': 0}, {'label': '', 'time': 0}, {'label': '', 'time': 0}, {'label': '', 'time': 0}, {'label': '', 'time': 0}, {'label': '', 'time': 0}, {'label': '', 'time': 0}, {'label': '', 'time': 0}]}
[2025-08-30|04:03:54][DEBUG] cooking_logger.py: Publishing to topic 'v1/devices/me/telemetry' with payload: {'recipeList': [{'label': '', 'time': 0}, {'label': '치킨', 'time': 180}, {'label': '', 'time': 0}, {'label': '', 'time': 0}, {'label': '', 'time': 0}, {'label': '', 'time': 0}, {'label': '', 'time': 0}, {'label': '', 'time': 0}, {'label': '', 'time': 0}, {'label': '', 'time': 0}, {'label': '', 'time': 0}]}
[2025-08-30|04:03:54][INFO]  cooking_logger.py: Successfully sent log to MQTT.
[2025-08-30|04:03:54][INFO]  -------- ui/recipe1/reset/recipe_name 191 True
[2025-08-30|04:03:54][INFO]  ---sdfsdfsdff=----------
[2025-08-30|04:03:54][DEBUG] cooking_logger.py: send_recipe_list_mqtt() called with data: [{'label': '', 'time': 0}, {'label': '치킨', 'time': 180}, {'label': '', 'time': 0}, {'label': '', 'time': 0}, {'label': '', 'time': 0}, {'label': '', 'time': 0}, {'label': '', 'time': 0}, {'label': '', 'time': 0}, {'label': '', 'time': 0}, {'label': '', 'time': 0}, {'label': '', 'time': 0}]
[2025-08-30|04:03:54][DEBUG] cooking_logger.py: send_mqtt_log() called with data: {'recipeList': [{'label': '', 'time': 0}, {'label': '치킨', 'time': 180}, {'label': '', 'time': 0}, {'label': '', 'time': 0}, {'label': '', 'time': 0}, {'label': '', 'time': 0}, {'label': '', 'time': 0}, {'label': '', 'time': 0}, {'label': '', 'time': 0}, {'label': '', 'time': 0}, {'label': '', 'time': 0}]}
[2025-08-30|04:03:54][DEBUG] cooking_logger.py: Publishing to topic 'v1/devices/me/telemetry' with payload: {'recipeList': [{'label': '', 'time': 0}, {'label': '치킨', 'time': 180}, {'label': '', 'time': 0}, {'label': '', 'time': 0}, {'label': '', 'time': 0}, {'label': '', 'time': 0}, {'label': '', 'time': 0}, {'label': '', 'time': 0}, {'label': '', 'time': 0}, {'label': '', 'time': 0}, {'label': '', 'time': 0}]}
[2025-08-30|04:03:54][INFO]  cooking_logger.py: Successfully sent log to MQTT.
[2025-08-30|04:04:09][INFO]  2025-08-30 04:04:09: [Robot FSM] Program Start.
[2025-08-30|04:04:09][ERROR] Start main program
[2025-08-30|04:04:09][INFO]  2025-08-30 04:04:09: Wait for main program running
[2025-08-30|04:04:09][INFO]  2025-08-30 04:04:09: Program is NOT running PROG_IDLE.
[2025-08-30|04:04:09][INFO]  2025-08-30 04:04:09: Wait for main program running
[2025-08-30|04:04:09][INFO]  2025-08-30 04:04:09: Program is NOT running PROG_IDLE.
[2025-08-30|04:04:09][INFO]  2025-08-30 04:04:09: Wait for main program running
[2025-08-30|04:04:09][INFO]  2025-08-30 04:04:09: Program is NOT running PROG_IDLE.
[2025-08-30|04:04:09][INFO]  2025-08-30 04:04:09: Wait for main program running
[2025-08-30|04:04:09][INFO]  2025-08-30 04:04:09: Program is NOT running PROG_IDLE.
[2025-08-30|04:04:09][INFO]  2025-08-30 04:04:09: Wait for main program running
[2025-08-30|04:04:09][INFO]  2025-08-30 04:04:09: Program is NOT running PROG_IDLE.
[2025-08-30|04:04:09][INFO]  2025-08-30 04:04:09: Wait for main program running
[2025-08-30|04:04:09][INFO]  2025-08-30 04:04:09: Program is NOT running PROG_IDLE.
[2025-08-30|04:04:09][INFO]  2025-08-30 04:04:09: Wait for main program running
[2025-08-30|04:04:09][INFO]  2025-08-30 04:04:09: Program is NOT running PROG_IDLE.
[2025-08-30|04:04:10][INFO]  2025-08-30 04:04:10: Wait for main program running
[2025-08-30|04:04:10][INFO]  2025-08-30 04:04:10: Program is NOT running PROG_IDLE.
[2025-08-30|04:04:10][INFO]  2025-08-30 04:04:10: Wait for main program running
[2025-08-30|04:04:10][INFO]  2025-08-30 04:04:10: Program is NOT running PROG_IDLE.
[2025-08-30|04:04:10][INFO]  2025-08-30 04:04:10: Wait for main program running
[2025-08-30|04:04:10][DEBUG] RobotFsmSequence: Trigger Event START_PROGRAM on NOT_READY_IDLE
[2025-08-30|04:04:10][INFO]  2025-08-30 04:04:10: [Robot FSM] Exit NotReadyIdleStrategy State.
[2025-08-30|04:04:10][DEBUG] RobotFsmSequence: Enter new state MOVE_TO_READY
[2025-08-30|04:04:10][INFO]  2025-08-30 04:04:10: [Robot FSM] Enter MoveToReadyStrategy State.
[2025-08-30|04:04:10][INFO]  2025-08-30 04:04:10: [Robot FSM] Start motion True move_to_ready  
[2025-08-30|04:04:10][INFO]  Command I600 : 100
[2025-08-30|04:04:11][INFO]  2025-08-30 04:04:11: [Robot FSM] Finish motion move_to_ready
[2025-08-30|04:04:11][DEBUG] RobotFsmSequence: Trigger Event DONE on MOVE_TO_READY
[2025-08-30|04:04:11][INFO]  2025-08-30 04:04:11: [Robot FSM] Exiting MoveToReadyStrategy State.
[2025-08-30|04:04:11][DEBUG] RobotFsmSequence: Enter new state READY_IDLE
[2025-08-30|04:04:11][INFO]  2025-08-30 04:04:11: [Robot FSM] Enter ReadyIdleStrategy State.
[2025-08-30|04:04:12][INFO]  Command I600 : 0
[2025-08-30|04:04:15][INFO]  [Basket 1] Waiting for recipe assignment lock.
[2025-08-30|04:04:15][INFO]  [Basket 1] Acquired recipe assignment lock.
[2025-08-30|04:04:15][INFO]  [Basket 1] Releasing recipe assignment lock.
[2025-08-30|04:04:15][INFO]  2025-08-30 04:04:15: [Basket 1 FSM] Assign new menu 1
[2025-08-30|04:04:15][DEBUG] DryRecipeFsmSequence: Trigger Event ASSIGN_MENU on NO_MENU
[2025-08-30|04:04:15][INFO]  2025-08-30 04:04:15: [Basket 1 FSM] Exit DryNoMenuStrategy State.
[2025-08-30|04:04:15][DEBUG] DryRecipeFsmSequence: Enter new state COOKING_READY
[2025-08-30|04:04:15][INFO]  2025-08-30 04:04:15: [Basket 1 FSM] Enter DryCookingReadyStrategy State.
[2025-08-30|04:04:15][INFO]  2025-08-30 04:04:15: [Basket 1 FSM] Start cooking.
[2025-08-30|04:04:15][DEBUG] DryRecipeFsmSequence: Trigger Event START_MENU on COOKING_READY
[2025-08-30|04:04:15][INFO]  2025-08-30 04:04:15: [Basket 1 FSM] Exit DryCookingReadyStrategy State.
[2025-08-30|04:04:15][DEBUG] DryRecipeFsmSequence: Enter new state MOVE_TO_FRYER
[2025-08-30|04:04:15][INFO]  2025-08-30 04:04:15: [Basket 1 FSM] Enter DryMoveToFryStrategy State.
[2025-08-30|04:04:15][INFO]  [Debug] Basket 1: putin_shake=True, type=<class 'bool'>
[2025-08-30|04:04:15][INFO]  [PriorityScheduler] Current priority list:
[2025-08-30|04:04:15][INFO]    - Basket 1 | Fryer: 1 | type: dry | State: MOVE_TO_FRYER | Shake_times : 0 | Elapsed: 0.0s | FinishRemain: 1000.0s | Priority: 3
[2025-08-30|04:04:15][INFO]  trigger_to_fryer_motion 1
[2025-08-30|04:04:15][INFO]  2025-08-30 04:04:15: [ProcessManager] Trigger move_to_fryer motion [FSM 1, Basket 1, Fryer 1]
[2025-08-30|04:04:15][DEBUG] RobotFsmSequence: Trigger Event RUN_BASKET_TO_FRYER on READY_IDLE
[2025-08-30|04:04:15][INFO]  2025-08-30 04:04:15: [Robot FSM] Exiting ReadyIdleStrategy State.
[2025-08-30|04:04:16][DEBUG] RobotFsmSequence: Enter new state MOVE_BASKET_TO_FRYER
[2025-08-30|04:04:16][INFO]  2025-08-30 04:04:16: [Robot FSM] Enter MoveBasketToFryerStrategy State.
[2025-08-30|04:04:16][INFO]  2025-08-30 04:04:16: [Robot FSM] Start motion move_to_fryer with [basket 1, fryer 1]
[2025-08-30|04:04:16][INFO]  basket_to_fryer 311
[2025-08-30|04:04:16][INFO]  Command I600 : 311
[2025-08-30|04:04:46][INFO]  2025-08-30 04:04:46: Program stopped by App.
[2025-08-30|04:04:46][INFO]  [DEBUG] stop_program: Sending stop command to Conty.
[2025-08-30|04:04:46][INFO]  [DEBUG] stop_program: Waiting for Conty program to stop. Current state: PROG_RUNNING
[2025-08-30|04:04:46][INFO]  Stop program!!
[2025-08-30|04:04:46][INFO]  [DEBUG] stop_program: Waiting for Conty program to stop. Current state: PROG_RUNNING
[2025-08-30|04:04:46][INFO]  [DEBUG] stop_program: Waiting for Conty program to stop. Current state: PROG_STOPPING
[2025-08-30|04:04:46][INFO]  [DEBUG] stop_program: Waiting for Conty program to stop. Current state: PROG_STOPPING
[2025-08-30|04:04:47][INFO]  [DEBUG] stop_program: Conty program confirmed to be in IDLE state.
[2025-08-30|04:04:47][DEBUG] RobotFsmSequence: Trigger Event STOP on MOVE_BASKET_TO_FRYER
[2025-08-30|04:04:47][INFO]  2025-08-30 04:04:47: Exit MoveBasketToFryerStrategy State.
[2025-08-30|04:04:47][DEBUG] RobotFsmSequence: Enter new state FINISHING_MOTION
[2025-08-30|04:04:47][INFO]  2025-08-30 04:04:47: [Robot FSM] Enter FinishingMotionStrategy State. Waiting for current motion to finish before stopping.
