[2025-09-04|11:17:34][INFO]  Blackboard initialized from projects/bulk_frying/configs/blackboard.json
[2025-09-04|11:17:36][INFO]  DEBUG: cooking_logger.py module is being loaded.
[2025-09-04|11:17:36][INFO]  IndyCare MQTT logging is disabled.
[2025-09-04|11:17:36][INFO]  [SYSTEM] Starting bulk_frying System...
[2025-09-04|11:17:36][INFO]  Init AppCommunication
[2025-09-04|11:17:37][DEBUG] RobotFsmSequence: Enter new state NOT_READY
[2025-09-04|11:17:37][INFO]  2025-09-04 11:17:37: [Robot FSM] Program is Running, Stop the program (NotReadyStrategy)
[2025-09-04|11:17:37][INFO]  [DEBUG] stop_program: Sending stop command to Conty.
[2025-09-04|11:17:37][INFO]  [DEBUG] stop_program: Waiting for Conty program to stop. Current state: PROG_RUNNING
[2025-09-04|11:17:37][INFO]  Stop program!!
[2025-09-04|11:17:37][INFO]  [DEBUG] stop_program: Waiting for Conty program to stop. Current state: PROG_STOPPING
[2025-09-04|11:17:37][INFO]  [DEBUG] stop_program: Conty program confirmed to be in IDLE state.
[2025-09-04|11:17:37][INFO]  2025-09-04 11:17:37: [Robot FSM] Enter NotReadyStrategy State.
[2025-09-04|11:17:37][INFO]  robot fsm run
[2025-09-04|11:17:37][INFO]  ProcessManager initialized with fry_type: dry
[2025-09-04|11:17:37][INFO]  dryfsm 1
[2025-09-04|11:17:37][DEBUG] RobotFsmSequence: Trigger Event DONE on NOT_READY
[2025-09-04|11:17:37][DEBUG] DryRecipeFsmSequence: Enter new state NO_MENU
[2025-09-04|11:17:37][INFO]  2025-09-04 11:17:37: [Basket 1 FSM] Enter DryNoMenuStrategy State.
[2025-09-04|11:17:37][INFO]  dryfsm 2
[2025-09-04|11:17:37][INFO]  2025-09-04 11:17:37: [Robot FSM] Exit NotReadyStrategy State.
[2025-09-04|11:17:37][DEBUG] RobotFsmSequence: Enter new state NOT_READY_IDLE
[2025-09-04|11:17:37][INFO]  2025-09-04 11:17:37: Program is NOT running PROG_IDLE.
[2025-09-04|11:17:37][INFO]  2025-09-04 11:17:37: [Robot FSM] Enter NotReadyIdleStrategy State.
[2025-09-04|11:17:37][DEBUG] DryRecipeFsmSequence: Enter new state NO_MENU
[2025-09-04|11:17:37][INFO]  2025-09-04 11:17:37: [Basket 2 FSM] Enter DryNoMenuStrategy State.
[2025-09-04|11:17:37][INFO]  dryfsm 3
[2025-09-04|11:17:37][DEBUG] DryRecipeFsmSequence: Enter new state NO_MENU
[2025-09-04|11:17:37][INFO]  2025-09-04 11:17:37: [Basket 3 FSM] Enter DryNoMenuStrategy State.
[2025-09-04|11:17:37][INFO]  dryfsm 4
[2025-09-04|11:17:37][DEBUG] DryRecipeFsmSequence: Enter new state NO_MENU
[2025-09-04|11:17:37][INFO]  2025-09-04 11:17:37: [Basket 4 FSM] Enter DryNoMenuStrategy State.
[2025-09-04|11:17:37][INFO]  dryfsm 5
[2025-09-04|11:17:37][DEBUG] DryRecipeFsmSequence: Enter new state NO_MENU
[2025-09-04|11:17:37][INFO]  2025-09-04 11:17:37: [Basket 5 FSM] Enter DryNoMenuStrategy State.
[2025-09-04|11:17:37][INFO]  dryfsm 6
[2025-09-04|11:17:37][DEBUG] DryRecipeFsmSequence: Enter new state NO_MENU
[2025-09-04|11:17:37][INFO]  2025-09-04 11:17:37: [Basket 6 FSM] Enter DryNoMenuStrategy State.
[2025-09-04|11:17:37][INFO]  dryfsm 7
[2025-09-04|11:17:37][DEBUG] DryRecipeFsmSequence: Enter new state NO_MENU
[2025-09-04|11:17:37][INFO]  2025-09-04 11:17:37: [Basket 7 FSM] Enter DryNoMenuStrategy State.
[2025-09-04|11:17:37][INFO]  dryfsm 8
[2025-09-04|11:17:37][DEBUG] DryRecipeFsmSequence: Enter new state NO_MENU
[2025-09-04|11:17:37][INFO]  2025-09-04 11:17:37: [Basket 8 FSM] Enter DryNoMenuStrategy State.
[2025-09-04|11:17:37][INFO]  dry fsm run
[2025-09-04|11:17:37][INFO]  1 fryer Index : 1
[2025-09-04|11:17:37][DEBUG] WetRecipeFsmSequence: Enter new state WAIT_PUTIN
[2025-09-04|11:17:37][INFO]  [SPECIAL] Basket 1: Reset putin_shake=0, shake_done=0
[2025-09-04|11:17:37][INFO]  2025-09-04 11:17:37: [Basket 1 FSM] Enter WaitPutinStrategy State.
[2025-09-04|11:17:37][INFO]  3 fryer Index : 1
[2025-09-04|11:17:37][DEBUG] WetRecipeFsmSequence: Enter new state WAIT_PUTIN
[2025-09-04|11:17:38][INFO]  [SPECIAL] Basket 3: Reset putin_shake=0, shake_done=0
[2025-09-04|11:17:38][INFO]  2025-09-04 11:17:38: [Basket 3 FSM] Enter WaitPutinStrategy State.
[2025-09-04|11:17:38][INFO]  6 fryer Index : 4
[2025-09-04|11:17:38][DEBUG] WetRecipeFsmSequence: Enter new state WAIT_PUTIN
[2025-09-04|11:17:38][INFO]  [SPECIAL] Basket 6: Reset putin_shake=0, shake_done=0
[2025-09-04|11:17:38][INFO]  2025-09-04 11:17:38: [Basket 6 FSM] Enter WaitPutinStrategy State.
[2025-09-04|11:17:38][INFO]  8 fryer Index : 4
[2025-09-04|11:17:38][DEBUG] WetRecipeFsmSequence: Enter new state WAIT_PUTIN
[2025-09-04|11:17:38][INFO]  [SPECIAL] Basket 8: Reset putin_shake=0, shake_done=0
[2025-09-04|11:17:38][INFO]  2025-09-04 11:17:38: [Basket 8 FSM] Enter WaitPutinStrategy State.
[2025-09-04|11:17:38][INFO]  wet fsm run
[2025-09-04|11:17:38][INFO]  [ProcessManager Init] Current Working Directory: /home/user/dev/runtest/Release/codex_agents_indycare
[2025-09-04|11:17:38][INFO]  [ProcessManager Init] Attempting to load config from: /home/user/dev/runtest/Release/codex_agents_indycare/projects/bulk_frying/configs/app_config.json
[2025-09-04|11:17:38][INFO]  [ProcessManager Init] Extracted eco_sensor_config: {'enabled': False, 'communication_type': 'socket', 'ip': '192.168.0.2', 'port': 5000, 'serial_port': '/dev/ttyUSB0', 'read_interval_minutes': 10, 'send_on_startup': True, 'max_retry_attempts': 3, 'retry_delay_seconds': 5}
[2025-09-04|11:17:38][WARN]  [ProcessManager Init] EcoSensor is not enabled or config not found. Skipping initialization.
[2025-09-04|11:17:38][INFO]  EcoSensor: Will send data immediately on first run.
[2025-09-04|11:17:38][INFO]  [SYSTEM] bulk_frying system initialized. Running...
[2025-09-04|11:18:31][INFO]  2025-09-04 11:18:31: [ProcessManager] Reset all recipes!
[2025-09-04|11:18:31][INFO]  [SYSTEM] [DEBUG] Received request for full FSM reset.
[2025-09-04|11:18:31][INFO]  2025-09-04 11:18:31: Program is NOT running PROG_IDLE.
[2025-09-04|11:18:31][INFO]  [SYSTEM] [DEBUG] Re-initializing all FSMs without waiting for old threads.
[2025-09-04|11:18:31][INFO]  RobotFsmSequence: Stopping FSM service thread.
[2025-09-04|11:18:31][INFO]  RobotFsmSequence: FSM service thread stopped.
[2025-09-04|11:18:31][DEBUG] RobotFsmSequence: Enter new state NOT_READY
[2025-09-04|11:18:31][INFO]  2025-09-04 11:18:31: Program is NOT running PROG_IDLE.
[2025-09-04|11:18:31][INFO]  2025-09-04 11:18:31: [Robot FSM] Enter NotReadyStrategy State.
[2025-09-04|11:18:31][INFO]  [SYSTEM] [DEBUG] Robot FSM re-initialized.
[2025-09-04|11:18:31][INFO]  DryRecipeFsmSequence: Stopping FSM service thread.
[2025-09-04|11:18:31][INFO]  DryRecipeFsmSequence: FSM service thread stopped.
[2025-09-04|11:18:31][INFO]  DryRecipeFsmSequence: Stopping FSM service thread.
[2025-09-04|11:18:31][DEBUG] RobotFsmSequence: Trigger Event DONE on NOT_READY
[2025-09-04|11:18:31][INFO]  DryRecipeFsmSequence: FSM service thread stopped.
[2025-09-04|11:18:31][INFO]  DryRecipeFsmSequence: Stopping FSM service thread.
[2025-09-04|11:18:31][INFO]  2025-09-04 11:18:31: [Robot FSM] Exit NotReadyStrategy State.
[2025-09-04|11:18:31][DEBUG] RobotFsmSequence: Enter new state NOT_READY_IDLE
[2025-09-04|11:18:31][INFO]  2025-09-04 11:18:31: Program is NOT running PROG_IDLE.
[2025-09-04|11:18:31][INFO]  2025-09-04 11:18:31: [Robot FSM] Enter NotReadyIdleStrategy State.
[2025-09-04|11:18:31][INFO]  DryRecipeFsmSequence: FSM service thread stopped.
[2025-09-04|11:18:31][INFO]  DryRecipeFsmSequence: Stopping FSM service thread.
[2025-09-04|11:18:31][INFO]  DryRecipeFsmSequence: FSM service thread stopped.
[2025-09-04|11:18:31][INFO]  DryRecipeFsmSequence: Stopping FSM service thread.
[2025-09-04|11:18:31][INFO]  DryRecipeFsmSequence: FSM service thread stopped.
[2025-09-04|11:18:31][INFO]  DryRecipeFsmSequence: Stopping FSM service thread.
[2025-09-04|11:18:31][INFO]  DryRecipeFsmSequence: FSM service thread stopped.
[2025-09-04|11:18:31][INFO]  DryRecipeFsmSequence: Stopping FSM service thread.
[2025-09-04|11:18:31][INFO]  DryRecipeFsmSequence: FSM service thread stopped.
[2025-09-04|11:18:31][INFO]  DryRecipeFsmSequence: Stopping FSM service thread.
[2025-09-04|11:18:31][INFO]  DryRecipeFsmSequence: FSM service thread stopped.
[2025-09-04|11:18:31][INFO]  dryfsm 1
[2025-09-04|11:18:31][DEBUG] DryRecipeFsmSequence: Enter new state NO_MENU
[2025-09-04|11:18:31][INFO]  2025-09-04 11:18:31: [Basket 1 FSM] Enter DryNoMenuStrategy State.
[2025-09-04|11:18:31][INFO]  dryfsm 2
[2025-09-04|11:18:31][DEBUG] DryRecipeFsmSequence: Enter new state NO_MENU
[2025-09-04|11:18:31][INFO]  2025-09-04 11:18:31: [Basket 2 FSM] Enter DryNoMenuStrategy State.
[2025-09-04|11:18:31][INFO]  dryfsm 3
[2025-09-04|11:18:31][DEBUG] DryRecipeFsmSequence: Enter new state NO_MENU
[2025-09-04|11:18:31][INFO]  2025-09-04 11:18:31: [Basket 3 FSM] Enter DryNoMenuStrategy State.
[2025-09-04|11:18:31][INFO]  dryfsm 4
[2025-09-04|11:18:31][DEBUG] DryRecipeFsmSequence: Enter new state NO_MENU
[2025-09-04|11:18:31][INFO]  2025-09-04 11:18:31: [Basket 4 FSM] Enter DryNoMenuStrategy State.
[2025-09-04|11:18:31][INFO]  dryfsm 5
[2025-09-04|11:18:31][DEBUG] DryRecipeFsmSequence: Enter new state NO_MENU
[2025-09-04|11:18:31][INFO]  2025-09-04 11:18:31: [Basket 5 FSM] Enter DryNoMenuStrategy State.
[2025-09-04|11:18:31][INFO]  dryfsm 6
[2025-09-04|11:18:31][DEBUG] DryRecipeFsmSequence: Enter new state NO_MENU
[2025-09-04|11:18:31][INFO]  2025-09-04 11:18:31: [Basket 6 FSM] Enter DryNoMenuStrategy State.
[2025-09-04|11:18:31][INFO]  dryfsm 7
[2025-09-04|11:18:31][DEBUG] DryRecipeFsmSequence: Enter new state NO_MENU
[2025-09-04|11:18:31][INFO]  2025-09-04 11:18:31: [Basket 7 FSM] Enter DryNoMenuStrategy State.
[2025-09-04|11:18:31][INFO]  dryfsm 8
[2025-09-04|11:18:31][DEBUG] DryRecipeFsmSequence: Enter new state NO_MENU
[2025-09-04|11:18:31][INFO]  2025-09-04 11:18:31: [Basket 8 FSM] Enter DryNoMenuStrategy State.
[2025-09-04|11:18:31][INFO]  WetRecipeFsmSequence: Stopping FSM service thread.
[2025-09-04|11:18:31][INFO]  WetRecipeFsmSequence: FSM service thread stopped.
[2025-09-04|11:18:32][INFO]  WetRecipeFsmSequence: Stopping FSM service thread.
[2025-09-04|11:18:32][INFO]  WetRecipeFsmSequence: FSM service thread stopped.
[2025-09-04|11:18:32][INFO]  WetRecipeFsmSequence: Stopping FSM service thread.
[2025-09-04|11:18:32][INFO]  WetRecipeFsmSequence: FSM service thread stopped.
[2025-09-04|11:18:32][INFO]  WetRecipeFsmSequence: Stopping FSM service thread.
[2025-09-04|11:18:32][INFO]  WetRecipeFsmSequence: FSM service thread stopped.
[2025-09-04|11:18:32][INFO]  1 fryer Index : 1
[2025-09-04|11:18:32][DEBUG] WetRecipeFsmSequence: Enter new state WAIT_PUTIN
[2025-09-04|11:18:32][INFO]  [SPECIAL] Basket 1: Reset putin_shake=0, shake_done=0
[2025-09-04|11:18:32][INFO]  2025-09-04 11:18:32: [Basket 1 FSM] Enter WaitPutinStrategy State.
[2025-09-04|11:18:32][INFO]  3 fryer Index : 1
[2025-09-04|11:18:32][DEBUG] WetRecipeFsmSequence: Enter new state WAIT_PUTIN
[2025-09-04|11:18:32][INFO]  [SPECIAL] Basket 3: Reset putin_shake=0, shake_done=0
[2025-09-04|11:18:32][INFO]  2025-09-04 11:18:32: [Basket 3 FSM] Enter WaitPutinStrategy State.
[2025-09-04|11:18:32][INFO]  6 fryer Index : 4
[2025-09-04|11:18:32][DEBUG] WetRecipeFsmSequence: Enter new state WAIT_PUTIN
[2025-09-04|11:18:32][INFO]  [SPECIAL] Basket 6: Reset putin_shake=0, shake_done=0
[2025-09-04|11:18:32][INFO]  2025-09-04 11:18:32: [Basket 6 FSM] Enter WaitPutinStrategy State.
[2025-09-04|11:18:32][INFO]  8 fryer Index : 4
[2025-09-04|11:18:32][DEBUG] WetRecipeFsmSequence: Enter new state WAIT_PUTIN
[2025-09-04|11:18:32][INFO]  [SPECIAL] Basket 8: Reset putin_shake=0, shake_done=0
[2025-09-04|11:18:32][INFO]  2025-09-04 11:18:32: [Basket 8 FSM] Enter WaitPutinStrategy State.
[2025-09-04|11:18:32][INFO]  [SYSTEM] [DEBUG] All FSMs re-initialized.
[2025-09-04|11:18:32][INFO]  [ProcessManager] `prog_stopped` flag has been manually reset.
[2025-09-04|11:18:33][DEBUG] cooking_logger.py: send_recipe_list_mqtt() called with data: [{'label': '', 'time': 0}, {'label': '만두', 'time': 60}, {'label': '', 'time': 0}, {'label': '', 'time': 0}, {'label': '', 'time': 0}, {'label': '', 'time': 0}, {'label': '', 'time': 0}, {'label': '', 'time': 0}, {'label': '', 'time': 0}, {'label': '', 'time': 0}, {'label': '', 'time': 0}]
[2025-09-04|11:18:33][INFO]  -------- ui/recipe1/reset/recipe_name 191 True
[2025-09-04|11:18:33][INFO]  ---sdfsdfsdff=----------
[2025-09-04|11:18:35][INFO]  2025-09-04 11:18:35: [Robot FSM] Program Start.
[2025-09-04|11:18:35][ERROR] Start main program
[2025-09-04|11:18:35][INFO]  2025-09-04 11:18:35: Wait for main program running
[2025-09-04|11:18:35][INFO]  2025-09-04 11:18:35: Program is NOT running PROG_IDLE.
[2025-09-04|11:18:35][INFO]  2025-09-04 11:18:35: Wait for main program running
[2025-09-04|11:18:35][INFO]  2025-09-04 11:18:35: Program is NOT running PROG_IDLE.
[2025-09-04|11:18:36][INFO]  2025-09-04 11:18:36: Wait for main program running
[2025-09-04|11:18:36][INFO]  2025-09-04 11:18:36: Program is NOT running PROG_IDLE.
[2025-09-04|11:18:36][INFO]  2025-09-04 11:18:36: Wait for main program running
[2025-09-04|11:18:36][INFO]  2025-09-04 11:18:36: Program is NOT running PROG_IDLE.
[2025-09-04|11:18:36][INFO]  2025-09-04 11:18:36: Wait for main program running
[2025-09-04|11:18:36][INFO]  2025-09-04 11:18:36: Program is NOT running PROG_IDLE.
[2025-09-04|11:18:36][INFO]  2025-09-04 11:18:36: Wait for main program running
[2025-09-04|11:18:36][INFO]  2025-09-04 11:18:36: Program is NOT running PROG_IDLE.
[2025-09-04|11:18:36][INFO]  2025-09-04 11:18:36: Wait for main program running
[2025-09-04|11:18:36][INFO]  2025-09-04 11:18:36: Program is NOT running PROG_IDLE.
[2025-09-04|11:18:36][INFO]  2025-09-04 11:18:36: Wait for main program running
[2025-09-04|11:18:36][DEBUG] RobotFsmSequence: Trigger Event START_PROGRAM on NOT_READY_IDLE
[2025-09-04|11:18:36][INFO]  2025-09-04 11:18:36: [Robot FSM] Exit NotReadyIdleStrategy State.
[2025-09-04|11:18:36][DEBUG] RobotFsmSequence: Enter new state MOVE_TO_READY
[2025-09-04|11:18:36][INFO]  2025-09-04 11:18:36: [Robot FSM] Enter MoveToReadyStrategy State.
[2025-09-04|11:18:36][INFO]  2025-09-04 11:18:36: [Robot FSM] Start motion True move_to_ready  
[2025-09-04|11:18:36][INFO]  Command I600 : 100
[2025-09-04|11:18:38][INFO]  2025-09-04 11:18:38: [Robot FSM] Finish motion move_to_ready
[2025-09-04|11:18:38][DEBUG] RobotFsmSequence: Trigger Event DONE on MOVE_TO_READY
[2025-09-04|11:18:38][INFO]  2025-09-04 11:18:38: [Robot FSM] Exiting MoveToReadyStrategy State.
[2025-09-04|11:18:38][DEBUG] RobotFsmSequence: Enter new state READY_IDLE
[2025-09-04|11:18:38][INFO]  2025-09-04 11:18:38: [Robot FSM] Enter ReadyIdleStrategy State.
[2025-09-04|11:18:38][INFO]  Command I600 : 0
[2025-09-04|11:18:42][INFO]  [Basket 2] Waiting for recipe assignment lock.
[2025-09-04|11:18:42][INFO]  [Basket 2] Acquired recipe assignment lock.
[2025-09-04|11:18:42][INFO]  [Basket 3] Waiting for recipe assignment lock.
[2025-09-04|11:18:42][INFO]  [Basket 5] Waiting for recipe assignment lock.
[2025-09-04|11:18:42][INFO]  [Basket 1] Waiting for recipe assignment lock.
[2025-09-04|11:18:42][INFO]  [Basket 4] Waiting for recipe assignment lock.
[2025-09-04|11:18:42][INFO]  [Basket 2] Releasing recipe assignment lock.
[2025-09-04|11:18:42][INFO]  [Basket 3] Acquired recipe assignment lock.
[2025-09-04|11:18:42][INFO]  [Basket 3] Releasing recipe assignment lock.
[2025-09-04|11:18:42][INFO]  [Basket 1] Acquired recipe assignment lock.
[2025-09-04|11:18:42][INFO]  [Basket 1] Releasing recipe assignment lock.
[2025-09-04|11:18:42][INFO]  2025-09-04 11:18:42: [Basket 1 FSM] Assign new menu 1
[2025-09-04|11:18:42][INFO]  [Basket 5] Acquired recipe assignment lock.
[2025-09-04|11:18:42][INFO]  2025-09-04 11:18:42: [Basket 2 FSM] Assign new menu 1
[2025-09-04|11:18:42][DEBUG] DryRecipeFsmSequence: Trigger Event ASSIGN_MENU on NO_MENU
[2025-09-04|11:18:42][INFO]  2025-09-04 11:18:42: [Basket 3 FSM] Assign new menu 1
[2025-09-04|11:18:42][DEBUG] DryRecipeFsmSequence: Trigger Event ASSIGN_MENU on NO_MENU
[2025-09-04|11:18:42][INFO]  2025-09-04 11:18:42: [Basket 2 FSM] Exit DryNoMenuStrategy State.
[2025-09-04|11:18:42][DEBUG] DryRecipeFsmSequence: Enter new state COOKING_READY
[2025-09-04|11:18:42][INFO]  2025-09-04 11:18:42: [Basket 2 FSM] Enter DryCookingReadyStrategy State.
[2025-09-04|11:18:42][INFO]  2025-09-04 11:18:42: [Basket 2 FSM] Start cooking.
[2025-09-04|11:18:42][DEBUG] DryRecipeFsmSequence: Trigger Event START_MENU on COOKING_READY
[2025-09-04|11:18:42][DEBUG] DryRecipeFsmSequence: Trigger Event ASSIGN_MENU on NO_MENU
[2025-09-04|11:18:42][INFO]  2025-09-04 11:18:42: [Basket 1 FSM] Exit DryNoMenuStrategy State.
[2025-09-04|11:18:42][INFO]  2025-09-04 11:18:42: [Basket 3 FSM] Exit DryNoMenuStrategy State.
[2025-09-04|11:18:42][DEBUG] DryRecipeFsmSequence: Enter new state COOKING_READY
[2025-09-04|11:18:42][INFO]  2025-09-04 11:18:42: [Basket 3 FSM] Enter DryCookingReadyStrategy State.
[2025-09-04|11:18:42][DEBUG] DryRecipeFsmSequence: Enter new state COOKING_READY
[2025-09-04|11:18:42][INFO]  2025-09-04 11:18:42: [Basket 1 FSM] Enter DryCookingReadyStrategy State.
[2025-09-04|11:18:42][INFO]  2025-09-04 11:18:42: [Basket 1 FSM] Start cooking.
[2025-09-04|11:18:42][INFO]  [Basket 5] Releasing recipe assignment lock.
[2025-09-04|11:18:42][INFO]  [Basket 4] Acquired recipe assignment lock.
[2025-09-04|11:18:42][DEBUG] DryRecipeFsmSequence: Trigger Event START_MENU on COOKING_READY
[2025-09-04|11:18:42][INFO]  2025-09-04 11:18:42: [Basket 2 FSM] Exit DryCookingReadyStrategy State.
[2025-09-04|11:18:42][DEBUG] DryRecipeFsmSequence: Enter new state MOVE_TO_FRYER
[2025-09-04|11:18:42][INFO]  2025-09-04 11:18:42: [Basket 2 FSM] Enter DryMoveToFryStrategy State.
[2025-09-04|11:18:42][INFO]  [Debug] Basket 2: putin_shake=True, type=<class 'bool'>
[2025-09-04|11:18:42][INFO]  2025-09-04 11:18:42: [Basket 5 FSM] Assign new menu 1
[2025-09-04|11:18:42][DEBUG] DryRecipeFsmSequence: Trigger Event ASSIGN_MENU on NO_MENU
[2025-09-04|11:18:42][INFO]  2025-09-04 11:18:42: [Basket 5 FSM] Exit DryNoMenuStrategy State.
[2025-09-04|11:18:42][INFO]  2025-09-04 11:18:42: [Basket 1 FSM] Exit DryCookingReadyStrategy State.
[2025-09-04|11:18:42][DEBUG] DryRecipeFsmSequence: Enter new state COOKING_READY
[2025-09-04|11:18:42][INFO]  2025-09-04 11:18:42: [Basket 5 FSM] Enter DryCookingReadyStrategy State.
[2025-09-04|11:18:42][INFO]  [Basket 4] Releasing recipe assignment lock.
[2025-09-04|11:18:42][DEBUG] DryRecipeFsmSequence: Enter new state MOVE_TO_FRYER
[2025-09-04|11:18:42][INFO]  2025-09-04 11:18:42: [Basket 1 FSM] Enter DryMoveToFryStrategy State.
[2025-09-04|11:18:42][INFO]  [Debug] Basket 1: putin_shake=True, type=<class 'bool'>
[2025-09-04|11:18:42][INFO]  2025-09-04 11:18:42: [Basket 5 FSM] Start cooking.
[2025-09-04|11:18:42][DEBUG] DryRecipeFsmSequence: Trigger Event START_MENU on COOKING_READY
[2025-09-04|11:18:43][INFO]  2025-09-04 11:18:42: [Basket 5 FSM] Exit DryCookingReadyStrategy State.
[2025-09-04|11:18:43][DEBUG] DryRecipeFsmSequence: Enter new state MOVE_TO_FRYER
[2025-09-04|11:18:43][INFO]  2025-09-04 11:18:43: [Basket 5 FSM] Enter DryMoveToFryStrategy State.
[2025-09-04|11:18:43][INFO]  [Debug] Basket 5: putin_shake=True, type=<class 'bool'>
[2025-09-04|11:18:43][INFO]  2025-09-04 11:18:43: [Basket 4 FSM] Assign new menu 1
[2025-09-04|11:18:43][DEBUG] DryRecipeFsmSequence: Trigger Event ASSIGN_MENU on NO_MENU
[2025-09-04|11:18:43][INFO]  2025-09-04 11:18:43: [Basket 4 FSM] Exit DryNoMenuStrategy State.
[2025-09-04|11:18:43][DEBUG] DryRecipeFsmSequence: Enter new state COOKING_READY
[2025-09-04|11:18:43][INFO]  2025-09-04 11:18:43: [Basket 4 FSM] Enter DryCookingReadyStrategy State.
[2025-09-04|11:18:43][INFO]  [PriorityScheduler] Current priority list:
[2025-09-04|11:18:43][INFO]    - Basket 1 | Fryer: 1 | type: dry | State: MOVE_TO_FRYER | Shake_times : 0 | Elapsed: 0.0s | FinishRemain: 1000.0s | Priority: 3
[2025-09-04|11:18:43][INFO]    - Basket 2 | Fryer: 2 | type: dry | State: MOVE_TO_FRYER | Shake_times : 0 | Elapsed: 0.0s | FinishRemain: 1000.0s | Priority: 3
[2025-09-04|11:18:43][INFO]    - Basket 5 | Fryer: 3 | type: dry | State: MOVE_TO_FRYER | Shake_times : 0 | Elapsed: 0.0s | FinishRemain: 1000.0s | Priority: 3
[2025-09-04|11:18:43][INFO]  trigger_to_fryer_motion 1
[2025-09-04|11:18:43][INFO]  2025-09-04 11:18:43: [ProcessManager] Trigger move_to_fryer motion [FSM 1, Basket 1, Fryer 1]
[2025-09-04|11:18:43][DEBUG] RobotFsmSequence: Trigger Event RUN_BASKET_TO_FRYER on READY_IDLE
[2025-09-04|11:18:43][INFO]  2025-09-04 11:18:43: [Robot FSM] Exiting ReadyIdleStrategy State.
[2025-09-04|11:18:43][DEBUG] RobotFsmSequence: Enter new state MOVE_BASKET_TO_FRYER
[2025-09-04|11:18:43][INFO]  2025-09-04 11:18:43: [Robot FSM] Enter MoveBasketToFryerStrategy State.
[2025-09-04|11:18:43][INFO]  2025-09-04 11:18:43: [Robot FSM] Start motion move_to_fryer with [basket 1, fryer 1]
[2025-09-04|11:18:43][INFO]  basket_to_fryer 311
[2025-09-04|11:18:43][INFO]  [Basket 7] Waiting for recipe assignment lock.
[2025-09-04|11:18:43][INFO]  [Basket 7] Acquired recipe assignment lock.
[2025-09-04|11:18:43][INFO]  [Basket 6] Waiting for recipe assignment lock.
[2025-09-04|11:18:43][INFO]  [Basket 7] Releasing recipe assignment lock.
[2025-09-04|11:18:43][INFO]  2025-09-04 11:18:43: [Basket 7 FSM] Assign new menu 1
[2025-09-04|11:18:43][DEBUG] DryRecipeFsmSequence: Trigger Event ASSIGN_MENU on NO_MENU
[2025-09-04|11:18:43][INFO]  [Basket 6] Acquired recipe assignment lock.
[2025-09-04|11:18:43][INFO]  [Basket 8] Waiting for recipe assignment lock.
[2025-09-04|11:18:43][INFO]  [Basket 6] Releasing recipe assignment lock.
[2025-09-04|11:18:43][INFO]  2025-09-04 11:18:43: [Basket 7 FSM] Exit DryNoMenuStrategy State.
[2025-09-04|11:18:43][INFO]  [Basket 8] Acquired recipe assignment lock.
[2025-09-04|11:18:43][INFO]  2025-09-04 11:18:43: [Basket 6 FSM] Assign new menu 1
[2025-09-04|11:18:43][DEBUG] DryRecipeFsmSequence: Trigger Event ASSIGN_MENU on NO_MENU
[2025-09-04|11:18:43][DEBUG] DryRecipeFsmSequence: Enter new state COOKING_READY
[2025-09-04|11:18:43][INFO]  2025-09-04 11:18:43: [Basket 7 FSM] Enter DryCookingReadyStrategy State.
[2025-09-04|11:18:43][INFO]  [Basket 8] Releasing recipe assignment lock.
[2025-09-04|11:18:43][INFO]  2025-09-04 11:18:43: [Basket 8 FSM] Assign new menu 1
[2025-09-04|11:18:43][DEBUG] DryRecipeFsmSequence: Trigger Event ASSIGN_MENU on NO_MENU
[2025-09-04|11:18:43][INFO]  2025-09-04 11:18:43: [Basket 6 FSM] Exit DryNoMenuStrategy State.
[2025-09-04|11:18:43][DEBUG] DryRecipeFsmSequence: Enter new state COOKING_READY
[2025-09-04|11:18:43][INFO]  2025-09-04 11:18:43: [Basket 6 FSM] Enter DryCookingReadyStrategy State.
[2025-09-04|11:18:43][INFO]  2025-09-04 11:18:43: [Basket 6 FSM] Start cooking.
[2025-09-04|11:18:43][DEBUG] DryRecipeFsmSequence: Trigger Event START_MENU on COOKING_READY
[2025-09-04|11:18:43][INFO]  2025-09-04 11:18:43: [Basket 6 FSM] Exit DryCookingReadyStrategy State.
[2025-09-04|11:18:43][DEBUG] DryRecipeFsmSequence: Enter new state MOVE_TO_FRYER
[2025-09-04|11:18:43][INFO]  2025-09-04 11:18:43: [Basket 6 FSM] Enter DryMoveToFryStrategy State.
[2025-09-04|11:18:43][INFO]  [Debug] Basket 6: putin_shake=True, type=<class 'bool'>
[2025-09-04|11:18:43][INFO]  2025-09-04 11:18:43: [Basket 8 FSM] Exit DryNoMenuStrategy State.
[2025-09-04|11:18:43][DEBUG] DryRecipeFsmSequence: Enter new state COOKING_READY
[2025-09-04|11:18:43][INFO]  2025-09-04 11:18:43: [Basket 8 FSM] Enter DryCookingReadyStrategy State.
[2025-09-04|11:18:43][INFO]  Command I600 : 311
[2025-09-04|11:18:49][INFO]  2025-09-04 11:18:49: Program stopped by App.
[2025-09-04|11:18:49][INFO]  [DEBUG] stop_program: Sending stop command to Conty.
[2025-09-04|11:18:49][INFO]  [DEBUG] stop_program: Waiting for Conty program to stop. Current state: PROG_RUNNING
[2025-09-04|11:18:49][INFO]  Stop program!!
[2025-09-04|11:18:49][INFO]  [DEBUG] stop_program: Waiting for Conty program to stop. Current state: PROG_RUNNING
[2025-09-04|11:18:50][INFO]  [DEBUG] stop_program: Waiting for Conty program to stop. Current state: PROG_STOPPING
[2025-09-04|11:18:50][INFO]  [DEBUG] stop_program: Waiting for Conty program to stop. Current state: PROG_STOPPING
[2025-09-04|11:18:50][WARN]  [ProcessManager] Program stop detected. Resetting all motion triggers to prevent deadlock.
[2025-09-04|11:18:50][INFO]  [DEBUG] stop_program: Conty program confirmed to be in IDLE state.
[2025-09-04|11:18:50][DEBUG] RobotFsmSequence: Trigger Event STOP on MOVE_BASKET_TO_FRYER
[2025-09-04|11:18:50][INFO]  2025-09-04 11:18:50: Exit MoveBasketToFryerStrategy State.
[2025-09-04|11:18:50][DEBUG] RobotFsmSequence: Enter new state FINISHING_MOTION
[2025-09-04|11:18:50][INFO]  2025-09-04 11:18:50: [Robot FSM] Enter FinishingMotionStrategy State. Waiting for motion to finish or program to stop.
[2025-09-04|11:18:50][INFO]  2025-09-04 11:18:50: Program is NOT running PROG_IDLE.
[2025-09-04|11:18:50][WARN]  2025-09-04 11:18:50: [Robot FSM] Program has stopped. Forcing FINISH_MOTION to DONE.
[2025-09-04|11:18:50][DEBUG] RobotFsmSequence: Trigger Event DONE on FINISHING_MOTION
[2025-09-04|11:18:50][INFO]  2025-09-04 11:18:50: [Robot FSM] Exit FinishingMotionStrategy State.
[2025-09-04|11:18:50][DEBUG] RobotFsmSequence: Enter new state NOT_READY_IDLE
[2025-09-04|11:18:50][INFO]  2025-09-04 11:18:50: Program is NOT running PROG_IDLE.
[2025-09-04|11:18:50][INFO]  2025-09-04 11:18:50: [Robot FSM] Enter NotReadyIdleStrategy State.
[2025-09-04|11:18:50][INFO]  Command I600 : 0
[2025-09-04|11:18:51][INFO]  [PriorityScheduler] Current priority list:
[2025-09-04|11:18:51][INFO]    - Basket 1 | Fryer: 1 | type: dry | State: MOVE_TO_FRYER | Shake_times : 0 | Elapsed: 0.0s | FinishRemain: 1000.0s | Priority: 3
[2025-09-04|11:18:51][INFO]    - Basket 2 | Fryer: 2 | type: dry | State: MOVE_TO_FRYER | Shake_times : 0 | Elapsed: 0.0s | FinishRemain: 1000.0s | Priority: 3
[2025-09-04|11:18:51][INFO]    - Basket 5 | Fryer: 3 | type: dry | State: MOVE_TO_FRYER | Shake_times : 0 | Elapsed: 0.0s | FinishRemain: 1000.0s | Priority: 3
[2025-09-04|11:18:51][INFO]    - Basket 6 | Fryer: 4 | type: dry | State: MOVE_TO_FRYER | Shake_times : 0 | Elapsed: 0.0s | FinishRemain: 1000.0s | Priority: 3
[2025-09-04|11:18:51][INFO]  trigger_to_fryer_motion 1
[2025-09-04|11:18:51][INFO]  2025-09-04 11:18:51: [ProcessManager] Trigger move_to_fryer motion [FSM 1, Basket 1, Fryer 1]
[2025-09-04|11:18:51][INFO]  2025-09-04 11:18:51: [ProcessManager] Reset all recipes!
[2025-09-04|11:18:51][INFO]  [SYSTEM] [DEBUG] Received request for full FSM reset.
[2025-09-04|11:18:51][INFO]  2025-09-04 11:18:51: Program is NOT running PROG_IDLE.
[2025-09-04|11:18:51][INFO]  [SYSTEM] [DEBUG] Re-initializing all FSMs without waiting for old threads.
[2025-09-04|11:18:51][INFO]  RobotFsmSequence: Stopping FSM service thread.
[2025-09-04|11:18:51][INFO]  RobotFsmSequence: FSM service thread stopped.
[2025-09-04|11:18:51][DEBUG] RobotFsmSequence: Enter new state NOT_READY
[2025-09-04|11:18:51][INFO]  2025-09-04 11:18:51: Program is NOT running PROG_IDLE.
[2025-09-04|11:18:51][INFO]  2025-09-04 11:18:51: [Robot FSM] Enter NotReadyStrategy State.
[2025-09-04|11:18:51][INFO]  [SYSTEM] [DEBUG] Robot FSM re-initialized.
[2025-09-04|11:18:51][INFO]  DryRecipeFsmSequence: Stopping FSM service thread.
[2025-09-04|11:18:51][INFO]  DryRecipeFsmSequence: FSM service thread stopped.
[2025-09-04|11:18:51][INFO]  DryRecipeFsmSequence: Stopping FSM service thread.
[2025-09-04|11:18:51][DEBUG] RobotFsmSequence: Trigger Event DONE on NOT_READY
[2025-09-04|11:18:51][INFO]  DryRecipeFsmSequence: FSM service thread stopped.
[2025-09-04|11:18:51][INFO]  DryRecipeFsmSequence: Stopping FSM service thread.
[2025-09-04|11:18:51][INFO]  2025-09-04 11:18:51: [Robot FSM] Exit NotReadyStrategy State.
[2025-09-04|11:18:51][DEBUG] RobotFsmSequence: Enter new state NOT_READY_IDLE
[2025-09-04|11:18:51][INFO]  2025-09-04 11:18:51: Program is NOT running PROG_IDLE.
[2025-09-04|11:18:51][INFO]  DryRecipeFsmSequence: FSM service thread stopped.
[2025-09-04|11:18:51][INFO]  DryRecipeFsmSequence: Stopping FSM service thread.
[2025-09-04|11:18:51][INFO]  2025-09-04 11:18:51: [Robot FSM] Enter NotReadyIdleStrategy State.
[2025-09-04|11:18:51][INFO]  DryRecipeFsmSequence: FSM service thread stopped.
[2025-09-04|11:18:51][INFO]  DryRecipeFsmSequence: Stopping FSM service thread.
[2025-09-04|11:18:51][INFO]  DryRecipeFsmSequence: FSM service thread stopped.
[2025-09-04|11:18:51][INFO]  DryRecipeFsmSequence: Stopping FSM service thread.
[2025-09-04|11:18:51][INFO]  DryRecipeFsmSequence: FSM service thread stopped.
[2025-09-04|11:18:51][INFO]  DryRecipeFsmSequence: Stopping FSM service thread.
[2025-09-04|11:18:51][INFO]  DryRecipeFsmSequence: FSM service thread stopped.
[2025-09-04|11:18:51][INFO]  DryRecipeFsmSequence: Stopping FSM service thread.
[2025-09-04|11:18:51][INFO]  DryRecipeFsmSequence: FSM service thread stopped.
[2025-09-04|11:18:51][INFO]  dryfsm 1
[2025-09-04|11:18:51][DEBUG] DryRecipeFsmSequence: Enter new state NO_MENU
[2025-09-04|11:18:51][INFO]  2025-09-04 11:18:51: [Basket 1 FSM] Enter DryNoMenuStrategy State.
[2025-09-04|11:18:51][INFO]  dryfsm 2
[2025-09-04|11:18:51][DEBUG] DryRecipeFsmSequence: Enter new state NO_MENU
[2025-09-04|11:18:51][INFO]  2025-09-04 11:18:51: [Basket 2 FSM] Enter DryNoMenuStrategy State.
[2025-09-04|11:18:51][INFO]  dryfsm 3
[2025-09-04|11:18:51][DEBUG] DryRecipeFsmSequence: Enter new state NO_MENU
[2025-09-04|11:18:51][INFO]  2025-09-04 11:18:51: [Basket 3 FSM] Enter DryNoMenuStrategy State.
[2025-09-04|11:18:51][INFO]  dryfsm 4
[2025-09-04|11:18:51][DEBUG] DryRecipeFsmSequence: Enter new state NO_MENU
[2025-09-04|11:18:51][INFO]  2025-09-04 11:18:51: [Basket 4 FSM] Enter DryNoMenuStrategy State.
[2025-09-04|11:18:51][INFO]  dryfsm 5
[2025-09-04|11:18:51][DEBUG] DryRecipeFsmSequence: Enter new state NO_MENU
[2025-09-04|11:18:51][INFO]  2025-09-04 11:18:51: [Basket 5 FSM] Enter DryNoMenuStrategy State.
[2025-09-04|11:18:51][INFO]  dryfsm 6
[2025-09-04|11:18:51][DEBUG] DryRecipeFsmSequence: Enter new state NO_MENU
[2025-09-04|11:18:51][INFO]  2025-09-04 11:18:51: [Basket 6 FSM] Enter DryNoMenuStrategy State.
[2025-09-04|11:18:51][INFO]  dryfsm 7
[2025-09-04|11:18:51][DEBUG] DryRecipeFsmSequence: Enter new state NO_MENU
[2025-09-04|11:18:51][INFO]  2025-09-04 11:18:51: [Basket 7 FSM] Enter DryNoMenuStrategy State.
[2025-09-04|11:18:51][INFO]  dryfsm 8
[2025-09-04|11:18:51][DEBUG] DryRecipeFsmSequence: Enter new state NO_MENU
[2025-09-04|11:18:51][INFO]  2025-09-04 11:18:51: [Basket 8 FSM] Enter DryNoMenuStrategy State.
[2025-09-04|11:18:52][INFO]  WetRecipeFsmSequence: Stopping FSM service thread.
[2025-09-04|11:18:52][INFO]  WetRecipeFsmSequence: FSM service thread stopped.
[2025-09-04|11:18:52][INFO]  WetRecipeFsmSequence: Stopping FSM service thread.
[2025-09-04|11:18:52][INFO]  WetRecipeFsmSequence: FSM service thread stopped.
[2025-09-04|11:18:52][INFO]  WetRecipeFsmSequence: Stopping FSM service thread.
[2025-09-04|11:18:52][INFO]  WetRecipeFsmSequence: FSM service thread stopped.
[2025-09-04|11:18:52][INFO]  WetRecipeFsmSequence: Stopping FSM service thread.
[2025-09-04|11:18:52][INFO]  WetRecipeFsmSequence: FSM service thread stopped.
[2025-09-04|11:18:52][INFO]  1 fryer Index : 1
[2025-09-04|11:18:52][DEBUG] WetRecipeFsmSequence: Enter new state WAIT_PUTIN
[2025-09-04|11:18:52][INFO]  [SPECIAL] Basket 1: Reset putin_shake=0, shake_done=0
[2025-09-04|11:18:52][INFO]  2025-09-04 11:18:52: [Basket 1 FSM] Enter WaitPutinStrategy State.
[2025-09-04|11:18:52][INFO]  3 fryer Index : 1
[2025-09-04|11:18:52][DEBUG] WetRecipeFsmSequence: Enter new state WAIT_PUTIN
[2025-09-04|11:18:52][INFO]  [SPECIAL] Basket 3: Reset putin_shake=0, shake_done=0
[2025-09-04|11:18:52][INFO]  2025-09-04 11:18:52: [Basket 3 FSM] Enter WaitPutinStrategy State.
[2025-09-04|11:18:52][INFO]  6 fryer Index : 4
[2025-09-04|11:18:52][DEBUG] WetRecipeFsmSequence: Enter new state WAIT_PUTIN
[2025-09-04|11:18:52][INFO]  [SPECIAL] Basket 6: Reset putin_shake=0, shake_done=0
[2025-09-04|11:18:52][INFO]  2025-09-04 11:18:52: [Basket 6 FSM] Enter WaitPutinStrategy State.
[2025-09-04|11:18:52][INFO]  8 fryer Index : 4
[2025-09-04|11:18:52][DEBUG] WetRecipeFsmSequence: Enter new state WAIT_PUTIN
[2025-09-04|11:18:52][INFO]  [SPECIAL] Basket 8: Reset putin_shake=0, shake_done=0
[2025-09-04|11:18:52][INFO]  2025-09-04 11:18:52: [Basket 8 FSM] Enter WaitPutinStrategy State.
[2025-09-04|11:18:52][INFO]  [SYSTEM] [DEBUG] All FSMs re-initialized.
[2025-09-04|11:18:52][INFO]  [ProcessManager] `prog_stopped` flag has been manually reset.
[2025-09-04|11:18:56][ERROR] Fail to execute move command
[2025-09-04|11:18:58][INFO]  2025-09-04 11:18:58: [Robot FSM] Program Start.
[2025-09-04|11:18:58][ERROR] Start main program
[2025-09-04|11:18:58][INFO]  2025-09-04 11:18:58: Wait for main program running
[2025-09-04|11:18:58][INFO]  2025-09-04 11:18:58: Program is NOT running PROG_IDLE.
[2025-09-04|11:18:58][INFO]  2025-09-04 11:18:58: Wait for main program running
[2025-09-04|11:18:58][INFO]  2025-09-04 11:18:58: Program is NOT running PROG_IDLE.
[2025-09-04|11:18:58][INFO]  2025-09-04 11:18:58: Wait for main program running
[2025-09-04|11:18:58][INFO]  2025-09-04 11:18:58: Program is NOT running PROG_IDLE.
[2025-09-04|11:18:58][INFO]  2025-09-04 11:18:58: Wait for main program running
[2025-09-04|11:18:58][INFO]  2025-09-04 11:18:58: Program is NOT running PROG_IDLE.
[2025-09-04|11:18:58][INFO]  2025-09-04 11:18:58: Wait for main program running
[2025-09-04|11:18:58][INFO]  2025-09-04 11:18:58: Program is NOT running PROG_IDLE.
[2025-09-04|11:18:58][INFO]  2025-09-04 11:18:58: Wait for main program running
[2025-09-04|11:18:58][INFO]  2025-09-04 11:18:58: Program is NOT running PROG_IDLE.
[2025-09-04|11:18:58][INFO]  2025-09-04 11:18:58: Wait for main program running
[2025-09-04|11:18:58][INFO]  2025-09-04 11:18:58: Program is NOT running PROG_IDLE.
[2025-09-04|11:18:59][INFO]  2025-09-04 11:18:59: Wait for main program running
[2025-09-04|11:18:59][DEBUG] RobotFsmSequence: Trigger Event START_PROGRAM on NOT_READY_IDLE
[2025-09-04|11:18:59][INFO]  2025-09-04 11:18:59: [Robot FSM] Exit NotReadyIdleStrategy State.
[2025-09-04|11:18:59][DEBUG] RobotFsmSequence: Enter new state MOVE_TO_READY
[2025-09-04|11:18:59][INFO]  2025-09-04 11:18:59: [Robot FSM] Enter MoveToReadyStrategy State.
[2025-09-04|11:18:59][INFO]  2025-09-04 11:18:59: [Robot FSM] Start motion True move_to_ready  
[2025-09-04|11:18:59][INFO]  Command I600 : 100
[2025-09-04|11:19:00][INFO]  2025-09-04 11:19:00: [Robot FSM] Finish motion move_to_ready
[2025-09-04|11:19:00][DEBUG] RobotFsmSequence: Trigger Event DONE on MOVE_TO_READY
[2025-09-04|11:19:00][INFO]  2025-09-04 11:19:00: [Robot FSM] Exiting MoveToReadyStrategy State.
[2025-09-04|11:19:00][DEBUG] RobotFsmSequence: Enter new state READY_IDLE
[2025-09-04|11:19:00][INFO]  2025-09-04 11:19:00: [Robot FSM] Enter ReadyIdleStrategy State.
[2025-09-04|11:19:00][INFO]  Command I600 : 0
[2025-09-04|11:19:06][INFO]  [Basket 4] Waiting for recipe assignment lock.
[2025-09-04|11:19:06][INFO]  [Basket 4] Acquired recipe assignment lock.
[2025-09-04|11:19:06][INFO]  [Basket 3] Waiting for recipe assignment lock.
[2025-09-04|11:19:06][INFO]  [Basket 2] Waiting for recipe assignment lock.
[2025-09-04|11:19:06][INFO]  [Basket 1] Waiting for recipe assignment lock.
[2025-09-04|11:19:06][INFO]  [Basket 4] Releasing recipe assignment lock.
[2025-09-04|11:19:06][INFO]  [Basket 3] Acquired recipe assignment lock.
[2025-09-04|11:19:06][INFO]  [Basket 3] Releasing recipe assignment lock.
[2025-09-04|11:19:06][INFO]  [Basket 2] Acquired recipe assignment lock.
[2025-09-04|11:19:06][INFO]  [Basket 2] Releasing recipe assignment lock.
[2025-09-04|11:19:06][INFO]  [Basket 1] Acquired recipe assignment lock.
[2025-09-04|11:19:06][INFO]  2025-09-04 11:19:06: [Basket 4 FSM] Assign new menu 1
[2025-09-04|11:19:06][DEBUG] DryRecipeFsmSequence: Trigger Event ASSIGN_MENU on NO_MENU
[2025-09-04|11:19:06][INFO]  2025-09-04 11:19:06: [Basket 4 FSM] Exit DryNoMenuStrategy State.
[2025-09-04|11:19:06][DEBUG] DryRecipeFsmSequence: Enter new state COOKING_READY
[2025-09-04|11:19:06][INFO]  2025-09-04 11:19:06: [Basket 4 FSM] Enter DryCookingReadyStrategy State.
[2025-09-04|11:19:06][INFO]  2025-09-04 11:19:06: [Basket 2 FSM] Assign new menu 1
[2025-09-04|11:19:06][DEBUG] DryRecipeFsmSequence: Trigger Event ASSIGN_MENU on NO_MENU
[2025-09-04|11:19:06][INFO]  2025-09-04 11:19:06: [Basket 2 FSM] Exit DryNoMenuStrategy State.
[2025-09-04|11:19:06][DEBUG] DryRecipeFsmSequence: Enter new state COOKING_READY
[2025-09-04|11:19:06][INFO]  2025-09-04 11:19:06: [Basket 2 FSM] Enter DryCookingReadyStrategy State.
[2025-09-04|11:19:06][INFO]  2025-09-04 11:19:06: [Basket 2 FSM] Start cooking.
[2025-09-04|11:19:06][DEBUG] DryRecipeFsmSequence: Trigger Event START_MENU on COOKING_READY
[2025-09-04|11:19:06][INFO]  2025-09-04 11:19:06: [Basket 3 FSM] Assign new menu 1
[2025-09-04|11:19:06][DEBUG] DryRecipeFsmSequence: Trigger Event ASSIGN_MENU on NO_MENU
[2025-09-04|11:19:06][INFO]  [Basket 1] Releasing recipe assignment lock.
[2025-09-04|11:19:06][INFO]  2025-09-04 11:19:06: [Basket 1 FSM] Assign new menu 1
[2025-09-04|11:19:06][DEBUG] DryRecipeFsmSequence: Trigger Event ASSIGN_MENU on NO_MENU
[2025-09-04|11:19:06][INFO]  2025-09-04 11:19:06: [Basket 1 FSM] Exit DryNoMenuStrategy State.
[2025-09-04|11:19:06][DEBUG] DryRecipeFsmSequence: Enter new state COOKING_READY
[2025-09-04|11:19:06][INFO]  2025-09-04 11:19:06: [Basket 1 FSM] Enter DryCookingReadyStrategy State.
[2025-09-04|11:19:06][INFO]  2025-09-04 11:19:06: [Basket 1 FSM] Start cooking.
[2025-09-04|11:19:06][DEBUG] DryRecipeFsmSequence: Trigger Event START_MENU on COOKING_READY
[2025-09-04|11:19:06][INFO]  2025-09-04 11:19:06: [Basket 3 FSM] Exit DryNoMenuStrategy State.
[2025-09-04|11:19:06][DEBUG] DryRecipeFsmSequence: Enter new state COOKING_READY
[2025-09-04|11:19:06][INFO]  2025-09-04 11:19:06: [Basket 3 FSM] Enter DryCookingReadyStrategy State.
[2025-09-04|11:19:06][INFO]  2025-09-04 11:19:06: [Basket 2 FSM] Exit DryCookingReadyStrategy State.
[2025-09-04|11:19:06][DEBUG] DryRecipeFsmSequence: Enter new state MOVE_TO_FRYER
[2025-09-04|11:19:06][INFO]  2025-09-04 11:19:06: [Basket 2 FSM] Enter DryMoveToFryStrategy State.
[2025-09-04|11:19:06][INFO]  [Debug] Basket 2: putin_shake=True, type=<class 'bool'>
[2025-09-04|11:19:06][INFO]  2025-09-04 11:19:06: [Basket 1 FSM] Exit DryCookingReadyStrategy State.
[2025-09-04|11:19:06][DEBUG] DryRecipeFsmSequence: Enter new state MOVE_TO_FRYER
[2025-09-04|11:19:06][INFO]  2025-09-04 11:19:06: [Basket 1 FSM] Enter DryMoveToFryStrategy State.
[2025-09-04|11:19:06][INFO]  [Debug] Basket 1: putin_shake=True, type=<class 'bool'>
[2025-09-04|11:19:06][INFO]  [PriorityScheduler] Current priority list:
[2025-09-04|11:19:06][INFO]    - Basket 1 | Fryer: 1 | type: dry | State: MOVE_TO_FRYER | Shake_times : 0 | Elapsed: 0.0s | FinishRemain: 1000.0s | Priority: 3
[2025-09-04|11:19:06][INFO]    - Basket 2 | Fryer: 2 | type: dry | State: MOVE_TO_FRYER | Shake_times : 0 | Elapsed: 0.0s | FinishRemain: 1000.0s | Priority: 3
[2025-09-04|11:19:06][INFO]  trigger_to_fryer_motion 1
[2025-09-04|11:19:06][INFO]  2025-09-04 11:19:06: [ProcessManager] Trigger move_to_fryer motion [FSM 1, Basket 1, Fryer 1]
[2025-09-04|11:19:06][DEBUG] RobotFsmSequence: Trigger Event RUN_BASKET_TO_FRYER on READY_IDLE
[2025-09-04|11:19:07][INFO]  2025-09-04 11:19:07: [Robot FSM] Exiting ReadyIdleStrategy State.
[2025-09-04|11:19:07][DEBUG] RobotFsmSequence: Enter new state MOVE_BASKET_TO_FRYER
[2025-09-04|11:19:07][INFO]  [Basket 7] Waiting for recipe assignment lock.
[2025-09-04|11:19:07][INFO]  [Basket 5] Waiting for recipe assignment lock.
[2025-09-04|11:19:07][INFO]  2025-09-04 11:19:07: [Robot FSM] Enter MoveBasketToFryerStrategy State.
[2025-09-04|11:19:07][INFO]  [Basket 6] Waiting for recipe assignment lock.
[2025-09-04|11:19:07][INFO]  [Basket 8] Waiting for recipe assignment lock.
[2025-09-04|11:19:07][INFO]  [Basket 7] Acquired recipe assignment lock.
[2025-09-04|11:19:07][INFO]  2025-09-04 11:19:07: [Robot FSM] Start motion move_to_fryer with [basket 1, fryer 1]
[2025-09-04|11:19:07][INFO]  basket_to_fryer 311
[2025-09-04|11:19:07][INFO]  [Basket 7] Releasing recipe assignment lock.
[2025-09-04|11:19:07][INFO]  [Basket 5] Acquired recipe assignment lock.
[2025-09-04|11:19:07][INFO]  2025-09-04 11:19:07: [Basket 7 FSM] Assign new menu 1
[2025-09-04|11:19:07][DEBUG] DryRecipeFsmSequence: Trigger Event ASSIGN_MENU on NO_MENU
[2025-09-04|11:19:07][INFO]  2025-09-04 11:19:07: [Basket 7 FSM] Exit DryNoMenuStrategy State.
[2025-09-04|11:19:07][DEBUG] DryRecipeFsmSequence: Enter new state COOKING_READY
[2025-09-04|11:19:07][INFO]  2025-09-04 11:19:07: [Basket 7 FSM] Enter DryCookingReadyStrategy State.
[2025-09-04|11:19:07][INFO]  [Basket 5] Releasing recipe assignment lock.
[2025-09-04|11:19:07][INFO]  [Basket 6] Acquired recipe assignment lock.
[2025-09-04|11:19:07][INFO]  2025-09-04 11:19:07: [Basket 5 FSM] Assign new menu 1
[2025-09-04|11:19:07][DEBUG] DryRecipeFsmSequence: Trigger Event ASSIGN_MENU on NO_MENU
[2025-09-04|11:19:07][INFO]  2025-09-04 11:19:07: [Basket 5 FSM] Exit DryNoMenuStrategy State.
[2025-09-04|11:19:07][DEBUG] DryRecipeFsmSequence: Enter new state COOKING_READY
[2025-09-04|11:19:07][INFO]  2025-09-04 11:19:07: [Basket 5 FSM] Enter DryCookingReadyStrategy State.
[2025-09-04|11:19:07][INFO]  2025-09-04 11:19:07: [Basket 5 FSM] Start cooking.
[2025-09-04|11:19:07][DEBUG] DryRecipeFsmSequence: Trigger Event START_MENU on COOKING_READY
[2025-09-04|11:19:07][INFO]  [Basket 6] Releasing recipe assignment lock.
[2025-09-04|11:19:07][INFO]  2025-09-04 11:19:07: [Basket 6 FSM] Assign new menu 1
[2025-09-04|11:19:07][DEBUG] DryRecipeFsmSequence: Trigger Event ASSIGN_MENU on NO_MENU
[2025-09-04|11:19:07][INFO]  2025-09-04 11:19:07: [Basket 6 FSM] Exit DryNoMenuStrategy State.
[2025-09-04|11:19:07][INFO]  [Basket 8] Acquired recipe assignment lock.
[2025-09-04|11:19:07][INFO]  2025-09-04 11:19:07: [Basket 5 FSM] Exit DryCookingReadyStrategy State.
[2025-09-04|11:19:07][DEBUG] DryRecipeFsmSequence: Enter new state MOVE_TO_FRYER
[2025-09-04|11:19:07][INFO]  2025-09-04 11:19:07: [Basket 5 FSM] Enter DryMoveToFryStrategy State.
[2025-09-04|11:19:07][INFO]  [Debug] Basket 5: putin_shake=True, type=<class 'bool'>
[2025-09-04|11:19:07][DEBUG] DryRecipeFsmSequence: Enter new state COOKING_READY
[2025-09-04|11:19:07][INFO]  2025-09-04 11:19:07: [Basket 6 FSM] Enter DryCookingReadyStrategy State.
[2025-09-04|11:19:07][INFO]  2025-09-04 11:19:07: [Basket 6 FSM] Start cooking.
[2025-09-04|11:19:07][DEBUG] DryRecipeFsmSequence: Trigger Event START_MENU on COOKING_READY
[2025-09-04|11:19:07][INFO]  2025-09-04 11:19:07: [Basket 6 FSM] Exit DryCookingReadyStrategy State.
[2025-09-04|11:19:07][DEBUG] DryRecipeFsmSequence: Enter new state MOVE_TO_FRYER
[2025-09-04|11:19:07][INFO]  2025-09-04 11:19:07: [Basket 6 FSM] Enter DryMoveToFryStrategy State.
[2025-09-04|11:19:07][INFO]  [Debug] Basket 6: putin_shake=True, type=<class 'bool'>
[2025-09-04|11:19:07][INFO]  [Basket 8] Releasing recipe assignment lock.
[2025-09-04|11:19:07][INFO]  2025-09-04 11:19:07: [Basket 8 FSM] Assign new menu 1
[2025-09-04|11:19:07][DEBUG] DryRecipeFsmSequence: Trigger Event ASSIGN_MENU on NO_MENU
[2025-09-04|11:19:07][INFO]  2025-09-04 11:19:07: [Basket 8 FSM] Exit DryNoMenuStrategy State.
[2025-09-04|11:19:07][DEBUG] DryRecipeFsmSequence: Enter new state COOKING_READY
[2025-09-04|11:19:07][INFO]  2025-09-04 11:19:07: [Basket 8 FSM] Enter DryCookingReadyStrategy State.
[2025-09-04|11:19:07][INFO]  Command I600 : 311
[2025-09-04|11:19:51][INFO]  2025-09-04 11:19:51: [Robot FSM] Finish motion move_to_fryer with [basket 1, fryer 1]
[2025-09-04|11:19:51][INFO]  2025-09-04 11:19:51: [Basket 1 FSM] Motion move_to_fryer done (0)
[2025-09-04|11:19:51][DEBUG] DryRecipeFsmSequence: Trigger Event MOTION_DONE on MOVE_TO_FRYER
[2025-09-04|11:19:51][INFO]  2025-09-04 11:19:51: [Basket 1 FSM] Exit DryMoveToFryStrategy State.
[2025-09-04|11:19:51][DEBUG] DryRecipeFsmSequence: Enter new state FRY
[2025-09-04|11:19:51][INFO]  2025-09-04 11:19:51: [Basket 1 FSM] Enter DryFryStrategy State.
[2025-09-04|11:19:51][INFO]  Command I600 : 0
[2025-09-04|11:19:53][DEBUG] RobotFsmSequence: Trigger Event DONE on MOVE_BASKET_TO_FRYER
[2025-09-04|11:19:53][INFO]  2025-09-04 11:19:53: Exit MoveBasketToFryerStrategy State.
[2025-09-04|11:19:53][DEBUG] RobotFsmSequence: Enter new state MOVE_TO_READY
[2025-09-04|11:19:53][INFO]  2025-09-04 11:19:53: [Robot FSM] Enter MoveToReadyStrategy State.
[2025-09-04|11:19:53][INFO]  2025-09-04 11:19:53: [Robot FSM] Start motion False move_to_ready  
[2025-09-04|11:19:53][DEBUG] RobotFsmSequence: Trigger Event DONE on MOVE_TO_READY
[2025-09-04|11:19:53][INFO]  2025-09-04 11:19:53: [Robot FSM] Exiting MoveToReadyStrategy State.
[2025-09-04|11:19:53][DEBUG] RobotFsmSequence: Enter new state READY_IDLE
[2025-09-04|11:19:53][INFO]  2025-09-04 11:19:53: [Robot FSM] Enter ReadyIdleStrategy State.
[2025-09-04|11:19:57][INFO]  2025-09-04 11:19:57: Program stopped by App.
[2025-09-04|11:19:57][INFO]  [DEBUG] stop_program: Sending stop command to Conty.
[2025-09-04|11:19:57][INFO]  [DEBUG] stop_program: Waiting for Conty program to stop. Current state: PROG_RUNNING
[2025-09-04|11:19:57][INFO]  Stop program!!
[2025-09-04|11:19:57][INFO]  [DEBUG] stop_program: Waiting for Conty program to stop. Current state: PROG_RUNNING
[2025-09-04|11:19:57][INFO]  [DEBUG] stop_program: Conty program confirmed to be in IDLE state.
[2025-09-04|11:19:57][DEBUG] RobotFsmSequence: Trigger Event STOP on READY_IDLE
[2025-09-04|11:19:57][INFO]  2025-09-04 11:19:57: [Robot FSM] Exiting ReadyIdleStrategy State.
[2025-09-04|11:19:57][DEBUG] RobotFsmSequence: Enter new state NOT_READY_IDLE
[2025-09-04|11:19:57][INFO]  2025-09-04 11:19:57: Program is NOT running PROG_IDLE.
[2025-09-04|11:19:57][INFO]  2025-09-04 11:19:57: [Robot FSM] Enter NotReadyIdleStrategy State.
[2025-09-04|11:19:57][WARN]  [ProcessManager] Program stop detected. Resetting all motion triggers to prevent deadlock.
[2025-09-04|11:19:58][INFO]  2025-09-04 11:19:58: [ProcessManager] Reset all recipes!
[2025-09-04|11:19:58][INFO]  [SYSTEM] [DEBUG] Received request for full FSM reset.
[2025-09-04|11:19:58][INFO]  2025-09-04 11:19:58: Program is NOT running PROG_IDLE.
[2025-09-04|11:19:58][INFO]  [SYSTEM] [DEBUG] Re-initializing all FSMs without waiting for old threads.
[2025-09-04|11:19:58][INFO]  RobotFsmSequence: Stopping FSM service thread.
[2025-09-04|11:19:58][INFO]  RobotFsmSequence: FSM service thread stopped.
[2025-09-04|11:19:58][DEBUG] RobotFsmSequence: Enter new state NOT_READY
[2025-09-04|11:19:58][INFO]  2025-09-04 11:19:58: Program is NOT running PROG_IDLE.
[2025-09-04|11:19:58][INFO]  2025-09-04 11:19:58: [Robot FSM] Enter NotReadyStrategy State.
[2025-09-04|11:19:58][INFO]  [SYSTEM] [DEBUG] Robot FSM re-initialized.
[2025-09-04|11:19:58][INFO]  DryRecipeFsmSequence: Stopping FSM service thread.
[2025-09-04|11:19:58][INFO]  DryRecipeFsmSequence: FSM service thread stopped.
[2025-09-04|11:19:58][INFO]  DryRecipeFsmSequence: Stopping FSM service thread.
[2025-09-04|11:19:58][DEBUG] RobotFsmSequence: Trigger Event DONE on NOT_READY
[2025-09-04|11:19:58][INFO]  DryRecipeFsmSequence: FSM service thread stopped.
[2025-09-04|11:19:58][INFO]  DryRecipeFsmSequence: Stopping FSM service thread.
[2025-09-04|11:19:58][INFO]  2025-09-04 11:19:58: [Robot FSM] Exit NotReadyStrategy State.
[2025-09-04|11:19:58][DEBUG] RobotFsmSequence: Enter new state NOT_READY_IDLE
[2025-09-04|11:19:58][INFO]  DryRecipeFsmSequence: FSM service thread stopped.
[2025-09-04|11:19:58][INFO]  DryRecipeFsmSequence: Stopping FSM service thread.
[2025-09-04|11:19:58][INFO]  2025-09-04 11:19:58: Program is NOT running PROG_IDLE.
[2025-09-04|11:19:58][INFO]  2025-09-04 11:19:58: [Robot FSM] Enter NotReadyIdleStrategy State.
[2025-09-04|11:19:58][INFO]  DryRecipeFsmSequence: FSM service thread stopped.
[2025-09-04|11:19:58][INFO]  DryRecipeFsmSequence: Stopping FSM service thread.
[2025-09-04|11:19:58][INFO]  DryRecipeFsmSequence: FSM service thread stopped.
[2025-09-04|11:19:58][INFO]  DryRecipeFsmSequence: Stopping FSM service thread.
[2025-09-04|11:19:58][INFO]  DryRecipeFsmSequence: FSM service thread stopped.
[2025-09-04|11:19:58][INFO]  DryRecipeFsmSequence: Stopping FSM service thread.
[2025-09-04|11:19:58][INFO]  DryRecipeFsmSequence: FSM service thread stopped.
[2025-09-04|11:19:58][INFO]  DryRecipeFsmSequence: Stopping FSM service thread.
[2025-09-04|11:19:58][INFO]  DryRecipeFsmSequence: FSM service thread stopped.
[2025-09-04|11:19:58][INFO]  dryfsm 1
[2025-09-04|11:19:58][DEBUG] DryRecipeFsmSequence: Enter new state NO_MENU
[2025-09-04|11:19:58][INFO]  2025-09-04 11:19:58: [Basket 1 FSM] Enter DryNoMenuStrategy State.
[2025-09-04|11:19:58][INFO]  dryfsm 2
[2025-09-04|11:19:58][DEBUG] DryRecipeFsmSequence: Enter new state NO_MENU
[2025-09-04|11:19:58][INFO]  2025-09-04 11:19:58: [Basket 2 FSM] Enter DryNoMenuStrategy State.
[2025-09-04|11:19:58][INFO]  dryfsm 3
[2025-09-04|11:19:59][DEBUG] DryRecipeFsmSequence: Enter new state NO_MENU
[2025-09-04|11:19:59][INFO]  2025-09-04 11:19:59: [Basket 3 FSM] Enter DryNoMenuStrategy State.
[2025-09-04|11:19:59][INFO]  dryfsm 4
[2025-09-04|11:19:59][DEBUG] DryRecipeFsmSequence: Enter new state NO_MENU
[2025-09-04|11:19:59][INFO]  2025-09-04 11:19:59: [Basket 4 FSM] Enter DryNoMenuStrategy State.
[2025-09-04|11:19:59][INFO]  dryfsm 5
[2025-09-04|11:19:59][DEBUG] DryRecipeFsmSequence: Enter new state NO_MENU
[2025-09-04|11:19:59][INFO]  2025-09-04 11:19:59: [Basket 5 FSM] Enter DryNoMenuStrategy State.
[2025-09-04|11:19:59][INFO]  dryfsm 6
[2025-09-04|11:19:59][DEBUG] DryRecipeFsmSequence: Enter new state NO_MENU
[2025-09-04|11:19:59][INFO]  2025-09-04 11:19:59: [Basket 6 FSM] Enter DryNoMenuStrategy State.
[2025-09-04|11:19:59][INFO]  dryfsm 7
[2025-09-04|11:19:59][DEBUG] DryRecipeFsmSequence: Enter new state NO_MENU
[2025-09-04|11:19:59][INFO]  2025-09-04 11:19:59: [Basket 7 FSM] Enter DryNoMenuStrategy State.
[2025-09-04|11:19:59][INFO]  dryfsm 8
[2025-09-04|11:19:59][DEBUG] DryRecipeFsmSequence: Enter new state NO_MENU
[2025-09-04|11:19:59][INFO]  2025-09-04 11:19:59: [Basket 8 FSM] Enter DryNoMenuStrategy State.
[2025-09-04|11:19:59][INFO]  WetRecipeFsmSequence: Stopping FSM service thread.
[2025-09-04|11:19:59][INFO]  WetRecipeFsmSequence: FSM service thread stopped.
[2025-09-04|11:19:59][INFO]  WetRecipeFsmSequence: Stopping FSM service thread.
[2025-09-04|11:19:59][INFO]  WetRecipeFsmSequence: FSM service thread stopped.
[2025-09-04|11:19:59][INFO]  WetRecipeFsmSequence: Stopping FSM service thread.
[2025-09-04|11:19:59][INFO]  WetRecipeFsmSequence: FSM service thread stopped.
[2025-09-04|11:19:59][INFO]  WetRecipeFsmSequence: Stopping FSM service thread.
[2025-09-04|11:19:59][INFO]  WetRecipeFsmSequence: FSM service thread stopped.
[2025-09-04|11:19:59][INFO]  1 fryer Index : 1
[2025-09-04|11:19:59][DEBUG] WetRecipeFsmSequence: Enter new state WAIT_PUTIN
[2025-09-04|11:19:59][INFO]  [SPECIAL] Basket 1: Reset putin_shake=0, shake_done=0
[2025-09-04|11:19:59][INFO]  2025-09-04 11:19:59: [Basket 1 FSM] Enter WaitPutinStrategy State.
[2025-09-04|11:19:59][INFO]  3 fryer Index : 1
[2025-09-04|11:19:59][DEBUG] WetRecipeFsmSequence: Enter new state WAIT_PUTIN
[2025-09-04|11:19:59][INFO]  [SPECIAL] Basket 3: Reset putin_shake=0, shake_done=0
[2025-09-04|11:19:59][INFO]  2025-09-04 11:19:59: [Basket 3 FSM] Enter WaitPutinStrategy State.
[2025-09-04|11:19:59][INFO]  6 fryer Index : 4
[2025-09-04|11:19:59][DEBUG] WetRecipeFsmSequence: Enter new state WAIT_PUTIN
[2025-09-04|11:19:59][INFO]  [SPECIAL] Basket 6: Reset putin_shake=0, shake_done=0
[2025-09-04|11:19:59][INFO]  2025-09-04 11:19:59: [Basket 6 FSM] Enter WaitPutinStrategy State.
[2025-09-04|11:19:59][INFO]  8 fryer Index : 4
[2025-09-04|11:19:59][DEBUG] WetRecipeFsmSequence: Enter new state WAIT_PUTIN
[2025-09-04|11:19:59][INFO]  [SPECIAL] Basket 8: Reset putin_shake=0, shake_done=0
[2025-09-04|11:19:59][INFO]  2025-09-04 11:19:59: [Basket 8 FSM] Enter WaitPutinStrategy State.
[2025-09-04|11:20:00][INFO]  [SYSTEM] [DEBUG] All FSMs re-initialized.
[2025-09-04|11:20:00][INFO]  [ProcessManager] `prog_stopped` flag has been manually reset.
[2025-09-04|11:20:08][INFO]  2025-09-04 11:20:08: [Robot FSM] Program Start.
[2025-09-04|11:20:08][INFO]  2025-09-04 11:20:08: Wait for main program running
[2025-09-04|11:20:08][INFO]  2025-09-04 11:20:08: Program is NOT running PROG_IDLE.
[2025-09-04|11:20:08][ERROR] Start main program
[2025-09-04|11:20:09][INFO]  2025-09-04 11:20:09: Wait for main program running
[2025-09-04|11:20:09][INFO]  2025-09-04 11:20:09: Program is NOT running PROG_IDLE.
[2025-09-04|11:20:09][INFO]  2025-09-04 11:20:09: Wait for main program running
[2025-09-04|11:20:09][INFO]  2025-09-04 11:20:09: Program is NOT running PROG_IDLE.
[2025-09-04|11:20:09][INFO]  2025-09-04 11:20:09: Wait for main program running
[2025-09-04|11:20:09][INFO]  2025-09-04 11:20:09: Program is NOT running PROG_IDLE.
[2025-09-04|11:20:09][INFO]  2025-09-04 11:20:09: Wait for main program running
[2025-09-04|11:20:09][INFO]  2025-09-04 11:20:09: Program is NOT running PROG_IDLE.
[2025-09-04|11:20:09][INFO]  2025-09-04 11:20:09: Wait for main program running
[2025-09-04|11:20:09][INFO]  2025-09-04 11:20:09: Program is NOT running PROG_IDLE.
[2025-09-04|11:20:09][INFO]  2025-09-04 11:20:09: Wait for main program running
[2025-09-04|11:20:09][INFO]  2025-09-04 11:20:09: Program is NOT running PROG_IDLE.
[2025-09-04|11:20:09][INFO]  2025-09-04 11:20:09: Wait for main program running
[2025-09-04|11:20:09][INFO]  2025-09-04 11:20:09: Program is NOT running PROG_IDLE.
[2025-09-04|11:20:09][INFO]  2025-09-04 11:20:09: Wait for main program running
[2025-09-04|11:20:09][INFO]  2025-09-04 11:20:09: Program is NOT running PROG_IDLE.
[2025-09-04|11:20:09][INFO]  2025-09-04 11:20:09: Wait for main program running
[2025-09-04|11:20:09][INFO]  2025-09-04 11:20:09: Program is NOT running PROG_IDLE.
[2025-09-04|11:20:09][INFO]  2025-09-04 11:20:09: Wait for main program running
[2025-09-04|11:20:09][INFO]  2025-09-04 11:20:09: Program is NOT running PROG_IDLE.
[2025-09-04|11:20:10][INFO]  2025-09-04 11:20:10: Wait for main program running
[2025-09-04|11:20:10][DEBUG] RobotFsmSequence: Trigger Event START_PROGRAM on NOT_READY_IDLE
[2025-09-04|11:20:10][INFO]  2025-09-04 11:20:10: [Robot FSM] Exit NotReadyIdleStrategy State.
[2025-09-04|11:20:10][DEBUG] RobotFsmSequence: Enter new state MOVE_TO_READY
[2025-09-04|11:20:10][INFO]  2025-09-04 11:20:10: [Robot FSM] Enter MoveToReadyStrategy State.
[2025-09-04|11:20:10][INFO]  2025-09-04 11:20:10: [Robot FSM] Start motion True move_to_ready  
[2025-09-04|11:20:10][INFO]  Command I600 : 100
[2025-09-04|11:20:11][INFO]  2025-09-04 11:20:11: [Robot FSM] Finish motion move_to_ready
[2025-09-04|11:20:11][DEBUG] RobotFsmSequence: Trigger Event DONE on MOVE_TO_READY
[2025-09-04|11:20:11][INFO]  2025-09-04 11:20:11: [Robot FSM] Exiting MoveToReadyStrategy State.
[2025-09-04|11:20:11][DEBUG] RobotFsmSequence: Enter new state READY_IDLE
[2025-09-04|11:20:11][INFO]  2025-09-04 11:20:11: [Robot FSM] Enter ReadyIdleStrategy State.
[2025-09-04|11:20:12][INFO]  Command I600 : 0
[2025-09-04|11:20:15][INFO]  [Basket 4] Waiting for recipe assignment lock.
[2025-09-04|11:20:15][INFO]  [Basket 2] Waiting for recipe assignment lock.
[2025-09-04|11:20:15][INFO]  [Basket 1] Waiting for recipe assignment lock.
[2025-09-04|11:20:15][INFO]  [Basket 3] Waiting for recipe assignment lock.
[2025-09-04|11:20:15][INFO]  [Basket 4] Acquired recipe assignment lock.
[2025-09-04|11:20:15][INFO]  [Basket 4] Releasing recipe assignment lock.
[2025-09-04|11:20:15][INFO]  [Basket 2] Acquired recipe assignment lock.
[2025-09-04|11:20:15][INFO]  [Basket 2] Releasing recipe assignment lock.
[2025-09-04|11:20:15][INFO]  [Basket 1] Acquired recipe assignment lock.
[2025-09-04|11:20:15][INFO]  [Basket 1] Releasing recipe assignment lock.
[2025-09-04|11:20:15][INFO]  2025-09-04 11:20:15: [Basket 1 FSM] Assign new menu 1
[2025-09-04|11:20:15][DEBUG] DryRecipeFsmSequence: Trigger Event ASSIGN_MENU on NO_MENU
[2025-09-04|11:20:15][INFO]  [Basket 3] Acquired recipe assignment lock.
[2025-09-04|11:20:15][INFO]  2025-09-04 11:20:15: [Basket 4 FSM] Assign new menu 1
[2025-09-04|11:20:15][INFO]  2025-09-04 11:20:15: [Basket 1 FSM] Exit DryNoMenuStrategy State.
[2025-09-04|11:20:15][DEBUG] DryRecipeFsmSequence: Trigger Event ASSIGN_MENU on NO_MENU
[2025-09-04|11:20:15][DEBUG] DryRecipeFsmSequence: Enter new state COOKING_READY
[2025-09-04|11:20:15][INFO]  2025-09-04 11:20:15: [Basket 4 FSM] Exit DryNoMenuStrategy State.
[2025-09-04|11:20:15][DEBUG] DryRecipeFsmSequence: Enter new state COOKING_READY
[2025-09-04|11:20:15][INFO]  2025-09-04 11:20:15: [Basket 4 FSM] Enter DryCookingReadyStrategy State.
[2025-09-04|11:20:15][INFO]  2025-09-04 11:20:15: [Basket 2 FSM] Assign new menu 1
[2025-09-04|11:20:15][DEBUG] DryRecipeFsmSequence: Trigger Event ASSIGN_MENU on NO_MENU
[2025-09-04|11:20:15][INFO]  2025-09-04 11:20:15: [Basket 2 FSM] Exit DryNoMenuStrategy State.
[2025-09-04|11:20:15][DEBUG] DryRecipeFsmSequence: Enter new state COOKING_READY
[2025-09-04|11:20:15][INFO]  [Basket 3] Releasing recipe assignment lock.
[2025-09-04|11:20:15][INFO]  2025-09-04 11:20:15: [Basket 3 FSM] Assign new menu 1
[2025-09-04|11:20:15][DEBUG] DryRecipeFsmSequence: Trigger Event ASSIGN_MENU on NO_MENU
[2025-09-04|11:20:15][INFO]  2025-09-04 11:20:15: [Basket 2 FSM] Enter DryCookingReadyStrategy State.
[2025-09-04|11:20:15][INFO]  2025-09-04 11:20:15: [Basket 1 FSM] Enter DryCookingReadyStrategy State.
[2025-09-04|11:20:15][INFO]  2025-09-04 11:20:15: [Basket 3 FSM] Exit DryNoMenuStrategy State.
[2025-09-04|11:20:15][INFO]  2025-09-04 11:20:15: [Basket 2 FSM] Start cooking.
[2025-09-04|11:20:15][DEBUG] DryRecipeFsmSequence: Trigger Event START_MENU on COOKING_READY
[2025-09-04|11:20:15][INFO]  2025-09-04 11:20:15: [Basket 2 FSM] Exit DryCookingReadyStrategy State.
[2025-09-04|11:20:15][DEBUG] DryRecipeFsmSequence: Enter new state MOVE_TO_FRYER
[2025-09-04|11:20:15][INFO]  2025-09-04 11:20:15: [Basket 1 FSM] Start cooking.
[2025-09-04|11:20:15][DEBUG] DryRecipeFsmSequence: Trigger Event START_MENU on COOKING_READY
[2025-09-04|11:20:15][INFO]  2025-09-04 11:20:15: [Basket 2 FSM] Enter DryMoveToFryStrategy State.
[2025-09-04|11:20:15][INFO]  2025-09-04 11:20:15: [Basket 1 FSM] Exit DryCookingReadyStrategy State.
[2025-09-04|11:20:15][DEBUG] DryRecipeFsmSequence: Enter new state MOVE_TO_FRYER
[2025-09-04|11:20:15][INFO]  2025-09-04 11:20:15: [Basket 1 FSM] Enter DryMoveToFryStrategy State.
[2025-09-04|11:20:15][INFO]  [Debug] Basket 1: putin_shake=True, type=<class 'bool'>
[2025-09-04|11:20:15][INFO]  [Debug] Basket 2: putin_shake=True, type=<class 'bool'>
[2025-09-04|11:20:15][DEBUG] DryRecipeFsmSequence: Enter new state COOKING_READY
[2025-09-04|11:20:15][INFO]  2025-09-04 11:20:15: [Basket 3 FSM] Enter DryCookingReadyStrategy State.
[2025-09-04|11:20:15][INFO]  [Basket 5] Waiting for recipe assignment lock.
[2025-09-04|11:20:15][INFO]  [Basket 5] Acquired recipe assignment lock.
[2025-09-04|11:20:15][INFO]  [Basket 8] Waiting for recipe assignment lock.
[2025-09-04|11:20:15][INFO]  [Basket 7] Waiting for recipe assignment lock.
[2025-09-04|11:20:15][INFO]  [Basket 6] Waiting for recipe assignment lock.
[2025-09-04|11:20:15][INFO]  [Basket 5] Releasing recipe assignment lock.
[2025-09-04|11:20:15][INFO]  2025-09-04 11:20:15: [Basket 5 FSM] Assign new menu 1
[2025-09-04|11:20:15][INFO]  [Basket 8] Acquired recipe assignment lock.
[2025-09-04|11:20:15][DEBUG] DryRecipeFsmSequence: Trigger Event ASSIGN_MENU on NO_MENU
[2025-09-04|11:20:15][INFO]  2025-09-04 11:20:15: [Basket 5 FSM] Exit DryNoMenuStrategy State.
[2025-09-04|11:20:15][DEBUG] DryRecipeFsmSequence: Enter new state COOKING_READY
[2025-09-04|11:20:15][INFO]  2025-09-04 11:20:15: [Basket 5 FSM] Enter DryCookingReadyStrategy State.
[2025-09-04|11:20:15][INFO]  2025-09-04 11:20:15: [Basket 5 FSM] Start cooking.
[2025-09-04|11:20:15][DEBUG] DryRecipeFsmSequence: Trigger Event START_MENU on COOKING_READY
[2025-09-04|11:20:15][INFO]  [Basket 8] Releasing recipe assignment lock.
[2025-09-04|11:20:15][INFO]  2025-09-04 11:20:15: [Basket 8 FSM] Assign new menu 1
[2025-09-04|11:20:15][DEBUG] DryRecipeFsmSequence: Trigger Event ASSIGN_MENU on NO_MENU
[2025-09-04|11:20:15][INFO]  2025-09-04 11:20:15: [Basket 8 FSM] Exit DryNoMenuStrategy State.
[2025-09-04|11:20:15][INFO]  [Basket 7] Acquired recipe assignment lock.
[2025-09-04|11:20:15][DEBUG] DryRecipeFsmSequence: Enter new state COOKING_READY
[2025-09-04|11:20:15][INFO]  2025-09-04 11:20:15: [Basket 5 FSM] Exit DryCookingReadyStrategy State.
[2025-09-04|11:20:15][DEBUG] DryRecipeFsmSequence: Enter new state MOVE_TO_FRYER
[2025-09-04|11:20:15][INFO]  2025-09-04 11:20:15: [Basket 5 FSM] Enter DryMoveToFryStrategy State.
[2025-09-04|11:20:15][INFO]  [Debug] Basket 5: putin_shake=True, type=<class 'bool'>
[2025-09-04|11:20:15][INFO]  2025-09-04 11:20:15: [Basket 8 FSM] Enter DryCookingReadyStrategy State.
[2025-09-04|11:20:15][INFO]  [Basket 7] Releasing recipe assignment lock.
[2025-09-04|11:20:15][INFO]  [Basket 6] Acquired recipe assignment lock.
[2025-09-04|11:20:15][INFO]  [Basket 6] Releasing recipe assignment lock.
[2025-09-04|11:20:15][INFO]  2025-09-04 11:20:15: [Basket 6 FSM] Assign new menu 1
[2025-09-04|11:20:15][DEBUG] DryRecipeFsmSequence: Trigger Event ASSIGN_MENU on NO_MENU
[2025-09-04|11:20:15][INFO]  2025-09-04 11:20:15: [Basket 6 FSM] Exit DryNoMenuStrategy State.
[2025-09-04|11:20:15][DEBUG] DryRecipeFsmSequence: Enter new state COOKING_READY
[2025-09-04|11:20:15][INFO]  2025-09-04 11:20:15: [Basket 6 FSM] Enter DryCookingReadyStrategy State.
[2025-09-04|11:20:15][INFO]  2025-09-04 11:20:15: [Basket 6 FSM] Start cooking.
[2025-09-04|11:20:15][INFO]  2025-09-04 11:20:15: [Basket 7 FSM] Assign new menu 1
[2025-09-04|11:20:15][DEBUG] DryRecipeFsmSequence: Trigger Event ASSIGN_MENU on NO_MENU
[2025-09-04|11:20:15][INFO]  2025-09-04 11:20:15: [Basket 7 FSM] Exit DryNoMenuStrategy State.
[2025-09-04|11:20:15][DEBUG] DryRecipeFsmSequence: Enter new state COOKING_READY
[2025-09-04|11:20:15][INFO]  2025-09-04 11:20:15: [Basket 7 FSM] Enter DryCookingReadyStrategy State.
[2025-09-04|11:20:15][DEBUG] DryRecipeFsmSequence: Trigger Event START_MENU on COOKING_READY
[2025-09-04|11:20:15][INFO]  2025-09-04 11:20:15: [Basket 6 FSM] Exit DryCookingReadyStrategy State.
[2025-09-04|11:20:15][DEBUG] DryRecipeFsmSequence: Enter new state MOVE_TO_FRYER
[2025-09-04|11:20:15][INFO]  2025-09-04 11:20:15: [Basket 6 FSM] Enter DryMoveToFryStrategy State.
[2025-09-04|11:20:15][INFO]  [Debug] Basket 6: putin_shake=True, type=<class 'bool'>
