[2025-08-30|01:54:08][INFO]  Blackboard initialized from projects/bulk_frying/configs/blackboard.json
[2025-08-30|01:54:10][INFO]  DEBUG: cooking_logger.py module is being loaded.
[2025-08-30|01:54:10][INFO]  IndyCare MQTT logging is enabled.
[2025-08-30|01:54:10][INFO]  [CookingLogger] Using MQTT Device ID: indyHomyeongFrying
[2025-08-30|01:54:10][INFO]  cooking_logger.py: CONNECT MQTT server success...
[2025-08-30|01:54:10][INFO]  [SYSTEM] Starting bulk_frying System...
[2025-08-30|01:54:10][INFO]  Init AppCommunication
[2025-08-30|01:54:10][DEBUG] RobotFsmSequence: Enter new state NOT_READY
[2025-08-30|01:54:10][INFO]  2025-08-30 01:54:10: Program is NOT running PROG_IDLE.
[2025-08-30|01:54:10][INFO]  2025-08-30 01:54:10: [Robot FSM] Enter NotReadyStrategy State.
[2025-08-30|01:54:10][INFO]  robot fsm run
[2025-08-30|01:54:10][INFO]  ProcessManager initialized with fry_type: dry
[2025-08-30|01:54:10][INFO]  dryfsm 1
[2025-08-30|01:54:11][DEBUG] DryRecipeFsmSequence: Enter new state NO_MENU
[2025-08-30|01:54:11][INFO]  2025-08-30 01:54:11: [Basket 1 FSM] Enter DryNoMenuStrategy State.
[2025-08-30|01:54:11][INFO]  dryfsm 2
[2025-08-30|01:54:11][DEBUG] RobotFsmSequence: Trigger Event DONE on NOT_READY
[2025-08-30|01:54:11][DEBUG] DryRecipeFsmSequence: Enter new state NO_MENU
[2025-08-30|01:54:11][INFO]  2025-08-30 01:54:11: [Basket 2 FSM] Enter DryNoMenuStrategy State.
[2025-08-30|01:54:11][INFO]  2025-08-30 01:54:11: [Robot FSM] Exit NotReadyStrategy State.
[2025-08-30|01:54:11][DEBUG] RobotFsmSequence: Enter new state NOT_READY_IDLE
[2025-08-30|01:54:11][INFO]  dryfsm 3
[2025-08-30|01:54:11][INFO]  2025-08-30 01:54:11: Program is NOT running PROG_IDLE.
[2025-08-30|01:54:11][INFO]  2025-08-30 01:54:11: [Robot FSM] Enter NotReadyIdleStrategy State.
[2025-08-30|01:54:11][DEBUG] DryRecipeFsmSequence: Enter new state NO_MENU
[2025-08-30|01:54:11][INFO]  2025-08-30 01:54:11: [Basket 3 FSM] Enter DryNoMenuStrategy State.
[2025-08-30|01:54:11][INFO]  dryfsm 4
[2025-08-30|01:54:11][DEBUG] DryRecipeFsmSequence: Enter new state NO_MENU
[2025-08-30|01:54:11][INFO]  2025-08-30 01:54:11: [Basket 4 FSM] Enter DryNoMenuStrategy State.
[2025-08-30|01:54:11][INFO]  dryfsm 5
[2025-08-30|01:54:11][DEBUG] DryRecipeFsmSequence: Enter new state NO_MENU
[2025-08-30|01:54:11][INFO]  2025-08-30 01:54:11: [Basket 5 FSM] Enter DryNoMenuStrategy State.
[2025-08-30|01:54:11][INFO]  dryfsm 6
[2025-08-30|01:54:11][DEBUG] DryRecipeFsmSequence: Enter new state NO_MENU
[2025-08-30|01:54:11][INFO]  2025-08-30 01:54:11: [Basket 6 FSM] Enter DryNoMenuStrategy State.
[2025-08-30|01:54:11][INFO]  dryfsm 7
[2025-08-30|01:54:11][DEBUG] DryRecipeFsmSequence: Enter new state NO_MENU
[2025-08-30|01:54:11][INFO]  2025-08-30 01:54:11: [Basket 7 FSM] Enter DryNoMenuStrategy State.
[2025-08-30|01:54:11][INFO]  dryfsm 8
[2025-08-30|01:54:11][DEBUG] DryRecipeFsmSequence: Enter new state NO_MENU
[2025-08-30|01:54:11][INFO]  2025-08-30 01:54:11: [Basket 8 FSM] Enter DryNoMenuStrategy State.
[2025-08-30|01:54:11][INFO]  dry fsm run
[2025-08-30|01:54:11][INFO]  1 fryer Index : 1
[2025-08-30|01:54:11][DEBUG] WetRecipeFsmSequence: Enter new state WAIT_PUTIN
[2025-08-30|01:54:11][INFO]  [SPECIAL] Basket 1: Reset putin_shake=0, shake_done=0
[2025-08-30|01:54:11][INFO]  2025-08-30 01:54:11: [Basket 1 FSM] Enter WaitPutinStrategy State.
[2025-08-30|01:54:11][INFO]  3 fryer Index : 1
[2025-08-30|01:54:11][DEBUG] WetRecipeFsmSequence: Enter new state WAIT_PUTIN
[2025-08-30|01:54:11][INFO]  [SPECIAL] Basket 3: Reset putin_shake=0, shake_done=0
[2025-08-30|01:54:11][INFO]  2025-08-30 01:54:11: [Basket 3 FSM] Enter WaitPutinStrategy State.
[2025-08-30|01:54:11][INFO]  6 fryer Index : 4
[2025-08-30|01:54:11][DEBUG] WetRecipeFsmSequence: Enter new state WAIT_PUTIN
[2025-08-30|01:54:11][INFO]  [SPECIAL] Basket 6: Reset putin_shake=0, shake_done=0
[2025-08-30|01:54:11][INFO]  2025-08-30 01:54:11: [Basket 6 FSM] Enter WaitPutinStrategy State.
[2025-08-30|01:54:11][INFO]  8 fryer Index : 4
[2025-08-30|01:54:11][DEBUG] WetRecipeFsmSequence: Enter new state WAIT_PUTIN
[2025-08-30|01:54:11][INFO]  [SPECIAL] Basket 8: Reset putin_shake=0, shake_done=0
[2025-08-30|01:54:11][INFO]  2025-08-30 01:54:11: [Basket 8 FSM] Enter WaitPutinStrategy State.
[2025-08-30|01:54:11][INFO]  wet fsm run
[2025-08-30|01:54:11][INFO]  [ProcessManager Init] Current Working Directory: /home/user/dev/runtest/Release/codex_agents_indycare
[2025-08-30|01:54:11][INFO]  [ProcessManager Init] Attempting to load config from: /home/user/dev/runtest/Release/codex_agents_indycare/projects/bulk_frying/configs/app_config.json
[2025-08-30|01:54:11][INFO]  [ProcessManager Init] Extracted eco_sensor_config: {'enabled': False, 'communication_type': 'socket', 'ip': '192.168.0.2', 'port': 5000, 'serial_port': '/dev/ttyUSB0', 'read_interval_minutes': 10, 'send_on_startup': True, 'max_retry_attempts': 3, 'retry_delay_seconds': 5}
[2025-08-30|01:54:11][WARN]  [ProcessManager Init] EcoSensor is not enabled or config not found. Skipping initialization.
[2025-08-30|01:54:11][INFO]  EcoSensor: Will send data immediately on first run.
[2025-08-30|01:54:11][INFO]  [SYSTEM] bulk_frying system initialized. Running...
[2025-08-30|01:55:01][INFO]  2025-08-30 01:55:01: [ProcessManager] Reset all recipes!
[2025-08-30|01:55:01][INFO]  [SYSTEM] [DEBUG] Starting full FSM reset including Robot FSM.
[2025-08-30|01:55:01][INFO]  [SYSTEM] [DEBUG] Stopping current Robot FSM.
[2025-08-30|01:55:01][INFO]  RobotFsmSequence: Stopping FSM service thread.
[2025-08-30|01:55:01][INFO]  RobotFsmSequence: FSM service thread stopped.
[2025-08-30|01:55:01][INFO]  [SYSTEM] [DEBUG] Re-initializing Robot FSM.
[2025-08-30|01:55:01][DEBUG] RobotFsmSequence: Enter new state NOT_READY
[2025-08-30|01:55:01][INFO]  2025-08-30 01:55:01: Program is NOT running PROG_IDLE.
[2025-08-30|01:55:01][INFO]  2025-08-30 01:55:01: [Robot FSM] Enter NotReadyStrategy State.
[2025-08-30|01:55:01][INFO]  [SYSTEM] [DEBUG] Robot FSM restarted successfully.
[2025-08-30|01:55:01][INFO]  [SYSTEM] [DEBUG] Stopping and re-initializing Recipe FSMs.
[2025-08-30|01:55:01][INFO]  DryRecipeFsmSequence: Stopping FSM service thread.
[2025-08-30|01:55:01][INFO]  DryRecipeFsmSequence: FSM service thread stopped.
[2025-08-30|01:55:01][DEBUG] RobotFsmSequence: Trigger Event DONE on NOT_READY
[2025-08-30|01:55:01][INFO]  DryRecipeFsmSequence: Stopping FSM service thread.
[2025-08-30|01:55:01][INFO]  2025-08-30 01:55:01: [Robot FSM] Exit NotReadyStrategy State.
[2025-08-30|01:55:01][DEBUG] RobotFsmSequence: Enter new state NOT_READY_IDLE
[2025-08-30|01:55:01][INFO]  2025-08-30 01:55:01: Program is NOT running PROG_IDLE.
[2025-08-30|01:55:01][INFO]  2025-08-30 01:55:01: [Robot FSM] Enter NotReadyIdleStrategy State.
[2025-08-30|01:55:01][INFO]  DryRecipeFsmSequence: FSM service thread stopped.
[2025-08-30|01:55:01][INFO]  DryRecipeFsmSequence: Stopping FSM service thread.
[2025-08-30|01:55:01][INFO]  DryRecipeFsmSequence: FSM service thread stopped.
[2025-08-30|01:55:01][INFO]  DryRecipeFsmSequence: Stopping FSM service thread.
[2025-08-30|01:55:01][INFO]  DryRecipeFsmSequence: FSM service thread stopped.
[2025-08-30|01:55:01][INFO]  DryRecipeFsmSequence: Stopping FSM service thread.
[2025-08-30|01:55:01][INFO]  DryRecipeFsmSequence: FSM service thread stopped.
[2025-08-30|01:55:01][INFO]  DryRecipeFsmSequence: Stopping FSM service thread.
[2025-08-30|01:55:01][INFO]  DryRecipeFsmSequence: FSM service thread stopped.
[2025-08-30|01:55:01][INFO]  DryRecipeFsmSequence: Stopping FSM service thread.
[2025-08-30|01:55:01][INFO]  DryRecipeFsmSequence: FSM service thread stopped.
[2025-08-30|01:55:01][INFO]  DryRecipeFsmSequence: Stopping FSM service thread.
[2025-08-30|01:55:01][INFO]  DryRecipeFsmSequence: FSM service thread stopped.
[2025-08-30|01:55:01][INFO]  dryfsm 1
[2025-08-30|01:55:01][DEBUG] DryRecipeFsmSequence: Enter new state NO_MENU
[2025-08-30|01:55:01][INFO]  2025-08-30 01:55:01: [Basket 1 FSM] Enter DryNoMenuStrategy State.
[2025-08-30|01:55:01][INFO]  dryfsm 2
[2025-08-30|01:55:01][DEBUG] DryRecipeFsmSequence: Enter new state NO_MENU
[2025-08-30|01:55:01][INFO]  2025-08-30 01:55:01: [Basket 2 FSM] Enter DryNoMenuStrategy State.
[2025-08-30|01:55:01][INFO]  dryfsm 3
[2025-08-30|01:55:01][DEBUG] DryRecipeFsmSequence: Enter new state NO_MENU
[2025-08-30|01:55:01][INFO]  2025-08-30 01:55:01: [Basket 3 FSM] Enter DryNoMenuStrategy State.
[2025-08-30|01:55:01][INFO]  dryfsm 4
[2025-08-30|01:55:01][DEBUG] DryRecipeFsmSequence: Enter new state NO_MENU
[2025-08-30|01:55:01][INFO]  2025-08-30 01:55:01: [Basket 4 FSM] Enter DryNoMenuStrategy State.
[2025-08-30|01:55:01][INFO]  dryfsm 5
[2025-08-30|01:55:01][DEBUG] DryRecipeFsmSequence: Enter new state NO_MENU
[2025-08-30|01:55:01][INFO]  2025-08-30 01:55:01: [Basket 5 FSM] Enter DryNoMenuStrategy State.
[2025-08-30|01:55:01][INFO]  dryfsm 6
[2025-08-30|01:55:01][DEBUG] DryRecipeFsmSequence: Enter new state NO_MENU
[2025-08-30|01:55:01][INFO]  2025-08-30 01:55:01: [Basket 6 FSM] Enter DryNoMenuStrategy State.
[2025-08-30|01:55:01][INFO]  dryfsm 7
[2025-08-30|01:55:01][DEBUG] DryRecipeFsmSequence: Enter new state NO_MENU
[2025-08-30|01:55:01][INFO]  2025-08-30 01:55:01: [Basket 7 FSM] Enter DryNoMenuStrategy State.
[2025-08-30|01:55:01][INFO]  dryfsm 8
[2025-08-30|01:55:01][DEBUG] DryRecipeFsmSequence: Enter new state NO_MENU
[2025-08-30|01:55:01][INFO]  2025-08-30 01:55:01: [Basket 8 FSM] Enter DryNoMenuStrategy State.
[2025-08-30|01:55:01][INFO]  WetRecipeFsmSequence: Stopping FSM service thread.
[2025-08-30|01:55:01][INFO]  WetRecipeFsmSequence: FSM service thread stopped.
[2025-08-30|01:55:01][INFO]  WetRecipeFsmSequence: Stopping FSM service thread.
[2025-08-30|01:55:01][INFO]  WetRecipeFsmSequence: FSM service thread stopped.
[2025-08-30|01:55:01][INFO]  WetRecipeFsmSequence: Stopping FSM service thread.
[2025-08-30|01:55:02][INFO]  WetRecipeFsmSequence: FSM service thread stopped.
[2025-08-30|01:55:02][INFO]  WetRecipeFsmSequence: Stopping FSM service thread.
[2025-08-30|01:55:02][INFO]  WetRecipeFsmSequence: FSM service thread stopped.
[2025-08-30|01:55:02][INFO]  1 fryer Index : 1
[2025-08-30|01:55:02][DEBUG] WetRecipeFsmSequence: Enter new state WAIT_PUTIN
[2025-08-30|01:55:02][INFO]  [SPECIAL] Basket 1: Reset putin_shake=0, shake_done=0
[2025-08-30|01:55:02][INFO]  2025-08-30 01:55:02: [Basket 1 FSM] Enter WaitPutinStrategy State.
[2025-08-30|01:55:02][INFO]  3 fryer Index : 1
[2025-08-30|01:55:02][DEBUG] WetRecipeFsmSequence: Enter new state WAIT_PUTIN
[2025-08-30|01:55:02][INFO]  [SPECIAL] Basket 3: Reset putin_shake=0, shake_done=0
[2025-08-30|01:55:02][INFO]  2025-08-30 01:55:02: [Basket 3 FSM] Enter WaitPutinStrategy State.
[2025-08-30|01:55:02][INFO]  6 fryer Index : 4
[2025-08-30|01:55:02][DEBUG] WetRecipeFsmSequence: Enter new state WAIT_PUTIN
[2025-08-30|01:55:02][INFO]  [SPECIAL] Basket 6: Reset putin_shake=0, shake_done=0
[2025-08-30|01:55:02][INFO]  2025-08-30 01:55:02: [Basket 6 FSM] Enter WaitPutinStrategy State.
[2025-08-30|01:55:02][INFO]  8 fryer Index : 4
[2025-08-30|01:55:02][DEBUG] WetRecipeFsmSequence: Enter new state WAIT_PUTIN
[2025-08-30|01:55:02][INFO]  [SPECIAL] Basket 8: Reset putin_shake=0, shake_done=0
[2025-08-30|01:55:02][INFO]  2025-08-30 01:55:02: [Basket 8 FSM] Enter WaitPutinStrategy State.
[2025-08-30|01:55:02][INFO]  [SYSTEM] [DEBUG] All Recipe FSMs restarted successfully.
[2025-08-30|01:55:02][INFO]  [SYSTEM] [DEBUG] Full FSM reset complete.
[2025-08-30|01:55:14][DEBUG] cooking_logger.py: send_recipe_list_mqtt() called with data: [{'label': '', 'time': 0}, {'label': '치킨', 'time': 180}, {'label': '', 'time': 0}, {'label': '', 'time': 0}, {'label': '', 'time': 0}, {'label': '', 'time': 0}, {'label': '', 'time': 0}, {'label': '', 'time': 0}, {'label': '', 'time': 0}, {'label': '', 'time': 0}, {'label': '', 'time': 0}]
[2025-08-30|01:55:14][DEBUG] cooking_logger.py: send_mqtt_log() called with data: {'recipeList': [{'label': '', 'time': 0}, {'label': '치킨', 'time': 180}, {'label': '', 'time': 0}, {'label': '', 'time': 0}, {'label': '', 'time': 0}, {'label': '', 'time': 0}, {'label': '', 'time': 0}, {'label': '', 'time': 0}, {'label': '', 'time': 0}, {'label': '', 'time': 0}, {'label': '', 'time': 0}]}
[2025-08-30|01:55:14][DEBUG] cooking_logger.py: Publishing to topic 'v1/devices/me/telemetry' with payload: {'recipeList': [{'label': '', 'time': 0}, {'label': '치킨', 'time': 180}, {'label': '', 'time': 0}, {'label': '', 'time': 0}, {'label': '', 'time': 0}, {'label': '', 'time': 0}, {'label': '', 'time': 0}, {'label': '', 'time': 0}, {'label': '', 'time': 0}, {'label': '', 'time': 0}, {'label': '', 'time': 0}]}
[2025-08-30|01:55:14][INFO]  cooking_logger.py: Successfully sent log to MQTT.
[2025-08-30|01:55:14][INFO]  -------- ui/recipe1/reset/recipe_name 191 True
[2025-08-30|01:55:14][INFO]  ---sdfsdfsdff=----------
[2025-08-30|01:55:38][INFO]  2025-08-30 01:55:38: [Robot FSM] Program Start.
[2025-08-30|01:55:38][ERROR] Start main program
[2025-08-30|01:55:38][INFO]  2025-08-30 01:55:38: Wait for main program running
[2025-08-30|01:55:38][INFO]  2025-08-30 01:55:38: Program is NOT running PROG_IDLE.
[2025-08-30|01:55:38][INFO]  2025-08-30 01:55:38: Wait for main program running
[2025-08-30|01:55:38][INFO]  2025-08-30 01:55:38: Program is NOT running PROG_IDLE.
[2025-08-30|01:55:38][INFO]  2025-08-30 01:55:38: Wait for main program running
[2025-08-30|01:55:38][INFO]  2025-08-30 01:55:38: Program is NOT running PROG_IDLE.
[2025-08-30|01:55:39][INFO]  2025-08-30 01:55:39: Wait for main program running
[2025-08-30|01:55:39][INFO]  2025-08-30 01:55:39: Program is NOT running PROG_IDLE.
[2025-08-30|01:55:39][INFO]  2025-08-30 01:55:39: Wait for main program running
[2025-08-30|01:55:39][INFO]  2025-08-30 01:55:39: Program is NOT running PROG_IDLE.
[2025-08-30|01:55:39][INFO]  2025-08-30 01:55:39: Wait for main program running
[2025-08-30|01:55:39][INFO]  2025-08-30 01:55:39: Program is NOT running PROG_IDLE.
[2025-08-30|01:55:39][INFO]  2025-08-30 01:55:39: Wait for main program running
[2025-08-30|01:55:39][INFO]  2025-08-30 01:55:39: Program is NOT running PROG_IDLE.
[2025-08-30|01:55:39][INFO]  2025-08-30 01:55:39: Wait for main program running
[2025-08-30|01:55:39][INFO]  2025-08-30 01:55:39: Program is NOT running PROG_IDLE.
[2025-08-30|01:55:39][INFO]  2025-08-30 01:55:39: Wait for main program running
[2025-08-30|01:55:39][INFO]  2025-08-30 01:55:39: Program is NOT running PROG_IDLE.
[2025-08-30|01:55:39][INFO]  2025-08-30 01:55:39: Wait for main program running
[2025-08-30|01:55:39][INFO]  2025-08-30 01:55:39: Program is NOT running PROG_IDLE.
[2025-08-30|01:55:39][INFO]  2025-08-30 01:55:39: Wait for main program running
[2025-08-30|01:55:39][DEBUG] RobotFsmSequence: Trigger Event START_PROGRAM on NOT_READY_IDLE
[2025-08-30|01:55:39][INFO]  2025-08-30 01:55:39: [Robot FSM] Exit NotReadyIdleStrategy State.
[2025-08-30|01:55:39][DEBUG] RobotFsmSequence: Enter new state MOVE_TO_READY
[2025-08-30|01:55:39][INFO]  2025-08-30 01:55:39: [Robot FSM] Enter MoveToReadyStrategy State.
[2025-08-30|01:55:39][INFO]  2025-08-30 01:55:39: [Robot FSM] Start motion True move_to_ready  
[2025-08-30|01:55:39][INFO]  Command I600 : 100
[2025-08-30|01:55:41][INFO]  2025-08-30 01:55:41: [Robot FSM] Finish motion move_to_ready
[2025-08-30|01:55:41][DEBUG] RobotFsmSequence: Trigger Event DONE on MOVE_TO_READY
[2025-08-30|01:55:41][INFO]  2025-08-30 01:55:41: [Robot FSM] Exiting MoveToReadyStrategy State.
[2025-08-30|01:55:41][DEBUG] RobotFsmSequence: Enter new state READY_IDLE
[2025-08-30|01:55:41][INFO]  2025-08-30 01:55:41: [Robot FSM] Enter ReadyIdleStrategy State.
[2025-08-30|01:55:41][INFO]  Command I600 : 0
[2025-08-30|01:55:48][INFO]  [Basket 2] Waiting for recipe assignment lock.
[2025-08-30|01:55:48][INFO]  [Basket 2] Acquired recipe assignment lock.
[2025-08-30|01:55:48][INFO]  [Basket 2] Releasing recipe assignment lock.
[2025-08-30|01:55:48][INFO]  2025-08-30 01:55:48: [Basket 2 FSM] Assign new menu 1
[2025-08-30|01:55:48][INFO]  [Basket 3] Waiting for recipe assignment lock.
[2025-08-30|01:55:48][INFO]  [Basket 1] Waiting for recipe assignment lock.
[2025-08-30|01:55:48][DEBUG] DryRecipeFsmSequence: Trigger Event ASSIGN_MENU on NO_MENU
[2025-08-30|01:55:48][INFO]  2025-08-30 01:55:48: [Basket 2 FSM] Exit DryNoMenuStrategy State.
[2025-08-30|01:55:48][DEBUG] DryRecipeFsmSequence: Enter new state COOKING_READY
[2025-08-30|01:55:48][INFO]  2025-08-30 01:55:48: [Basket 2 FSM] Enter DryCookingReadyStrategy State.
[2025-08-30|01:55:48][INFO]  2025-08-30 01:55:48: [Basket 2 FSM] Start cooking.
[2025-08-30|01:55:48][DEBUG] DryRecipeFsmSequence: Trigger Event START_MENU on COOKING_READY
[2025-08-30|01:55:48][INFO]  [Basket 3] Acquired recipe assignment lock.
[2025-08-30|01:55:48][INFO]  2025-08-30 01:55:48: [Basket 2 FSM] Exit DryCookingReadyStrategy State.
[2025-08-30|01:55:48][INFO]  [Basket 3] Releasing recipe assignment lock.
[2025-08-30|01:55:48][DEBUG] DryRecipeFsmSequence: Enter new state MOVE_TO_FRYER
[2025-08-30|01:55:48][INFO]  2025-08-30 01:55:48: [Basket 3 FSM] Assign new menu 1
[2025-08-30|01:55:48][INFO]  [Basket 1] Acquired recipe assignment lock.
[2025-08-30|01:55:48][INFO]  2025-08-30 01:55:48: [Basket 2 FSM] Enter DryMoveToFryStrategy State.
[2025-08-30|01:55:48][DEBUG] DryRecipeFsmSequence: Trigger Event ASSIGN_MENU on NO_MENU
[2025-08-30|01:55:48][INFO]  2025-08-30 01:55:48: [Basket 3 FSM] Exit DryNoMenuStrategy State.
[2025-08-30|01:55:48][DEBUG] DryRecipeFsmSequence: Enter new state COOKING_READY
[2025-08-30|01:55:48][INFO]  2025-08-30 01:55:48: [Basket 3 FSM] Enter DryCookingReadyStrategy State.
[2025-08-30|01:55:48][INFO]  [Debug] Basket 2: putin_shake=True, type=<class 'bool'>
[2025-08-30|01:55:48][INFO]  [Basket 1] Releasing recipe assignment lock.
[2025-08-30|01:55:48][INFO]  2025-08-30 01:55:48: [Basket 1 FSM] Assign new menu 1
[2025-08-30|01:55:48][DEBUG] DryRecipeFsmSequence: Trigger Event ASSIGN_MENU on NO_MENU
[2025-08-30|01:55:48][INFO]  2025-08-30 01:55:48: [Basket 1 FSM] Exit DryNoMenuStrategy State.
[2025-08-30|01:55:48][DEBUG] DryRecipeFsmSequence: Enter new state COOKING_READY
[2025-08-30|01:55:48][INFO]  2025-08-30 01:55:48: [Basket 1 FSM] Enter DryCookingReadyStrategy State.
[2025-08-30|01:55:48][INFO]  2025-08-30 01:55:48: [Basket 1 FSM] Start cooking.
[2025-08-30|01:55:48][DEBUG] DryRecipeFsmSequence: Trigger Event START_MENU on COOKING_READY
[2025-08-30|01:55:48][INFO]  2025-08-30 01:55:48: [Basket 1 FSM] Exit DryCookingReadyStrategy State.
[2025-08-30|01:55:48][DEBUG] DryRecipeFsmSequence: Enter new state MOVE_TO_FRYER
[2025-08-30|01:55:48][INFO]  2025-08-30 01:55:48: [Basket 1 FSM] Enter DryMoveToFryStrategy State.
[2025-08-30|01:55:48][INFO]  [Debug] Basket 1: putin_shake=True, type=<class 'bool'>
[2025-08-30|01:55:48][INFO]  [Basket 5] Waiting for recipe assignment lock.
[2025-08-30|01:55:48][INFO]  [Basket 5] Acquired recipe assignment lock.
[2025-08-30|01:55:48][INFO]  [Basket 6] Waiting for recipe assignment lock.
[2025-08-30|01:55:48][INFO]  [Basket 7] Waiting for recipe assignment lock.
[2025-08-30|01:55:48][INFO]  [Basket 4] Waiting for recipe assignment lock.
[2025-08-30|01:55:48][INFO]  [Basket 5] Releasing recipe assignment lock.
[2025-08-30|01:55:48][INFO]  [Basket 6] Acquired recipe assignment lock.
[2025-08-30|01:55:48][INFO]  [Basket 6] Releasing recipe assignment lock.
[2025-08-30|01:55:48][INFO]  [Basket 7] Acquired recipe assignment lock.
[2025-08-30|01:55:48][INFO]  2025-08-30 01:55:48: [Basket 5 FSM] Assign new menu 1
[2025-08-30|01:55:48][DEBUG] DryRecipeFsmSequence: Trigger Event ASSIGN_MENU on NO_MENU
[2025-08-30|01:55:48][INFO]  [Basket 7] Releasing recipe assignment lock.
[2025-08-30|01:55:48][INFO]  2025-08-30 01:55:48: [Basket 6 FSM] Assign new menu 1
[2025-08-30|01:55:48][INFO]  [PriorityScheduler] Current priority list:
[2025-08-30|01:55:48][INFO]  [Basket 4] Acquired recipe assignment lock.
[2025-08-30|01:55:48][DEBUG] DryRecipeFsmSequence: Trigger Event ASSIGN_MENU on NO_MENU
[2025-08-30|01:55:48][INFO]    - Basket 1 | Fryer: 1 | type: dry | State: MOVE_TO_FRYER | Shake_times : 0 | Elapsed: 0.0s | FinishRemain: 1000.0s | Priority: 3
[2025-08-30|01:55:48][INFO]    - Basket 2 | Fryer: 2 | type: dry | State: MOVE_TO_FRYER | Shake_times : 0 | Elapsed: 0.0s | FinishRemain: 1000.0s | Priority: 3
[2025-08-30|01:55:48][INFO]  trigger_to_fryer_motion 1
[2025-08-30|01:55:48][INFO]  [Basket 4] Releasing recipe assignment lock.
[2025-08-30|01:55:48][INFO]  2025-08-30 01:55:48: [Basket 4 FSM] Assign new menu 1
[2025-08-30|01:55:48][DEBUG] DryRecipeFsmSequence: Trigger Event ASSIGN_MENU on NO_MENU
[2025-08-30|01:55:48][INFO]  2025-08-30 01:55:48: [ProcessManager] Trigger move_to_fryer motion [FSM 1, Basket 1, Fryer 1]
[2025-08-30|01:55:48][DEBUG] RobotFsmSequence: Trigger Event RUN_BASKET_TO_FRYER on READY_IDLE
[2025-08-30|01:55:48][INFO]  2025-08-30 01:55:48: [Basket 6 FSM] Exit DryNoMenuStrategy State.
[2025-08-30|01:55:48][DEBUG] DryRecipeFsmSequence: Enter new state COOKING_READY
[2025-08-30|01:55:48][INFO]  2025-08-30 01:55:48: [Basket 5 FSM] Exit DryNoMenuStrategy State.
[2025-08-30|01:55:48][INFO]  2025-08-30 01:55:48: [Basket 7 FSM] Assign new menu 1
[2025-08-30|01:55:48][INFO]  2025-08-30 01:55:48: [Basket 4 FSM] Exit DryNoMenuStrategy State.
[2025-08-30|01:55:48][INFO]  2025-08-30 01:55:48: [Basket 6 FSM] Enter DryCookingReadyStrategy State.
[2025-08-30|01:55:48][DEBUG] DryRecipeFsmSequence: Trigger Event ASSIGN_MENU on NO_MENU
[2025-08-30|01:55:48][DEBUG] DryRecipeFsmSequence: Enter new state COOKING_READY
[2025-08-30|01:55:48][INFO]  2025-08-30 01:55:48: [Robot FSM] Exiting ReadyIdleStrategy State.
[2025-08-30|01:55:48][DEBUG] RobotFsmSequence: Enter new state MOVE_BASKET_TO_FRYER
[2025-08-30|01:55:48][DEBUG] DryRecipeFsmSequence: Enter new state COOKING_READY
[2025-08-30|01:55:48][INFO]  2025-08-30 01:55:48: [Basket 5 FSM] Enter DryCookingReadyStrategy State.
[2025-08-30|01:55:48][INFO]  2025-08-30 01:55:48: [Basket 5 FSM] Start cooking.
[2025-08-30|01:55:48][DEBUG] DryRecipeFsmSequence: Trigger Event START_MENU on COOKING_READY
[2025-08-30|01:55:48][INFO]  2025-08-30 01:55:48: [Robot FSM] Enter MoveBasketToFryerStrategy State.
[2025-08-30|01:55:48][INFO]  2025-08-30 01:55:48: [Basket 4 FSM] Enter DryCookingReadyStrategy State.
[2025-08-30|01:55:48][INFO]  2025-08-30 01:55:48: [Basket 7 FSM] Exit DryNoMenuStrategy State.
[2025-08-30|01:55:48][INFO]  2025-08-30 01:55:48: [Basket 5 FSM] Exit DryCookingReadyStrategy State.
[2025-08-30|01:55:48][DEBUG] DryRecipeFsmSequence: Enter new state MOVE_TO_FRYER
[2025-08-30|01:55:48][INFO]  2025-08-30 01:55:48: [Basket 6 FSM] Start cooking.
[2025-08-30|01:55:48][DEBUG] DryRecipeFsmSequence: Trigger Event START_MENU on COOKING_READY
[2025-08-30|01:55:48][INFO]  2025-08-30 01:55:48: [Basket 6 FSM] Exit DryCookingReadyStrategy State.
[2025-08-30|01:55:48][INFO]  2025-08-30 01:55:48: [Basket 5 FSM] Enter DryMoveToFryStrategy State.
[2025-08-30|01:55:48][INFO]  [Debug] Basket 5: putin_shake=True, type=<class 'bool'>
[2025-08-30|01:55:48][DEBUG] DryRecipeFsmSequence: Enter new state MOVE_TO_FRYER
[2025-08-30|01:55:48][DEBUG] DryRecipeFsmSequence: Enter new state COOKING_READY
[2025-08-30|01:55:48][INFO]  2025-08-30 01:55:48: [Basket 6 FSM] Enter DryMoveToFryStrategy State.
[2025-08-30|01:55:48][INFO]  2025-08-30 01:55:48: [Robot FSM] Start motion move_to_fryer with [basket 1, fryer 1]
[2025-08-30|01:55:48][INFO]  basket_to_fryer 311
[2025-08-30|01:55:48][INFO]  2025-08-30 01:55:48: [Basket 7 FSM] Enter DryCookingReadyStrategy State.
[2025-08-30|01:55:48][INFO]  [Debug] Basket 6: putin_shake=True, type=<class 'bool'>
[2025-08-30|01:55:49][INFO]  [Basket 8] Waiting for recipe assignment lock.
[2025-08-30|01:55:49][INFO]  [Basket 8] Acquired recipe assignment lock.
[2025-08-30|01:55:49][INFO]  Command I600 : 311
[2025-08-30|01:55:49][INFO]  [Basket 8] Releasing recipe assignment lock.
[2025-08-30|01:55:49][INFO]  2025-08-30 01:55:49: [Basket 8 FSM] Assign new menu 1
[2025-08-30|01:55:49][DEBUG] DryRecipeFsmSequence: Trigger Event ASSIGN_MENU on NO_MENU
[2025-08-30|01:55:49][INFO]  2025-08-30 01:55:49: [Basket 8 FSM] Exit DryNoMenuStrategy State.
[2025-08-30|01:55:49][DEBUG] DryRecipeFsmSequence: Enter new state COOKING_READY
[2025-08-30|01:55:49][INFO]  2025-08-30 01:55:49: [Basket 8 FSM] Enter DryCookingReadyStrategy State.
[2025-08-30|01:56:13][INFO]  2025-08-30 01:56:13: Program stopped by App.
[2025-08-30|01:56:13][INFO]  [DEBUG] stop_program: Sending stop command to Conty.
[2025-08-30|01:56:13][INFO]  [DEBUG] stop_program: Waiting for Conty program to stop. Current state: PROG_RUNNING
[2025-08-30|01:56:13][INFO]  Stop program!!
[2025-08-30|01:56:14][INFO]  [DEBUG] stop_program: Waiting for Conty program to stop. Current state: PROG_RUNNING
[2025-08-30|01:56:14][INFO]  [DEBUG] stop_program: Waiting for Conty program to stop. Current state: PROG_STOPPING
[2025-08-30|01:56:14][INFO]  [DEBUG] stop_program: Waiting for Conty program to stop. Current state: PROG_STOPPING
[2025-08-30|01:56:14][INFO]  [DEBUG] stop_program: Conty program confirmed to be in IDLE state.
[2025-08-30|01:56:14][DEBUG] RobotFsmSequence: Trigger Event STOP on MOVE_BASKET_TO_FRYER
[2025-08-30|01:56:14][INFO]  2025-08-30 01:56:14: Exit MoveBasketToFryerStrategy State.
[2025-08-30|01:56:14][DEBUG] RobotFsmSequence: Enter new state NOT_READY_IDLE
[2025-08-30|01:56:14][INFO]  2025-08-30 01:56:14: Program is NOT running PROG_IDLE.
[2025-08-30|01:56:14][INFO]  2025-08-30 01:56:14: [Robot FSM] Enter NotReadyIdleStrategy State.
[2025-08-30|01:56:14][INFO]  Command I600 : 0
[2025-08-30|01:56:25][INFO]  2025-08-30 01:56:25: [ProcessManager] Reset all recipes!
[2025-08-30|01:56:25][INFO]  [SYSTEM] [DEBUG] Starting full FSM reset including Robot FSM.
[2025-08-30|01:56:25][INFO]  [SYSTEM] [DEBUG] Stopping current Robot FSM.
[2025-08-30|01:56:25][INFO]  RobotFsmSequence: Stopping FSM service thread.
[2025-08-30|01:56:25][INFO]  RobotFsmSequence: FSM service thread stopped.
[2025-08-30|01:56:25][INFO]  [SYSTEM] [DEBUG] Re-initializing Robot FSM.
[2025-08-30|01:56:25][DEBUG] RobotFsmSequence: Enter new state NOT_READY
[2025-08-30|01:56:25][INFO]  2025-08-30 01:56:25: Program is NOT running PROG_IDLE.
[2025-08-30|01:56:25][INFO]  2025-08-30 01:56:25: [Robot FSM] Enter NotReadyStrategy State.
[2025-08-30|01:56:25][INFO]  [SYSTEM] [DEBUG] Robot FSM restarted successfully.
[2025-08-30|01:56:25][INFO]  [SYSTEM] [DEBUG] Stopping and re-initializing Recipe FSMs.
[2025-08-30|01:56:25][INFO]  DryRecipeFsmSequence: Stopping FSM service thread.
[2025-08-30|01:56:25][INFO]  DryRecipeFsmSequence: FSM service thread stopped.
[2025-08-30|01:56:25][INFO]  DryRecipeFsmSequence: Stopping FSM service thread.
[2025-08-30|01:56:25][DEBUG] RobotFsmSequence: Trigger Event DONE on NOT_READY
[2025-08-30|01:56:25][INFO]  2025-08-30 01:56:25: [Robot FSM] Exit NotReadyStrategy State.
[2025-08-30|01:56:25][DEBUG] RobotFsmSequence: Enter new state NOT_READY_IDLE
[2025-08-30|01:56:25][INFO]  2025-08-30 01:56:25: Program is NOT running PROG_IDLE.
[2025-08-30|01:56:25][INFO]  2025-08-30 01:56:25: [Robot FSM] Enter NotReadyIdleStrategy State.
[2025-08-30|01:56:26][INFO]  DryRecipeFsmSequence: FSM service thread stopped.
[2025-08-30|01:56:26][INFO]  DryRecipeFsmSequence: Stopping FSM service thread.
[2025-08-30|01:56:26][INFO]  DryRecipeFsmSequence: FSM service thread stopped.
[2025-08-30|01:56:26][INFO]  DryRecipeFsmSequence: Stopping FSM service thread.
[2025-08-30|01:56:26][INFO]  DryRecipeFsmSequence: FSM service thread stopped.
[2025-08-30|01:56:26][INFO]  DryRecipeFsmSequence: Stopping FSM service thread.
[2025-08-30|01:56:26][INFO]  DryRecipeFsmSequence: FSM service thread stopped.
[2025-08-30|01:56:26][INFO]  DryRecipeFsmSequence: Stopping FSM service thread.
[2025-08-30|01:56:26][INFO]  DryRecipeFsmSequence: FSM service thread stopped.
[2025-08-30|01:56:26][INFO]  DryRecipeFsmSequence: Stopping FSM service thread.
[2025-08-30|01:56:26][INFO]  DryRecipeFsmSequence: FSM service thread stopped.
[2025-08-30|01:56:26][INFO]  DryRecipeFsmSequence: Stopping FSM service thread.
[2025-08-30|01:56:26][INFO]  DryRecipeFsmSequence: FSM service thread stopped.
[2025-08-30|01:56:26][INFO]  dryfsm 1
[2025-08-30|01:56:26][DEBUG] DryRecipeFsmSequence: Enter new state NO_MENU
[2025-08-30|01:56:26][INFO]  2025-08-30 01:56:26: [Basket 1 FSM] Enter DryNoMenuStrategy State.
[2025-08-30|01:56:26][INFO]  dryfsm 2
[2025-08-30|01:56:26][DEBUG] DryRecipeFsmSequence: Enter new state NO_MENU
[2025-08-30|01:56:26][INFO]  2025-08-30 01:56:26: [Basket 2 FSM] Enter DryNoMenuStrategy State.
[2025-08-30|01:56:26][INFO]  dryfsm 3
[2025-08-30|01:56:26][DEBUG] DryRecipeFsmSequence: Enter new state NO_MENU
[2025-08-30|01:56:26][INFO]  2025-08-30 01:56:26: [Basket 3 FSM] Enter DryNoMenuStrategy State.
[2025-08-30|01:56:26][INFO]  dryfsm 4
[2025-08-30|01:56:26][DEBUG] DryRecipeFsmSequence: Enter new state NO_MENU
[2025-08-30|01:56:26][INFO]  2025-08-30 01:56:26: [Basket 4 FSM] Enter DryNoMenuStrategy State.
[2025-08-30|01:56:26][INFO]  dryfsm 5
[2025-08-30|01:56:26][DEBUG] DryRecipeFsmSequence: Enter new state NO_MENU
[2025-08-30|01:56:26][INFO]  2025-08-30 01:56:26: [Basket 5 FSM] Enter DryNoMenuStrategy State.
[2025-08-30|01:56:26][INFO]  dryfsm 6
[2025-08-30|01:56:26][DEBUG] DryRecipeFsmSequence: Enter new state NO_MENU
[2025-08-30|01:56:26][INFO]  2025-08-30 01:56:26: [Basket 6 FSM] Enter DryNoMenuStrategy State.
[2025-08-30|01:56:26][INFO]  dryfsm 7
[2025-08-30|01:56:26][DEBUG] DryRecipeFsmSequence: Enter new state NO_MENU
[2025-08-30|01:56:26][INFO]  2025-08-30 01:56:26: [Basket 7 FSM] Enter DryNoMenuStrategy State.
[2025-08-30|01:56:26][INFO]  dryfsm 8
[2025-08-30|01:56:26][DEBUG] DryRecipeFsmSequence: Enter new state NO_MENU
[2025-08-30|01:56:26][INFO]  2025-08-30 01:56:26: [Basket 8 FSM] Enter DryNoMenuStrategy State.
[2025-08-30|01:56:26][INFO]  WetRecipeFsmSequence: Stopping FSM service thread.
[2025-08-30|01:56:26][INFO]  WetRecipeFsmSequence: FSM service thread stopped.
[2025-08-30|01:56:26][INFO]  WetRecipeFsmSequence: Stopping FSM service thread.
[2025-08-30|01:56:26][INFO]  WetRecipeFsmSequence: FSM service thread stopped.
[2025-08-30|01:56:26][INFO]  WetRecipeFsmSequence: Stopping FSM service thread.
[2025-08-30|01:56:26][INFO]  WetRecipeFsmSequence: FSM service thread stopped.
[2025-08-30|01:56:26][INFO]  WetRecipeFsmSequence: Stopping FSM service thread.
[2025-08-30|01:56:26][INFO]  WetRecipeFsmSequence: FSM service thread stopped.
[2025-08-30|01:56:26][INFO]  1 fryer Index : 1
[2025-08-30|01:56:26][DEBUG] WetRecipeFsmSequence: Enter new state WAIT_PUTIN
[2025-08-30|01:56:26][INFO]  [SPECIAL] Basket 1: Reset putin_shake=0, shake_done=0
[2025-08-30|01:56:26][INFO]  2025-08-30 01:56:26: [Basket 1 FSM] Enter WaitPutinStrategy State.
[2025-08-30|01:56:26][INFO]  3 fryer Index : 1
[2025-08-30|01:56:26][DEBUG] WetRecipeFsmSequence: Enter new state WAIT_PUTIN
[2025-08-30|01:56:26][INFO]  [SPECIAL] Basket 3: Reset putin_shake=0, shake_done=0
[2025-08-30|01:56:26][INFO]  2025-08-30 01:56:26: [Basket 3 FSM] Enter WaitPutinStrategy State.
[2025-08-30|01:56:26][INFO]  6 fryer Index : 4
[2025-08-30|01:56:26][DEBUG] WetRecipeFsmSequence: Enter new state WAIT_PUTIN
[2025-08-30|01:56:26][INFO]  [SPECIAL] Basket 6: Reset putin_shake=0, shake_done=0
[2025-08-30|01:56:26][INFO]  2025-08-30 01:56:26: [Basket 6 FSM] Enter WaitPutinStrategy State.
[2025-08-30|01:56:26][INFO]  8 fryer Index : 4
[2025-08-30|01:56:27][DEBUG] WetRecipeFsmSequence: Enter new state WAIT_PUTIN
[2025-08-30|01:56:27][INFO]  [SPECIAL] Basket 8: Reset putin_shake=0, shake_done=0
[2025-08-30|01:56:27][INFO]  2025-08-30 01:56:27: [Basket 8 FSM] Enter WaitPutinStrategy State.
[2025-08-30|01:56:27][INFO]  [SYSTEM] [DEBUG] All Recipe FSMs restarted successfully.
[2025-08-30|01:56:27][INFO]  [SYSTEM] [DEBUG] Full FSM reset complete.
[2025-08-30|01:56:41][INFO]  2025-08-30 01:56:41: [Robot FSM] Program Start.
[2025-08-30|01:56:41][ERROR] Start main program
[2025-08-30|01:56:41][INFO]  2025-08-30 01:56:41: Wait for main program running
[2025-08-30|01:56:41][INFO]  2025-08-30 01:56:41: Program is NOT running PROG_IDLE.
[2025-08-30|01:56:41][INFO]  2025-08-30 01:56:41: Wait for main program running
[2025-08-30|01:56:41][INFO]  2025-08-30 01:56:41: Program is NOT running PROG_IDLE.
[2025-08-30|01:56:41][INFO]  2025-08-30 01:56:41: Wait for main program running
[2025-08-30|01:56:41][INFO]  2025-08-30 01:56:41: Program is NOT running PROG_IDLE.
[2025-08-30|01:56:41][INFO]  2025-08-30 01:56:41: Wait for main program running
[2025-08-30|01:56:41][INFO]  2025-08-30 01:56:41: Program is NOT running PROG_IDLE.
[2025-08-30|01:56:41][INFO]  2025-08-30 01:56:41: Wait for main program running
[2025-08-30|01:56:41][INFO]  2025-08-30 01:56:41: Program is NOT running PROG_IDLE.
[2025-08-30|01:56:41][INFO]  2025-08-30 01:56:41: Wait for main program running
[2025-08-30|01:56:41][INFO]  2025-08-30 01:56:41: Program is NOT running PROG_IDLE.
[2025-08-30|01:56:41][INFO]  2025-08-30 01:56:41: Wait for main program running
[2025-08-30|01:56:41][INFO]  2025-08-30 01:56:41: Program is NOT running PROG_IDLE.
[2025-08-30|01:56:41][INFO]  2025-08-30 01:56:41: Wait for main program running
[2025-08-30|01:56:41][INFO]  2025-08-30 01:56:41: Program is NOT running PROG_IDLE.
[2025-08-30|01:56:42][INFO]  2025-08-30 01:56:42: Wait for main program running
[2025-08-30|01:56:42][DEBUG] RobotFsmSequence: Trigger Event START_PROGRAM on NOT_READY_IDLE
[2025-08-30|01:56:42][INFO]  2025-08-30 01:56:42: [Robot FSM] Exit NotReadyIdleStrategy State.
[2025-08-30|01:56:42][DEBUG] RobotFsmSequence: Enter new state MOVE_TO_READY
[2025-08-30|01:56:42][INFO]  2025-08-30 01:56:42: [Robot FSM] Enter MoveToReadyStrategy State.
[2025-08-30|01:56:42][INFO]  2025-08-30 01:56:42: [Robot FSM] Start motion True move_to_ready  
[2025-08-30|01:56:42][INFO]  Command I600 : 100
[2025-08-30|01:56:43][INFO]  2025-08-30 01:56:43: [Robot FSM] Finish motion move_to_ready
[2025-08-30|01:56:43][DEBUG] RobotFsmSequence: Trigger Event DONE on MOVE_TO_READY
[2025-08-30|01:56:43][INFO]  2025-08-30 01:56:43: [Robot FSM] Exiting MoveToReadyStrategy State.
[2025-08-30|01:56:43][DEBUG] RobotFsmSequence: Enter new state READY_IDLE
[2025-08-30|01:56:43][INFO]  2025-08-30 01:56:43: [Robot FSM] Enter ReadyIdleStrategy State.
[2025-08-30|01:56:44][INFO]  Command I600 : 0
[2025-08-30|01:56:48][INFO]  [Basket 3] Waiting for recipe assignment lock.
[2025-08-30|01:56:48][INFO]  [Basket 3] Acquired recipe assignment lock.
[2025-08-30|01:56:48][INFO]  [Basket 2] Waiting for recipe assignment lock.
[2025-08-30|01:56:48][INFO]  [Basket 1] Waiting for recipe assignment lock.
[2025-08-30|01:56:48][INFO]  [Basket 3] Releasing recipe assignment lock.
[2025-08-30|01:56:48][INFO]  2025-08-30 01:56:48: [Basket 3 FSM] Assign new menu 1
[2025-08-30|01:56:48][INFO]  [Basket 2] Acquired recipe assignment lock.
[2025-08-30|01:56:48][DEBUG] DryRecipeFsmSequence: Trigger Event ASSIGN_MENU on NO_MENU
[2025-08-30|01:56:48][INFO]  2025-08-30 01:56:48: [Basket 3 FSM] Exit DryNoMenuStrategy State.
[2025-08-30|01:56:48][DEBUG] DryRecipeFsmSequence: Enter new state COOKING_READY
[2025-08-30|01:56:48][INFO]  2025-08-30 01:56:48: [Basket 3 FSM] Enter DryCookingReadyStrategy State.
[2025-08-30|01:56:48][INFO]  [Basket 2] Releasing recipe assignment lock.
[2025-08-30|01:56:48][INFO]  2025-08-30 01:56:48: [Basket 2 FSM] Assign new menu 1
[2025-08-30|01:56:48][INFO]  [Basket 1] Acquired recipe assignment lock.
[2025-08-30|01:56:48][DEBUG] DryRecipeFsmSequence: Trigger Event ASSIGN_MENU on NO_MENU
[2025-08-30|01:56:48][INFO]  2025-08-30 01:56:48: [Basket 2 FSM] Exit DryNoMenuStrategy State.
[2025-08-30|01:56:48][DEBUG] DryRecipeFsmSequence: Enter new state COOKING_READY
[2025-08-30|01:56:48][INFO]  2025-08-30 01:56:48: [Basket 2 FSM] Enter DryCookingReadyStrategy State.
[2025-08-30|01:56:48][INFO]  2025-08-30 01:56:48: [Basket 2 FSM] Start cooking.
[2025-08-30|01:56:48][DEBUG] DryRecipeFsmSequence: Trigger Event START_MENU on COOKING_READY
[2025-08-30|01:56:48][INFO]  [Basket 1] Releasing recipe assignment lock.
[2025-08-30|01:56:48][INFO]  2025-08-30 01:56:48: [Basket 1 FSM] Assign new menu 1
[2025-08-30|01:56:48][INFO]  2025-08-30 01:56:48: [Basket 2 FSM] Exit DryCookingReadyStrategy State.
[2025-08-30|01:56:48][DEBUG] DryRecipeFsmSequence: Enter new state MOVE_TO_FRYER
[2025-08-30|01:56:48][DEBUG] DryRecipeFsmSequence: Trigger Event ASSIGN_MENU on NO_MENU
[2025-08-30|01:56:48][INFO]  2025-08-30 01:56:48: [Basket 1 FSM] Exit DryNoMenuStrategy State.
[2025-08-30|01:56:48][DEBUG] DryRecipeFsmSequence: Enter new state COOKING_READY
[2025-08-30|01:56:48][INFO]  2025-08-30 01:56:48: [Basket 1 FSM] Enter DryCookingReadyStrategy State.
[2025-08-30|01:56:48][INFO]  2025-08-30 01:56:48: [Basket 1 FSM] Start cooking.
[2025-08-30|01:56:48][DEBUG] DryRecipeFsmSequence: Trigger Event START_MENU on COOKING_READY
[2025-08-30|01:56:48][INFO]  2025-08-30 01:56:48: [Basket 2 FSM] Enter DryMoveToFryStrategy State.
[2025-08-30|01:56:48][INFO]  [Debug] Basket 2: putin_shake=True, type=<class 'bool'>
[2025-08-30|01:56:48][INFO]  2025-08-30 01:56:48: [Basket 1 FSM] Exit DryCookingReadyStrategy State.
[2025-08-30|01:56:48][DEBUG] DryRecipeFsmSequence: Enter new state MOVE_TO_FRYER
[2025-08-30|01:56:48][INFO]  2025-08-30 01:56:48: [Basket 1 FSM] Enter DryMoveToFryStrategy State.
[2025-08-30|01:56:48][INFO]  [Debug] Basket 1: putin_shake=True, type=<class 'bool'>
[2025-08-30|01:56:49][INFO]  [Basket 6] Waiting for recipe assignment lock.
[2025-08-30|01:56:49][INFO]  [Basket 6] Acquired recipe assignment lock.
[2025-08-30|01:56:49][INFO]  [Basket 4] Waiting for recipe assignment lock.
[2025-08-30|01:56:49][INFO]  [Basket 5] Waiting for recipe assignment lock.
[2025-08-30|01:56:49][INFO]  [Basket 8] Waiting for recipe assignment lock.
[2025-08-30|01:56:49][INFO]  [Basket 7] Waiting for recipe assignment lock.
[2025-08-30|01:56:49][INFO]  [Basket 6] Releasing recipe assignment lock.
[2025-08-30|01:56:49][INFO]  [Basket 4] Acquired recipe assignment lock.
[2025-08-30|01:56:49][INFO]  [Basket 4] Releasing recipe assignment lock.
[2025-08-30|01:56:49][INFO]  [Basket 5] Acquired recipe assignment lock.
[2025-08-30|01:56:49][INFO]  2025-08-30 01:56:49: [Basket 6 FSM] Assign new menu 1
[2025-08-30|01:56:49][DEBUG] DryRecipeFsmSequence: Trigger Event ASSIGN_MENU on NO_MENU
[2025-08-30|01:56:49][INFO]  2025-08-30 01:56:49: [Basket 6 FSM] Exit DryNoMenuStrategy State.
[2025-08-30|01:56:49][DEBUG] DryRecipeFsmSequence: Enter new state COOKING_READY
[2025-08-30|01:56:49][INFO]  2025-08-30 01:56:49: [Basket 6 FSM] Enter DryCookingReadyStrategy State.
[2025-08-30|01:56:49][INFO]  2025-08-30 01:56:49: [Basket 6 FSM] Start cooking.
[2025-08-30|01:56:49][DEBUG] DryRecipeFsmSequence: Trigger Event START_MENU on COOKING_READY
[2025-08-30|01:56:49][INFO]  [Basket 5] Releasing recipe assignment lock.
[2025-08-30|01:56:49][INFO]  [Basket 8] Acquired recipe assignment lock.
[2025-08-30|01:56:49][INFO]  [Basket 8] Releasing recipe assignment lock.
[2025-08-30|01:56:49][INFO]  [Basket 7] Acquired recipe assignment lock.
[2025-08-30|01:56:49][INFO]  [Basket 7] Releasing recipe assignment lock.
[2025-08-30|01:56:49][INFO]  2025-08-30 01:56:49: [Basket 7 FSM] Assign new menu 1
[2025-08-30|01:56:49][DEBUG] DryRecipeFsmSequence: Trigger Event ASSIGN_MENU on NO_MENU
[2025-08-30|01:56:49][INFO]  2025-08-30 01:56:49: [Basket 7 FSM] Exit DryNoMenuStrategy State.
[2025-08-30|01:56:49][DEBUG] DryRecipeFsmSequence: Enter new state COOKING_READY
[2025-08-30|01:56:49][INFO]  2025-08-30 01:56:49: [Basket 7 FSM] Enter DryCookingReadyStrategy State.
[2025-08-30|01:56:49][INFO]  2025-08-30 01:56:49: [Basket 5 FSM] Assign new menu 1
[2025-08-30|01:56:49][DEBUG] DryRecipeFsmSequence: Trigger Event ASSIGN_MENU on NO_MENU
[2025-08-30|01:56:49][INFO]  2025-08-30 01:56:49: [Basket 4 FSM] Assign new menu 1
[2025-08-30|01:56:49][DEBUG] DryRecipeFsmSequence: Trigger Event ASSIGN_MENU on NO_MENU
[2025-08-30|01:56:49][INFO]  2025-08-30 01:56:49: [Basket 4 FSM] Exit DryNoMenuStrategy State.
[2025-08-30|01:56:49][DEBUG] DryRecipeFsmSequence: Enter new state COOKING_READY
[2025-08-30|01:56:49][INFO]  2025-08-30 01:56:49: [Basket 4 FSM] Enter DryCookingReadyStrategy State.
[2025-08-30|01:56:49][INFO]  2025-08-30 01:56:49: [Basket 8 FSM] Assign new menu 1
[2025-08-30|01:56:49][DEBUG] DryRecipeFsmSequence: Trigger Event ASSIGN_MENU on NO_MENU
[2025-08-30|01:56:49][INFO]  2025-08-30 01:56:49: [Basket 8 FSM] Exit DryNoMenuStrategy State.
[2025-08-30|01:56:49][DEBUG] DryRecipeFsmSequence: Enter new state COOKING_READY
[2025-08-30|01:56:49][INFO]  2025-08-30 01:56:49: [Basket 8 FSM] Enter DryCookingReadyStrategy State.
[2025-08-30|01:56:49][INFO]  2025-08-30 01:56:49: [Basket 5 FSM] Exit DryNoMenuStrategy State.
[2025-08-30|01:56:49][INFO]  2025-08-30 01:56:49: [Basket 6 FSM] Exit DryCookingReadyStrategy State.
[2025-08-30|01:56:49][DEBUG] DryRecipeFsmSequence: Enter new state MOVE_TO_FRYER
[2025-08-30|01:56:49][INFO]  2025-08-30 01:56:49: [Basket 6 FSM] Enter DryMoveToFryStrategy State.
[2025-08-30|01:56:49][INFO]  [Debug] Basket 6: putin_shake=True, type=<class 'bool'>
[2025-08-30|01:56:49][DEBUG] DryRecipeFsmSequence: Enter new state COOKING_READY
[2025-08-30|01:56:49][INFO]  2025-08-30 01:56:49: [Basket 5 FSM] Enter DryCookingReadyStrategy State.
[2025-08-30|01:56:49][INFO]  2025-08-30 01:56:49: [Basket 5 FSM] Start cooking.
[2025-08-30|01:56:49][DEBUG] DryRecipeFsmSequence: Trigger Event START_MENU on COOKING_READY
[2025-08-30|01:56:49][INFO]  2025-08-30 01:56:49: [Basket 5 FSM] Exit DryCookingReadyStrategy State.
[2025-08-30|01:56:49][DEBUG] DryRecipeFsmSequence: Enter new state MOVE_TO_FRYER
[2025-08-30|01:56:49][INFO]  2025-08-30 01:56:49: [Basket 5 FSM] Enter DryMoveToFryStrategy State.
[2025-08-30|01:56:49][INFO]  [Debug] Basket 5: putin_shake=True, type=<class 'bool'>
[2025-08-30|01:58:03][INFO]  2025-08-30 01:58:03: Program stopped by App.
[2025-08-30|01:58:03][INFO]  [DEBUG] stop_program: Sending stop command to Conty.
[2025-08-30|01:58:03][INFO]  [DEBUG] stop_program: Waiting for Conty program to stop. Current state: PROG_RUNNING
[2025-08-30|01:58:03][INFO]  Stop program!!
[2025-08-30|01:58:03][INFO]  [DEBUG] stop_program: Waiting for Conty program to stop. Current state: PROG_STOPPING
[2025-08-30|01:58:04][INFO]  [DEBUG] stop_program: Waiting for Conty program to stop. Current state: PROG_STOPPING
[2025-08-30|01:58:04][INFO]  [DEBUG] stop_program: Conty program confirmed to be in IDLE state.
[2025-08-30|01:58:04][DEBUG] RobotFsmSequence: Trigger Event STOP on READY_IDLE
[2025-08-30|01:58:04][INFO]  2025-08-30 01:58:04: [Robot FSM] Exiting ReadyIdleStrategy State.
[2025-08-30|01:58:04][DEBUG] RobotFsmSequence: Enter new state NOT_READY_IDLE
[2025-08-30|01:58:04][INFO]  2025-08-30 01:58:04: Program is NOT running PROG_IDLE.
[2025-08-30|01:58:04][INFO]  2025-08-30 01:58:04: [Robot FSM] Enter NotReadyIdleStrategy State.
[2025-08-30|01:58:15][INFO]  2025-08-30 01:58:15: [Robot FSM] Program Start.
[2025-08-30|01:58:15][ERROR] Start main program
[2025-08-30|01:58:15][INFO]  2025-08-30 01:58:15: Wait for main program running
[2025-08-30|01:58:15][INFO]  2025-08-30 01:58:15: Program is NOT running PROG_IDLE.
[2025-08-30|01:58:15][INFO]  2025-08-30 01:58:15: Wait for main program running
[2025-08-30|01:58:15][INFO]  2025-08-30 01:58:15: Program is NOT running PROG_IDLE.
[2025-08-30|01:58:15][INFO]  2025-08-30 01:58:15: Wait for main program running
[2025-08-30|01:58:15][INFO]  2025-08-30 01:58:15: Program is NOT running PROG_IDLE.
[2025-08-30|01:58:15][INFO]  2025-08-30 01:58:15: Wait for main program running
[2025-08-30|01:58:15][INFO]  2025-08-30 01:58:15: Program is NOT running PROG_IDLE.
[2025-08-30|01:58:15][INFO]  2025-08-30 01:58:15: Wait for main program running
[2025-08-30|01:58:15][INFO]  2025-08-30 01:58:15: Program is NOT running PROG_IDLE.
[2025-08-30|01:58:15][INFO]  2025-08-30 01:58:15: Wait for main program running
[2025-08-30|01:58:15][INFO]  2025-08-30 01:58:15: Program is NOT running PROG_IDLE.
[2025-08-30|01:58:15][INFO]  2025-08-30 01:58:15: Wait for main program running
[2025-08-30|01:58:15][INFO]  2025-08-30 01:58:15: Program is NOT running PROG_IDLE.
[2025-08-30|01:58:16][INFO]  2025-08-30 01:58:16: Wait for main program running
[2025-08-30|01:58:16][INFO]  2025-08-30 01:58:16: Program is NOT running PROG_IDLE.
[2025-08-30|01:58:16][INFO]  2025-08-30 01:58:16: Wait for main program running
[2025-08-30|01:58:16][INFO]  2025-08-30 01:58:16: Program is NOT running PROG_IDLE.
[2025-08-30|01:58:16][INFO]  2025-08-30 01:58:16: Wait for main program running
[2025-08-30|01:58:16][INFO]  2025-08-30 01:58:16: Program is NOT running PROG_IDLE.
[2025-08-30|01:58:16][INFO]  2025-08-30 01:58:16: Wait for main program running
[2025-08-30|01:58:16][DEBUG] RobotFsmSequence: Trigger Event START_PROGRAM on NOT_READY_IDLE
[2025-08-30|01:58:16][INFO]  2025-08-30 01:58:16: [Robot FSM] Exit NotReadyIdleStrategy State.
[2025-08-30|01:58:16][DEBUG] RobotFsmSequence: Enter new state MOVE_TO_READY
[2025-08-30|01:58:16][INFO]  2025-08-30 01:58:16: [Robot FSM] Enter MoveToReadyStrategy State.
[2025-08-30|01:58:16][INFO]  2025-08-30 01:58:16: [Robot FSM] Start motion False move_to_ready  
[2025-08-30|01:58:16][DEBUG] RobotFsmSequence: Trigger Event DONE on MOVE_TO_READY
[2025-08-30|01:58:16][INFO]  2025-08-30 01:58:16: [Robot FSM] Exiting MoveToReadyStrategy State.
[2025-08-30|01:58:16][DEBUG] RobotFsmSequence: Enter new state READY_IDLE
[2025-08-30|01:58:16][INFO]  2025-08-30 01:58:16: [Robot FSM] Enter ReadyIdleStrategy State.
[2025-08-30|01:58:18][INFO]  2025-08-30 01:58:18: [ProcessManager] Reset all recipes!
[2025-08-30|01:58:18][INFO]  [SYSTEM] [DEBUG] Starting full FSM reset including Robot FSM.
[2025-08-30|01:58:18][INFO]  [SYSTEM] [DEBUG] Stopping current Robot FSM.
[2025-08-30|01:58:18][INFO]  RobotFsmSequence: Stopping FSM service thread.
[2025-08-30|01:58:18][INFO]  RobotFsmSequence: FSM service thread stopped.
[2025-08-30|01:58:18][INFO]  [SYSTEM] [DEBUG] Re-initializing Robot FSM.
[2025-08-30|01:58:18][DEBUG] RobotFsmSequence: Enter new state NOT_READY
[2025-08-30|01:58:18][INFO]  2025-08-30 01:58:18: [Robot FSM] Program is Running, Stop the program (NotReadyStrategy)
[2025-08-30|01:58:18][INFO]  [DEBUG] stop_program: Sending stop command to Conty.
[2025-08-30|01:58:18][INFO]  [DEBUG] stop_program: Waiting for Conty program to stop. Current state: PROG_RUNNING
[2025-08-30|01:58:18][INFO]  Stop program!!
[2025-08-30|01:58:18][INFO]  [DEBUG] stop_program: Waiting for Conty program to stop. Current state: PROG_RUNNING
[2025-08-30|01:58:18][INFO]  [DEBUG] stop_program: Waiting for Conty program to stop. Current state: PROG_STOPPING
[2025-08-30|01:58:18][INFO]  [DEBUG] stop_program: Conty program confirmed to be in IDLE state.
[2025-08-30|01:58:18][INFO]  2025-08-30 01:58:18: [Robot FSM] Enter NotReadyStrategy State.
[2025-08-30|01:58:18][INFO]  [SYSTEM] [DEBUG] Robot FSM restarted successfully.
[2025-08-30|01:58:18][INFO]  [SYSTEM] [DEBUG] Stopping and re-initializing Recipe FSMs.
[2025-08-30|01:58:18][INFO]  DryRecipeFsmSequence: Stopping FSM service thread.
[2025-08-30|01:58:18][ERROR] 2025-08-30 01:58:18: [Robot FSM] Violation detected [indy_state=OP_SYSTEM_RESET, violation_code=VIOLATION]
[2025-08-30|01:58:18][INFO]  DryRecipeFsmSequence: FSM service thread stopped.
[2025-08-30|01:58:18][INFO]  DryRecipeFsmSequence: Stopping FSM service thread.
[2025-08-30|01:58:18][INFO]  DryRecipeFsmSequence: FSM service thread stopped.
[2025-08-30|01:58:18][INFO]  DryRecipeFsmSequence: Stopping FSM service thread.
[2025-08-30|01:58:18][ERROR] 2025-08-30 01:58:18: [Robot FSM] Violation detected [indy_state=OP_SYSTEM_RESET, violation_code=VIOLATION]
[2025-08-30|01:58:18][INFO]  DryRecipeFsmSequence: FSM service thread stopped.
[2025-08-30|01:58:18][INFO]  DryRecipeFsmSequence: Stopping FSM service thread.
[2025-08-30|01:58:18][ERROR] 2025-08-30 01:58:18: [Robot FSM] Violation detected [indy_state=OP_SYSTEM_RESET, violation_code=VIOLATION]
[2025-08-30|01:58:18][INFO]  DryRecipeFsmSequence: FSM service thread stopped.
[2025-08-30|01:58:18][INFO]  DryRecipeFsmSequence: Stopping FSM service thread.
[2025-08-30|01:58:18][INFO]  DryRecipeFsmSequence: FSM service thread stopped.
[2025-08-30|01:58:18][INFO]  DryRecipeFsmSequence: Stopping FSM service thread.
[2025-08-30|01:58:18][DEBUG] RobotFsmSequence: Trigger Event DONE on NOT_READY
[2025-08-30|01:58:18][INFO]  DryRecipeFsmSequence: FSM service thread stopped.
[2025-08-30|01:58:18][INFO]  DryRecipeFsmSequence: Stopping FSM service thread.
[2025-08-30|01:58:18][INFO]  2025-08-30 01:58:18: [Robot FSM] Exit NotReadyStrategy State.
[2025-08-30|01:58:18][DEBUG] RobotFsmSequence: Enter new state NOT_READY_IDLE
[2025-08-30|01:58:18][INFO]  2025-08-30 01:58:18: Program is NOT running PROG_IDLE.
[2025-08-30|01:58:18][INFO]  2025-08-30 01:58:18: [Robot FSM] Enter NotReadyIdleStrategy State.
[2025-08-30|01:58:18][INFO]  DryRecipeFsmSequence: FSM service thread stopped.
[2025-08-30|01:58:18][INFO]  DryRecipeFsmSequence: Stopping FSM service thread.
[2025-08-30|01:58:18][INFO]  DryRecipeFsmSequence: FSM service thread stopped.
[2025-08-30|01:58:18][INFO]  dryfsm 1
[2025-08-30|01:58:19][DEBUG] DryRecipeFsmSequence: Enter new state NO_MENU
[2025-08-30|01:58:19][INFO]  2025-08-30 01:58:19: [Basket 1 FSM] Enter DryNoMenuStrategy State.
[2025-08-30|01:58:19][INFO]  dryfsm 2
[2025-08-30|01:58:19][DEBUG] DryRecipeFsmSequence: Enter new state NO_MENU
[2025-08-30|01:58:19][INFO]  2025-08-30 01:58:19: [Basket 2 FSM] Enter DryNoMenuStrategy State.
[2025-08-30|01:58:19][INFO]  dryfsm 3
[2025-08-30|01:58:19][DEBUG] DryRecipeFsmSequence: Enter new state NO_MENU
[2025-08-30|01:58:19][INFO]  2025-08-30 01:58:19: [Basket 3 FSM] Enter DryNoMenuStrategy State.
[2025-08-30|01:58:19][INFO]  dryfsm 4
[2025-08-30|01:58:19][DEBUG] DryRecipeFsmSequence: Enter new state NO_MENU
[2025-08-30|01:58:19][INFO]  2025-08-30 01:58:19: [Basket 4 FSM] Enter DryNoMenuStrategy State.
[2025-08-30|01:58:19][INFO]  dryfsm 5
[2025-08-30|01:58:19][DEBUG] DryRecipeFsmSequence: Enter new state NO_MENU
[2025-08-30|01:58:19][INFO]  2025-08-30 01:58:19: [Basket 5 FSM] Enter DryNoMenuStrategy State.
[2025-08-30|01:58:19][INFO]  dryfsm 6
[2025-08-30|01:58:19][DEBUG] DryRecipeFsmSequence: Enter new state NO_MENU
[2025-08-30|01:58:19][INFO]  2025-08-30 01:58:19: [Basket 6 FSM] Enter DryNoMenuStrategy State.
[2025-08-30|01:58:19][INFO]  dryfsm 7
[2025-08-30|01:58:19][DEBUG] DryRecipeFsmSequence: Enter new state NO_MENU
[2025-08-30|01:58:19][INFO]  2025-08-30 01:58:19: [Basket 7 FSM] Enter DryNoMenuStrategy State.
[2025-08-30|01:58:19][INFO]  dryfsm 8
[2025-08-30|01:58:19][DEBUG] DryRecipeFsmSequence: Enter new state NO_MENU
[2025-08-30|01:58:19][INFO]  2025-08-30 01:58:19: [Basket 8 FSM] Enter DryNoMenuStrategy State.
[2025-08-30|01:58:19][INFO]  WetRecipeFsmSequence: Stopping FSM service thread.
[2025-08-30|01:58:19][INFO]  WetRecipeFsmSequence: FSM service thread stopped.
[2025-08-30|01:58:19][INFO]  WetRecipeFsmSequence: Stopping FSM service thread.
[2025-08-30|01:58:19][INFO]  WetRecipeFsmSequence: FSM service thread stopped.
[2025-08-30|01:58:19][INFO]  WetRecipeFsmSequence: Stopping FSM service thread.
[2025-08-30|01:58:19][INFO]  WetRecipeFsmSequence: FSM service thread stopped.
[2025-08-30|01:58:19][INFO]  WetRecipeFsmSequence: Stopping FSM service thread.
[2025-08-30|01:58:19][INFO]  WetRecipeFsmSequence: FSM service thread stopped.
[2025-08-30|01:58:19][INFO]  1 fryer Index : 1
[2025-08-30|01:58:19][DEBUG] WetRecipeFsmSequence: Enter new state WAIT_PUTIN
[2025-08-30|01:58:19][INFO]  [SPECIAL] Basket 1: Reset putin_shake=0, shake_done=0
[2025-08-30|01:58:19][INFO]  2025-08-30 01:58:19: [Basket 1 FSM] Enter WaitPutinStrategy State.
[2025-08-30|01:58:19][INFO]  3 fryer Index : 1
[2025-08-30|01:58:19][DEBUG] WetRecipeFsmSequence: Enter new state WAIT_PUTIN
[2025-08-30|01:58:19][INFO]  [SPECIAL] Basket 3: Reset putin_shake=0, shake_done=0
[2025-08-30|01:58:19][INFO]  2025-08-30 01:58:19: [Basket 3 FSM] Enter WaitPutinStrategy State.
[2025-08-30|01:58:19][INFO]  6 fryer Index : 4
[2025-08-30|01:58:19][DEBUG] WetRecipeFsmSequence: Enter new state WAIT_PUTIN
[2025-08-30|01:58:19][INFO]  [SPECIAL] Basket 6: Reset putin_shake=0, shake_done=0
[2025-08-30|01:58:19][INFO]  2025-08-30 01:58:19: [Basket 6 FSM] Enter WaitPutinStrategy State.
[2025-08-30|01:58:19][INFO]  8 fryer Index : 4
[2025-08-30|01:58:19][DEBUG] WetRecipeFsmSequence: Enter new state WAIT_PUTIN
[2025-08-30|01:58:19][INFO]  [SPECIAL] Basket 8: Reset putin_shake=0, shake_done=0
[2025-08-30|01:58:19][INFO]  2025-08-30 01:58:19: [Basket 8 FSM] Enter WaitPutinStrategy State.
[2025-08-30|01:58:20][INFO]  [SYSTEM] [DEBUG] All Recipe FSMs restarted successfully.
[2025-08-30|01:58:20][INFO]  [SYSTEM] [DEBUG] Full FSM reset complete.
[2025-08-30|01:58:21][INFO]  2025-08-30 01:58:21: [Robot FSM] Program Start.
[2025-08-30|01:58:21][ERROR] Start main program
[2025-08-30|01:58:21][INFO]  2025-08-30 01:58:21: Wait for main program running
[2025-08-30|01:58:21][INFO]  2025-08-30 01:58:21: Program is NOT running PROG_IDLE.
[2025-08-30|01:58:21][INFO]  2025-08-30 01:58:21: Wait for main program running
[2025-08-30|01:58:21][INFO]  2025-08-30 01:58:21: Program is NOT running PROG_IDLE.
[2025-08-30|01:58:21][INFO]  2025-08-30 01:58:21: Wait for main program running
[2025-08-30|01:58:21][INFO]  2025-08-30 01:58:21: Program is NOT running PROG_IDLE.
[2025-08-30|01:58:21][INFO]  2025-08-30 01:58:21: Wait for main program running
[2025-08-30|01:58:21][INFO]  2025-08-30 01:58:21: Program is NOT running PROG_IDLE.
[2025-08-30|01:58:21][INFO]  2025-08-30 01:58:21: Wait for main program running
[2025-08-30|01:58:21][INFO]  2025-08-30 01:58:21: Program is NOT running PROG_IDLE.
[2025-08-30|01:58:22][INFO]  2025-08-30 01:58:22: Wait for main program running
[2025-08-30|01:58:22][INFO]  2025-08-30 01:58:22: Program is NOT running PROG_IDLE.
[2025-08-30|01:58:22][INFO]  2025-08-30 01:58:22: Wait for main program running
[2025-08-30|01:58:22][INFO]  2025-08-30 01:58:22: Program is NOT running PROG_IDLE.
[2025-08-30|01:58:22][INFO]  2025-08-30 01:58:22: Wait for main program running
[2025-08-30|01:58:22][INFO]  2025-08-30 01:58:22: Program is NOT running PROG_IDLE.
[2025-08-30|01:58:22][INFO]  2025-08-30 01:58:22: Wait for main program running
[2025-08-30|01:58:22][INFO]  2025-08-30 01:58:22: Program is NOT running PROG_IDLE.
[2025-08-30|01:58:22][INFO]  2025-08-30 01:58:22: Wait for main program running
[2025-08-30|01:58:22][INFO]  2025-08-30 01:58:22: Program is NOT running PROG_IDLE.
[2025-08-30|01:58:22][INFO]  2025-08-30 01:58:22: Wait for main program running
[2025-08-30|01:58:22][DEBUG] RobotFsmSequence: Trigger Event START_PROGRAM on NOT_READY_IDLE
[2025-08-30|01:58:22][INFO]  2025-08-30 01:58:22: [Robot FSM] Exit NotReadyIdleStrategy State.
[2025-08-30|01:58:22][DEBUG] RobotFsmSequence: Enter new state MOVE_TO_READY
[2025-08-30|01:58:22][INFO]  2025-08-30 01:58:22: [Robot FSM] Enter MoveToReadyStrategy State.
[2025-08-30|01:58:22][INFO]  2025-08-30 01:58:22: [Robot FSM] Start motion True move_to_ready  
[2025-08-30|01:58:22][INFO]  Command I600 : 100
[2025-08-30|01:58:24][INFO]  2025-08-30 01:58:24: [Robot FSM] Finish motion move_to_ready
[2025-08-30|01:58:24][DEBUG] RobotFsmSequence: Trigger Event DONE on MOVE_TO_READY
[2025-08-30|01:58:24][INFO]  2025-08-30 01:58:24: [Robot FSM] Exiting MoveToReadyStrategy State.
[2025-08-30|01:58:24][DEBUG] RobotFsmSequence: Enter new state READY_IDLE
[2025-08-30|01:58:24][INFO]  2025-08-30 01:58:24: [Robot FSM] Enter ReadyIdleStrategy State.
[2025-08-30|01:58:24][INFO]  Command I600 : 0
[2025-08-30|01:58:29][INFO]  [Basket 4] Waiting for recipe assignment lock.
[2025-08-30|01:58:29][INFO]  [Basket 4] Acquired recipe assignment lock.
[2025-08-30|01:58:29][INFO]  [Basket 3] Waiting for recipe assignment lock.
[2025-08-30|01:58:29][INFO]  [Basket 5] Waiting for recipe assignment lock.
[2025-08-30|01:58:29][INFO]  [Basket 1] Waiting for recipe assignment lock.
[2025-08-30|01:58:29][INFO]  [Basket 2] Waiting for recipe assignment lock.
[2025-08-30|01:58:29][INFO]  [Basket 4] Releasing recipe assignment lock.
[2025-08-30|01:58:29][INFO]  [Basket 3] Acquired recipe assignment lock.
[2025-08-30|01:58:29][INFO]  2025-08-30 01:58:29: [Basket 4 FSM] Assign new menu 1
[2025-08-30|01:58:29][DEBUG] DryRecipeFsmSequence: Trigger Event ASSIGN_MENU on NO_MENU
[2025-08-30|01:58:29][INFO]  2025-08-30 01:58:29: [Basket 4 FSM] Exit DryNoMenuStrategy State.
[2025-08-30|01:58:29][DEBUG] DryRecipeFsmSequence: Enter new state COOKING_READY
[2025-08-30|01:58:29][INFO]  2025-08-30 01:58:29: [Basket 4 FSM] Enter DryCookingReadyStrategy State.
[2025-08-30|01:58:29][INFO]  [Basket 3] Releasing recipe assignment lock.
[2025-08-30|01:58:29][INFO]  [Basket 5] Acquired recipe assignment lock.
[2025-08-30|01:58:29][INFO]  [Basket 5] Releasing recipe assignment lock.
[2025-08-30|01:58:29][INFO]  [Basket 1] Acquired recipe assignment lock.
[2025-08-30|01:58:29][INFO]  2025-08-30 01:58:29: [Basket 5 FSM] Assign new menu 1
[2025-08-30|01:58:29][INFO]  2025-08-30 01:58:29: [Basket 3 FSM] Assign new menu 1
[2025-08-30|01:58:29][DEBUG] DryRecipeFsmSequence: Trigger Event ASSIGN_MENU on NO_MENU
[2025-08-30|01:58:29][INFO]  [Basket 1] Releasing recipe assignment lock.
[2025-08-30|01:58:29][DEBUG] DryRecipeFsmSequence: Trigger Event ASSIGN_MENU on NO_MENU
[2025-08-30|01:58:29][INFO]  2025-08-30 01:58:29: [Basket 5 FSM] Exit DryNoMenuStrategy State.
[2025-08-30|01:58:29][INFO]  2025-08-30 01:58:29: [Basket 3 FSM] Exit DryNoMenuStrategy State.
[2025-08-30|01:58:29][DEBUG] DryRecipeFsmSequence: Enter new state COOKING_READY
[2025-08-30|01:58:29][INFO]  2025-08-30 01:58:29: [Basket 3 FSM] Enter DryCookingReadyStrategy State.
[2025-08-30|01:58:29][DEBUG] DryRecipeFsmSequence: Enter new state COOKING_READY
[2025-08-30|01:58:29][INFO]  2025-08-30 01:58:29: [Basket 5 FSM] Enter DryCookingReadyStrategy State.
[2025-08-30|01:58:29][INFO]  [Basket 2] Acquired recipe assignment lock.
[2025-08-30|01:58:29][INFO]  2025-08-30 01:58:29: [Basket 1 FSM] Assign new menu 1
[2025-08-30|01:58:29][DEBUG] DryRecipeFsmSequence: Trigger Event ASSIGN_MENU on NO_MENU
[2025-08-30|01:58:29][INFO]  2025-08-30 01:58:29: [Basket 1 FSM] Exit DryNoMenuStrategy State.
[2025-08-30|01:58:29][INFO]  2025-08-30 01:58:29: [Basket 5 FSM] Start cooking.
[2025-08-30|01:58:29][DEBUG] DryRecipeFsmSequence: Trigger Event START_MENU on COOKING_READY
[2025-08-30|01:58:29][INFO]  2025-08-30 01:58:29: [Basket 5 FSM] Exit DryCookingReadyStrategy State.
[2025-08-30|01:58:29][DEBUG] DryRecipeFsmSequence: Enter new state MOVE_TO_FRYER
[2025-08-30|01:58:29][INFO]  2025-08-30 01:58:29: [Basket 5 FSM] Enter DryMoveToFryStrategy State.
[2025-08-30|01:58:29][INFO]  [Debug] Basket 5: putin_shake=True, type=<class 'bool'>
[2025-08-30|01:58:29][DEBUG] DryRecipeFsmSequence: Enter new state COOKING_READY
[2025-08-30|01:58:29][INFO]  2025-08-30 01:58:29: [Basket 1 FSM] Enter DryCookingReadyStrategy State.
[2025-08-30|01:58:29][INFO]  2025-08-30 01:58:29: [Basket 1 FSM] Start cooking.
[2025-08-30|01:58:29][DEBUG] DryRecipeFsmSequence: Trigger Event START_MENU on COOKING_READY
[2025-08-30|01:58:29][INFO]  [Basket 2] Releasing recipe assignment lock.
[2025-08-30|01:58:29][INFO]  2025-08-30 01:58:29: [Basket 2 FSM] Assign new menu 1
[2025-08-30|01:58:29][DEBUG] DryRecipeFsmSequence: Trigger Event ASSIGN_MENU on NO_MENU
[2025-08-30|01:58:29][INFO]  2025-08-30 01:58:29: [Basket 2 FSM] Exit DryNoMenuStrategy State.
[2025-08-30|01:58:29][DEBUG] DryRecipeFsmSequence: Enter new state COOKING_READY
[2025-08-30|01:58:29][INFO]  2025-08-30 01:58:29: [Basket 2 FSM] Enter DryCookingReadyStrategy State.
[2025-08-30|01:58:29][INFO]  2025-08-30 01:58:29: [Basket 2 FSM] Start cooking.
[2025-08-30|01:58:29][DEBUG] DryRecipeFsmSequence: Trigger Event START_MENU on COOKING_READY
[2025-08-30|01:58:29][INFO]  2025-08-30 01:58:29: [Basket 1 FSM] Exit DryCookingReadyStrategy State.
[2025-08-30|01:58:29][DEBUG] DryRecipeFsmSequence: Enter new state MOVE_TO_FRYER
[2025-08-30|01:58:29][INFO]  2025-08-30 01:58:29: [Basket 1 FSM] Enter DryMoveToFryStrategy State.
[2025-08-30|01:58:29][INFO]  [Debug] Basket 1: putin_shake=True, type=<class 'bool'>
[2025-08-30|01:58:29][INFO]  2025-08-30 01:58:29: [Basket 2 FSM] Exit DryCookingReadyStrategy State.
[2025-08-30|01:58:29][DEBUG] DryRecipeFsmSequence: Enter new state MOVE_TO_FRYER
[2025-08-30|01:58:29][INFO]  2025-08-30 01:58:29: [Basket 2 FSM] Enter DryMoveToFryStrategy State.
[2025-08-30|01:58:29][INFO]  [Debug] Basket 2: putin_shake=True, type=<class 'bool'>
[2025-08-30|01:58:29][INFO]  [Basket 7] Waiting for recipe assignment lock.
[2025-08-30|01:58:29][INFO]  [Basket 7] Acquired recipe assignment lock.
[2025-08-30|01:58:29][INFO]  [Basket 8] Waiting for recipe assignment lock.
[2025-08-30|01:58:29][INFO]  [Basket 6] Waiting for recipe assignment lock.
[2025-08-30|01:58:29][INFO]  [Basket 7] Releasing recipe assignment lock.
[2025-08-30|01:58:29][INFO]  [Basket 8] Acquired recipe assignment lock.
[2025-08-30|01:58:29][INFO]  [Basket 8] Releasing recipe assignment lock.
[2025-08-30|01:58:29][INFO]  [Basket 6] Acquired recipe assignment lock.
[2025-08-30|01:58:29][INFO]  [Basket 6] Releasing recipe assignment lock.
[2025-08-30|01:58:29][INFO]  2025-08-30 01:58:29: [Basket 6 FSM] Assign new menu 1
[2025-08-30|01:58:29][DEBUG] DryRecipeFsmSequence: Trigger Event ASSIGN_MENU on NO_MENU
[2025-08-30|01:58:29][INFO]  2025-08-30 01:58:29: [Basket 6 FSM] Exit DryNoMenuStrategy State.
[2025-08-30|01:58:29][DEBUG] DryRecipeFsmSequence: Enter new state COOKING_READY
[2025-08-30|01:58:29][INFO]  2025-08-30 01:58:29: [Basket 7 FSM] Assign new menu 1
[2025-08-30|01:58:29][DEBUG] DryRecipeFsmSequence: Trigger Event ASSIGN_MENU on NO_MENU
[2025-08-30|01:58:29][INFO]  2025-08-30 01:58:29: [Basket 7 FSM] Exit DryNoMenuStrategy State.
[2025-08-30|01:58:29][DEBUG] DryRecipeFsmSequence: Enter new state COOKING_READY
[2025-08-30|01:58:29][INFO]  2025-08-30 01:58:29: [Basket 7 FSM] Enter DryCookingReadyStrategy State.
[2025-08-30|01:58:29][INFO]  2025-08-30 01:58:29: [Basket 8 FSM] Assign new menu 1
[2025-08-30|01:58:29][DEBUG] DryRecipeFsmSequence: Trigger Event ASSIGN_MENU on NO_MENU
[2025-08-30|01:58:29][INFO]  2025-08-30 01:58:29: [Basket 8 FSM] Exit DryNoMenuStrategy State.
[2025-08-30|01:58:29][DEBUG] DryRecipeFsmSequence: Enter new state COOKING_READY
[2025-08-30|01:58:29][INFO]  2025-08-30 01:58:29: [Basket 8 FSM] Enter DryCookingReadyStrategy State.
[2025-08-30|01:58:29][INFO]  2025-08-30 01:58:29: [Basket 6 FSM] Enter DryCookingReadyStrategy State.
[2025-08-30|01:58:29][INFO]  2025-08-30 01:58:29: [Basket 6 FSM] Start cooking.
[2025-08-30|01:58:29][DEBUG] DryRecipeFsmSequence: Trigger Event START_MENU on COOKING_READY
[2025-08-30|01:58:29][INFO]  2025-08-30 01:58:29: [Basket 6 FSM] Exit DryCookingReadyStrategy State.
[2025-08-30|01:58:29][DEBUG] DryRecipeFsmSequence: Enter new state MOVE_TO_FRYER
[2025-08-30|01:58:29][INFO]  2025-08-30 01:58:29: [Basket 6 FSM] Enter DryMoveToFryStrategy State.
[2025-08-30|01:58:29][INFO]  [Debug] Basket 6: putin_shake=True, type=<class 'bool'>
