[2025-09-01|00:20:31][INFO]  Blackboard initialized from projects/bulk_frying/configs/blackboard.json
[2025-09-01|00:20:33][INFO]  DEBUG: cooking_logger.py module is being loaded.
[2025-09-01|00:20:33][INFO]  IndyCare MQTT logging is enabled.
[2025-09-01|00:20:33][INFO]  [CookingLogger] Using MQTT Device ID: indyTestStep
[2025-09-01|00:20:33][INFO]  cooking_logger.py: CONNECT MQTT server success...
[2025-09-01|00:20:33][INFO]  [SYSTEM] Starting bulk_frying System...
[2025-09-01|00:20:33][INFO]  Init AppCommunication
[2025-09-01|00:20:34][DEBUG] RobotFsmSequence: Enter new state NOT_READY
[2025-09-01|00:20:34][INFO]  2025-09-01 00:20:34: Program is NOT running PROG_IDLE.
[2025-09-01|00:20:34][INFO]  2025-09-01 00:20:34: [Robot FSM] Enter NotReadyStrategy State.
[2025-09-01|00:20:34][INFO]  robot fsm run
[2025-09-01|00:20:34][INFO]  ProcessManager initialized with fry_type: dry
[2025-09-01|00:20:34][INFO]  dryfsm 1
[2025-09-01|00:20:34][DEBUG] DryRecipeFsmSequence: Enter new state NO_MENU
[2025-09-01|00:20:34][INFO]  2025-09-01 00:20:34: [Basket 1 FSM] Enter DryNoMenuStrategy State.
[2025-09-01|00:20:34][INFO]  dryfsm 2
[2025-09-01|00:20:34][DEBUG] RobotFsmSequence: Trigger Event DONE on NOT_READY
[2025-09-01|00:20:34][DEBUG] DryRecipeFsmSequence: Enter new state NO_MENU
[2025-09-01|00:20:34][INFO]  2025-09-01 00:20:34: [Basket 2 FSM] Enter DryNoMenuStrategy State.
[2025-09-01|00:20:34][INFO]  dryfsm 3
[2025-09-01|00:20:34][INFO]  2025-09-01 00:20:34: [Robot FSM] Exit NotReadyStrategy State.
[2025-09-01|00:20:34][DEBUG] RobotFsmSequence: Enter new state NOT_READY_IDLE
[2025-09-01|00:20:34][INFO]  2025-09-01 00:20:34: Program is NOT running PROG_IDLE.
[2025-09-01|00:20:34][INFO]  2025-09-01 00:20:34: [Robot FSM] Enter NotReadyIdleStrategy State.
[2025-09-01|00:20:34][DEBUG] DryRecipeFsmSequence: Enter new state NO_MENU
[2025-09-01|00:20:34][INFO]  2025-09-01 00:20:34: [Basket 3 FSM] Enter DryNoMenuStrategy State.
[2025-09-01|00:20:34][INFO]  dryfsm 4
[2025-09-01|00:20:34][DEBUG] DryRecipeFsmSequence: Enter new state NO_MENU
[2025-09-01|00:20:34][INFO]  2025-09-01 00:20:34: [Basket 4 FSM] Enter DryNoMenuStrategy State.
[2025-09-01|00:20:34][INFO]  dryfsm 5
[2025-09-01|00:20:34][DEBUG] DryRecipeFsmSequence: Enter new state NO_MENU
[2025-09-01|00:20:34][INFO]  2025-09-01 00:20:34: [Basket 5 FSM] Enter DryNoMenuStrategy State.
[2025-09-01|00:20:34][INFO]  dryfsm 6
[2025-09-01|00:20:34][DEBUG] DryRecipeFsmSequence: Enter new state NO_MENU
[2025-09-01|00:20:34][INFO]  2025-09-01 00:20:34: [Basket 6 FSM] Enter DryNoMenuStrategy State.
[2025-09-01|00:20:34][INFO]  dryfsm 7
[2025-09-01|00:20:34][DEBUG] DryRecipeFsmSequence: Enter new state NO_MENU
[2025-09-01|00:20:34][INFO]  2025-09-01 00:20:34: [Basket 7 FSM] Enter DryNoMenuStrategy State.
[2025-09-01|00:20:34][INFO]  dryfsm 8
[2025-09-01|00:20:34][DEBUG] DryRecipeFsmSequence: Enter new state NO_MENU
[2025-09-01|00:20:34][INFO]  2025-09-01 00:20:34: [Basket 8 FSM] Enter DryNoMenuStrategy State.
[2025-09-01|00:20:34][INFO]  dry fsm run
[2025-09-01|00:20:34][INFO]  1 fryer Index : 1
[2025-09-01|00:20:34][DEBUG] WetRecipeFsmSequence: Enter new state WAIT_PUTIN
[2025-09-01|00:20:34][INFO]  [SPECIAL] Basket 1: Reset putin_shake=0, shake_done=0
[2025-09-01|00:20:34][INFO]  2025-09-01 00:20:34: [Basket 1 FSM] Enter WaitPutinStrategy State.
[2025-09-01|00:20:34][INFO]  3 fryer Index : 1
[2025-09-01|00:20:34][DEBUG] WetRecipeFsmSequence: Enter new state WAIT_PUTIN
[2025-09-01|00:20:34][INFO]  [SPECIAL] Basket 3: Reset putin_shake=0, shake_done=0
[2025-09-01|00:20:34][INFO]  2025-09-01 00:20:34: [Basket 3 FSM] Enter WaitPutinStrategy State.
[2025-09-01|00:20:34][INFO]  6 fryer Index : 4
[2025-09-01|00:20:34][DEBUG] WetRecipeFsmSequence: Enter new state WAIT_PUTIN
[2025-09-01|00:20:34][INFO]  [SPECIAL] Basket 6: Reset putin_shake=0, shake_done=0
[2025-09-01|00:20:34][INFO]  2025-09-01 00:20:34: [Basket 6 FSM] Enter WaitPutinStrategy State.
[2025-09-01|00:20:34][INFO]  8 fryer Index : 4
[2025-09-01|00:20:34][DEBUG] WetRecipeFsmSequence: Enter new state WAIT_PUTIN
[2025-09-01|00:20:34][INFO]  [SPECIAL] Basket 8: Reset putin_shake=0, shake_done=0
[2025-09-01|00:20:34][INFO]  2025-09-01 00:20:34: [Basket 8 FSM] Enter WaitPutinStrategy State.
[2025-09-01|00:20:34][INFO]  wet fsm run
[2025-09-01|00:20:34][INFO]  [ProcessManager Init] Current Working Directory: /home/user/dev/runtest/Release/codex_agents_indycare
[2025-09-01|00:20:34][INFO]  [ProcessManager Init] Attempting to load config from: /home/user/dev/runtest/Release/codex_agents_indycare/projects/bulk_frying/configs/app_config.json
[2025-09-01|00:20:34][INFO]  [ProcessManager Init] Extracted eco_sensor_config: {'enabled': False, 'communication_type': 'socket', 'ip': '192.168.0.2', 'port': 5000, 'serial_port': '/dev/ttyUSB0', 'read_interval_minutes': 10, 'send_on_startup': True, 'max_retry_attempts': 3, 'retry_delay_seconds': 5}
[2025-09-01|00:20:34][WARN]  [ProcessManager Init] EcoSensor is not enabled or config not found. Skipping initialization.
[2025-09-01|00:20:34][INFO]  EcoSensor: Will send data immediately on first run.
[2025-09-01|00:20:34][INFO]  [SYSTEM] bulk_frying system initialized. Running...
[2025-09-01|00:21:29][INFO]  2025-09-01 00:21:29: [ProcessManager] Reset all recipes!
[2025-09-01|00:21:29][INFO]  [ProcessManager] `prog_stopped` flag has been manually reset.
[2025-09-01|00:21:29][INFO]  [SYSTEM] [DEBUG] Received request for full FSM reset.
[2025-09-01|00:21:29][INFO]  2025-09-01 00:21:29: Program is NOT running PROG_IDLE.
[2025-09-01|00:21:29][INFO]  [SYSTEM] [DEBUG] Re-initializing all FSMs without waiting for old threads.
[2025-09-01|00:21:29][INFO]  RobotFsmSequence: Stopping FSM service thread.
[2025-09-01|00:21:29][INFO]  RobotFsmSequence: FSM service thread stopped.
[2025-09-01|00:21:29][DEBUG] RobotFsmSequence: Enter new state NOT_READY
[2025-09-01|00:21:29][INFO]  2025-09-01 00:21:29: Program is NOT running PROG_IDLE.
[2025-09-01|00:21:29][INFO]  2025-09-01 00:21:29: [Robot FSM] Enter NotReadyStrategy State.
[2025-09-01|00:21:29][INFO]  [SYSTEM] [DEBUG] Robot FSM re-initialized.
[2025-09-01|00:21:29][INFO]  DryRecipeFsmSequence: Stopping FSM service thread.
[2025-09-01|00:21:29][DEBUG] RobotFsmSequence: Trigger Event DONE on NOT_READY
[2025-09-01|00:21:29][INFO]  DryRecipeFsmSequence: FSM service thread stopped.
[2025-09-01|00:21:29][INFO]  DryRecipeFsmSequence: Stopping FSM service thread.
[2025-09-01|00:21:29][INFO]  DryRecipeFsmSequence: FSM service thread stopped.
[2025-09-01|00:21:29][INFO]  DryRecipeFsmSequence: Stopping FSM service thread.
[2025-09-01|00:21:29][INFO]  DryRecipeFsmSequence: FSM service thread stopped.
[2025-09-01|00:21:29][INFO]  DryRecipeFsmSequence: Stopping FSM service thread.
[2025-09-01|00:21:29][INFO]  2025-09-01 00:21:29: [Robot FSM] Exit NotReadyStrategy State.
[2025-09-01|00:21:29][DEBUG] RobotFsmSequence: Enter new state NOT_READY_IDLE
[2025-09-01|00:21:29][INFO]  2025-09-01 00:21:29: Program is NOT running PROG_IDLE.
[2025-09-01|00:21:29][INFO]  2025-09-01 00:21:29: [Robot FSM] Enter NotReadyIdleStrategy State.
[2025-09-01|00:21:29][INFO]  DryRecipeFsmSequence: FSM service thread stopped.
[2025-09-01|00:21:29][INFO]  DryRecipeFsmSequence: Stopping FSM service thread.
[2025-09-01|00:21:29][INFO]  DryRecipeFsmSequence: FSM service thread stopped.
[2025-09-01|00:21:29][INFO]  DryRecipeFsmSequence: Stopping FSM service thread.
[2025-09-01|00:21:29][INFO]  DryRecipeFsmSequence: FSM service thread stopped.
[2025-09-01|00:21:29][INFO]  DryRecipeFsmSequence: Stopping FSM service thread.
[2025-09-01|00:21:29][INFO]  DryRecipeFsmSequence: FSM service thread stopped.
[2025-09-01|00:21:29][INFO]  DryRecipeFsmSequence: Stopping FSM service thread.
[2025-09-01|00:21:29][INFO]  DryRecipeFsmSequence: FSM service thread stopped.
[2025-09-01|00:21:29][INFO]  dryfsm 1
[2025-09-01|00:21:29][DEBUG] DryRecipeFsmSequence: Enter new state NO_MENU
[2025-09-01|00:21:29][INFO]  2025-09-01 00:21:29: [Basket 1 FSM] Enter DryNoMenuStrategy State.
[2025-09-01|00:21:29][INFO]  dryfsm 2
[2025-09-01|00:21:29][DEBUG] DryRecipeFsmSequence: Enter new state NO_MENU
[2025-09-01|00:21:29][INFO]  2025-09-01 00:21:29: [Basket 2 FSM] Enter DryNoMenuStrategy State.
[2025-09-01|00:21:29][INFO]  dryfsm 3
[2025-09-01|00:21:29][DEBUG] DryRecipeFsmSequence: Enter new state NO_MENU
[2025-09-01|00:21:29][INFO]  2025-09-01 00:21:29: [Basket 3 FSM] Enter DryNoMenuStrategy State.
[2025-09-01|00:21:29][INFO]  dryfsm 4
[2025-09-01|00:21:29][DEBUG] DryRecipeFsmSequence: Enter new state NO_MENU
[2025-09-01|00:21:29][INFO]  2025-09-01 00:21:29: [Basket 4 FSM] Enter DryNoMenuStrategy State.
[2025-09-01|00:21:29][INFO]  dryfsm 5
[2025-09-01|00:21:29][DEBUG] DryRecipeFsmSequence: Enter new state NO_MENU
[2025-09-01|00:21:29][INFO]  2025-09-01 00:21:29: [Basket 5 FSM] Enter DryNoMenuStrategy State.
[2025-09-01|00:21:29][INFO]  dryfsm 6
[2025-09-01|00:21:29][DEBUG] DryRecipeFsmSequence: Enter new state NO_MENU
[2025-09-01|00:21:29][INFO]  2025-09-01 00:21:29: [Basket 6 FSM] Enter DryNoMenuStrategy State.
[2025-09-01|00:21:29][INFO]  dryfsm 7
[2025-09-01|00:21:29][DEBUG] DryRecipeFsmSequence: Enter new state NO_MENU
[2025-09-01|00:21:29][INFO]  2025-09-01 00:21:29: [Basket 7 FSM] Enter DryNoMenuStrategy State.
[2025-09-01|00:21:29][INFO]  dryfsm 8
[2025-09-01|00:21:29][DEBUG] DryRecipeFsmSequence: Enter new state NO_MENU
[2025-09-01|00:21:29][INFO]  2025-09-01 00:21:29: [Basket 8 FSM] Enter DryNoMenuStrategy State.
[2025-09-01|00:21:29][INFO]  WetRecipeFsmSequence: Stopping FSM service thread.
[2025-09-01|00:21:29][INFO]  WetRecipeFsmSequence: FSM service thread stopped.
[2025-09-01|00:21:29][INFO]  WetRecipeFsmSequence: Stopping FSM service thread.
[2025-09-01|00:21:29][INFO]  WetRecipeFsmSequence: FSM service thread stopped.
[2025-09-01|00:21:29][INFO]  WetRecipeFsmSequence: Stopping FSM service thread.
[2025-09-01|00:21:29][INFO]  WetRecipeFsmSequence: FSM service thread stopped.
[2025-09-01|00:21:29][INFO]  WetRecipeFsmSequence: Stopping FSM service thread.
[2025-09-01|00:21:29][INFO]  WetRecipeFsmSequence: FSM service thread stopped.
[2025-09-01|00:21:29][INFO]  1 fryer Index : 1
[2025-09-01|00:21:29][DEBUG] WetRecipeFsmSequence: Enter new state WAIT_PUTIN
[2025-09-01|00:21:30][INFO]  [SPECIAL] Basket 1: Reset putin_shake=0, shake_done=0
[2025-09-01|00:21:30][INFO]  2025-09-01 00:21:30: [Basket 1 FSM] Enter WaitPutinStrategy State.
[2025-09-01|00:21:30][INFO]  3 fryer Index : 1
[2025-09-01|00:21:30][DEBUG] WetRecipeFsmSequence: Enter new state WAIT_PUTIN
[2025-09-01|00:21:30][INFO]  [SPECIAL] Basket 3: Reset putin_shake=0, shake_done=0
[2025-09-01|00:21:30][INFO]  2025-09-01 00:21:30: [Basket 3 FSM] Enter WaitPutinStrategy State.
[2025-09-01|00:21:30][INFO]  6 fryer Index : 4
[2025-09-01|00:21:30][DEBUG] WetRecipeFsmSequence: Enter new state WAIT_PUTIN
[2025-09-01|00:21:30][INFO]  [SPECIAL] Basket 6: Reset putin_shake=0, shake_done=0
[2025-09-01|00:21:30][INFO]  2025-09-01 00:21:30: [Basket 6 FSM] Enter WaitPutinStrategy State.
[2025-09-01|00:21:30][INFO]  8 fryer Index : 4
[2025-09-01|00:21:30][DEBUG] WetRecipeFsmSequence: Enter new state WAIT_PUTIN
[2025-09-01|00:21:30][INFO]  [SPECIAL] Basket 8: Reset putin_shake=0, shake_done=0
[2025-09-01|00:21:30][INFO]  2025-09-01 00:21:30: [Basket 8 FSM] Enter WaitPutinStrategy State.
[2025-09-01|00:21:30][INFO]  [SYSTEM] [DEBUG] All FSMs re-initialized.
[2025-09-01|00:21:30][DEBUG] cooking_logger.py: send_recipe_list_mqtt() called with data: [{'label': '', 'time': 0}, {'label': '치킨', 'time': 60}, {'label': '', 'time': 0}, {'label': '', 'time': 0}, {'label': '', 'time': 0}, {'label': '', 'time': 0}, {'label': '', 'time': 0}, {'label': '', 'time': 0}, {'label': '', 'time': 0}, {'label': '', 'time': 0}, {'label': '', 'time': 0}]
[2025-09-01|00:21:30][DEBUG] cooking_logger.py: send_mqtt_log() called with data: {'recipeList': [{'label': '', 'time': 0}, {'label': '치킨', 'time': 60}, {'label': '', 'time': 0}, {'label': '', 'time': 0}, {'label': '', 'time': 0}, {'label': '', 'time': 0}, {'label': '', 'time': 0}, {'label': '', 'time': 0}, {'label': '', 'time': 0}, {'label': '', 'time': 0}, {'label': '', 'time': 0}]}
[2025-09-01|00:21:30][DEBUG] cooking_logger.py: Publishing to topic 'v1/devices/me/telemetry' with payload: {'recipeList': [{'label': '', 'time': 0}, {'label': '치킨', 'time': 60}, {'label': '', 'time': 0}, {'label': '', 'time': 0}, {'label': '', 'time': 0}, {'label': '', 'time': 0}, {'label': '', 'time': 0}, {'label': '', 'time': 0}, {'label': '', 'time': 0}, {'label': '', 'time': 0}, {'label': '', 'time': 0}]}
[2025-09-01|00:21:30][INFO]  cooking_logger.py: Successfully sent log to MQTT.
[2025-09-01|00:21:31][INFO]  -------- ui/recipe1/reset/recipe_name 191 True
[2025-09-01|00:21:31][INFO]  ---sdfsdfsdff=----------
[2025-09-01|00:21:45][INFO]  2025-09-01 00:21:45: [Robot FSM] Program Start.
[2025-09-01|00:21:45][ERROR] Start main program
[2025-09-01|00:21:45][INFO]  2025-09-01 00:21:45: Wait for main program running
[2025-09-01|00:21:45][INFO]  2025-09-01 00:21:45: Program is NOT running PROG_IDLE.
[2025-09-01|00:21:45][INFO]  2025-09-01 00:21:45: Wait for main program running
[2025-09-01|00:21:45][INFO]  2025-09-01 00:21:45: Program is NOT running PROG_IDLE.
[2025-09-01|00:21:45][INFO]  2025-09-01 00:21:45: Wait for main program running
[2025-09-01|00:21:45][INFO]  2025-09-01 00:21:45: Program is NOT running PROG_IDLE.
[2025-09-01|00:21:45][INFO]  2025-09-01 00:21:45: Wait for main program running
[2025-09-01|00:21:45][INFO]  2025-09-01 00:21:45: Program is NOT running PROG_IDLE.
[2025-09-01|00:21:45][INFO]  2025-09-01 00:21:45: Wait for main program running
[2025-09-01|00:21:45][INFO]  2025-09-01 00:21:45: Program is NOT running PROG_IDLE.
[2025-09-01|00:21:45][INFO]  2025-09-01 00:21:45: Wait for main program running
[2025-09-01|00:21:45][INFO]  2025-09-01 00:21:45: Program is NOT running PROG_IDLE.
[2025-09-01|00:21:46][INFO]  2025-09-01 00:21:46: Wait for main program running
[2025-09-01|00:21:46][INFO]  2025-09-01 00:21:46: Program is NOT running PROG_IDLE.
[2025-09-01|00:21:46][INFO]  2025-09-01 00:21:46: Wait for main program running
[2025-09-01|00:21:46][INFO]  2025-09-01 00:21:46: Program is NOT running PROG_IDLE.
[2025-09-01|00:21:46][INFO]  2025-09-01 00:21:46: Wait for main program running
[2025-09-01|00:21:46][INFO]  2025-09-01 00:21:46: Program is NOT running PROG_IDLE.
[2025-09-01|00:21:46][INFO]  2025-09-01 00:21:46: Wait for main program running
[2025-09-01|00:21:46][INFO]  2025-09-01 00:21:46: Program is NOT running PROG_IDLE.
[2025-09-01|00:21:46][INFO]  2025-09-01 00:21:46: Wait for main program running
[2025-09-01|00:21:46][DEBUG] RobotFsmSequence: Trigger Event START_PROGRAM on NOT_READY_IDLE
[2025-09-01|00:21:46][INFO]  2025-09-01 00:21:46: [Robot FSM] Exit NotReadyIdleStrategy State.
[2025-09-01|00:21:46][DEBUG] RobotFsmSequence: Enter new state MOVE_TO_READY
[2025-09-01|00:21:46][INFO]  2025-09-01 00:21:46: [Robot FSM] Enter MoveToReadyStrategy State.
[2025-09-01|00:21:46][INFO]  2025-09-01 00:21:46: [Robot FSM] Start motion True move_to_ready  
[2025-09-01|00:21:46][INFO]  Command I600 : 100
[2025-09-01|00:21:48][INFO]  2025-09-01 00:21:48: [Robot FSM] Finish motion move_to_ready
[2025-09-01|00:21:48][DEBUG] RobotFsmSequence: Trigger Event DONE on MOVE_TO_READY
[2025-09-01|00:21:48][INFO]  2025-09-01 00:21:48: [Robot FSM] Exiting MoveToReadyStrategy State.
[2025-09-01|00:21:48][DEBUG] RobotFsmSequence: Enter new state READY_IDLE
[2025-09-01|00:21:48][INFO]  2025-09-01 00:21:48: [Robot FSM] Enter ReadyIdleStrategy State.
[2025-09-01|00:21:48][INFO]  Command I600 : 0
[2025-09-01|00:21:50][INFO]  [Basket 1] Waiting for recipe assignment lock.
[2025-09-01|00:21:50][INFO]  [Basket 1] Acquired recipe assignment lock.
[2025-09-01|00:21:50][INFO]  [Basket 1] Releasing recipe assignment lock.
[2025-09-01|00:21:50][INFO]  2025-09-01 00:21:50: [Basket 1 FSM] Assign new menu 1
[2025-09-01|00:21:50][DEBUG] DryRecipeFsmSequence: Trigger Event ASSIGN_MENU on NO_MENU
[2025-09-01|00:21:50][INFO]  2025-09-01 00:21:50: [Basket 1 FSM] Exit DryNoMenuStrategy State.
[2025-09-01|00:21:50][DEBUG] DryRecipeFsmSequence: Enter new state COOKING_READY
[2025-09-01|00:21:50][INFO]  2025-09-01 00:21:50: [Basket 1 FSM] Enter DryCookingReadyStrategy State.
[2025-09-01|00:21:50][INFO]  2025-09-01 00:21:50: [Basket 1 FSM] Start cooking.
[2025-09-01|00:21:50][DEBUG] DryRecipeFsmSequence: Trigger Event START_MENU on COOKING_READY
[2025-09-01|00:21:50][INFO]  2025-09-01 00:21:50: [Basket 1 FSM] Exit DryCookingReadyStrategy State.
[2025-09-01|00:21:50][DEBUG] DryRecipeFsmSequence: Enter new state MOVE_TO_FRYER
[2025-09-01|00:21:50][INFO]  2025-09-01 00:21:50: [Basket 1 FSM] Enter DryMoveToFryStrategy State.
[2025-09-01|00:21:50][INFO]  [Debug] Basket 1: putin_shake=True, type=<class 'bool'>
[2025-09-01|00:21:50][INFO]  [PriorityScheduler] Current priority list:
[2025-09-01|00:21:50][INFO]    - Basket 1 | Fryer: 1 | type: dry | State: MOVE_TO_FRYER | Shake_times : 0 | Elapsed: 0.0s | FinishRemain: 1000.0s | Priority: 3
[2025-09-01|00:21:50][INFO]  trigger_to_fryer_motion 1
[2025-09-01|00:21:50][INFO]  2025-09-01 00:21:50: [ProcessManager] Trigger move_to_fryer motion [FSM 1, Basket 1, Fryer 1]
[2025-09-01|00:21:50][DEBUG] RobotFsmSequence: Trigger Event RUN_BASKET_TO_FRYER on READY_IDLE
[2025-09-01|00:21:50][INFO]  2025-09-01 00:21:50: [Robot FSM] Exiting ReadyIdleStrategy State.
[2025-09-01|00:21:50][DEBUG] RobotFsmSequence: Enter new state MOVE_BASKET_TO_FRYER
[2025-09-01|00:21:50][INFO]  2025-09-01 00:21:50: [Robot FSM] Enter MoveBasketToFryerStrategy State.
[2025-09-01|00:21:50][INFO]  2025-09-01 00:21:50: [Robot FSM] Start motion move_to_fryer with [basket 1, fryer 1]
[2025-09-01|00:21:50][INFO]  basket_to_fryer 311
[2025-09-01|00:21:50][INFO]  Command I600 : 311
[2025-09-01|00:21:50][INFO]  [Basket 6] Waiting for recipe assignment lock.
[2025-09-01|00:21:50][INFO]  [Basket 5] Waiting for recipe assignment lock.
[2025-09-01|00:21:50][INFO]  [Basket 3] Waiting for recipe assignment lock.
[2025-09-01|00:21:50][INFO]  [Basket 2] Waiting for recipe assignment lock.
[2025-09-01|00:21:51][INFO]  [Basket 4] Waiting for recipe assignment lock.
[2025-09-01|00:21:50][INFO]  [Basket 6] Acquired recipe assignment lock.
[2025-09-01|00:21:51][INFO]  [Basket 6] Releasing recipe assignment lock.
[2025-09-01|00:21:51][INFO]  2025-09-01 00:21:51: [Basket 6 FSM] Assign new menu 1
[2025-09-01|00:21:51][INFO]  [Basket 5] Acquired recipe assignment lock.
[2025-09-01|00:21:51][DEBUG] DryRecipeFsmSequence: Trigger Event ASSIGN_MENU on NO_MENU
[2025-09-01|00:21:51][INFO]  2025-09-01 00:21:51: [Basket 6 FSM] Exit DryNoMenuStrategy State.
[2025-09-01|00:21:51][INFO]  [Basket 5] Releasing recipe assignment lock.
[2025-09-01|00:21:51][DEBUG] DryRecipeFsmSequence: Enter new state COOKING_READY
[2025-09-01|00:21:51][INFO]  [Basket 3] Acquired recipe assignment lock.
[2025-09-01|00:21:51][INFO]  [Basket 3] Releasing recipe assignment lock.
[2025-09-01|00:21:51][INFO]  [Basket 2] Acquired recipe assignment lock.
[2025-09-01|00:21:51][INFO]  [Basket 2] Releasing recipe assignment lock.
[2025-09-01|00:21:51][INFO]  [Basket 4] Acquired recipe assignment lock.
[2025-09-01|00:21:51][INFO]  [Basket 4] Releasing recipe assignment lock.
[2025-09-01|00:21:51][INFO]  2025-09-01 00:21:51: [Basket 4 FSM] Assign new menu 1
[2025-09-01|00:21:51][DEBUG] DryRecipeFsmSequence: Trigger Event ASSIGN_MENU on NO_MENU
[2025-09-01|00:21:51][INFO]  2025-09-01 00:21:51: [Basket 4 FSM] Exit DryNoMenuStrategy State.
[2025-09-01|00:21:51][DEBUG] DryRecipeFsmSequence: Enter new state COOKING_READY
[2025-09-01|00:21:51][INFO]  2025-09-01 00:21:51: [Basket 4 FSM] Enter DryCookingReadyStrategy State.
[2025-09-01|00:21:51][INFO]  2025-09-01 00:21:51: [Basket 5 FSM] Assign new menu 1
[2025-09-01|00:21:51][DEBUG] DryRecipeFsmSequence: Trigger Event ASSIGN_MENU on NO_MENU
[2025-09-01|00:21:51][INFO]  2025-09-01 00:21:51: [Basket 5 FSM] Exit DryNoMenuStrategy State.
[2025-09-01|00:21:51][DEBUG] DryRecipeFsmSequence: Enter new state COOKING_READY
[2025-09-01|00:21:51][INFO]  2025-09-01 00:21:51: [Basket 5 FSM] Enter DryCookingReadyStrategy State.
[2025-09-01|00:21:51][INFO]  2025-09-01 00:21:51: [Basket 5 FSM] Start cooking.
[2025-09-01|00:21:51][DEBUG] DryRecipeFsmSequence: Trigger Event START_MENU on COOKING_READY
[2025-09-01|00:21:51][INFO]  2025-09-01 00:21:51: [Basket 3 FSM] Assign new menu 1
[2025-09-01|00:21:51][DEBUG] DryRecipeFsmSequence: Trigger Event ASSIGN_MENU on NO_MENU
[2025-09-01|00:21:51][INFO]  2025-09-01 00:21:51: [Basket 3 FSM] Exit DryNoMenuStrategy State.
[2025-09-01|00:21:51][DEBUG] DryRecipeFsmSequence: Enter new state COOKING_READY
[2025-09-01|00:21:51][INFO]  2025-09-01 00:21:51: [Basket 3 FSM] Enter DryCookingReadyStrategy State.
[2025-09-01|00:21:51][INFO]  2025-09-01 00:21:51: [Basket 6 FSM] Enter DryCookingReadyStrategy State.
[2025-09-01|00:21:51][INFO]  2025-09-01 00:21:51: [Basket 6 FSM] Start cooking.
[2025-09-01|00:21:51][DEBUG] DryRecipeFsmSequence: Trigger Event START_MENU on COOKING_READY
[2025-09-01|00:21:51][INFO]  2025-09-01 00:21:51: [Basket 6 FSM] Exit DryCookingReadyStrategy State.
[2025-09-01|00:21:51][DEBUG] DryRecipeFsmSequence: Enter new state MOVE_TO_FRYER
[2025-09-01|00:21:51][INFO]  2025-09-01 00:21:51: [Basket 6 FSM] Enter DryMoveToFryStrategy State.
[2025-09-01|00:21:51][INFO]  [Debug] Basket 6: putin_shake=True, type=<class 'bool'>
[2025-09-01|00:21:51][INFO]  2025-09-01 00:21:51: [Basket 2 FSM] Assign new menu 1
[2025-09-01|00:21:51][DEBUG] DryRecipeFsmSequence: Trigger Event ASSIGN_MENU on NO_MENU
[2025-09-01|00:21:51][INFO]  2025-09-01 00:21:51: [Basket 2 FSM] Exit DryNoMenuStrategy State.
[2025-09-01|00:21:51][DEBUG] DryRecipeFsmSequence: Enter new state COOKING_READY
[2025-09-01|00:21:51][INFO]  2025-09-01 00:21:51: [Basket 2 FSM] Enter DryCookingReadyStrategy State.
[2025-09-01|00:21:51][INFO]  2025-09-01 00:21:51: [Basket 2 FSM] Start cooking.
[2025-09-01|00:21:51][DEBUG] DryRecipeFsmSequence: Trigger Event START_MENU on COOKING_READY
[2025-09-01|00:21:51][INFO]  2025-09-01 00:21:51: [Basket 5 FSM] Exit DryCookingReadyStrategy State.
[2025-09-01|00:21:51][DEBUG] DryRecipeFsmSequence: Enter new state MOVE_TO_FRYER
[2025-09-01|00:21:51][INFO]  2025-09-01 00:21:51: [Basket 5 FSM] Enter DryMoveToFryStrategy State.
[2025-09-01|00:21:51][INFO]  [Debug] Basket 5: putin_shake=True, type=<class 'bool'>
[2025-09-01|00:21:51][INFO]  2025-09-01 00:21:51: [Basket 2 FSM] Exit DryCookingReadyStrategy State.
[2025-09-01|00:21:51][DEBUG] DryRecipeFsmSequence: Enter new state MOVE_TO_FRYER
[2025-09-01|00:21:51][INFO]  2025-09-01 00:21:51: [Basket 2 FSM] Enter DryMoveToFryStrategy State.
[2025-09-01|00:21:51][INFO]  [Debug] Basket 2: putin_shake=True, type=<class 'bool'>
[2025-09-01|00:21:51][INFO]  [Basket 8] Waiting for recipe assignment lock.
[2025-09-01|00:21:51][INFO]  [Basket 8] Acquired recipe assignment lock.
[2025-09-01|00:21:51][INFO]  [Basket 7] Waiting for recipe assignment lock.
[2025-09-01|00:21:51][INFO]  [Basket 8] Releasing recipe assignment lock.
[2025-09-01|00:21:51][INFO]  [Basket 7] Acquired recipe assignment lock.
[2025-09-01|00:21:51][INFO]  [Basket 7] Releasing recipe assignment lock.
[2025-09-01|00:21:51][INFO]  2025-09-01 00:21:51: [Basket 8 FSM] Assign new menu 1
[2025-09-01|00:21:51][DEBUG] DryRecipeFsmSequence: Trigger Event ASSIGN_MENU on NO_MENU
[2025-09-01|00:21:51][INFO]  2025-09-01 00:21:51: [Basket 8 FSM] Exit DryNoMenuStrategy State.
[2025-09-01|00:21:51][DEBUG] DryRecipeFsmSequence: Enter new state COOKING_READY
[2025-09-01|00:21:51][INFO]  2025-09-01 00:21:51: [Basket 8 FSM] Enter DryCookingReadyStrategy State.
[2025-09-01|00:21:51][INFO]  2025-09-01 00:21:51: [Basket 7 FSM] Assign new menu 1
[2025-09-01|00:21:51][DEBUG] DryRecipeFsmSequence: Trigger Event ASSIGN_MENU on NO_MENU
[2025-09-01|00:21:51][INFO]  2025-09-01 00:21:51: [Basket 7 FSM] Exit DryNoMenuStrategy State.
[2025-09-01|00:21:51][DEBUG] DryRecipeFsmSequence: Enter new state COOKING_READY
[2025-09-01|00:21:51][INFO]  2025-09-01 00:21:51: [Basket 7 FSM] Enter DryCookingReadyStrategy State.
[2025-09-01|00:22:35][INFO]  2025-09-01 00:22:35: [Robot FSM] Finish motion move_to_fryer with [basket 1, fryer 1]
[2025-09-01|00:22:35][INFO]  2025-09-01 00:22:35: [Basket 1 FSM] Motion move_to_fryer done (0)
[2025-09-01|00:22:35][DEBUG] DryRecipeFsmSequence: Trigger Event MOTION_DONE on MOVE_TO_FRYER
[2025-09-01|00:22:35][INFO]  2025-09-01 00:22:35: [Basket 1 FSM] Exit DryMoveToFryStrategy State.
[2025-09-01|00:22:35][DEBUG] DryRecipeFsmSequence: Enter new state FRY
[2025-09-01|00:22:35][INFO]  2025-09-01 00:22:35: [Basket 1 FSM] Enter DryFryStrategy State.
[2025-09-01|00:22:35][INFO]  Command I600 : 0
[2025-09-01|00:22:36][DEBUG] RobotFsmSequence: Trigger Event DONE on MOVE_BASKET_TO_FRYER
[2025-09-01|00:22:36][INFO]  2025-09-01 00:22:36: Exit MoveBasketToFryerStrategy State.
[2025-09-01|00:22:36][DEBUG] RobotFsmSequence: Enter new state MOVE_TO_READY
[2025-09-01|00:22:36][INFO]  2025-09-01 00:22:36: [Robot FSM] Enter MoveToReadyStrategy State.
[2025-09-01|00:22:36][INFO]  2025-09-01 00:22:36: [Robot FSM] Start motion False move_to_ready  
[2025-09-01|00:22:36][DEBUG] RobotFsmSequence: Trigger Event DONE on MOVE_TO_READY
[2025-09-01|00:22:36][INFO]  2025-09-01 00:22:36: [Robot FSM] Exiting MoveToReadyStrategy State.
[2025-09-01|00:22:36][DEBUG] RobotFsmSequence: Enter new state READY_IDLE
[2025-09-01|00:22:36][INFO]  2025-09-01 00:22:36: [Robot FSM] Enter ReadyIdleStrategy State.
[2025-09-01|00:22:48][INFO]  [PriorityScheduler] Current priority list:
[2025-09-01|00:22:48][INFO]    - Basket 1 | Fryer: 1 | type: dry | State: FRY | Shake_times : 0 | Elapsed: 35.1s | FinishRemain: 24.9s | Priority: 2
[2025-09-01|00:22:49][INFO]  [PriorityScheduler] Current priority list:
[2025-09-01|00:22:49][INFO]    - Basket 1 | Fryer: 1 | type: dry | State: FRY | Shake_times : 0 | Elapsed: 35.6s | FinishRemain: 24.4s | Priority: 2
[2025-09-01|00:22:49][INFO]  [PriorityScheduler] Current priority list:
[2025-09-01|00:22:49][INFO]    - Basket 1 | Fryer: 1 | type: dry | State: FRY | Shake_times : 0 | Elapsed: 36.1s | FinishRemain: 23.9s | Priority: 2
[2025-09-01|00:22:50][INFO]  [PriorityScheduler] Current priority list:
[2025-09-01|00:22:50][INFO]    - Basket 1 | Fryer: 1 | type: dry | State: FRY | Shake_times : 0 | Elapsed: 36.6s | FinishRemain: 23.4s | Priority: 2
[2025-09-01|00:22:50][INFO]  [PriorityScheduler] Current priority list:
[2025-09-01|00:22:50][INFO]    - Basket 1 | Fryer: 1 | type: dry | State: FRY | Shake_times : 0 | Elapsed: 37.1s | FinishRemain: 22.9s | Priority: 2
[2025-09-01|00:22:51][INFO]  [PriorityScheduler] Current priority list:
[2025-09-01|00:22:51][INFO]    - Basket 1 | Fryer: 1 | type: dry | State: FRY | Shake_times : 0 | Elapsed: 37.7s | FinishRemain: 22.3s | Priority: 2
[2025-09-01|00:22:51][INFO]  [PriorityScheduler] Current priority list:
[2025-09-01|00:22:51][INFO]    - Basket 1 | Fryer: 1 | type: dry | State: FRY | Shake_times : 0 | Elapsed: 38.2s | FinishRemain: 21.8s | Priority: 2
[2025-09-01|00:22:52][INFO]  [PriorityScheduler] Current priority list:
[2025-09-01|00:22:52][INFO]    - Basket 1 | Fryer: 1 | type: dry | State: FRY | Shake_times : 0 | Elapsed: 38.7s | FinishRemain: 21.3s | Priority: 2
[2025-09-01|00:22:52][INFO]  [PriorityScheduler] Current priority list:
[2025-09-01|00:22:52][INFO]    - Basket 1 | Fryer: 1 | type: dry | State: FRY | Shake_times : 0 | Elapsed: 39.2s | FinishRemain: 20.8s | Priority: 2
[2025-09-01|00:22:53][INFO]  [PriorityScheduler] Current priority list:
[2025-09-01|00:22:53][INFO]    - Basket 1 | Fryer: 1 | type: dry | State: FRY | Shake_times : 0 | Elapsed: 39.7s | FinishRemain: 20.3s | Priority: 2
[2025-09-01|00:22:53][INFO]  [PriorityScheduler] Current priority list:
[2025-09-01|00:22:53][INFO]    - Basket 1 | Fryer: 1 | type: dry | State: FRY | Shake_times : 0 | Elapsed: 40.2s | FinishRemain: 19.8s | Priority: 2
[2025-09-01|00:22:54][INFO]  [PriorityScheduler] Current priority list:
[2025-09-01|00:22:54][INFO]    - Basket 1 | Fryer: 1 | type: dry | State: FRY | Shake_times : 0 | Elapsed: 40.7s | FinishRemain: 19.3s | Priority: 2
[2025-09-01|00:22:54][INFO]  [PriorityScheduler] Current priority list:
[2025-09-01|00:22:54][INFO]    - Basket 1 | Fryer: 1 | type: dry | State: FRY | Shake_times : 0 | Elapsed: 41.2s | FinishRemain: 18.8s | Priority: 2
[2025-09-01|00:22:55][INFO]  [PriorityScheduler] Current priority list:
[2025-09-01|00:22:55][INFO]    - Basket 1 | Fryer: 1 | type: dry | State: FRY | Shake_times : 0 | Elapsed: 41.8s | FinishRemain: 18.2s | Priority: 2
[2025-09-01|00:22:55][INFO]  [PriorityScheduler] Current priority list:
[2025-09-01|00:22:55][INFO]    - Basket 1 | Fryer: 1 | type: dry | State: FRY | Shake_times : 0 | Elapsed: 42.3s | FinishRemain: 17.7s | Priority: 2
[2025-09-01|00:22:56][INFO]  [PriorityScheduler] Current priority list:
[2025-09-01|00:22:56][INFO]    - Basket 1 | Fryer: 1 | type: dry | State: FRY | Shake_times : 0 | Elapsed: 42.8s | FinishRemain: 17.2s | Priority: 2
[2025-09-01|00:22:56][INFO]  [PriorityScheduler] Current priority list:
[2025-09-01|00:22:56][INFO]    - Basket 1 | Fryer: 1 | type: dry | State: FRY | Shake_times : 0 | Elapsed: 43.3s | FinishRemain: 16.7s | Priority: 2
[2025-09-01|00:22:57][INFO]  [PriorityScheduler] Current priority list:
[2025-09-01|00:22:57][INFO]    - Basket 1 | Fryer: 1 | type: dry | State: FRY | Shake_times : 0 | Elapsed: 43.9s | FinishRemain: 16.1s | Priority: 2
[2025-09-01|00:22:57][INFO]  [PriorityScheduler] Current priority list:
[2025-09-01|00:22:57][INFO]    - Basket 1 | Fryer: 1 | type: dry | State: FRY | Shake_times : 0 | Elapsed: 44.4s | FinishRemain: 15.6s | Priority: 2
[2025-09-01|00:22:58][INFO]  [PriorityScheduler] Current priority list:
[2025-09-01|00:22:58][INFO]    - Basket 1 | Fryer: 1 | type: dry | State: FRY | Shake_times : 0 | Elapsed: 44.9s | FinishRemain: 15.1s | Priority: 2
[2025-09-01|00:22:58][INFO]  [PriorityScheduler] Current priority list:
[2025-09-01|00:22:58][INFO]    - Basket 1 | Fryer: 1 | type: dry | State: FRY | Shake_times : 0 | Elapsed: 45.4s | FinishRemain: 14.6s | Priority: 2
[2025-09-01|00:22:59][INFO]  [PriorityScheduler] Current priority list:
[2025-09-01|00:22:59][INFO]    - Basket 1 | Fryer: 1 | type: dry | State: FRY | Shake_times : 0 | Elapsed: 45.9s | FinishRemain: 14.1s | Priority: 2
[2025-09-01|00:22:59][INFO]  [PriorityScheduler] Current priority list:
[2025-09-01|00:22:59][INFO]    - Basket 1 | Fryer: 1 | type: dry | State: FRY | Shake_times : 0 | Elapsed: 46.4s | FinishRemain: 13.6s | Priority: 2
[2025-09-01|00:23:00][INFO]  [PriorityScheduler] Current priority list:
[2025-09-01|00:23:00][INFO]    - Basket 1 | Fryer: 1 | type: dry | State: FRY | Shake_times : 0 | Elapsed: 46.9s | FinishRemain: 13.1s | Priority: 2
[2025-09-01|00:23:01][INFO]  [PriorityScheduler] Current priority list:
[2025-09-01|00:23:01][INFO]    - Basket 1 | Fryer: 1 | type: dry | State: FRY | Shake_times : 0 | Elapsed: 47.4s | FinishRemain: 12.6s | Priority: 2
[2025-09-01|00:23:01][INFO]  [PriorityScheduler] Current priority list:
[2025-09-01|00:23:01][INFO]    - Basket 1 | Fryer: 1 | type: dry | State: FRY | Shake_times : 0 | Elapsed: 47.9s | FinishRemain: 12.1s | Priority: 2
[2025-09-01|00:23:02][INFO]  [PriorityScheduler] Current priority list:
[2025-09-01|00:23:02][INFO]    - Basket 1 | Fryer: 1 | type: dry | State: FRY | Shake_times : 0 | Elapsed: 48.5s | FinishRemain: 11.5s | Priority: 2
[2025-09-01|00:23:02][INFO]  [PriorityScheduler] Current priority list:
[2025-09-01|00:23:02][INFO]    - Basket 1 | Fryer: 1 | type: dry | State: FRY | Shake_times : 0 | Elapsed: 49.0s | FinishRemain: 11.0s | Priority: 2
[2025-09-01|00:23:03][INFO]  [PriorityScheduler] Current priority list:
[2025-09-01|00:23:03][INFO]    - Basket 1 | Fryer: 1 | type: dry | State: FRY | Shake_times : 0 | Elapsed: 49.5s | FinishRemain: 10.5s | Priority: 2
[2025-09-01|00:23:03][INFO]  [PriorityScheduler] Current priority list:
[2025-09-01|00:23:03][INFO]    - Basket 1 | Fryer: 1 | type: dry | State: FRY | Shake_times : 0 | Elapsed: 50.0s | FinishRemain: 10.0s | Priority: 2
[2025-09-01|00:23:04][INFO]  [PriorityScheduler] Current priority list:
[2025-09-01|00:23:04][INFO]    - Basket 1 | Fryer: 1 | type: dry | State: FRY | Shake_times : 0 | Elapsed: 50.5s | FinishRemain: 9.5s | Priority: 2
[2025-09-01|00:23:04][INFO]    - Basket 2 | Fryer: 2 | type: dry | State: MOVE_TO_FRYER | Shake_times : 0 | Elapsed: 0.0s | FinishRemain: 1000.0s | Priority: 3
[2025-09-01|00:23:04][INFO]    - Basket 5 | Fryer: 3 | type: dry | State: MOVE_TO_FRYER | Shake_times : 0 | Elapsed: 0.0s | FinishRemain: 1000.0s | Priority: 3
[2025-09-01|00:23:04][INFO]    - Basket 6 | Fryer: 4 | type: dry | State: MOVE_TO_FRYER | Shake_times : 0 | Elapsed: 0.0s | FinishRemain: 1000.0s | Priority: 3
[2025-09-01|00:23:04][INFO]  [PriorityScheduler] Current priority list:
[2025-09-01|00:23:04][INFO]    - Basket 1 | Fryer: 1 | type: dry | State: FRY | Shake_times : 0 | Elapsed: 51.0s | FinishRemain: 9.0s | Priority: 2
[2025-09-01|00:23:04][INFO]    - Basket 2 | Fryer: 2 | type: dry | State: MOVE_TO_FRYER | Shake_times : 0 | Elapsed: 0.0s | FinishRemain: 1000.0s | Priority: 3
[2025-09-01|00:23:04][INFO]    - Basket 5 | Fryer: 3 | type: dry | State: MOVE_TO_FRYER | Shake_times : 0 | Elapsed: 0.0s | FinishRemain: 1000.0s | Priority: 3
[2025-09-01|00:23:04][INFO]    - Basket 6 | Fryer: 4 | type: dry | State: MOVE_TO_FRYER | Shake_times : 0 | Elapsed: 0.0s | FinishRemain: 1000.0s | Priority: 3
[2025-09-01|00:23:05][INFO]  [PriorityScheduler] Current priority list:
[2025-09-01|00:23:05][INFO]    - Basket 1 | Fryer: 1 | type: dry | State: FRY | Shake_times : 0 | Elapsed: 51.6s | FinishRemain: 8.4s | Priority: 2
[2025-09-01|00:23:05][INFO]    - Basket 2 | Fryer: 2 | type: dry | State: MOVE_TO_FRYER | Shake_times : 0 | Elapsed: 0.0s | FinishRemain: 1000.0s | Priority: 3
[2025-09-01|00:23:05][INFO]    - Basket 5 | Fryer: 3 | type: dry | State: MOVE_TO_FRYER | Shake_times : 0 | Elapsed: 0.0s | FinishRemain: 1000.0s | Priority: 3
[2025-09-01|00:23:05][INFO]    - Basket 6 | Fryer: 4 | type: dry | State: MOVE_TO_FRYER | Shake_times : 0 | Elapsed: 0.0s | FinishRemain: 1000.0s | Priority: 3
[2025-09-01|00:23:05][INFO]  [PriorityScheduler] Current priority list:
[2025-09-01|00:23:05][INFO]    - Basket 1 | Fryer: 1 | type: dry | State: FRY | Shake_times : 0 | Elapsed: 52.1s | FinishRemain: 7.9s | Priority: 2
[2025-09-01|00:23:05][INFO]    - Basket 2 | Fryer: 2 | type: dry | State: MOVE_TO_FRYER | Shake_times : 0 | Elapsed: 0.0s | FinishRemain: 1000.0s | Priority: 3
[2025-09-01|00:23:05][INFO]    - Basket 5 | Fryer: 3 | type: dry | State: MOVE_TO_FRYER | Shake_times : 0 | Elapsed: 0.0s | FinishRemain: 1000.0s | Priority: 3
[2025-09-01|00:23:05][INFO]    - Basket 6 | Fryer: 4 | type: dry | State: MOVE_TO_FRYER | Shake_times : 0 | Elapsed: 0.0s | FinishRemain: 1000.0s | Priority: 3
[2025-09-01|00:23:06][INFO]  [PriorityScheduler] Current priority list:
[2025-09-01|00:23:06][INFO]    - Basket 1 | Fryer: 1 | type: dry | State: FRY | Shake_times : 0 | Elapsed: 52.6s | FinishRemain: 7.4s | Priority: 2
[2025-09-01|00:23:06][INFO]    - Basket 2 | Fryer: 2 | type: dry | State: MOVE_TO_FRYER | Shake_times : 0 | Elapsed: 0.0s | FinishRemain: 1000.0s | Priority: 3
[2025-09-01|00:23:06][INFO]    - Basket 5 | Fryer: 3 | type: dry | State: MOVE_TO_FRYER | Shake_times : 0 | Elapsed: 0.0s | FinishRemain: 1000.0s | Priority: 3
[2025-09-01|00:23:06][INFO]    - Basket 6 | Fryer: 4 | type: dry | State: MOVE_TO_FRYER | Shake_times : 0 | Elapsed: 0.0s | FinishRemain: 1000.0s | Priority: 3
[2025-09-01|00:23:06][INFO]  [PriorityScheduler] Current priority list:
[2025-09-01|00:23:06][INFO]    - Basket 1 | Fryer: 1 | type: dry | State: FRY | Shake_times : 0 | Elapsed: 53.1s | FinishRemain: 6.9s | Priority: 2
[2025-09-01|00:23:06][INFO]    - Basket 2 | Fryer: 2 | type: dry | State: MOVE_TO_FRYER | Shake_times : 0 | Elapsed: 0.0s | FinishRemain: 1000.0s | Priority: 3
[2025-09-01|00:23:06][INFO]    - Basket 5 | Fryer: 3 | type: dry | State: MOVE_TO_FRYER | Shake_times : 0 | Elapsed: 0.0s | FinishRemain: 1000.0s | Priority: 3
[2025-09-01|00:23:06][INFO]    - Basket 6 | Fryer: 4 | type: dry | State: MOVE_TO_FRYER | Shake_times : 0 | Elapsed: 0.0s | FinishRemain: 1000.0s | Priority: 3
[2025-09-01|00:23:07][INFO]  [PriorityScheduler] Current priority list:
[2025-09-01|00:23:07][INFO]    - Basket 1 | Fryer: 1 | type: dry | State: FRY | Shake_times : 0 | Elapsed: 53.6s | FinishRemain: 6.4s | Priority: 2
[2025-09-01|00:23:07][INFO]    - Basket 2 | Fryer: 2 | type: dry | State: MOVE_TO_FRYER | Shake_times : 0 | Elapsed: 0.0s | FinishRemain: 1000.0s | Priority: 3
[2025-09-01|00:23:07][INFO]    - Basket 5 | Fryer: 3 | type: dry | State: MOVE_TO_FRYER | Shake_times : 0 | Elapsed: 0.0s | FinishRemain: 1000.0s | Priority: 3
[2025-09-01|00:23:07][INFO]    - Basket 6 | Fryer: 4 | type: dry | State: MOVE_TO_FRYER | Shake_times : 0 | Elapsed: 0.0s | FinishRemain: 1000.0s | Priority: 3
[2025-09-01|00:23:07][INFO]  [PriorityScheduler] Current priority list:
[2025-09-01|00:23:07][INFO]    - Basket 1 | Fryer: 1 | type: dry | State: FRY | Shake_times : 0 | Elapsed: 54.2s | FinishRemain: 5.8s | Priority: 2
[2025-09-01|00:23:07][INFO]    - Basket 2 | Fryer: 2 | type: dry | State: MOVE_TO_FRYER | Shake_times : 0 | Elapsed: 0.0s | FinishRemain: 1000.0s | Priority: 3
[2025-09-01|00:23:07][INFO]    - Basket 5 | Fryer: 3 | type: dry | State: MOVE_TO_FRYER | Shake_times : 0 | Elapsed: 0.0s | FinishRemain: 1000.0s | Priority: 3
[2025-09-01|00:23:07][INFO]    - Basket 6 | Fryer: 4 | type: dry | State: MOVE_TO_FRYER | Shake_times : 0 | Elapsed: 0.0s | FinishRemain: 1000.0s | Priority: 3
[2025-09-01|00:23:08][INFO]  [PriorityScheduler] Current priority list:
[2025-09-01|00:23:08][INFO]    - Basket 1 | Fryer: 1 | type: dry | State: FRY | Shake_times : 0 | Elapsed: 54.7s | FinishRemain: 5.3s | Priority: 2
[2025-09-01|00:23:08][INFO]    - Basket 2 | Fryer: 2 | type: dry | State: MOVE_TO_FRYER | Shake_times : 0 | Elapsed: 0.0s | FinishRemain: 1000.0s | Priority: 3
[2025-09-01|00:23:08][INFO]    - Basket 5 | Fryer: 3 | type: dry | State: MOVE_TO_FRYER | Shake_times : 0 | Elapsed: 0.0s | FinishRemain: 1000.0s | Priority: 3
[2025-09-01|00:23:08][INFO]    - Basket 6 | Fryer: 4 | type: dry | State: MOVE_TO_FRYER | Shake_times : 0 | Elapsed: 0.0s | FinishRemain: 1000.0s | Priority: 3
[2025-09-01|00:23:08][INFO]  [PriorityScheduler] Current priority list:
[2025-09-01|00:23:08][INFO]    - Basket 1 | Fryer: 1 | type: dry | State: FRY | Shake_times : 0 | Elapsed: 55.2s | FinishRemain: 4.8s | Priority: 2
[2025-09-01|00:23:08][INFO]    - Basket 2 | Fryer: 2 | type: dry | State: MOVE_TO_FRYER | Shake_times : 0 | Elapsed: 0.0s | FinishRemain: 1000.0s | Priority: 3
[2025-09-01|00:23:08][INFO]    - Basket 5 | Fryer: 3 | type: dry | State: MOVE_TO_FRYER | Shake_times : 0 | Elapsed: 0.0s | FinishRemain: 1000.0s | Priority: 3
[2025-09-01|00:23:08][INFO]    - Basket 6 | Fryer: 4 | type: dry | State: MOVE_TO_FRYER | Shake_times : 0 | Elapsed: 0.0s | FinishRemain: 1000.0s | Priority: 3
[2025-09-01|00:23:09][INFO]  [PriorityScheduler] Current priority list:
[2025-09-01|00:23:09][INFO]    - Basket 1 | Fryer: 1 | type: dry | State: FRY | Shake_times : 0 | Elapsed: 55.7s | FinishRemain: 4.3s | Priority: 2
[2025-09-01|00:23:09][INFO]    - Basket 2 | Fryer: 2 | type: dry | State: MOVE_TO_FRYER | Shake_times : 0 | Elapsed: 0.0s | FinishRemain: 1000.0s | Priority: 3
[2025-09-01|00:23:09][INFO]    - Basket 5 | Fryer: 3 | type: dry | State: MOVE_TO_FRYER | Shake_times : 0 | Elapsed: 0.0s | FinishRemain: 1000.0s | Priority: 3
[2025-09-01|00:23:09][INFO]    - Basket 6 | Fryer: 4 | type: dry | State: MOVE_TO_FRYER | Shake_times : 0 | Elapsed: 0.0s | FinishRemain: 1000.0s | Priority: 3
[2025-09-01|00:23:09][INFO]  [PriorityScheduler] Current priority list:
[2025-09-01|00:23:09][INFO]    - Basket 1 | Fryer: 1 | type: dry | State: FRY | Shake_times : 0 | Elapsed: 56.3s | FinishRemain: 3.7s | Priority: 2
[2025-09-01|00:23:09][INFO]    - Basket 2 | Fryer: 2 | type: dry | State: MOVE_TO_FRYER | Shake_times : 0 | Elapsed: 0.0s | FinishRemain: 1000.0s | Priority: 3
[2025-09-01|00:23:09][INFO]    - Basket 5 | Fryer: 3 | type: dry | State: MOVE_TO_FRYER | Shake_times : 0 | Elapsed: 0.0s | FinishRemain: 1000.0s | Priority: 3
[2025-09-01|00:23:09][INFO]    - Basket 6 | Fryer: 4 | type: dry | State: MOVE_TO_FRYER | Shake_times : 0 | Elapsed: 0.0s | FinishRemain: 1000.0s | Priority: 3
[2025-09-01|00:23:10][INFO]  [PriorityScheduler] Current priority list:
[2025-09-01|00:23:10][INFO]    - Basket 1 | Fryer: 1 | type: dry | State: FRY | Shake_times : 0 | Elapsed: 56.8s | FinishRemain: 3.2s | Priority: 2
[2025-09-01|00:23:10][INFO]    - Basket 2 | Fryer: 2 | type: dry | State: MOVE_TO_FRYER | Shake_times : 0 | Elapsed: 0.0s | FinishRemain: 1000.0s | Priority: 3
[2025-09-01|00:23:10][INFO]    - Basket 5 | Fryer: 3 | type: dry | State: MOVE_TO_FRYER | Shake_times : 0 | Elapsed: 0.0s | FinishRemain: 1000.0s | Priority: 3
[2025-09-01|00:23:10][INFO]    - Basket 6 | Fryer: 4 | type: dry | State: MOVE_TO_FRYER | Shake_times : 0 | Elapsed: 0.0s | FinishRemain: 1000.0s | Priority: 3
[2025-09-01|00:23:10][INFO]  [PriorityScheduler] Current priority list:
[2025-09-01|00:23:10][INFO]    - Basket 1 | Fryer: 1 | type: dry | State: FRY | Shake_times : 0 | Elapsed: 57.4s | FinishRemain: 2.6s | Priority: 2
[2025-09-01|00:23:10][INFO]    - Basket 2 | Fryer: 2 | type: dry | State: MOVE_TO_FRYER | Shake_times : 0 | Elapsed: 0.0s | FinishRemain: 1000.0s | Priority: 3
[2025-09-01|00:23:10][INFO]    - Basket 5 | Fryer: 3 | type: dry | State: MOVE_TO_FRYER | Shake_times : 0 | Elapsed: 0.0s | FinishRemain: 1000.0s | Priority: 3
[2025-09-01|00:23:10][INFO]    - Basket 6 | Fryer: 4 | type: dry | State: MOVE_TO_FRYER | Shake_times : 0 | Elapsed: 0.0s | FinishRemain: 1000.0s | Priority: 3
[2025-09-01|00:23:11][INFO]  [PriorityScheduler] Current priority list:
[2025-09-01|00:23:11][INFO]    - Basket 1 | Fryer: 1 | type: dry | State: FRY | Shake_times : 0 | Elapsed: 57.9s | FinishRemain: 2.1s | Priority: 2
[2025-09-01|00:23:11][INFO]    - Basket 2 | Fryer: 2 | type: dry | State: MOVE_TO_FRYER | Shake_times : 0 | Elapsed: 0.0s | FinishRemain: 1000.0s | Priority: 3
[2025-09-01|00:23:11][INFO]    - Basket 5 | Fryer: 3 | type: dry | State: MOVE_TO_FRYER | Shake_times : 0 | Elapsed: 0.0s | FinishRemain: 1000.0s | Priority: 3
[2025-09-01|00:23:11][INFO]    - Basket 6 | Fryer: 4 | type: dry | State: MOVE_TO_FRYER | Shake_times : 0 | Elapsed: 0.0s | FinishRemain: 1000.0s | Priority: 3
[2025-09-01|00:23:12][INFO]  [PriorityScheduler] Current priority list:
[2025-09-01|00:23:12][INFO]    - Basket 1 | Fryer: 1 | type: dry | State: FRY | Shake_times : 0 | Elapsed: 58.5s | FinishRemain: 1.5s | Priority: 2
[2025-09-01|00:23:12][INFO]    - Basket 2 | Fryer: 2 | type: dry | State: MOVE_TO_FRYER | Shake_times : 0 | Elapsed: 0.0s | FinishRemain: 1000.0s | Priority: 3
[2025-09-01|00:23:12][INFO]    - Basket 5 | Fryer: 3 | type: dry | State: MOVE_TO_FRYER | Shake_times : 0 | Elapsed: 0.0s | FinishRemain: 1000.0s | Priority: 3
[2025-09-01|00:23:12][INFO]    - Basket 6 | Fryer: 4 | type: dry | State: MOVE_TO_FRYER | Shake_times : 0 | Elapsed: 0.0s | FinishRemain: 1000.0s | Priority: 3
[2025-09-01|00:23:12][INFO]  [PriorityScheduler] Current priority list:
[2025-09-01|00:23:12][INFO]    - Basket 1 | Fryer: 1 | type: dry | State: FRY | Shake_times : 0 | Elapsed: 59.0s | FinishRemain: 1.0s | Priority: 2
[2025-09-01|00:23:12][INFO]    - Basket 2 | Fryer: 2 | type: dry | State: MOVE_TO_FRYER | Shake_times : 0 | Elapsed: 0.0s | FinishRemain: 1000.0s | Priority: 3
[2025-09-01|00:23:12][INFO]    - Basket 5 | Fryer: 3 | type: dry | State: MOVE_TO_FRYER | Shake_times : 0 | Elapsed: 0.0s | FinishRemain: 1000.0s | Priority: 3
[2025-09-01|00:23:12][INFO]    - Basket 6 | Fryer: 4 | type: dry | State: MOVE_TO_FRYER | Shake_times : 0 | Elapsed: 0.0s | FinishRemain: 1000.0s | Priority: 3
[2025-09-01|00:23:13][INFO]  [PriorityScheduler] Current priority list:
[2025-09-01|00:23:13][INFO]    - Basket 1 | Fryer: 1 | type: dry | State: FRY | Shake_times : 0 | Elapsed: 59.5s | FinishRemain: 0.5s | Priority: 2
[2025-09-01|00:23:13][INFO]    - Basket 2 | Fryer: 2 | type: dry | State: MOVE_TO_FRYER | Shake_times : 0 | Elapsed: 0.0s | FinishRemain: 1000.0s | Priority: 3
[2025-09-01|00:23:13][INFO]    - Basket 5 | Fryer: 3 | type: dry | State: MOVE_TO_FRYER | Shake_times : 0 | Elapsed: 0.0s | FinishRemain: 1000.0s | Priority: 3
[2025-09-01|00:23:13][INFO]    - Basket 6 | Fryer: 4 | type: dry | State: MOVE_TO_FRYER | Shake_times : 0 | Elapsed: 0.0s | FinishRemain: 1000.0s | Priority: 3
[2025-09-01|00:23:13][DEBUG] DryRecipeFsmSequence: Trigger Event COOKING_TIME_DONE on FRY
[2025-09-01|00:23:13][INFO]  2025-09-01 00:23:13: [Basket 1 FSM] Exit DryFryStrategy State.
[2025-09-01|00:23:13][DEBUG] DryRecipeFsmSequence: Enter new state MOVE_FROM_FRYER
[2025-09-01|00:23:13][INFO]  2025-09-01 00:23:13: [Basket 1 FSM] Enter DryMoveFromFryStrategy State.
[2025-09-01|00:23:13][INFO]  [PriorityScheduler] Current priority list:
[2025-09-01|00:23:13][INFO]    - Basket 1 | Fryer: 1 | type: dry | State: MOVE_FROM_FRYER | Shake_times : 0 | Elapsed: 60.0s | FinishRemain: -0.0s | Priority: 1
[2025-09-01|00:23:13][INFO]    - Basket 2 | Fryer: 2 | type: dry | State: MOVE_TO_FRYER | Shake_times : 0 | Elapsed: 0.0s | FinishRemain: 1000.0s | Priority: 3
[2025-09-01|00:23:13][INFO]    - Basket 5 | Fryer: 3 | type: dry | State: MOVE_TO_FRYER | Shake_times : 0 | Elapsed: 0.0s | FinishRemain: 1000.0s | Priority: 3
[2025-09-01|00:23:13][INFO]    - Basket 6 | Fryer: 4 | type: dry | State: MOVE_TO_FRYER | Shake_times : 0 | Elapsed: 0.0s | FinishRemain: 1000.0s | Priority: 3
[2025-09-01|00:23:13][INFO]  [ProcessManager] Set int_var/pickup_target_fryer/val to 1
[2025-09-01|00:23:13][INFO]  2025-09-01 00:23:13: [ProcessManager] Trigger move_from_fryer motion [FSM 1, Basket 1, Fryer 1]
[2025-09-01|00:23:13][DEBUG] RobotFsmSequence: Trigger Event RUN_BASKET_FROM_FRYER on READY_IDLE
[2025-09-01|00:23:13][INFO]  2025-09-01 00:23:13: [Robot FSM] Exiting ReadyIdleStrategy State.
[2025-09-01|00:23:13][DEBUG] RobotFsmSequence: Enter new state MOVE_BASKET_FROM_FRYER
[2025-09-01|00:23:13][INFO]  2025-09-01 00:23:13: [Robot FSM] Enter MoveBasketFromFryerStrategy State.
[2025-09-01|00:23:13][INFO]  2025-09-01 00:23:13: [Robot FSM] Start motion move_from_fryer with [basket 1, fryer 1]
[2025-09-01|00:23:13][DEBUG] 2025-09-01 00:23:13: [Robot FSM] Current int_var/cmd/val: 0, Setting to: 321
[2025-09-01|00:23:13][INFO]  basket_from_fryer 321
[2025-09-01|00:23:13][INFO]  Command I600 : 321
[2025-09-01|00:23:25][INFO]  2025-09-01 00:23:25 : [Fryer 1 has received pickup singal 1.
[2025-09-01|00:23:25][INFO]  2025-09-01 00:23:25: [Basket 1 FSM] Targeted pickup signal received. total_elapsed_at_pickup set to 71.45
[2025-09-01|00:24:14][INFO]  2025-09-01 00:24:14: [Robot FSM] Finish motion move_from_fryer with [basket 1, fryer 1]
[2025-09-01|00:24:14][INFO]  2025-09-01 00:24:14: [Basket 1 FSM] Motion move_from_fryer done (0)
[2025-09-01|00:24:14][DEBUG] DryRecipeFsmSequence: Trigger Event MOTION_DONE on MOVE_FROM_FRYER
[2025-09-01|00:24:14][INFO]  2025-09-01 00:24:14: [Basket 1 FSM] Exit DryMoveFromFryStrategy State.
[2025-09-01|00:24:14][DEBUG] DryRecipeFsmSequence: Enter new state FINISH
[2025-09-01|00:24:14][DEBUG] cooking_logger.py: log() called for basket Basket 1, recipe 1.
[2025-09-01|00:24:14][DEBUG] cooking_logger.py: Read recipe_name '치킨' for recipe1 from file
[2025-09-01|00:24:14][DEBUG] cooking_logger.py: Read recipe_name '치킨' for recipe1 from file
[2025-09-01|00:24:14][DEBUG] cooking_logger.py: Prepared MQTT data for cooking log: {'cookingTactTime': 71.454923, 'recipeName': '치킨'}
[2025-09-01|00:24:14][INFO]  cooking_logger.py: Sending recipe_name '치킨' from frying_recipe.json for recipe1
[2025-09-01|00:24:14][DEBUG] cooking_logger.py: send_mqtt_log() called with data: {'cookingTactTime': 71.454923, 'recipeName': '치킨'}
[2025-09-01|00:24:14][DEBUG] cooking_logger.py: Publishing to topic 'v1/devices/me/telemetry' with payload: {'cookingTactTime': 71.454923, 'recipeName': '치킨'}
[2025-09-01|00:24:14][INFO]  cooking_logger.py: Successfully sent log to MQTT.
[2025-09-01|00:24:14][INFO]  2025-09-01 00:24:14: [Basket 1 FSM] Enter DryFinishStrategy State.
[2025-09-01|00:24:14][DEBUG] DryRecipeFsmSequence: Trigger Event DONE on FINISH
[2025-09-01|00:24:14][INFO]  2025-09-01 00:24:14: [Basket 1 FSM] Exit DryFinishStrategy State.
[2025-09-01|00:24:14][DEBUG] DryRecipeFsmSequence: Enter new state NO_MENU
[2025-09-01|00:24:14][INFO]  2025-09-01 00:24:14: [Basket 1 FSM] Enter DryNoMenuStrategy State.
[2025-09-01|00:24:14][INFO]  Command I600 : 0
[2025-09-01|00:24:14][INFO]  [PriorityScheduler] Current priority list:
[2025-09-01|00:24:14][INFO]    - Basket 2 | Fryer: 2 | type: dry | State: MOVE_TO_FRYER | Shake_times : 0 | Elapsed: 0.0s | FinishRemain: 1000.0s | Priority: 3
[2025-09-01|00:24:14][INFO]    - Basket 5 | Fryer: 3 | type: dry | State: MOVE_TO_FRYER | Shake_times : 0 | Elapsed: 0.0s | FinishRemain: 1000.0s | Priority: 3
[2025-09-01|00:24:14][INFO]    - Basket 6 | Fryer: 4 | type: dry | State: MOVE_TO_FRYER | Shake_times : 0 | Elapsed: 0.0s | FinishRemain: 1000.0s | Priority: 3
[2025-09-01|00:24:14][INFO]  trigger_to_fryer_motion 2
[2025-09-01|00:24:14][INFO]  2025-09-01 00:24:14: [ProcessManager] Trigger move_to_fryer motion [FSM 2, Basket 2, Fryer 2]
[2025-09-01|00:24:15][DEBUG] RobotFsmSequence: Trigger Event RUN_BASKET_TO_FRYER on MOVE_BASKET_FROM_FRYER
[2025-09-01|00:24:15][INFO]  2025-09-01 00:24:15: Exit MoveBasketFromFryerStrategy State.
[2025-09-01|00:24:15][DEBUG] RobotFsmSequence: Enter new state MOVE_BASKET_TO_FRYER
[2025-09-01|00:24:15][INFO]  2025-09-01 00:24:15: [Robot FSM] Enter MoveBasketToFryerStrategy State.
[2025-09-01|00:24:15][INFO]  2025-09-01 00:24:15: [Robot FSM] Start motion move_to_fryer with [basket 2, fryer 2]
[2025-09-01|00:24:15][INFO]  basket_to_fryer 312
[2025-09-01|00:24:15][INFO]  Command I600 : 312
[2025-09-01|00:24:17][INFO]  2025-09-01 00:24:17: [Basket 3 FSM] Start cooking.
[2025-09-01|00:24:17][DEBUG] DryRecipeFsmSequence: Trigger Event START_MENU on COOKING_READY
[2025-09-01|00:24:17][INFO]  2025-09-01 00:24:17: [Basket 3 FSM] Exit DryCookingReadyStrategy State.
[2025-09-01|00:24:17][DEBUG] DryRecipeFsmSequence: Enter new state MOVE_TO_FRYER
[2025-09-01|00:24:17][INFO]  2025-09-01 00:24:17: [Basket 3 FSM] Enter DryMoveToFryStrategy State.
[2025-09-01|00:24:17][INFO]  [Debug] Basket 3: putin_shake=True, type=<class 'bool'>
[2025-09-01|00:24:56][INFO]  2025-09-01 00:24:56: Program stopped by App.
[2025-09-01|00:24:56][INFO]  [DEBUG] stop_program: Sending stop command to Conty.
[2025-09-01|00:24:56][INFO]  [DEBUG] stop_program: Waiting for Conty program to stop. Current state: PROG_RUNNING
[2025-09-01|00:24:56][INFO]  Stop program!!
[2025-09-01|00:24:56][INFO]  [DEBUG] stop_program: Waiting for Conty program to stop. Current state: PROG_STOPPING
[2025-09-01|00:24:56][INFO]  [DEBUG] stop_program: Waiting for Conty program to stop. Current state: PROG_STOPPING
[2025-09-01|00:24:56][WARN]  [ProcessManager] Program stop detected. Resetting all motion triggers to prevent deadlock.
[2025-09-01|00:24:56][INFO]  [DEBUG] stop_program: Conty program confirmed to be in IDLE state.
[2025-09-01|00:24:56][DEBUG] RobotFsmSequence: Trigger Event STOP on MOVE_BASKET_TO_FRYER
[2025-09-01|00:24:56][INFO]  2025-09-01 00:24:56: Exit MoveBasketToFryerStrategy State.
[2025-09-01|00:24:56][DEBUG] RobotFsmSequence: Enter new state FINISHING_MOTION
[2025-09-01|00:24:56][INFO]  2025-09-01 00:24:56: [Robot FSM] Enter FinishingMotionStrategy State. Waiting for motion to finish or program to stop.
[2025-09-01|00:24:56][INFO]  2025-09-01 00:24:56: Program is NOT running PROG_IDLE.
[2025-09-01|00:24:56][WARN]  2025-09-01 00:24:56: [Robot FSM] Program has stopped. Forcing FINISH_MOTION to DONE.
[2025-09-01|00:24:56][DEBUG] RobotFsmSequence: Trigger Event DONE on FINISHING_MOTION
[2025-09-01|00:24:56][INFO]  2025-09-01 00:24:56: [Robot FSM] Exit FinishingMotionStrategy State.
[2025-09-01|00:24:56][DEBUG] RobotFsmSequence: Enter new state NOT_READY_IDLE
[2025-09-01|00:24:56][INFO]  2025-09-01 00:24:56: Program is NOT running PROG_IDLE.
[2025-09-01|00:24:56][INFO]  2025-09-01 00:24:56: [Robot FSM] Enter NotReadyIdleStrategy State.
[2025-09-01|00:24:56][INFO]  Command I600 : 0
[2025-09-01|00:25:04][INFO]  2025-09-01 00:25:04: [Robot FSM] Program Start.
[2025-09-01|00:25:04][ERROR] Start main program
[2025-09-01|00:25:04][INFO]  2025-09-01 00:25:04: Wait for main program running
[2025-09-01|00:25:04][INFO]  2025-09-01 00:25:04: Program is NOT running PROG_IDLE.
[2025-09-01|00:25:04][INFO]  2025-09-01 00:25:04: Wait for main program running
[2025-09-01|00:25:04][INFO]  2025-09-01 00:25:04: Program is NOT running PROG_IDLE.
[2025-09-01|00:25:04][INFO]  2025-09-01 00:25:04: Wait for main program running
[2025-09-01|00:25:04][INFO]  2025-09-01 00:25:04: Program is NOT running PROG_IDLE.
[2025-09-01|00:25:04][INFO]  2025-09-01 00:25:04: Wait for main program running
[2025-09-01|00:25:04][INFO]  2025-09-01 00:25:04: Program is NOT running PROG_IDLE.
[2025-09-01|00:25:05][INFO]  2025-09-01 00:25:05: Wait for main program running
[2025-09-01|00:25:05][INFO]  2025-09-01 00:25:05: Program is NOT running PROG_IDLE.
[2025-09-01|00:25:05][INFO]  2025-09-01 00:25:05: Wait for main program running
[2025-09-01|00:25:05][INFO]  2025-09-01 00:25:05: Program is NOT running PROG_IDLE.
[2025-09-01|00:25:05][INFO]  2025-09-01 00:25:05: Wait for main program running
[2025-09-01|00:25:05][INFO]  2025-09-01 00:25:05: Program is NOT running PROG_IDLE.
[2025-09-01|00:25:05][INFO]  2025-09-01 00:25:05: Wait for main program running
[2025-09-01|00:25:05][DEBUG] RobotFsmSequence: Trigger Event START_PROGRAM on NOT_READY_IDLE
[2025-09-01|00:25:05][INFO]  2025-09-01 00:25:05: [Robot FSM] Exit NotReadyIdleStrategy State.
[2025-09-01|00:25:05][DEBUG] RobotFsmSequence: Enter new state MOVE_TO_READY
[2025-09-01|00:25:05][INFO]  2025-09-01 00:25:05: [Robot FSM] Enter MoveToReadyStrategy State.
[2025-09-01|00:25:05][INFO]  2025-09-01 00:25:05: [Robot FSM] Start motion False move_to_ready  
[2025-09-01|00:25:05][DEBUG] RobotFsmSequence: Trigger Event DONE on MOVE_TO_READY
[2025-09-01|00:25:05][INFO]  2025-09-01 00:25:05: [Robot FSM] Exiting MoveToReadyStrategy State.
[2025-09-01|00:25:05][DEBUG] RobotFsmSequence: Enter new state READY_IDLE
[2025-09-01|00:25:05][INFO]  2025-09-01 00:25:05: [Robot FSM] Enter ReadyIdleStrategy State.
[2025-09-01|00:25:59][INFO]  2025-09-01 00:25:59: [ProcessManager] Reset all recipes!
[2025-09-01|00:25:59][INFO]  [ProcessManager] `prog_stopped` flag has been manually reset.
[2025-09-01|00:25:59][INFO]  [SYSTEM] [DEBUG] Received request for full FSM reset.
[2025-09-01|00:25:59][WARN]  [SYSTEM] [DEBUG] Robot program is RUNNING. Stopping it before FSM reset.
[2025-09-01|00:25:59][INFO]  [DEBUG] stop_program: Sending stop command to Conty.
[2025-09-01|00:25:59][INFO]  [DEBUG] stop_program: Waiting for Conty program to stop. Current state: PROG_RUNNING
[2025-09-01|00:25:59][INFO]  Stop program!!
[2025-09-01|00:25:59][INFO]  [DEBUG] stop_program: Waiting for Conty program to stop. Current state: PROG_STOPPING
[2025-09-01|00:25:59][INFO]  2025-09-01 00:25:59: Program is NOT running PROG_STOPPING.
[2025-09-01|00:25:59][INFO]  2025-09-01 00:25:59: Program stopped externally
[2025-09-01|00:25:59][DEBUG] RobotFsmSequence: Trigger Event STOP on READY_IDLE
[2025-09-01|00:25:59][INFO]  2025-09-01 00:25:59: [Robot FSM] Exiting ReadyIdleStrategy State.
[2025-09-01|00:25:59][DEBUG] RobotFsmSequence: Enter new state NOT_READY_IDLE
[2025-09-01|00:25:59][INFO]  2025-09-01 00:25:59: Program is NOT running PROG_STOPPING.
[2025-09-01|00:25:59][INFO]  2025-09-01 00:25:59: [Robot FSM] Enter NotReadyIdleStrategy State.
[2025-09-01|00:25:59][INFO]  [DEBUG] stop_program: Waiting for Conty program to stop. Current state: PROG_STOPPING
[2025-09-01|00:25:59][ERROR] 2025-09-01 00:25:59: [Robot FSM] Violation detected [indy_state=OP_SYSTEM_RESET, violation_code=VIOLATION]
[2025-09-01|00:25:59][ERROR] 2025-09-01 00:25:59: [Robot FSM] Violation detected [indy_state=OP_SYSTEM_RESET, violation_code=VIOLATION]
[2025-09-01|00:25:59][ERROR] 2025-09-01 00:25:59: [Robot FSM] Violation detected [indy_state=OP_SYSTEM_RESET, violation_code=VIOLATION]
[2025-09-01|00:25:59][ERROR] 2025-09-01 00:25:59: [Robot FSM] Violation detected [indy_state=OP_SYSTEM_RESET, violation_code=VIOLATION]
[2025-09-01|00:25:59][ERROR] 2025-09-01 00:25:59: [Robot FSM] Violation detected [indy_state=OP_SYSTEM_RESET, violation_code=VIOLATION]
[2025-09-01|00:25:59][ERROR] 2025-09-01 00:25:59: [Robot FSM] Violation detected [indy_state=OP_SYSTEM_RESET, violation_code=VIOLATION]
[2025-09-01|00:25:59][INFO]  [DEBUG] stop_program: Conty program confirmed to be in IDLE state.
[2025-09-01|00:25:59][INFO]  [SYSTEM] [DEBUG] Robot program stopped successfully.
[2025-09-01|00:25:59][INFO]  [SYSTEM] [DEBUG] Re-initializing all FSMs without waiting for old threads.
[2025-09-01|00:25:59][INFO]  RobotFsmSequence: Stopping FSM service thread.
[2025-09-01|00:25:59][INFO]  RobotFsmSequence: FSM service thread stopped.
[2025-09-01|00:25:59][DEBUG] RobotFsmSequence: Enter new state NOT_READY
[2025-09-01|00:25:59][INFO]  2025-09-01 00:25:59: Program is NOT running PROG_IDLE.
[2025-09-01|00:25:59][INFO]  2025-09-01 00:25:59: [Robot FSM] Enter NotReadyStrategy State.
[2025-09-01|00:25:59][INFO]  [SYSTEM] [DEBUG] Robot FSM re-initialized.
[2025-09-01|00:25:59][INFO]  DryRecipeFsmSequence: Stopping FSM service thread.
[2025-09-01|00:25:59][INFO]  DryRecipeFsmSequence: FSM service thread stopped.
[2025-09-01|00:25:59][INFO]  DryRecipeFsmSequence: Stopping FSM service thread.
[2025-09-01|00:25:59][DEBUG] RobotFsmSequence: Trigger Event DONE on NOT_READY
[2025-09-01|00:25:59][INFO]  DryRecipeFsmSequence: FSM service thread stopped.
[2025-09-01|00:25:59][INFO]  2025-09-01 00:25:59: [Robot FSM] Exit NotReadyStrategy State.
[2025-09-01|00:25:59][INFO]  DryRecipeFsmSequence: Stopping FSM service thread.
[2025-09-01|00:25:59][DEBUG] RobotFsmSequence: Enter new state NOT_READY_IDLE
[2025-09-01|00:25:59][INFO]  2025-09-01 00:25:59: Program is NOT running PROG_IDLE.
[2025-09-01|00:25:59][INFO]  2025-09-01 00:25:59: [Robot FSM] Enter NotReadyIdleStrategy State.
[2025-09-01|00:25:59][INFO]  DryRecipeFsmSequence: FSM service thread stopped.
[2025-09-01|00:25:59][INFO]  DryRecipeFsmSequence: Stopping FSM service thread.
[2025-09-01|00:25:59][INFO]  DryRecipeFsmSequence: FSM service thread stopped.
[2025-09-01|00:25:59][INFO]  DryRecipeFsmSequence: Stopping FSM service thread.
[2025-09-01|00:25:59][INFO]  DryRecipeFsmSequence: FSM service thread stopped.
[2025-09-01|00:25:59][INFO]  DryRecipeFsmSequence: Stopping FSM service thread.
[2025-09-01|00:25:59][INFO]  DryRecipeFsmSequence: FSM service thread stopped.
[2025-09-01|00:25:59][INFO]  DryRecipeFsmSequence: Stopping FSM service thread.
[2025-09-01|00:25:59][INFO]  DryRecipeFsmSequence: FSM service thread stopped.
[2025-09-01|00:25:59][INFO]  DryRecipeFsmSequence: Stopping FSM service thread.
[2025-09-01|00:25:59][INFO]  DryRecipeFsmSequence: FSM service thread stopped.
[2025-09-01|00:25:59][INFO]  dryfsm 1
[2025-09-01|00:25:59][DEBUG] DryRecipeFsmSequence: Enter new state NO_MENU
[2025-09-01|00:25:59][INFO]  2025-09-01 00:25:59: [Basket 1 FSM] Enter DryNoMenuStrategy State.
[2025-09-01|00:25:59][INFO]  dryfsm 2
[2025-09-01|00:25:59][DEBUG] DryRecipeFsmSequence: Enter new state NO_MENU
[2025-09-01|00:25:59][INFO]  2025-09-01 00:25:59: [Basket 2 FSM] Enter DryNoMenuStrategy State.
[2025-09-01|00:25:59][INFO]  dryfsm 3
[2025-09-01|00:25:59][DEBUG] DryRecipeFsmSequence: Enter new state NO_MENU
[2025-09-01|00:26:00][INFO]  2025-09-01 00:25:59: [Basket 3 FSM] Enter DryNoMenuStrategy State.
[2025-09-01|00:26:00][INFO]  dryfsm 4
[2025-09-01|00:26:00][DEBUG] DryRecipeFsmSequence: Enter new state NO_MENU
[2025-09-01|00:26:00][INFO]  2025-09-01 00:26:00: [Basket 4 FSM] Enter DryNoMenuStrategy State.
[2025-09-01|00:26:00][INFO]  dryfsm 5
[2025-09-01|00:26:00][DEBUG] DryRecipeFsmSequence: Enter new state NO_MENU
[2025-09-01|00:26:00][INFO]  2025-09-01 00:26:00: [Basket 5 FSM] Enter DryNoMenuStrategy State.
[2025-09-01|00:26:00][INFO]  dryfsm 6
[2025-09-01|00:26:00][DEBUG] DryRecipeFsmSequence: Enter new state NO_MENU
[2025-09-01|00:26:00][INFO]  2025-09-01 00:26:00: [Basket 6 FSM] Enter DryNoMenuStrategy State.
[2025-09-01|00:26:00][INFO]  dryfsm 7
[2025-09-01|00:26:00][DEBUG] DryRecipeFsmSequence: Enter new state NO_MENU
[2025-09-01|00:26:00][INFO]  2025-09-01 00:26:00: [Basket 7 FSM] Enter DryNoMenuStrategy State.
[2025-09-01|00:26:00][INFO]  dryfsm 8
[2025-09-01|00:26:00][DEBUG] DryRecipeFsmSequence: Enter new state NO_MENU
[2025-09-01|00:26:00][INFO]  2025-09-01 00:26:00: [Basket 8 FSM] Enter DryNoMenuStrategy State.
[2025-09-01|00:26:00][INFO]  WetRecipeFsmSequence: Stopping FSM service thread.
[2025-09-01|00:26:00][INFO]  WetRecipeFsmSequence: FSM service thread stopped.
[2025-09-01|00:26:00][INFO]  WetRecipeFsmSequence: Stopping FSM service thread.
[2025-09-01|00:26:00][INFO]  WetRecipeFsmSequence: FSM service thread stopped.
[2025-09-01|00:26:00][INFO]  WetRecipeFsmSequence: Stopping FSM service thread.
[2025-09-01|00:26:00][INFO]  WetRecipeFsmSequence: FSM service thread stopped.
[2025-09-01|00:26:00][INFO]  WetRecipeFsmSequence: Stopping FSM service thread.
[2025-09-01|00:26:00][INFO]  WetRecipeFsmSequence: FSM service thread stopped.
[2025-09-01|00:26:00][INFO]  1 fryer Index : 1
[2025-09-01|00:26:00][DEBUG] WetRecipeFsmSequence: Enter new state WAIT_PUTIN
[2025-09-01|00:26:00][INFO]  [SPECIAL] Basket 1: Reset putin_shake=0, shake_done=0
[2025-09-01|00:26:00][INFO]  2025-09-01 00:26:00: [Basket 1 FSM] Enter WaitPutinStrategy State.
[2025-09-01|00:26:00][INFO]  3 fryer Index : 1
[2025-09-01|00:26:00][DEBUG] WetRecipeFsmSequence: Enter new state WAIT_PUTIN
[2025-09-01|00:26:00][INFO]  [SPECIAL] Basket 3: Reset putin_shake=0, shake_done=0
[2025-09-01|00:26:00][INFO]  2025-09-01 00:26:00: [Basket 3 FSM] Enter WaitPutinStrategy State.
[2025-09-01|00:26:00][INFO]  6 fryer Index : 4
[2025-09-01|00:26:00][DEBUG] WetRecipeFsmSequence: Enter new state WAIT_PUTIN
[2025-09-01|00:26:00][INFO]  [SPECIAL] Basket 6: Reset putin_shake=0, shake_done=0
[2025-09-01|00:26:00][INFO]  2025-09-01 00:26:00: [Basket 6 FSM] Enter WaitPutinStrategy State.
[2025-09-01|00:26:00][INFO]  8 fryer Index : 4
[2025-09-01|00:26:00][DEBUG] WetRecipeFsmSequence: Enter new state WAIT_PUTIN
[2025-09-01|00:26:00][INFO]  [SPECIAL] Basket 8: Reset putin_shake=0, shake_done=0
[2025-09-01|00:26:00][INFO]  2025-09-01 00:26:00: [Basket 8 FSM] Enter WaitPutinStrategy State.
[2025-09-01|00:26:00][INFO]  [SYSTEM] [DEBUG] All FSMs re-initialized.
[2025-09-01|00:26:01][WARN]  [ProcessManager] Program stop detected. Resetting all motion triggers to prevent deadlock.
[2025-09-01|00:26:09][DEBUG] cooking_logger.py: send_recipe_list_mqtt() called with data: [{'label': '', 'time': 0}, {'label': '치킨', 'time': 60}, {'label': '', 'time': 0}, {'label': '', 'time': 0}, {'label': '', 'time': 0}, {'label': '', 'time': 0}, {'label': '', 'time': 0}, {'label': '', 'time': 0}, {'label': '', 'time': 0}, {'label': '', 'time': 0}, {'label': '', 'time': 0}]
[2025-09-01|00:26:09][DEBUG] cooking_logger.py: send_mqtt_log() called with data: {'recipeList': [{'label': '', 'time': 0}, {'label': '치킨', 'time': 60}, {'label': '', 'time': 0}, {'label': '', 'time': 0}, {'label': '', 'time': 0}, {'label': '', 'time': 0}, {'label': '', 'time': 0}, {'label': '', 'time': 0}, {'label': '', 'time': 0}, {'label': '', 'time': 0}, {'label': '', 'time': 0}]}
[2025-09-01|00:26:09][DEBUG] cooking_logger.py: Publishing to topic 'v1/devices/me/telemetry' with payload: {'recipeList': [{'label': '', 'time': 0}, {'label': '치킨', 'time': 60}, {'label': '', 'time': 0}, {'label': '', 'time': 0}, {'label': '', 'time': 0}, {'label': '', 'time': 0}, {'label': '', 'time': 0}, {'label': '', 'time': 0}, {'label': '', 'time': 0}, {'label': '', 'time': 0}, {'label': '', 'time': 0}]}
[2025-09-01|00:26:09][INFO]  cooking_logger.py: Successfully sent log to MQTT.
[2025-09-01|00:26:09][INFO]  -------- ui/recipe1/reset/recipe_name 191 True
[2025-09-01|00:26:09][INFO]  ---sdfsdfsdff=----------
[2025-09-01|00:26:10][INFO]  2025-09-01 00:26:10: [Robot FSM] Program Start.
[2025-09-01|00:26:10][ERROR] Start main program
[2025-09-01|00:26:10][INFO]  2025-09-01 00:26:10: Wait for main program running
[2025-09-01|00:26:10][INFO]  2025-09-01 00:26:10: Program is NOT running PROG_IDLE.
[2025-09-01|00:26:10][INFO]  2025-09-01 00:26:10: Wait for main program running
[2025-09-01|00:26:10][INFO]  2025-09-01 00:26:10: Program is NOT running PROG_IDLE.
[2025-09-01|00:26:10][INFO]  2025-09-01 00:26:10: Wait for main program running
[2025-09-01|00:26:10][INFO]  2025-09-01 00:26:10: Program is NOT running PROG_IDLE.
[2025-09-01|00:26:10][INFO]  2025-09-01 00:26:10: Wait for main program running
[2025-09-01|00:26:10][INFO]  2025-09-01 00:26:10: Program is NOT running PROG_IDLE.
[2025-09-01|00:26:10][INFO]  2025-09-01 00:26:10: Wait for main program running
[2025-09-01|00:26:10][INFO]  2025-09-01 00:26:10: Program is NOT running PROG_IDLE.
[2025-09-01|00:26:10][INFO]  2025-09-01 00:26:10: Wait for main program running
[2025-09-01|00:26:10][INFO]  2025-09-01 00:26:10: Program is NOT running PROG_IDLE.
[2025-09-01|00:26:10][INFO]  2025-09-01 00:26:10: Wait for main program running
[2025-09-01|00:26:10][INFO]  2025-09-01 00:26:10: Program is NOT running PROG_IDLE.
[2025-09-01|00:26:11][INFO]  2025-09-01 00:26:11: Wait for main program running
[2025-09-01|00:26:11][DEBUG] RobotFsmSequence: Trigger Event START_PROGRAM on NOT_READY_IDLE
[2025-09-01|00:26:11][INFO]  2025-09-01 00:26:11: [Robot FSM] Exit NotReadyIdleStrategy State.
[2025-09-01|00:26:11][DEBUG] RobotFsmSequence: Enter new state MOVE_TO_READY
[2025-09-01|00:26:11][INFO]  2025-09-01 00:26:11: [Robot FSM] Enter MoveToReadyStrategy State.
[2025-09-01|00:26:11][INFO]  2025-09-01 00:26:11: [Robot FSM] Start motion True move_to_ready  
[2025-09-01|00:26:11][INFO]  Command I600 : 100
[2025-09-01|00:26:12][INFO]  2025-09-01 00:26:12: [Robot FSM] Finish motion move_to_ready
[2025-09-01|00:26:12][DEBUG] RobotFsmSequence: Trigger Event DONE on MOVE_TO_READY
[2025-09-01|00:26:12][INFO]  2025-09-01 00:26:12: [Robot FSM] Exiting MoveToReadyStrategy State.
[2025-09-01|00:26:12][DEBUG] RobotFsmSequence: Enter new state READY_IDLE
[2025-09-01|00:26:12][INFO]  2025-09-01 00:26:12: [Robot FSM] Enter ReadyIdleStrategy State.
[2025-09-01|00:26:13][INFO]  Command I600 : 0
[2025-09-01|00:26:15][INFO]  [Basket 2] Waiting for recipe assignment lock.
[2025-09-01|00:26:16][INFO]  [Basket 2] Acquired recipe assignment lock.
[2025-09-01|00:26:16][INFO]  [Basket 2] Releasing recipe assignment lock.
[2025-09-01|00:26:16][INFO]  2025-09-01 00:26:16: [Basket 2 FSM] Assign new menu 1
[2025-09-01|00:26:16][DEBUG] DryRecipeFsmSequence: Trigger Event ASSIGN_MENU on NO_MENU
[2025-09-01|00:26:16][INFO]  2025-09-01 00:26:16: [Basket 2 FSM] Exit DryNoMenuStrategy State.
[2025-09-01|00:26:16][DEBUG] DryRecipeFsmSequence: Enter new state COOKING_READY
[2025-09-01|00:26:16][INFO]  2025-09-01 00:26:16: [Basket 2 FSM] Enter DryCookingReadyStrategy State.
[2025-09-01|00:26:16][INFO]  2025-09-01 00:26:16: [Basket 2 FSM] Start cooking.
[2025-09-01|00:26:16][DEBUG] DryRecipeFsmSequence: Trigger Event START_MENU on COOKING_READY
[2025-09-01|00:26:16][INFO]  2025-09-01 00:26:16: [Basket 2 FSM] Exit DryCookingReadyStrategy State.
[2025-09-01|00:26:16][DEBUG] DryRecipeFsmSequence: Enter new state MOVE_TO_FRYER
[2025-09-01|00:26:16][INFO]  2025-09-01 00:26:16: [Basket 2 FSM] Enter DryMoveToFryStrategy State.
[2025-09-01|00:26:16][INFO]  [Debug] Basket 2: putin_shake=True, type=<class 'bool'>
