[2025-08-30|02:58:14][INFO]  Blackboard initialized from projects/bulk_frying/configs/blackboard.json
[2025-08-30|02:58:16][INFO]  DEBUG: cooking_logger.py module is being loaded.
[2025-08-30|02:58:16][INFO]  IndyCare MQTT logging is enabled.
[2025-08-30|02:58:17][INFO]  [CookingLogger] Using MQTT Device ID: indyHomyeongFrying
[2025-08-30|02:58:17][INFO]  cooking_logger.py: CONNECT MQTT server success...
[2025-08-30|02:58:17][INFO]  [SYSTEM] Starting bulk_frying System...
[2025-08-30|02:58:17][INFO]  Init AppCommunication
[2025-08-30|02:58:17][DEBUG] RobotFsmSequence: Enter new state NOT_READY
[2025-08-30|02:58:17][INFO]  2025-08-30 02:58:17: [Robot FSM] Program is Running, Stop the program (NotReadyStrategy)
[2025-08-30|02:58:17][INFO]  [DEBUG] stop_program: Sending stop command to Conty.
[2025-08-30|02:58:17][INFO]  [DEBUG] stop_program: Waiting for Conty program to stop. Current state: PROG_RUNNING
[2025-08-30|02:58:17][INFO]  Stop program!!
[2025-08-30|02:58:17][INFO]  [DEBUG] stop_program: Waiting for Conty program to stop. Current state: PROG_STOPPING
[2025-08-30|02:58:17][INFO]  [DEBUG] stop_program: Conty program confirmed to be in IDLE state.
[2025-08-30|02:58:17][INFO]  2025-08-30 02:58:17: [Robot FSM] Enter NotReadyStrategy State.
[2025-08-30|02:58:17][INFO]  robot fsm run
[2025-08-30|02:58:17][INFO]  ProcessManager initialized with fry_type: dry
[2025-08-30|02:58:17][INFO]  dryfsm 1
[2025-08-30|02:58:17][DEBUG] DryRecipeFsmSequence: Enter new state NO_MENU
[2025-08-30|02:58:17][DEBUG] RobotFsmSequence: Trigger Event DONE on NOT_READY
[2025-08-30|02:58:17][INFO]  2025-08-30 02:58:17: [Basket 1 FSM] Enter DryNoMenuStrategy State.
[2025-08-30|02:58:17][INFO]  dryfsm 2
[2025-08-30|02:58:17][INFO]  2025-08-30 02:58:17: [Robot FSM] Exit NotReadyStrategy State.
[2025-08-30|02:58:17][DEBUG] RobotFsmSequence: Enter new state NOT_READY_IDLE
[2025-08-30|02:58:17][INFO]  2025-08-30 02:58:17: Program is NOT running PROG_IDLE.
[2025-08-30|02:58:17][INFO]  2025-08-30 02:58:17: [Robot FSM] Enter NotReadyIdleStrategy State.
[2025-08-30|02:58:17][DEBUG] DryRecipeFsmSequence: Enter new state NO_MENU
[2025-08-30|02:58:17][INFO]  2025-08-30 02:58:17: [Basket 2 FSM] Enter DryNoMenuStrategy State.
[2025-08-30|02:58:17][INFO]  dryfsm 3
[2025-08-30|02:58:17][ERROR] 2025-08-30 02:58:17: [Robot FSM] Violation detected [indy_state=OP_SYSTEM_RESET, violation_code=VIOLATION]
[2025-08-30|02:58:17][DEBUG] DryRecipeFsmSequence: Enter new state NO_MENU
[2025-08-30|02:58:17][INFO]  2025-08-30 02:58:17: [Basket 3 FSM] Enter DryNoMenuStrategy State.
[2025-08-30|02:58:17][INFO]  dryfsm 4
[2025-08-30|02:58:18][DEBUG] DryRecipeFsmSequence: Enter new state NO_MENU
[2025-08-30|02:58:18][INFO]  2025-08-30 02:58:18: [Basket 4 FSM] Enter DryNoMenuStrategy State.
[2025-08-30|02:58:18][INFO]  dryfsm 5
[2025-08-30|02:58:18][ERROR] 2025-08-30 02:58:17: [Robot FSM] Violation detected [indy_state=OP_SYSTEM_RESET, violation_code=VIOLATION]
[2025-08-30|02:58:18][ERROR] 2025-08-30 02:58:18: [Robot FSM] Violation detected [indy_state=OP_SYSTEM_RESET, violation_code=VIOLATION]
[2025-08-30|02:58:18][DEBUG] DryRecipeFsmSequence: Enter new state NO_MENU
[2025-08-30|02:58:18][ERROR] 2025-08-30 02:58:18: [Robot FSM] Violation detected [indy_state=OP_SYSTEM_RESET, violation_code=VIOLATION]
[2025-08-30|02:58:18][INFO]  2025-08-30 02:58:18: [Basket 5 FSM] Enter DryNoMenuStrategy State.
[2025-08-30|02:58:18][INFO]  dryfsm 6
[2025-08-30|02:58:18][ERROR] 2025-08-30 02:58:18: [Robot FSM] Violation detected [indy_state=OP_SYSTEM_RESET, violation_code=VIOLATION]
[2025-08-30|02:58:18][DEBUG] DryRecipeFsmSequence: Enter new state NO_MENU
[2025-08-30|02:58:18][INFO]  2025-08-30 02:58:18: [Basket 6 FSM] Enter DryNoMenuStrategy State.
[2025-08-30|02:58:18][INFO]  dryfsm 7
[2025-08-30|02:58:18][DEBUG] DryRecipeFsmSequence: Enter new state NO_MENU
[2025-08-30|02:58:18][INFO]  2025-08-30 02:58:18: [Basket 7 FSM] Enter DryNoMenuStrategy State.
[2025-08-30|02:58:18][INFO]  dryfsm 8
[2025-08-30|02:58:18][DEBUG] DryRecipeFsmSequence: Enter new state NO_MENU
[2025-08-30|02:58:18][INFO]  2025-08-30 02:58:18: [Basket 8 FSM] Enter DryNoMenuStrategy State.
[2025-08-30|02:58:18][INFO]  dry fsm run
[2025-08-30|02:58:18][INFO]  1 fryer Index : 1
[2025-08-30|02:58:18][DEBUG] WetRecipeFsmSequence: Enter new state WAIT_PUTIN
[2025-08-30|02:58:18][INFO]  [SPECIAL] Basket 1: Reset putin_shake=0, shake_done=0
[2025-08-30|02:58:18][INFO]  2025-08-30 02:58:18: [Basket 1 FSM] Enter WaitPutinStrategy State.
[2025-08-30|02:58:18][INFO]  3 fryer Index : 1
[2025-08-30|02:58:18][DEBUG] WetRecipeFsmSequence: Enter new state WAIT_PUTIN
[2025-08-30|02:58:18][INFO]  [SPECIAL] Basket 3: Reset putin_shake=0, shake_done=0
[2025-08-30|02:58:18][INFO]  2025-08-30 02:58:18: [Basket 3 FSM] Enter WaitPutinStrategy State.
[2025-08-30|02:58:18][INFO]  6 fryer Index : 4
[2025-08-30|02:58:18][DEBUG] WetRecipeFsmSequence: Enter new state WAIT_PUTIN
[2025-08-30|02:58:18][INFO]  [SPECIAL] Basket 6: Reset putin_shake=0, shake_done=0
[2025-08-30|02:58:18][INFO]  2025-08-30 02:58:18: [Basket 6 FSM] Enter WaitPutinStrategy State.
[2025-08-30|02:58:18][INFO]  8 fryer Index : 4
[2025-08-30|02:58:18][DEBUG] WetRecipeFsmSequence: Enter new state WAIT_PUTIN
[2025-08-30|02:58:18][INFO]  [SPECIAL] Basket 8: Reset putin_shake=0, shake_done=0
[2025-08-30|02:58:18][INFO]  2025-08-30 02:58:18: [Basket 8 FSM] Enter WaitPutinStrategy State.
[2025-08-30|02:58:18][INFO]  wet fsm run
[2025-08-30|02:58:18][INFO]  [ProcessManager Init] Current Working Directory: /home/user/dev/runtest/Release/codex_agents_indycare
[2025-08-30|02:58:18][INFO]  [ProcessManager Init] Attempting to load config from: /home/user/dev/runtest/Release/codex_agents_indycare/projects/bulk_frying/configs/app_config.json
[2025-08-30|02:58:18][INFO]  [ProcessManager Init] Extracted eco_sensor_config: {'enabled': False, 'communication_type': 'socket', 'ip': '192.168.0.2', 'port': 5000, 'serial_port': '/dev/ttyUSB0', 'read_interval_minutes': 10, 'send_on_startup': True, 'max_retry_attempts': 3, 'retry_delay_seconds': 5}
[2025-08-30|02:58:18][WARN]  [ProcessManager Init] EcoSensor is not enabled or config not found. Skipping initialization.
[2025-08-30|02:58:18][INFO]  EcoSensor: Will send data immediately on first run.
[2025-08-30|02:58:18][INFO]  [SYSTEM] bulk_frying system initialized. Running...
[2025-08-30|02:58:19][INFO]  2025-08-30 02:58:19: [ProcessManager] Reset all recipes!
[2025-08-30|02:58:19][INFO]  [SYSTEM] [DEBUG] Received request for full FSM reset.
[2025-08-30|02:58:19][INFO]  2025-08-30 02:58:19: Program is NOT running PROG_IDLE.
[2025-08-30|02:58:19][INFO]  [SYSTEM] [DEBUG] Starting full FSM reset including Robot FSM.
[2025-08-30|02:58:19][INFO]  [SYSTEM] [DEBUG] Stopping current Robot FSM thread.
[2025-08-30|02:58:19][INFO]  RobotFsmSequence: Stopping FSM service thread.
[2025-08-30|02:58:19][INFO]  RobotFsmSequence: FSM service thread stopped.
[2025-08-30|02:58:19][INFO]  [SYSTEM] [DEBUG] Re-initializing Robot FSM.
[2025-08-30|02:58:19][DEBUG] RobotFsmSequence: Enter new state NOT_READY
[2025-08-30|02:58:19][INFO]  2025-08-30 02:58:19: Program is NOT running PROG_IDLE.
[2025-08-30|02:58:19][INFO]  2025-08-30 02:58:19: [Robot FSM] Enter NotReadyStrategy State.
[2025-08-30|02:58:20][INFO]  [SYSTEM] [DEBUG] Robot FSM restarted successfully.
[2025-08-30|02:58:20][INFO]  [SYSTEM] [DEBUG] Stopping and re-initializing Recipe FSMs.
[2025-08-30|02:58:20][INFO]  DryRecipeFsmSequence: Stopping FSM service thread.
[2025-08-30|02:58:20][INFO]  DryRecipeFsmSequence: FSM service thread stopped.
[2025-08-30|02:58:20][INFO]  DryRecipeFsmSequence: Stopping FSM service thread.
[2025-08-30|02:58:20][DEBUG] RobotFsmSequence: Trigger Event DONE on NOT_READY
[2025-08-30|02:58:20][INFO]  DryRecipeFsmSequence: FSM service thread stopped.
[2025-08-30|02:58:20][INFO]  DryRecipeFsmSequence: Stopping FSM service thread.
[2025-08-30|02:58:20][INFO]  DryRecipeFsmSequence: FSM service thread stopped.
[2025-08-30|02:58:20][INFO]  DryRecipeFsmSequence: Stopping FSM service thread.
[2025-08-30|02:58:20][INFO]  2025-08-30 02:58:20: [Robot FSM] Exit NotReadyStrategy State.
[2025-08-30|02:58:20][DEBUG] RobotFsmSequence: Enter new state NOT_READY_IDLE
[2025-08-30|02:58:20][INFO]  2025-08-30 02:58:20: Program is NOT running PROG_IDLE.
[2025-08-30|02:58:20][INFO]  2025-08-30 02:58:20: [Robot FSM] Enter NotReadyIdleStrategy State.
[2025-08-30|02:58:20][INFO]  DryRecipeFsmSequence: FSM service thread stopped.
[2025-08-30|02:58:20][INFO]  DryRecipeFsmSequence: Stopping FSM service thread.
[2025-08-30|02:58:20][INFO]  DryRecipeFsmSequence: FSM service thread stopped.
[2025-08-30|02:58:20][INFO]  DryRecipeFsmSequence: Stopping FSM service thread.
[2025-08-30|02:58:20][INFO]  DryRecipeFsmSequence: FSM service thread stopped.
[2025-08-30|02:58:20][INFO]  DryRecipeFsmSequence: Stopping FSM service thread.
[2025-08-30|02:58:20][INFO]  DryRecipeFsmSequence: FSM service thread stopped.
[2025-08-30|02:58:20][INFO]  DryRecipeFsmSequence: Stopping FSM service thread.
[2025-08-30|02:58:20][INFO]  DryRecipeFsmSequence: FSM service thread stopped.
[2025-08-30|02:58:20][INFO]  dryfsm 1
[2025-08-30|02:58:20][DEBUG] DryRecipeFsmSequence: Enter new state NO_MENU
[2025-08-30|02:58:20][INFO]  2025-08-30 02:58:20: [Basket 1 FSM] Enter DryNoMenuStrategy State.
[2025-08-30|02:58:20][INFO]  dryfsm 2
[2025-08-30|02:58:20][DEBUG] DryRecipeFsmSequence: Enter new state NO_MENU
[2025-08-30|02:58:20][INFO]  2025-08-30 02:58:20: [Basket 2 FSM] Enter DryNoMenuStrategy State.
[2025-08-30|02:58:20][INFO]  dryfsm 3
[2025-08-30|02:58:20][DEBUG] DryRecipeFsmSequence: Enter new state NO_MENU
[2025-08-30|02:58:20][INFO]  2025-08-30 02:58:20: [Basket 3 FSM] Enter DryNoMenuStrategy State.
[2025-08-30|02:58:20][INFO]  dryfsm 4
[2025-08-30|02:58:20][DEBUG] DryRecipeFsmSequence: Enter new state NO_MENU
[2025-08-30|02:58:20][INFO]  2025-08-30 02:58:20: [Basket 4 FSM] Enter DryNoMenuStrategy State.
[2025-08-30|02:58:20][INFO]  dryfsm 5
[2025-08-30|02:58:20][DEBUG] DryRecipeFsmSequence: Enter new state NO_MENU
[2025-08-30|02:58:20][INFO]  2025-08-30 02:58:20: [Basket 5 FSM] Enter DryNoMenuStrategy State.
[2025-08-30|02:58:20][INFO]  dryfsm 6
[2025-08-30|02:58:20][DEBUG] DryRecipeFsmSequence: Enter new state NO_MENU
[2025-08-30|02:58:20][INFO]  2025-08-30 02:58:20: [Basket 6 FSM] Enter DryNoMenuStrategy State.
[2025-08-30|02:58:20][INFO]  dryfsm 7
[2025-08-30|02:58:20][DEBUG] DryRecipeFsmSequence: Enter new state NO_MENU
[2025-08-30|02:58:20][INFO]  2025-08-30 02:58:20: [Basket 7 FSM] Enter DryNoMenuStrategy State.
[2025-08-30|02:58:20][INFO]  dryfsm 8
[2025-08-30|02:58:20][DEBUG] DryRecipeFsmSequence: Enter new state NO_MENU
[2025-08-30|02:58:20][INFO]  2025-08-30 02:58:20: [Basket 8 FSM] Enter DryNoMenuStrategy State.
[2025-08-30|02:58:20][INFO]  WetRecipeFsmSequence: Stopping FSM service thread.
[2025-08-30|02:58:20][INFO]  WetRecipeFsmSequence: FSM service thread stopped.
[2025-08-30|02:58:20][INFO]  WetRecipeFsmSequence: Stopping FSM service thread.
[2025-08-30|02:58:20][INFO]  WetRecipeFsmSequence: FSM service thread stopped.
[2025-08-30|02:58:20][INFO]  WetRecipeFsmSequence: Stopping FSM service thread.
[2025-08-30|02:58:20][INFO]  WetRecipeFsmSequence: FSM service thread stopped.
[2025-08-30|02:58:20][INFO]  WetRecipeFsmSequence: Stopping FSM service thread.
[2025-08-30|02:58:20][INFO]  WetRecipeFsmSequence: FSM service thread stopped.
[2025-08-30|02:58:20][INFO]  1 fryer Index : 1
[2025-08-30|02:58:20][DEBUG] WetRecipeFsmSequence: Enter new state WAIT_PUTIN
[2025-08-30|02:58:20][INFO]  [SPECIAL] Basket 1: Reset putin_shake=0, shake_done=0
[2025-08-30|02:58:20][INFO]  2025-08-30 02:58:20: [Basket 1 FSM] Enter WaitPutinStrategy State.
[2025-08-30|02:58:20][INFO]  3 fryer Index : 1
[2025-08-30|02:58:20][DEBUG] WetRecipeFsmSequence: Enter new state WAIT_PUTIN
[2025-08-30|02:58:20][INFO]  [SPECIAL] Basket 3: Reset putin_shake=0, shake_done=0
[2025-08-30|02:58:20][INFO]  2025-08-30 02:58:20: [Basket 3 FSM] Enter WaitPutinStrategy State.
[2025-08-30|02:58:20][INFO]  6 fryer Index : 4
[2025-08-30|02:58:20][DEBUG] WetRecipeFsmSequence: Enter new state WAIT_PUTIN
[2025-08-30|02:58:21][INFO]  [SPECIAL] Basket 6: Reset putin_shake=0, shake_done=0
[2025-08-30|02:58:21][INFO]  2025-08-30 02:58:21: [Basket 6 FSM] Enter WaitPutinStrategy State.
[2025-08-30|02:58:21][INFO]  8 fryer Index : 4
[2025-08-30|02:58:21][DEBUG] WetRecipeFsmSequence: Enter new state WAIT_PUTIN
[2025-08-30|02:58:21][INFO]  [SPECIAL] Basket 8: Reset putin_shake=0, shake_done=0
[2025-08-30|02:58:21][INFO]  2025-08-30 02:58:21: [Basket 8 FSM] Enter WaitPutinStrategy State.
[2025-08-30|02:58:21][INFO]  [SYSTEM] [DEBUG] All Recipe FSMs restarted successfully.
[2025-08-30|02:58:21][INFO]  [SYSTEM] [DEBUG] Full FSM reset complete.
[2025-08-30|02:58:21][DEBUG] cooking_logger.py: send_recipe_list_mqtt() called with data: [{'label': '', 'time': 0}, {'label': '치킨', 'time': 180}, {'label': '', 'time': 0}, {'label': '', 'time': 0}, {'label': '', 'time': 0}, {'label': '', 'time': 0}, {'label': '', 'time': 0}, {'label': '', 'time': 0}, {'label': '', 'time': 0}, {'label': '', 'time': 0}, {'label': '', 'time': 0}]
[2025-08-30|02:58:21][DEBUG] cooking_logger.py: send_mqtt_log() called with data: {'recipeList': [{'label': '', 'time': 0}, {'label': '치킨', 'time': 180}, {'label': '', 'time': 0}, {'label': '', 'time': 0}, {'label': '', 'time': 0}, {'label': '', 'time': 0}, {'label': '', 'time': 0}, {'label': '', 'time': 0}, {'label': '', 'time': 0}, {'label': '', 'time': 0}, {'label': '', 'time': 0}]}
[2025-08-30|02:58:21][DEBUG] cooking_logger.py: Publishing to topic 'v1/devices/me/telemetry' with payload: {'recipeList': [{'label': '', 'time': 0}, {'label': '치킨', 'time': 180}, {'label': '', 'time': 0}, {'label': '', 'time': 0}, {'label': '', 'time': 0}, {'label': '', 'time': 0}, {'label': '', 'time': 0}, {'label': '', 'time': 0}, {'label': '', 'time': 0}, {'label': '', 'time': 0}, {'label': '', 'time': 0}]}
[2025-08-30|02:58:21][INFO]  cooking_logger.py: Successfully sent log to MQTT.
[2025-08-30|02:58:21][INFO]  -------- ui/recipe1/reset/recipe_name 191 True
[2025-08-30|02:58:21][INFO]  ---sdfsdfsdff=----------
[2025-08-30|02:58:41][INFO]  2025-08-30 02:58:41: [Robot FSM] Program Start.
[2025-08-30|02:58:41][ERROR] Start main program
[2025-08-30|02:58:41][INFO]  2025-08-30 02:58:41: Wait for main program running
[2025-08-30|02:58:41][INFO]  2025-08-30 02:58:41: Program is NOT running PROG_IDLE.
[2025-08-30|02:58:41][INFO]  2025-08-30 02:58:41: Wait for main program running
[2025-08-30|02:58:41][INFO]  2025-08-30 02:58:41: Program is NOT running PROG_IDLE.
[2025-08-30|02:58:41][INFO]  2025-08-30 02:58:41: Wait for main program running
[2025-08-30|02:58:41][INFO]  2025-08-30 02:58:41: Program is NOT running PROG_IDLE.
[2025-08-30|02:58:42][INFO]  2025-08-30 02:58:42: Wait for main program running
[2025-08-30|02:58:42][INFO]  2025-08-30 02:58:42: Program is NOT running PROG_IDLE.
[2025-08-30|02:58:42][INFO]  2025-08-30 02:58:42: Wait for main program running
[2025-08-30|02:58:42][INFO]  2025-08-30 02:58:42: Program is NOT running PROG_IDLE.
[2025-08-30|02:58:42][INFO]  2025-08-30 02:58:42: Wait for main program running
[2025-08-30|02:58:42][INFO]  2025-08-30 02:58:42: Program is NOT running PROG_IDLE.
[2025-08-30|02:58:42][INFO]  2025-08-30 02:58:42: Wait for main program running
[2025-08-30|02:58:42][INFO]  2025-08-30 02:58:42: Program is NOT running PROG_IDLE.
[2025-08-30|02:58:42][INFO]  2025-08-30 02:58:42: Wait for main program running
[2025-08-30|02:58:42][INFO]  2025-08-30 02:58:42: Program is NOT running PROG_IDLE.
[2025-08-30|02:58:42][INFO]  2025-08-30 02:58:42: Wait for main program running
[2025-08-30|02:58:42][DEBUG] RobotFsmSequence: Trigger Event START_PROGRAM on NOT_READY_IDLE
[2025-08-30|02:58:42][INFO]  2025-08-30 02:58:42: [Robot FSM] Exit NotReadyIdleStrategy State.
[2025-08-30|02:58:42][DEBUG] RobotFsmSequence: Enter new state MOVE_TO_READY
[2025-08-30|02:58:42][INFO]  2025-08-30 02:58:42: [Robot FSM] Enter MoveToReadyStrategy State.
[2025-08-30|02:58:42][INFO]  2025-08-30 02:58:42: [Robot FSM] Start motion True move_to_ready  
[2025-08-30|02:58:42][INFO]  Command I600 : 100
[2025-08-30|02:58:44][INFO]  2025-08-30 02:58:44: [Robot FSM] Finish motion move_to_ready
[2025-08-30|02:58:44][DEBUG] RobotFsmSequence: Trigger Event DONE on MOVE_TO_READY
[2025-08-30|02:58:44][INFO]  2025-08-30 02:58:44: [Robot FSM] Exiting MoveToReadyStrategy State.
[2025-08-30|02:58:44][DEBUG] RobotFsmSequence: Enter new state READY_IDLE
[2025-08-30|02:58:44][INFO]  2025-08-30 02:58:44: [Robot FSM] Enter ReadyIdleStrategy State.
[2025-08-30|02:58:44][INFO]  Command I600 : 0
[2025-08-30|02:58:46][INFO]  [Basket 1] Waiting for recipe assignment lock.
[2025-08-30|02:58:46][INFO]  [Basket 1] Acquired recipe assignment lock.
[2025-08-30|02:58:46][INFO]  [Basket 1] Releasing recipe assignment lock.
[2025-08-30|02:58:46][INFO]  2025-08-30 02:58:46: [Basket 1 FSM] Assign new menu 1
[2025-08-30|02:58:46][DEBUG] DryRecipeFsmSequence: Trigger Event ASSIGN_MENU on NO_MENU
[2025-08-30|02:58:46][INFO]  2025-08-30 02:58:46: [Basket 1 FSM] Exit DryNoMenuStrategy State.
[2025-08-30|02:58:46][DEBUG] DryRecipeFsmSequence: Enter new state COOKING_READY
[2025-08-30|02:58:46][INFO]  2025-08-30 02:58:46: [Basket 1 FSM] Enter DryCookingReadyStrategy State.
[2025-08-30|02:58:46][INFO]  2025-08-30 02:58:46: [Basket 1 FSM] Start cooking.
[2025-08-30|02:58:46][DEBUG] DryRecipeFsmSequence: Trigger Event START_MENU on COOKING_READY
[2025-08-30|02:58:46][INFO]  2025-08-30 02:58:46: [Basket 1 FSM] Exit DryCookingReadyStrategy State.
[2025-08-30|02:58:46][DEBUG] DryRecipeFsmSequence: Enter new state MOVE_TO_FRYER
[2025-08-30|02:58:46][INFO]  2025-08-30 02:58:46: [Basket 1 FSM] Enter DryMoveToFryStrategy State.
[2025-08-30|02:58:46][INFO]  [Debug] Basket 1: putin_shake=True, type=<class 'bool'>
[2025-08-30|02:58:46][INFO]  [PriorityScheduler] Current priority list:
[2025-08-30|02:58:46][INFO]    - Basket 1 | Fryer: 1 | type: dry | State: MOVE_TO_FRYER | Shake_times : 0 | Elapsed: 0.0s | FinishRemain: 1000.0s | Priority: 3
[2025-08-30|02:58:46][INFO]  trigger_to_fryer_motion 1
[2025-08-30|02:58:46][INFO]  2025-08-30 02:58:46: [ProcessManager] Trigger move_to_fryer motion [FSM 1, Basket 1, Fryer 1]
[2025-08-30|02:58:46][DEBUG] RobotFsmSequence: Trigger Event RUN_BASKET_TO_FRYER on READY_IDLE
[2025-08-30|02:58:46][INFO]  2025-08-30 02:58:46: [Robot FSM] Exiting ReadyIdleStrategy State.
[2025-08-30|02:58:46][DEBUG] RobotFsmSequence: Enter new state MOVE_BASKET_TO_FRYER
[2025-08-30|02:58:46][INFO]  2025-08-30 02:58:46: [Robot FSM] Enter MoveBasketToFryerStrategy State.
[2025-08-30|02:58:46][INFO]  2025-08-30 02:58:46: [Robot FSM] Start motion move_to_fryer with [basket 1, fryer 1]
[2025-08-30|02:58:46][INFO]  basket_to_fryer 311
[2025-08-30|02:58:46][INFO]  Command I600 : 311
[2025-08-30|02:59:00][INFO]  2025-08-30 02:59:00: Program stopped by App.
[2025-08-30|02:59:00][INFO]  [DEBUG] stop_program: Sending stop command to Conty.
[2025-08-30|02:59:00][INFO]  [DEBUG] stop_program: Waiting for Conty program to stop. Current state: PROG_RUNNING
[2025-08-30|02:59:00][INFO]  Stop program!!
[2025-08-30|02:59:01][INFO]  [DEBUG] stop_program: Waiting for Conty program to stop. Current state: PROG_STOPPING
[2025-08-30|02:59:01][INFO]  [DEBUG] stop_program: Waiting for Conty program to stop. Current state: PROG_STOPPING
[2025-08-30|02:59:01][INFO]  [DEBUG] stop_program: Waiting for Conty program to stop. Current state: PROG_STOPPING
[2025-08-30|02:59:01][INFO]  [DEBUG] stop_program: Conty program confirmed to be in IDLE state.
[2025-08-30|02:59:01][DEBUG] RobotFsmSequence: Trigger Event STOP on MOVE_BASKET_TO_FRYER
[2025-08-30|02:59:01][INFO]  2025-08-30 02:59:01: Exit MoveBasketToFryerStrategy State.
[2025-08-30|02:59:01][DEBUG] RobotFsmSequence: Enter new state NOT_READY_IDLE
[2025-08-30|02:59:01][INFO]  2025-08-30 02:59:01: Program is NOT running PROG_IDLE.
[2025-08-30|02:59:01][INFO]  2025-08-30 02:59:01: [Robot FSM] Enter NotReadyIdleStrategy State.
[2025-08-30|02:59:01][INFO]  Command I600 : 0
[2025-08-30|02:59:07][INFO]  2025-08-30 02:59:07: [Robot FSM] Program Start.
[2025-08-30|02:59:07][INFO]  2025-08-30 02:59:07: [Robot FSM] Program Start.
[2025-08-30|02:59:07][INFO]  2025-08-30 02:59:07: [Robot FSM] Program Start.
[2025-08-30|02:59:07][INFO]  2025-08-30 02:59:07: [Robot FSM] Program Start.
[2025-08-30|02:59:07][INFO]  2025-08-30 02:59:07: [Robot FSM] Program Start.
[2025-08-30|02:59:07][INFO]  2025-08-30 02:59:07: [Robot FSM] Program Start.
[2025-08-30|02:59:07][INFO]  2025-08-30 02:59:07: [Robot FSM] Program Start.
[2025-08-30|02:59:07][INFO]  2025-08-30 02:59:07: [Robot FSM] Program Start.
[2025-08-30|02:59:07][INFO]  2025-08-30 02:59:07: [Robot FSM] Program Start.
[2025-08-30|02:59:16][INFO]  2025-08-30 02:59:16: [Robot FSM] Program Start.
[2025-08-30|02:59:16][ERROR] Start main program
[2025-08-30|02:59:16][INFO]  2025-08-30 02:59:16: Wait for main program running
[2025-08-30|02:59:16][INFO]  2025-08-30 02:59:16: Program is NOT running PROG_IDLE.
[2025-08-30|02:59:16][INFO]  2025-08-30 02:59:16: Wait for main program running
[2025-08-30|02:59:16][INFO]  2025-08-30 02:59:16: Program is NOT running PROG_IDLE.
[2025-08-30|02:59:16][INFO]  2025-08-30 02:59:16: Wait for main program running
[2025-08-30|02:59:16][INFO]  2025-08-30 02:59:16: Program is NOT running PROG_IDLE.
[2025-08-30|02:59:16][INFO]  2025-08-30 02:59:16: Wait for main program running
[2025-08-30|02:59:16][INFO]  2025-08-30 02:59:16: Program is NOT running PROG_IDLE.
[2025-08-30|02:59:16][INFO]  2025-08-30 02:59:16: Wait for main program running
[2025-08-30|02:59:16][INFO]  2025-08-30 02:59:16: Program is NOT running PROG_IDLE.
[2025-08-30|02:59:16][INFO]  2025-08-30 02:59:16: Wait for main program running
[2025-08-30|02:59:16][INFO]  2025-08-30 02:59:16: Program is NOT running PROG_IDLE.
[2025-08-30|02:59:17][INFO]  2025-08-30 02:59:17: Wait for main program running
[2025-08-30|02:59:17][DEBUG] RobotFsmSequence: Trigger Event START_PROGRAM on NOT_READY_IDLE
[2025-08-30|02:59:17][INFO]  2025-08-30 02:59:17: [Robot FSM] Exit NotReadyIdleStrategy State.
[2025-08-30|02:59:17][DEBUG] RobotFsmSequence: Enter new state MOVE_TO_READY
[2025-08-30|02:59:17][INFO]  2025-08-30 02:59:17: [Robot FSM] Enter MoveToReadyStrategy State.
[2025-08-30|02:59:17][INFO]  2025-08-30 02:59:17: [Robot FSM] Start motion False move_to_ready  
[2025-08-30|02:59:17][DEBUG] RobotFsmSequence: Trigger Event DONE on MOVE_TO_READY
[2025-08-30|02:59:17][INFO]  2025-08-30 02:59:17: [Robot FSM] Exiting MoveToReadyStrategy State.
[2025-08-30|02:59:17][DEBUG] RobotFsmSequence: Enter new state READY_IDLE
[2025-08-30|02:59:17][INFO]  2025-08-30 02:59:17: [Robot FSM] Enter ReadyIdleStrategy State.
[2025-08-30|02:59:17][DEBUG] RobotFsmSequence: Trigger Event RUN_BASKET_TO_FRYER on READY_IDLE
[2025-08-30|02:59:17][INFO]  2025-08-30 02:59:17: [Robot FSM] Exiting ReadyIdleStrategy State.
[2025-08-30|02:59:17][DEBUG] RobotFsmSequence: Enter new state MOVE_BASKET_TO_FRYER
[2025-08-30|02:59:17][INFO]  2025-08-30 02:59:17: [Robot FSM] Enter MoveBasketToFryerStrategy State.
[2025-08-30|02:59:17][INFO]  2025-08-30 02:59:17: [Robot FSM] Start motion move_to_fryer with [basket 1, fryer 1]
[2025-08-30|02:59:17][INFO]  basket_to_fryer 311
[2025-08-30|02:59:17][INFO]  Command I600 : 311
[2025-08-30|03:00:02][INFO]  2025-08-30 03:00:02: [Robot FSM] Finish motion move_to_fryer with [basket 1, fryer 1]
[2025-08-30|03:00:02][INFO]  2025-08-30 03:00:02: [Basket 1 FSM] Motion move_to_fryer done (0)
[2025-08-30|03:00:02][DEBUG] DryRecipeFsmSequence: Trigger Event MOTION_DONE on MOVE_TO_FRYER
[2025-08-30|03:00:02][INFO]  2025-08-30 03:00:02: [Basket 1 FSM] Exit DryMoveToFryStrategy State.
[2025-08-30|03:00:02][DEBUG] DryRecipeFsmSequence: Enter new state FRY
[2025-08-30|03:00:02][INFO]  2025-08-30 03:00:02: [Basket 1 FSM] Enter DryFryStrategy State.
[2025-08-30|03:00:02][INFO]  Command I600 : 0
[2025-08-30|03:00:04][DEBUG] RobotFsmSequence: Trigger Event DONE on MOVE_BASKET_TO_FRYER
[2025-08-30|03:00:04][INFO]  2025-08-30 03:00:04: Exit MoveBasketToFryerStrategy State.
[2025-08-30|03:00:04][DEBUG] RobotFsmSequence: Enter new state MOVE_TO_READY
[2025-08-30|03:00:04][INFO]  2025-08-30 03:00:04: [Robot FSM] Enter MoveToReadyStrategy State.
[2025-08-30|03:00:04][INFO]  2025-08-30 03:00:04: Program stopped by App.
[2025-08-30|03:00:04][INFO]  [DEBUG] stop_program: Sending stop command to Conty.
[2025-08-30|03:00:04][INFO]  [DEBUG] stop_program: Waiting for Conty program to stop. Current state: PROG_RUNNING
[2025-08-30|03:00:04][INFO]  Stop program!!
[2025-08-30|03:00:04][INFO]  [DEBUG] stop_program: Waiting for Conty program to stop. Current state: PROG_RUNNING
[2025-08-30|03:00:04][INFO]  [DEBUG] stop_program: Conty program confirmed to be in IDLE state.
[2025-08-30|03:00:04][DEBUG] RobotFsmSequence: Trigger Event STOP on MOVE_TO_READY
[2025-08-30|03:00:04][INFO]  2025-08-30 03:00:04: [Robot FSM] Exiting MoveToReadyStrategy State.
[2025-08-30|03:00:04][DEBUG] RobotFsmSequence: Enter new state NOT_READY_IDLE
[2025-08-30|03:00:04][INFO]  2025-08-30 03:00:04: Program is NOT running PROG_IDLE.
[2025-08-30|03:00:04][INFO]  2025-08-30 03:00:04: [Robot FSM] Enter NotReadyIdleStrategy State.
[2025-08-30|03:00:04][ERROR] 2025-08-30 03:00:04: [Robot FSM] Violation detected [indy_state=OP_SYSTEM_RESET, violation_code=VIOLATION]
[2025-08-30|03:00:04][ERROR] 2025-08-30 03:00:04: [Robot FSM] Violation detected [indy_state=OP_SYSTEM_RESET, violation_code=VIOLATION]
[2025-08-30|03:00:04][ERROR] 2025-08-30 03:00:04: [Robot FSM] Violation detected [indy_state=OP_SYSTEM_RESET, violation_code=VIOLATION]
[2025-08-30|03:00:04][ERROR] 2025-08-30 03:00:04: [Robot FSM] Violation detected [indy_state=OP_SYSTEM_RESET, violation_code=VIOLATION]
[2025-08-30|03:00:04][ERROR] 2025-08-30 03:00:04: [Robot FSM] Violation detected [indy_state=OP_SYSTEM_RESET, violation_code=VIOLATION]
[2025-08-30|03:00:04][ERROR] 2025-08-30 03:00:04: [Robot FSM] Violation detected [indy_state=OP_SYSTEM_RESET, violation_code=VIOLATION]
[2025-08-30|03:00:17][INFO]  2025-08-30 03:00:17: [Robot FSM] Program Start.
[2025-08-30|03:00:17][ERROR] Start main program
[2025-08-30|03:00:17][INFO]  2025-08-30 03:00:17: Wait for main program running
[2025-08-30|03:00:17][INFO]  2025-08-30 03:00:17: Program is NOT running PROG_IDLE.
[2025-08-30|03:00:18][INFO]  2025-08-30 03:00:18: Wait for main program running
[2025-08-30|03:00:18][INFO]  2025-08-30 03:00:18: Program is NOT running PROG_IDLE.
[2025-08-30|03:00:18][INFO]  2025-08-30 03:00:18: Wait for main program running
[2025-08-30|03:00:18][INFO]  2025-08-30 03:00:18: Program is NOT running PROG_IDLE.
[2025-08-30|03:00:18][INFO]  2025-08-30 03:00:18: Wait for main program running
[2025-08-30|03:00:18][INFO]  2025-08-30 03:00:18: Program is NOT running PROG_IDLE.
[2025-08-30|03:00:18][INFO]  2025-08-30 03:00:18: Wait for main program running
[2025-08-30|03:00:18][INFO]  2025-08-30 03:00:18: Program is NOT running PROG_IDLE.
[2025-08-30|03:00:18][INFO]  2025-08-30 03:00:18: Wait for main program running
[2025-08-30|03:00:18][INFO]  2025-08-30 03:00:18: Program is NOT running PROG_IDLE.
[2025-08-30|03:00:18][INFO]  2025-08-30 03:00:18: Wait for main program running
[2025-08-30|03:00:18][INFO]  2025-08-30 03:00:18: Program is NOT running PROG_IDLE.
[2025-08-30|03:00:18][INFO]  2025-08-30 03:00:18: Wait for main program running
[2025-08-30|03:00:18][INFO]  2025-08-30 03:00:18: Program is NOT running PROG_IDLE.
[2025-08-30|03:00:18][INFO]  2025-08-30 03:00:18: Wait for main program running
[2025-08-30|03:00:18][INFO]  2025-08-30 03:00:18: Program is NOT running PROG_IDLE.
[2025-08-30|03:00:18][INFO]  2025-08-30 03:00:18: Wait for main program running
[2025-08-30|03:00:18][DEBUG] RobotFsmSequence: Trigger Event START_PROGRAM on NOT_READY_IDLE
[2025-08-30|03:00:18][INFO]  2025-08-30 03:00:18: [Robot FSM] Exit NotReadyIdleStrategy State.
[2025-08-30|03:00:18][DEBUG] RobotFsmSequence: Enter new state MOVE_TO_READY
[2025-08-30|03:00:18][INFO]  2025-08-30 03:00:18: [Robot FSM] Enter MoveToReadyStrategy State.
[2025-08-30|03:00:18][INFO]  2025-08-30 03:00:18: [Robot FSM] Start motion True move_to_ready  
[2025-08-30|03:00:18][INFO]  Command I600 : 100
[2025-08-30|03:00:20][INFO]  2025-08-30 03:00:20: [Robot FSM] Finish motion move_to_ready
[2025-08-30|03:00:20][DEBUG] RobotFsmSequence: Trigger Event DONE on MOVE_TO_READY
[2025-08-30|03:00:20][INFO]  2025-08-30 03:00:20: [Robot FSM] Exiting MoveToReadyStrategy State.
[2025-08-30|03:00:20][DEBUG] RobotFsmSequence: Enter new state READY_IDLE
[2025-08-30|03:00:20][INFO]  2025-08-30 03:00:20: [Robot FSM] Enter ReadyIdleStrategy State.
[2025-08-30|03:00:20][INFO]  Command I600 : 0
[2025-08-30|03:00:42][DEBUG] DryRecipeFsmSequence: Trigger Event SHAKE_TIME_DONE on FRY
[2025-08-30|03:00:42][INFO]  [PriorityScheduler] Current priority list:
[2025-08-30|03:00:42][INFO]    - Basket 1 | Fryer: 1 | type: dry | State: FRY | Shake_times : 0 | Elapsed: 61.1s | FinishRemain: 118.9s | Priority: 5
[2025-08-30|03:00:42][INFO]  2025-08-30 03:00:42: [Basket 1 FSM] Exit DryFryStrategy State.
[2025-08-30|03:00:42][DEBUG] DryRecipeFsmSequence: Enter new state SHAKE
[2025-08-30|03:00:42][INFO]  2025-08-30 03:00:42: [Basket 1 FSM] Enter DryShakeStrategy State.
[2025-08-30|03:00:42][INFO]  [PriorityScheduler] Current priority list:
[2025-08-30|03:00:42][INFO]    - Basket 1 | Fryer: 1 | type: dry | State: SHAKE | Shake_times : 0 | Elapsed: 61.6s | FinishRemain: 118.4s | Priority: 4
[2025-08-30|03:00:42][DEBUG] RobotFsmSequence: Trigger Event RUN_SHAKE on READY_IDLE
[2025-08-30|03:00:42][INFO]  2025-08-30 03:00:42: [ProcessManager] Trigger shake_basket motion [FSM 1, Basket 1, Fryer 1]
[2025-08-30|03:00:42][INFO]  2025-08-30 03:00:42: [Robot FSM] Exiting ReadyIdleStrategy State.
[2025-08-30|03:00:42][DEBUG] RobotFsmSequence: Enter new state SHAKE_BASKET
[2025-08-30|03:00:42][INFO]  2025-08-30 03:00:42: [Robot FSM] Enter ShakeBasketStrategy State.
[2025-08-30|03:00:42][INFO]  2025-08-30 03:00:42: [Robot FSM] Start motion shake with [basket 1, fryer 1]
[2025-08-30|03:00:42][INFO]  shake_basket 361
[2025-08-30|03:00:42][INFO]  Command I600 : 361
[2025-08-30|03:01:12][INFO]  2025-08-30 03:01:12: Program stopped by App.
[2025-08-30|03:01:12][INFO]  [DEBUG] stop_program: Sending stop command to Conty.
[2025-08-30|03:01:12][INFO]  [DEBUG] stop_program: Waiting for Conty program to stop. Current state: PROG_RUNNING
[2025-08-30|03:01:12][INFO]  Stop program!!
[2025-08-30|03:01:13][INFO]  [DEBUG] stop_program: Waiting for Conty program to stop. Current state: PROG_STOPPING
[2025-08-30|03:01:13][INFO]  [DEBUG] stop_program: Waiting for Conty program to stop. Current state: PROG_STOPPING
[2025-08-30|03:01:13][INFO]  [DEBUG] stop_program: Conty program confirmed to be in IDLE state.
[2025-08-30|03:01:13][DEBUG] RobotFsmSequence: Trigger Event STOP on SHAKE_BASKET
[2025-08-30|03:01:13][INFO]  2025-08-30 03:01:13: Exit ShakeBasketStrategy State.
[2025-08-30|03:01:13][DEBUG] RobotFsmSequence: Enter new state NOT_READY_IDLE
[2025-08-30|03:01:13][INFO]  2025-08-30 03:01:13: Program is NOT running PROG_IDLE.
[2025-08-30|03:01:13][INFO]  2025-08-30 03:01:13: [Robot FSM] Enter NotReadyIdleStrategy State.
[2025-08-30|03:01:13][INFO]  Command I600 : 0
[2025-08-30|03:01:16][INFO]  2025-08-30 03:01:16: [ProcessManager] Reset all recipes!
[2025-08-30|03:01:16][INFO]  [SYSTEM] [DEBUG] Received request for full FSM reset.
[2025-08-30|03:01:16][INFO]  2025-08-30 03:01:16: Program is NOT running PROG_IDLE.
[2025-08-30|03:01:16][INFO]  [SYSTEM] [DEBUG] Starting full FSM reset including Robot FSM.
[2025-08-30|03:01:16][INFO]  [SYSTEM] [DEBUG] Stopping current Robot FSM thread.
[2025-08-30|03:01:16][INFO]  RobotFsmSequence: Stopping FSM service thread.
[2025-08-30|03:01:16][INFO]  RobotFsmSequence: FSM service thread stopped.
[2025-08-30|03:01:16][INFO]  [SYSTEM] [DEBUG] Re-initializing Robot FSM.
[2025-08-30|03:01:16][DEBUG] RobotFsmSequence: Enter new state NOT_READY
[2025-08-30|03:01:16][INFO]  2025-08-30 03:01:16: Program is NOT running PROG_IDLE.
[2025-08-30|03:01:16][INFO]  2025-08-30 03:01:16: [Robot FSM] Enter NotReadyStrategy State.
[2025-08-30|03:01:16][INFO]  [SYSTEM] [DEBUG] Robot FSM restarted successfully.
[2025-08-30|03:01:16][INFO]  [SYSTEM] [DEBUG] Stopping and re-initializing Recipe FSMs.
[2025-08-30|03:01:16][INFO]  DryRecipeFsmSequence: Stopping FSM service thread.
[2025-08-30|03:01:16][INFO]  DryRecipeFsmSequence: FSM service thread stopped.
[2025-08-30|03:01:16][INFO]  DryRecipeFsmSequence: Stopping FSM service thread.
[2025-08-30|03:01:16][DEBUG] RobotFsmSequence: Trigger Event DONE on NOT_READY
[2025-08-30|03:01:16][INFO]  2025-08-30 03:01:16: [Robot FSM] Exit NotReadyStrategy State.
[2025-08-30|03:01:16][DEBUG] RobotFsmSequence: Enter new state NOT_READY_IDLE
[2025-08-30|03:01:16][INFO]  2025-08-30 03:01:16: Program is NOT running PROG_IDLE.
[2025-08-30|03:01:16][INFO]  DryRecipeFsmSequence: FSM service thread stopped.
[2025-08-30|03:01:16][INFO]  DryRecipeFsmSequence: Stopping FSM service thread.
[2025-08-30|03:01:16][INFO]  2025-08-30 03:01:16: [Robot FSM] Enter NotReadyIdleStrategy State.
[2025-08-30|03:01:16][INFO]  DryRecipeFsmSequence: FSM service thread stopped.
[2025-08-30|03:01:16][INFO]  DryRecipeFsmSequence: Stopping FSM service thread.
[2025-08-30|03:01:16][INFO]  DryRecipeFsmSequence: FSM service thread stopped.
[2025-08-30|03:01:16][INFO]  DryRecipeFsmSequence: Stopping FSM service thread.
[2025-08-30|03:01:16][INFO]  DryRecipeFsmSequence: FSM service thread stopped.
[2025-08-30|03:01:16][INFO]  DryRecipeFsmSequence: Stopping FSM service thread.
[2025-08-30|03:01:16][INFO]  DryRecipeFsmSequence: FSM service thread stopped.
[2025-08-30|03:01:16][INFO]  DryRecipeFsmSequence: Stopping FSM service thread.
[2025-08-30|03:01:16][INFO]  DryRecipeFsmSequence: FSM service thread stopped.
[2025-08-30|03:01:16][INFO]  DryRecipeFsmSequence: Stopping FSM service thread.
[2025-08-30|03:01:16][INFO]  DryRecipeFsmSequence: FSM service thread stopped.
[2025-08-30|03:01:16][INFO]  dryfsm 1
[2025-08-30|03:01:16][DEBUG] DryRecipeFsmSequence: Enter new state NO_MENU
[2025-08-30|03:01:16][INFO]  2025-08-30 03:01:16: [Basket 1 FSM] Enter DryNoMenuStrategy State.
[2025-08-30|03:01:16][INFO]  dryfsm 2
[2025-08-30|03:01:16][DEBUG] DryRecipeFsmSequence: Enter new state NO_MENU
[2025-08-30|03:01:16][INFO]  2025-08-30 03:01:16: [Basket 2 FSM] Enter DryNoMenuStrategy State.
[2025-08-30|03:01:16][INFO]  dryfsm 3
[2025-08-30|03:01:16][DEBUG] DryRecipeFsmSequence: Enter new state NO_MENU
[2025-08-30|03:01:16][INFO]  2025-08-30 03:01:16: [Basket 3 FSM] Enter DryNoMenuStrategy State.
[2025-08-30|03:01:16][INFO]  dryfsm 4
[2025-08-30|03:01:16][DEBUG] DryRecipeFsmSequence: Enter new state NO_MENU
[2025-08-30|03:01:16][INFO]  2025-08-30 03:01:16: [Basket 4 FSM] Enter DryNoMenuStrategy State.
[2025-08-30|03:01:16][INFO]  dryfsm 5
[2025-08-30|03:01:17][DEBUG] DryRecipeFsmSequence: Enter new state NO_MENU
[2025-08-30|03:01:17][INFO]  2025-08-30 03:01:17: [Basket 5 FSM] Enter DryNoMenuStrategy State.
[2025-08-30|03:01:17][INFO]  dryfsm 6
[2025-08-30|03:01:17][DEBUG] DryRecipeFsmSequence: Enter new state NO_MENU
[2025-08-30|03:01:17][INFO]  2025-08-30 03:01:17: [Basket 6 FSM] Enter DryNoMenuStrategy State.
[2025-08-30|03:01:17][INFO]  dryfsm 7
[2025-08-30|03:01:17][DEBUG] DryRecipeFsmSequence: Enter new state NO_MENU
[2025-08-30|03:01:17][INFO]  2025-08-30 03:01:17: [Basket 7 FSM] Enter DryNoMenuStrategy State.
[2025-08-30|03:01:17][INFO]  dryfsm 8
[2025-08-30|03:01:17][DEBUG] DryRecipeFsmSequence: Enter new state NO_MENU
[2025-08-30|03:01:17][INFO]  2025-08-30 03:01:17: [Basket 8 FSM] Enter DryNoMenuStrategy State.
[2025-08-30|03:01:17][INFO]  WetRecipeFsmSequence: Stopping FSM service thread.
[2025-08-30|03:01:17][INFO]  WetRecipeFsmSequence: FSM service thread stopped.
[2025-08-30|03:01:17][INFO]  WetRecipeFsmSequence: Stopping FSM service thread.
[2025-08-30|03:01:17][INFO]  WetRecipeFsmSequence: FSM service thread stopped.
[2025-08-30|03:01:17][INFO]  WetRecipeFsmSequence: Stopping FSM service thread.
[2025-08-30|03:01:17][INFO]  WetRecipeFsmSequence: FSM service thread stopped.
[2025-08-30|03:01:17][INFO]  WetRecipeFsmSequence: Stopping FSM service thread.
[2025-08-30|03:01:17][INFO]  WetRecipeFsmSequence: FSM service thread stopped.
[2025-08-30|03:01:17][INFO]  1 fryer Index : 1
[2025-08-30|03:01:17][DEBUG] WetRecipeFsmSequence: Enter new state WAIT_PUTIN
[2025-08-30|03:01:17][INFO]  [SPECIAL] Basket 1: Reset putin_shake=0, shake_done=0
[2025-08-30|03:01:17][INFO]  2025-08-30 03:01:17: [Basket 1 FSM] Enter WaitPutinStrategy State.
[2025-08-30|03:01:17][INFO]  3 fryer Index : 1
[2025-08-30|03:01:17][DEBUG] WetRecipeFsmSequence: Enter new state WAIT_PUTIN
[2025-08-30|03:01:17][INFO]  [SPECIAL] Basket 3: Reset putin_shake=0, shake_done=0
[2025-08-30|03:01:17][INFO]  2025-08-30 03:01:17: [Basket 3 FSM] Enter WaitPutinStrategy State.
[2025-08-30|03:01:17][INFO]  6 fryer Index : 4
[2025-08-30|03:01:17][DEBUG] WetRecipeFsmSequence: Enter new state WAIT_PUTIN
[2025-08-30|03:01:17][INFO]  [SPECIAL] Basket 6: Reset putin_shake=0, shake_done=0
[2025-08-30|03:01:17][INFO]  2025-08-30 03:01:17: [Basket 6 FSM] Enter WaitPutinStrategy State.
[2025-08-30|03:01:17][INFO]  8 fryer Index : 4
[2025-08-30|03:01:17][DEBUG] WetRecipeFsmSequence: Enter new state WAIT_PUTIN
[2025-08-30|03:01:17][INFO]  [SPECIAL] Basket 8: Reset putin_shake=0, shake_done=0
[2025-08-30|03:01:17][INFO]  2025-08-30 03:01:17: [Basket 8 FSM] Enter WaitPutinStrategy State.
[2025-08-30|03:01:17][INFO]  [SYSTEM] [DEBUG] All Recipe FSMs restarted successfully.
[2025-08-30|03:01:17][INFO]  [SYSTEM] [DEBUG] Full FSM reset complete.
[2025-08-30|03:01:25][INFO]  2025-08-30 03:01:25: [Robot FSM] Program Start.
[2025-08-30|03:01:25][INFO]  2025-08-30 03:01:25: Wait for main program running
[2025-08-30|03:01:25][INFO]  2025-08-30 03:01:25: Program is NOT running PROG_IDLE.
[2025-08-30|03:01:25][ERROR] Start main program
[2025-08-30|03:01:26][INFO]  2025-08-30 03:01:26: Wait for main program running
[2025-08-30|03:01:26][INFO]  2025-08-30 03:01:26: Program is NOT running PROG_IDLE.
[2025-08-30|03:01:26][INFO]  2025-08-30 03:01:26: Wait for main program running
[2025-08-30|03:01:26][INFO]  2025-08-30 03:01:26: Program is NOT running PROG_IDLE.
[2025-08-30|03:01:26][INFO]  2025-08-30 03:01:26: Wait for main program running
[2025-08-30|03:01:26][INFO]  2025-08-30 03:01:26: Program is NOT running PROG_IDLE.
[2025-08-30|03:01:26][INFO]  2025-08-30 03:01:26: Wait for main program running
[2025-08-30|03:01:26][INFO]  2025-08-30 03:01:26: Program is NOT running PROG_IDLE.
[2025-08-30|03:01:26][INFO]  2025-08-30 03:01:26: Wait for main program running
[2025-08-30|03:01:26][INFO]  2025-08-30 03:01:26: Program is NOT running PROG_IDLE.
[2025-08-30|03:01:26][INFO]  2025-08-30 03:01:26: Wait for main program running
[2025-08-30|03:01:26][INFO]  2025-08-30 03:01:26: Program is NOT running PROG_IDLE.
[2025-08-30|03:01:26][INFO]  2025-08-30 03:01:26: Wait for main program running
[2025-08-30|03:01:26][INFO]  2025-08-30 03:01:26: Program is NOT running PROG_IDLE.
[2025-08-30|03:01:26][INFO]  2025-08-30 03:01:26: Wait for main program running
[2025-08-30|03:01:26][INFO]  2025-08-30 03:01:26: Program is NOT running PROG_IDLE.
[2025-08-30|03:01:26][INFO]  2025-08-30 03:01:26: Wait for main program running
[2025-08-30|03:01:26][INFO]  2025-08-30 03:01:26: Program is NOT running PROG_IDLE.
[2025-08-30|03:01:26][INFO]  2025-08-30 03:01:26: Wait for main program running
[2025-08-30|03:01:26][INFO]  2025-08-30 03:01:26: Program is NOT running PROG_IDLE.
[2025-08-30|03:01:27][INFO]  2025-08-30 03:01:27: Wait for main program running
[2025-08-30|03:01:27][DEBUG] RobotFsmSequence: Trigger Event START_PROGRAM on NOT_READY_IDLE
[2025-08-30|03:01:27][INFO]  2025-08-30 03:01:27: [Robot FSM] Exit NotReadyIdleStrategy State.
[2025-08-30|03:01:27][DEBUG] RobotFsmSequence: Enter new state MOVE_TO_READY
[2025-08-30|03:01:27][INFO]  2025-08-30 03:01:27: [Robot FSM] Enter MoveToReadyStrategy State.
[2025-08-30|03:01:27][INFO]  2025-08-30 03:01:27: [Robot FSM] Start motion True move_to_ready  
[2025-08-30|03:01:27][INFO]  Command I600 : 100
[2025-08-30|03:01:28][INFO]  2025-08-30 03:01:28: [Robot FSM] Finish motion move_to_ready
[2025-08-30|03:01:28][DEBUG] RobotFsmSequence: Trigger Event DONE on MOVE_TO_READY
[2025-08-30|03:01:28][INFO]  2025-08-30 03:01:28: [Robot FSM] Exiting MoveToReadyStrategy State.
[2025-08-30|03:01:28][DEBUG] RobotFsmSequence: Enter new state READY_IDLE
[2025-08-30|03:01:28][INFO]  2025-08-30 03:01:28: [Robot FSM] Enter ReadyIdleStrategy State.
[2025-08-30|03:01:28][INFO]  Command I600 : 0
[2025-08-30|03:01:30][INFO]  [Basket 1] Waiting for recipe assignment lock.
[2025-08-30|03:01:30][INFO]  [Basket 1] Acquired recipe assignment lock.
[2025-08-30|03:01:31][INFO]  [Basket 1] Releasing recipe assignment lock.
[2025-08-30|03:01:31][INFO]  2025-08-30 03:01:31: [Basket 1 FSM] Assign new menu 1
[2025-08-30|03:01:31][DEBUG] DryRecipeFsmSequence: Trigger Event ASSIGN_MENU on NO_MENU
[2025-08-30|03:01:31][INFO]  2025-08-30 03:01:31: [Basket 1 FSM] Exit DryNoMenuStrategy State.
[2025-08-30|03:01:31][DEBUG] DryRecipeFsmSequence: Enter new state COOKING_READY
[2025-08-30|03:01:31][INFO]  2025-08-30 03:01:31: [Basket 1 FSM] Enter DryCookingReadyStrategy State.
[2025-08-30|03:01:31][INFO]  2025-08-30 03:01:31: [Basket 1 FSM] Start cooking.
[2025-08-30|03:01:31][DEBUG] DryRecipeFsmSequence: Trigger Event START_MENU on COOKING_READY
[2025-08-30|03:01:31][INFO]  2025-08-30 03:01:31: [Basket 1 FSM] Exit DryCookingReadyStrategy State.
[2025-08-30|03:01:31][DEBUG] DryRecipeFsmSequence: Enter new state MOVE_TO_FRYER
[2025-08-30|03:01:31][INFO]  2025-08-30 03:01:31: [Basket 1 FSM] Enter DryMoveToFryStrategy State.
[2025-08-30|03:01:31][INFO]  [Debug] Basket 1: putin_shake=True, type=<class 'bool'>
[2025-08-30|03:01:31][INFO]  [PriorityScheduler] Current priority list:
[2025-08-30|03:01:31][INFO]    - Basket 1 | Fryer: 1 | type: dry | State: MOVE_TO_FRYER | Shake_times : 0 | Elapsed: 0.0s | FinishRemain: 1000.0s | Priority: 3
[2025-08-30|03:01:31][INFO]  trigger_to_fryer_motion 1
[2025-08-30|03:01:31][INFO]  2025-08-30 03:01:31: [ProcessManager] Trigger move_to_fryer motion [FSM 1, Basket 1, Fryer 1]
[2025-08-30|03:01:31][DEBUG] RobotFsmSequence: Trigger Event RUN_BASKET_TO_FRYER on READY_IDLE
[2025-08-30|03:01:31][INFO]  2025-08-30 03:01:31: [Robot FSM] Exiting ReadyIdleStrategy State.
[2025-08-30|03:01:31][DEBUG] RobotFsmSequence: Enter new state MOVE_BASKET_TO_FRYER
[2025-08-30|03:01:31][INFO]  2025-08-30 03:01:31: [Robot FSM] Enter MoveBasketToFryerStrategy State.
[2025-08-30|03:01:31][INFO]  2025-08-30 03:01:31: [Robot FSM] Start motion move_to_fryer with [basket 1, fryer 1]
[2025-08-30|03:01:31][INFO]  basket_to_fryer 311
[2025-08-30|03:01:31][INFO]  Command I600 : 311
