[2025-09-04|11:09:03][INFO]  Blackboard initialized from projects/bulk_frying/configs/blackboard.json
[2025-09-04|11:09:05][INFO]  DEBUG: cooking_logger.py module is being loaded.
[2025-09-04|11:09:05][INFO]  IndyCare MQTT logging is disabled.
[2025-09-04|11:09:05][INFO]  [SYSTEM] Starting bulk_frying System...
[2025-09-04|11:09:05][INFO]  Init AppCommunication
[2025-09-04|11:09:05][DEBUG] RobotFsmSequence: Enter new state NOT_READY
[2025-09-04|11:09:05][INFO]  2025-09-04 11:09:05: [Robot FSM] Program is Running, Stop the program (NotReadyStrategy)
[2025-09-04|11:09:05][INFO]  [DEBUG] stop_program: Sending stop command to Conty.
[2025-09-04|11:09:05][INFO]  [DEBUG] stop_program: Waiting for Conty program to stop. Current state: PROG_RUNNING
[2025-09-04|11:09:05][INFO]  Stop program!!
[2025-09-04|11:09:06][INFO]  [DEBUG] stop_program: Waiting for Conty program to stop. Current state: PROG_STOPPING
[2025-09-04|11:09:06][INFO]  [DEBUG] stop_program: Conty program confirmed to be in IDLE state.
[2025-09-04|11:09:06][INFO]  2025-09-04 11:09:06: [Robot FSM] Enter NotReadyStrategy State.
[2025-09-04|11:09:06][INFO]  robot fsm run
[2025-09-04|11:09:06][INFO]  ProcessManager initialized with fry_type: dry
[2025-09-04|11:09:06][INFO]  dryfsm 1
[2025-09-04|11:09:06][ERROR] 2025-09-04 11:09:06: [Robot FSM] Violation detected [indy_state=OP_SYSTEM_RESET, violation_code=VIOLATION]
[2025-09-04|11:09:06][DEBUG] DryRecipeFsmSequence: Enter new state NO_MENU
[2025-09-04|11:09:06][INFO]  2025-09-04 11:09:06: [Basket 1 FSM] Enter DryNoMenuStrategy State.
[2025-09-04|11:09:06][INFO]  dryfsm 2
[2025-09-04|11:09:06][ERROR] 2025-09-04 11:09:06: [Robot FSM] Violation detected [indy_state=OP_SYSTEM_RESET, violation_code=VIOLATION]
[2025-09-04|11:09:06][ERROR] 2025-09-04 11:09:06: [Robot FSM] Violation detected [indy_state=OP_SYSTEM_RESET, violation_code=VIOLATION]
[2025-09-04|11:09:06][DEBUG] DryRecipeFsmSequence: Enter new state NO_MENU
[2025-09-04|11:09:06][INFO]  2025-09-04 11:09:06: [Basket 2 FSM] Enter DryNoMenuStrategy State.
[2025-09-04|11:09:06][INFO]  dryfsm 3
[2025-09-04|11:09:06][DEBUG] RobotFsmSequence: Trigger Event DONE on NOT_READY
[2025-09-04|11:09:06][DEBUG] DryRecipeFsmSequence: Enter new state NO_MENU
[2025-09-04|11:09:06][INFO]  2025-09-04 11:09:06: [Basket 3 FSM] Enter DryNoMenuStrategy State.
[2025-09-04|11:09:06][INFO]  dryfsm 4
[2025-09-04|11:09:06][INFO]  2025-09-04 11:09:06: [Robot FSM] Exit NotReadyStrategy State.
[2025-09-04|11:09:06][DEBUG] RobotFsmSequence: Enter new state NOT_READY_IDLE
[2025-09-04|11:09:06][INFO]  2025-09-04 11:09:06: Program is NOT running PROG_IDLE.
[2025-09-04|11:09:06][INFO]  2025-09-04 11:09:06: [Robot FSM] Enter NotReadyIdleStrategy State.
[2025-09-04|11:09:06][DEBUG] DryRecipeFsmSequence: Enter new state NO_MENU
[2025-09-04|11:09:06][INFO]  2025-09-04 11:09:06: [Basket 4 FSM] Enter DryNoMenuStrategy State.
[2025-09-04|11:09:06][INFO]  dryfsm 5
[2025-09-04|11:09:06][DEBUG] DryRecipeFsmSequence: Enter new state NO_MENU
[2025-09-04|11:09:06][INFO]  2025-09-04 11:09:06: [Basket 5 FSM] Enter DryNoMenuStrategy State.
[2025-09-04|11:09:06][INFO]  dryfsm 6
[2025-09-04|11:09:06][DEBUG] DryRecipeFsmSequence: Enter new state NO_MENU
[2025-09-04|11:09:06][INFO]  2025-09-04 11:09:06: [Basket 6 FSM] Enter DryNoMenuStrategy State.
[2025-09-04|11:09:06][INFO]  dryfsm 7
[2025-09-04|11:09:06][DEBUG] DryRecipeFsmSequence: Enter new state NO_MENU
[2025-09-04|11:09:06][INFO]  2025-09-04 11:09:06: [Basket 7 FSM] Enter DryNoMenuStrategy State.
[2025-09-04|11:09:06][INFO]  dryfsm 8
[2025-09-04|11:09:06][DEBUG] DryRecipeFsmSequence: Enter new state NO_MENU
[2025-09-04|11:09:06][INFO]  2025-09-04 11:09:06: [Basket 8 FSM] Enter DryNoMenuStrategy State.
[2025-09-04|11:09:06][INFO]  dry fsm run
[2025-09-04|11:09:06][INFO]  1 fryer Index : 1
[2025-09-04|11:09:06][DEBUG] WetRecipeFsmSequence: Enter new state WAIT_PUTIN
[2025-09-04|11:09:06][INFO]  [SPECIAL] Basket 1: Reset putin_shake=0, shake_done=0
[2025-09-04|11:09:06][INFO]  2025-09-04 11:09:06: [Basket 1 FSM] Enter WaitPutinStrategy State.
[2025-09-04|11:09:06][INFO]  3 fryer Index : 1
[2025-09-04|11:09:06][DEBUG] WetRecipeFsmSequence: Enter new state WAIT_PUTIN
[2025-09-04|11:09:06][INFO]  [SPECIAL] Basket 3: Reset putin_shake=0, shake_done=0
[2025-09-04|11:09:06][INFO]  2025-09-04 11:09:06: [Basket 3 FSM] Enter WaitPutinStrategy State.
[2025-09-04|11:09:06][INFO]  6 fryer Index : 4
[2025-09-04|11:09:06][DEBUG] WetRecipeFsmSequence: Enter new state WAIT_PUTIN
[2025-09-04|11:09:06][INFO]  [SPECIAL] Basket 6: Reset putin_shake=0, shake_done=0
[2025-09-04|11:09:06][INFO]  2025-09-04 11:09:06: [Basket 6 FSM] Enter WaitPutinStrategy State.
[2025-09-04|11:09:06][INFO]  8 fryer Index : 4
[2025-09-04|11:09:06][DEBUG] WetRecipeFsmSequence: Enter new state WAIT_PUTIN
[2025-09-04|11:09:07][INFO]  [SPECIAL] Basket 8: Reset putin_shake=0, shake_done=0
[2025-09-04|11:09:07][INFO]  2025-09-04 11:09:07: [Basket 8 FSM] Enter WaitPutinStrategy State.
[2025-09-04|11:09:07][INFO]  wet fsm run
[2025-09-04|11:09:07][INFO]  [ProcessManager Init] Current Working Directory: /home/user/dev/runtest/Release/codex_agents_indycare
[2025-09-04|11:09:07][INFO]  [ProcessManager Init] Attempting to load config from: /home/user/dev/runtest/Release/codex_agents_indycare/projects/bulk_frying/configs/app_config.json
[2025-09-04|11:09:07][INFO]  [ProcessManager Init] Extracted eco_sensor_config: {'enabled': False, 'communication_type': 'socket', 'ip': '192.168.0.2', 'port': 5000, 'serial_port': '/dev/ttyUSB0', 'read_interval_minutes': 10, 'send_on_startup': True, 'max_retry_attempts': 3, 'retry_delay_seconds': 5}
[2025-09-04|11:09:07][WARN]  [ProcessManager Init] EcoSensor is not enabled or config not found. Skipping initialization.
[2025-09-04|11:09:07][INFO]  EcoSensor: Will send data immediately on first run.
[2025-09-04|11:09:07][INFO]  [SYSTEM] bulk_frying system initialized. Running...
[2025-09-04|11:09:48][INFO]  2025-09-04 11:09:48: [ProcessManager] Reset all recipes!
[2025-09-04|11:09:48][INFO]  [SYSTEM] [DEBUG] Received request for full FSM reset.
[2025-09-04|11:09:48][INFO]  2025-09-04 11:09:48: Program is NOT running PROG_IDLE.
[2025-09-04|11:09:48][INFO]  [SYSTEM] [DEBUG] Re-initializing all FSMs without waiting for old threads.
[2025-09-04|11:09:48][INFO]  RobotFsmSequence: Stopping FSM service thread.
[2025-09-04|11:09:48][INFO]  RobotFsmSequence: FSM service thread stopped.
[2025-09-04|11:09:48][DEBUG] RobotFsmSequence: Enter new state NOT_READY
[2025-09-04|11:09:48][INFO]  2025-09-04 11:09:48: Program is NOT running PROG_IDLE.
[2025-09-04|11:09:48][INFO]  2025-09-04 11:09:48: [Robot FSM] Enter NotReadyStrategy State.
[2025-09-04|11:09:48][INFO]  [SYSTEM] [DEBUG] Robot FSM re-initialized.
[2025-09-04|11:09:48][INFO]  DryRecipeFsmSequence: Stopping FSM service thread.
[2025-09-04|11:09:48][INFO]  DryRecipeFsmSequence: FSM service thread stopped.
[2025-09-04|11:09:48][INFO]  DryRecipeFsmSequence: Stopping FSM service thread.
[2025-09-04|11:09:48][DEBUG] RobotFsmSequence: Trigger Event DONE on NOT_READY
[2025-09-04|11:09:48][INFO]  DryRecipeFsmSequence: FSM service thread stopped.
[2025-09-04|11:09:48][INFO]  DryRecipeFsmSequence: Stopping FSM service thread.
[2025-09-04|11:09:48][INFO]  2025-09-04 11:09:48: [Robot FSM] Exit NotReadyStrategy State.
[2025-09-04|11:09:48][DEBUG] RobotFsmSequence: Enter new state NOT_READY_IDLE
[2025-09-04|11:09:48][INFO]  2025-09-04 11:09:48: Program is NOT running PROG_IDLE.
[2025-09-04|11:09:48][INFO]  2025-09-04 11:09:48: [Robot FSM] Enter NotReadyIdleStrategy State.
[2025-09-04|11:09:48][INFO]  DryRecipeFsmSequence: FSM service thread stopped.
[2025-09-04|11:09:48][INFO]  DryRecipeFsmSequence: Stopping FSM service thread.
[2025-09-04|11:09:48][INFO]  DryRecipeFsmSequence: FSM service thread stopped.
[2025-09-04|11:09:48][INFO]  DryRecipeFsmSequence: Stopping FSM service thread.
[2025-09-04|11:09:48][INFO]  DryRecipeFsmSequence: FSM service thread stopped.
[2025-09-04|11:09:48][INFO]  DryRecipeFsmSequence: Stopping FSM service thread.
[2025-09-04|11:09:48][INFO]  DryRecipeFsmSequence: FSM service thread stopped.
[2025-09-04|11:09:48][INFO]  DryRecipeFsmSequence: Stopping FSM service thread.
[2025-09-04|11:09:48][INFO]  DryRecipeFsmSequence: FSM service thread stopped.
[2025-09-04|11:09:48][INFO]  DryRecipeFsmSequence: Stopping FSM service thread.
[2025-09-04|11:09:48][INFO]  DryRecipeFsmSequence: FSM service thread stopped.
[2025-09-04|11:09:48][INFO]  dryfsm 1
[2025-09-04|11:09:48][DEBUG] DryRecipeFsmSequence: Enter new state NO_MENU
[2025-09-04|11:09:48][INFO]  2025-09-04 11:09:48: [Basket 1 FSM] Enter DryNoMenuStrategy State.
[2025-09-04|11:09:48][INFO]  dryfsm 2
[2025-09-04|11:09:48][DEBUG] DryRecipeFsmSequence: Enter new state NO_MENU
[2025-09-04|11:09:48][INFO]  2025-09-04 11:09:48: [Basket 2 FSM] Enter DryNoMenuStrategy State.
[2025-09-04|11:09:48][INFO]  dryfsm 3
[2025-09-04|11:09:48][DEBUG] DryRecipeFsmSequence: Enter new state NO_MENU
[2025-09-04|11:09:48][INFO]  2025-09-04 11:09:48: [Basket 3 FSM] Enter DryNoMenuStrategy State.
[2025-09-04|11:09:48][INFO]  dryfsm 4
[2025-09-04|11:09:48][DEBUG] DryRecipeFsmSequence: Enter new state NO_MENU
[2025-09-04|11:09:48][INFO]  2025-09-04 11:09:48: [Basket 4 FSM] Enter DryNoMenuStrategy State.
[2025-09-04|11:09:48][INFO]  dryfsm 5
[2025-09-04|11:09:48][DEBUG] DryRecipeFsmSequence: Enter new state NO_MENU
[2025-09-04|11:09:48][INFO]  2025-09-04 11:09:48: [Basket 5 FSM] Enter DryNoMenuStrategy State.
[2025-09-04|11:09:48][INFO]  dryfsm 6
[2025-09-04|11:09:48][DEBUG] DryRecipeFsmSequence: Enter new state NO_MENU
[2025-09-04|11:09:48][INFO]  2025-09-04 11:09:48: [Basket 6 FSM] Enter DryNoMenuStrategy State.
[2025-09-04|11:09:48][INFO]  dryfsm 7
[2025-09-04|11:09:48][DEBUG] DryRecipeFsmSequence: Enter new state NO_MENU
[2025-09-04|11:09:48][INFO]  2025-09-04 11:09:48: [Basket 7 FSM] Enter DryNoMenuStrategy State.
[2025-09-04|11:09:48][INFO]  dryfsm 8
[2025-09-04|11:09:48][DEBUG] DryRecipeFsmSequence: Enter new state NO_MENU
[2025-09-04|11:09:48][INFO]  2025-09-04 11:09:48: [Basket 8 FSM] Enter DryNoMenuStrategy State.
[2025-09-04|11:09:49][INFO]  WetRecipeFsmSequence: Stopping FSM service thread.
[2025-09-04|11:09:49][INFO]  WetRecipeFsmSequence: FSM service thread stopped.
[2025-09-04|11:09:49][INFO]  WetRecipeFsmSequence: Stopping FSM service thread.
[2025-09-04|11:09:49][INFO]  WetRecipeFsmSequence: FSM service thread stopped.
[2025-09-04|11:09:49][INFO]  WetRecipeFsmSequence: Stopping FSM service thread.
[2025-09-04|11:09:49][INFO]  WetRecipeFsmSequence: FSM service thread stopped.
[2025-09-04|11:09:49][INFO]  WetRecipeFsmSequence: Stopping FSM service thread.
[2025-09-04|11:09:49][INFO]  WetRecipeFsmSequence: FSM service thread stopped.
[2025-09-04|11:09:49][INFO]  1 fryer Index : 1
[2025-09-04|11:09:49][DEBUG] WetRecipeFsmSequence: Enter new state WAIT_PUTIN
[2025-09-04|11:09:49][INFO]  [SPECIAL] Basket 1: Reset putin_shake=0, shake_done=0
[2025-09-04|11:09:49][INFO]  2025-09-04 11:09:49: [Basket 1 FSM] Enter WaitPutinStrategy State.
[2025-09-04|11:09:49][INFO]  3 fryer Index : 1
[2025-09-04|11:09:49][DEBUG] WetRecipeFsmSequence: Enter new state WAIT_PUTIN
[2025-09-04|11:09:49][INFO]  [SPECIAL] Basket 3: Reset putin_shake=0, shake_done=0
[2025-09-04|11:09:49][INFO]  2025-09-04 11:09:49: [Basket 3 FSM] Enter WaitPutinStrategy State.
[2025-09-04|11:09:49][INFO]  6 fryer Index : 4
[2025-09-04|11:09:49][DEBUG] WetRecipeFsmSequence: Enter new state WAIT_PUTIN
[2025-09-04|11:09:49][INFO]  [SPECIAL] Basket 6: Reset putin_shake=0, shake_done=0
[2025-09-04|11:09:49][INFO]  2025-09-04 11:09:49: [Basket 6 FSM] Enter WaitPutinStrategy State.
[2025-09-04|11:09:49][INFO]  8 fryer Index : 4
[2025-09-04|11:09:49][DEBUG] WetRecipeFsmSequence: Enter new state WAIT_PUTIN
[2025-09-04|11:09:49][INFO]  [SPECIAL] Basket 8: Reset putin_shake=0, shake_done=0
[2025-09-04|11:09:49][INFO]  2025-09-04 11:09:49: [Basket 8 FSM] Enter WaitPutinStrategy State.
[2025-09-04|11:09:49][INFO]  [SYSTEM] [DEBUG] All FSMs re-initialized.
[2025-09-04|11:09:49][INFO]  [ProcessManager] `prog_stopped` flag has been manually reset.
[2025-09-04|11:09:50][DEBUG] cooking_logger.py: send_recipe_list_mqtt() called with data: [{'label': '', 'time': 0}, {'label': '만두', 'time': 60}, {'label': '', 'time': 0}, {'label': '', 'time': 0}, {'label': '', 'time': 0}, {'label': '', 'time': 0}, {'label': '', 'time': 0}, {'label': '', 'time': 0}, {'label': '', 'time': 0}, {'label': '', 'time': 0}, {'label': '', 'time': 0}]
[2025-09-04|11:09:50][INFO]  -------- ui/recipe1/reset/recipe_name 191 True
[2025-09-04|11:09:50][INFO]  ---sdfsdfsdff=----------
[2025-09-04|11:09:52][INFO]  2025-09-04 11:09:52: [Robot FSM] Program Start.
[2025-09-04|11:09:52][ERROR] Start main program
[2025-09-04|11:09:52][INFO]  2025-09-04 11:09:52: Wait for main program running
[2025-09-04|11:09:52][INFO]  2025-09-04 11:09:52: Program is NOT running PROG_IDLE.
[2025-09-04|11:09:52][INFO]  2025-09-04 11:09:52: Wait for main program running
[2025-09-04|11:09:52][INFO]  2025-09-04 11:09:52: Program is NOT running PROG_IDLE.
[2025-09-04|11:09:52][INFO]  2025-09-04 11:09:52: Wait for main program running
[2025-09-04|11:09:52][INFO]  2025-09-04 11:09:52: Program is NOT running PROG_IDLE.
[2025-09-04|11:09:52][INFO]  2025-09-04 11:09:52: Wait for main program running
[2025-09-04|11:09:52][INFO]  2025-09-04 11:09:52: Program is NOT running PROG_IDLE.
[2025-09-04|11:09:52][INFO]  2025-09-04 11:09:52: Wait for main program running
[2025-09-04|11:09:52][INFO]  2025-09-04 11:09:52: Program is NOT running PROG_IDLE.
[2025-09-04|11:09:52][INFO]  2025-09-04 11:09:52: Wait for main program running
[2025-09-04|11:09:52][INFO]  2025-09-04 11:09:52: Program is NOT running PROG_IDLE.
[2025-09-04|11:09:52][INFO]  2025-09-04 11:09:52: Wait for main program running
[2025-09-04|11:09:52][INFO]  2025-09-04 11:09:52: Program is NOT running PROG_IDLE.
[2025-09-04|11:09:52][INFO]  2025-09-04 11:09:52: Wait for main program running
[2025-09-04|11:09:52][INFO]  2025-09-04 11:09:52: Program is NOT running PROG_IDLE.
[2025-09-04|11:09:52][INFO]  2025-09-04 11:09:52: Wait for main program running
[2025-09-04|11:09:52][DEBUG] RobotFsmSequence: Trigger Event START_PROGRAM on NOT_READY_IDLE
[2025-09-04|11:09:52][INFO]  2025-09-04 11:09:52: [Robot FSM] Exit NotReadyIdleStrategy State.
[2025-09-04|11:09:52][DEBUG] RobotFsmSequence: Enter new state MOVE_TO_READY
[2025-09-04|11:09:52][INFO]  2025-09-04 11:09:52: [Robot FSM] Enter MoveToReadyStrategy State.
[2025-09-04|11:09:52][INFO]  2025-09-04 11:09:52: [Robot FSM] Start motion True move_to_ready  
[2025-09-04|11:09:52][INFO]  Command I600 : 100
[2025-09-04|11:09:54][INFO]  2025-09-04 11:09:54: [Robot FSM] Finish motion move_to_ready
[2025-09-04|11:09:54][DEBUG] RobotFsmSequence: Trigger Event DONE on MOVE_TO_READY
[2025-09-04|11:09:54][INFO]  2025-09-04 11:09:54: [Robot FSM] Exiting MoveToReadyStrategy State.
[2025-09-04|11:09:54][DEBUG] RobotFsmSequence: Enter new state READY_IDLE
[2025-09-04|11:09:54][INFO]  2025-09-04 11:09:54: [Robot FSM] Enter ReadyIdleStrategy State.
[2025-09-04|11:09:54][INFO]  Command I600 : 0
[2025-09-04|11:09:58][INFO]  [Basket 2] Waiting for recipe assignment lock.
[2025-09-04|11:09:58][INFO]  [Basket 2] Acquired recipe assignment lock.
[2025-09-04|11:09:58][INFO]  [Basket 1] Waiting for recipe assignment lock.
[2025-09-04|11:09:58][INFO]  [Basket 4] Waiting for recipe assignment lock.
[2025-09-04|11:09:58][INFO]  [Basket 3] Waiting for recipe assignment lock.
[2025-09-04|11:09:58][INFO]  [Basket 2] Releasing recipe assignment lock.
[2025-09-04|11:09:58][INFO]  [Basket 1] Acquired recipe assignment lock.
[2025-09-04|11:09:58][INFO]  2025-09-04 11:09:58: [Basket 2 FSM] Assign new menu 1
[2025-09-04|11:09:58][DEBUG] DryRecipeFsmSequence: Trigger Event ASSIGN_MENU on NO_MENU
[2025-09-04|11:09:58][INFO]  2025-09-04 11:09:58: [Basket 2 FSM] Exit DryNoMenuStrategy State.
[2025-09-04|11:09:58][DEBUG] DryRecipeFsmSequence: Enter new state COOKING_READY
[2025-09-04|11:09:58][INFO]  2025-09-04 11:09:58: [Basket 2 FSM] Enter DryCookingReadyStrategy State.
[2025-09-04|11:09:58][INFO]  2025-09-04 11:09:58: [Basket 2 FSM] Start cooking.
[2025-09-04|11:09:58][DEBUG] DryRecipeFsmSequence: Trigger Event START_MENU on COOKING_READY
[2025-09-04|11:09:58][INFO]  [Basket 1] Releasing recipe assignment lock.
[2025-09-04|11:09:58][INFO]  [Basket 4] Acquired recipe assignment lock.
[2025-09-04|11:09:58][INFO]  [Basket 4] Releasing recipe assignment lock.
[2025-09-04|11:09:58][INFO]  [Basket 3] Acquired recipe assignment lock.
[2025-09-04|11:09:58][INFO]  2025-09-04 11:09:58: [Basket 1 FSM] Assign new menu 1
[2025-09-04|11:09:58][INFO]  2025-09-04 11:09:58: [Basket 4 FSM] Assign new menu 1
[2025-09-04|11:09:58][DEBUG] DryRecipeFsmSequence: Trigger Event ASSIGN_MENU on NO_MENU
[2025-09-04|11:09:58][INFO]  2025-09-04 11:09:58: [Basket 2 FSM] Exit DryCookingReadyStrategy State.
[2025-09-04|11:09:58][INFO]  [Basket 3] Releasing recipe assignment lock.
[2025-09-04|11:09:58][INFO]  2025-09-04 11:09:58: [Basket 3 FSM] Assign new menu 1
[2025-09-04|11:09:58][DEBUG] DryRecipeFsmSequence: Enter new state MOVE_TO_FRYER
[2025-09-04|11:09:58][INFO]  2025-09-04 11:09:58: [Basket 2 FSM] Enter DryMoveToFryStrategy State.
[2025-09-04|11:09:58][INFO]  2025-09-04 11:09:58: [Basket 4 FSM] Exit DryNoMenuStrategy State.
[2025-09-04|11:09:58][DEBUG] DryRecipeFsmSequence: Trigger Event ASSIGN_MENU on NO_MENU
[2025-09-04|11:09:58][INFO]  2025-09-04 11:09:58: [Basket 3 FSM] Exit DryNoMenuStrategy State.
[2025-09-04|11:09:58][DEBUG] DryRecipeFsmSequence: Enter new state COOKING_READY
[2025-09-04|11:09:58][INFO]  2025-09-04 11:09:58: [Basket 3 FSM] Enter DryCookingReadyStrategy State.
[2025-09-04|11:09:58][INFO]  [Debug] Basket 2: putin_shake=True, type=<class 'bool'>
[2025-09-04|11:09:58][DEBUG] DryRecipeFsmSequence: Enter new state COOKING_READY
[2025-09-04|11:09:58][DEBUG] DryRecipeFsmSequence: Trigger Event ASSIGN_MENU on NO_MENU
[2025-09-04|11:09:58][INFO]  2025-09-04 11:09:58: [Basket 4 FSM] Enter DryCookingReadyStrategy State.
[2025-09-04|11:09:58][INFO]  2025-09-04 11:09:58: [Basket 1 FSM] Exit DryNoMenuStrategy State.
[2025-09-04|11:09:58][DEBUG] DryRecipeFsmSequence: Enter new state COOKING_READY
[2025-09-04|11:09:58][INFO]  2025-09-04 11:09:58: [Basket 1 FSM] Enter DryCookingReadyStrategy State.
[2025-09-04|11:09:58][INFO]  2025-09-04 11:09:58: [Basket 1 FSM] Start cooking.
[2025-09-04|11:09:58][DEBUG] DryRecipeFsmSequence: Trigger Event START_MENU on COOKING_READY
[2025-09-04|11:09:58][INFO]  2025-09-04 11:09:58: [Basket 1 FSM] Exit DryCookingReadyStrategy State.
[2025-09-04|11:09:58][DEBUG] DryRecipeFsmSequence: Enter new state MOVE_TO_FRYER
[2025-09-04|11:09:58][INFO]  2025-09-04 11:09:58: [Basket 1 FSM] Enter DryMoveToFryStrategy State.
[2025-09-04|11:09:58][INFO]  [Debug] Basket 1: putin_shake=True, type=<class 'bool'>
[2025-09-04|11:09:58][INFO]  [PriorityScheduler] Current priority list:
[2025-09-04|11:09:58][INFO]    - Basket 1 | Fryer: 1 | type: dry | State: MOVE_TO_FRYER | Shake_times : 0 | Elapsed: 0.0s | FinishRemain: 1000.0s | Priority: 3
[2025-09-04|11:09:58][INFO]    - Basket 2 | Fryer: 2 | type: dry | State: MOVE_TO_FRYER | Shake_times : 0 | Elapsed: 0.0s | FinishRemain: 1000.0s | Priority: 3
[2025-09-04|11:09:58][INFO]  trigger_to_fryer_motion 1
[2025-09-04|11:09:58][INFO]  2025-09-04 11:09:58: [ProcessManager] Trigger move_to_fryer motion [FSM 1, Basket 1, Fryer 1]
[2025-09-04|11:09:58][DEBUG] RobotFsmSequence: Trigger Event RUN_BASKET_TO_FRYER on READY_IDLE
[2025-09-04|11:09:58][INFO]  2025-09-04 11:09:58: [Robot FSM] Exiting ReadyIdleStrategy State.
[2025-09-04|11:09:58][DEBUG] RobotFsmSequence: Enter new state MOVE_BASKET_TO_FRYER
[2025-09-04|11:09:58][INFO]  2025-09-04 11:09:58: [Robot FSM] Enter MoveBasketToFryerStrategy State.
[2025-09-04|11:09:58][INFO]  2025-09-04 11:09:58: [Robot FSM] Start motion move_to_fryer with [basket 1, fryer 1]
[2025-09-04|11:09:58][INFO]  basket_to_fryer 311
[2025-09-04|11:09:58][INFO]  Command I600 : 311
[2025-09-04|11:09:58][INFO]  [Basket 7] Waiting for recipe assignment lock.
[2025-09-04|11:09:58][INFO]  [Basket 6] Waiting for recipe assignment lock.
[2025-09-04|11:09:58][INFO]  [Basket 8] Waiting for recipe assignment lock.
[2025-09-04|11:09:58][INFO]  [Basket 7] Acquired recipe assignment lock.
[2025-09-04|11:09:58][INFO]  [Basket 5] Waiting for recipe assignment lock.
[2025-09-04|11:09:58][INFO]  [Basket 7] Releasing recipe assignment lock.
[2025-09-04|11:09:58][INFO]  2025-09-04 11:09:58: [Basket 7 FSM] Assign new menu 1
[2025-09-04|11:09:58][DEBUG] DryRecipeFsmSequence: Trigger Event ASSIGN_MENU on NO_MENU
[2025-09-04|11:09:58][INFO]  [Basket 6] Acquired recipe assignment lock.
[2025-09-04|11:09:58][INFO]  2025-09-04 11:09:58: [Basket 7 FSM] Exit DryNoMenuStrategy State.
[2025-09-04|11:09:58][DEBUG] DryRecipeFsmSequence: Enter new state COOKING_READY
[2025-09-04|11:09:58][INFO]  2025-09-04 11:09:58: [Basket 7 FSM] Enter DryCookingReadyStrategy State.
[2025-09-04|11:09:58][INFO]  [Basket 6] Releasing recipe assignment lock.
[2025-09-04|11:09:58][INFO]  [Basket 8] Acquired recipe assignment lock.
[2025-09-04|11:09:58][INFO]  2025-09-04 11:09:58: [Basket 6 FSM] Assign new menu 1
[2025-09-04|11:09:58][INFO]  [Basket 8] Releasing recipe assignment lock.
[2025-09-04|11:09:58][INFO]  2025-09-04 11:09:58: [Basket 8 FSM] Assign new menu 1
[2025-09-04|11:09:58][DEBUG] DryRecipeFsmSequence: Trigger Event ASSIGN_MENU on NO_MENU
[2025-09-04|11:09:58][DEBUG] DryRecipeFsmSequence: Trigger Event ASSIGN_MENU on NO_MENU
[2025-09-04|11:09:58][INFO]  2025-09-04 11:09:58: [Basket 8 FSM] Exit DryNoMenuStrategy State.
[2025-09-04|11:09:58][INFO]  2025-09-04 11:09:58: [Basket 6 FSM] Exit DryNoMenuStrategy State.
[2025-09-04|11:09:59][DEBUG] DryRecipeFsmSequence: Enter new state COOKING_READY
[2025-09-04|11:09:59][INFO]  2025-09-04 11:09:59: [Basket 6 FSM] Enter DryCookingReadyStrategy State.
[2025-09-04|11:09:59][INFO]  2025-09-04 11:09:59: [Basket 6 FSM] Start cooking.
[2025-09-04|11:09:59][DEBUG] DryRecipeFsmSequence: Trigger Event START_MENU on COOKING_READY
[2025-09-04|11:09:59][DEBUG] DryRecipeFsmSequence: Enter new state COOKING_READY
[2025-09-04|11:09:59][INFO]  [Basket 5] Acquired recipe assignment lock.
[2025-09-04|11:09:59][INFO]  2025-09-04 11:09:59: [Basket 8 FSM] Enter DryCookingReadyStrategy State.
[2025-09-04|11:09:59][INFO]  2025-09-04 11:09:59: [Basket 6 FSM] Exit DryCookingReadyStrategy State.
[2025-09-04|11:09:59][DEBUG] DryRecipeFsmSequence: Enter new state MOVE_TO_FRYER
[2025-09-04|11:09:59][INFO]  2025-09-04 11:09:59: [Basket 6 FSM] Enter DryMoveToFryStrategy State.
[2025-09-04|11:09:59][INFO]  [Debug] Basket 6: putin_shake=True, type=<class 'bool'>
[2025-09-04|11:09:59][INFO]  [Basket 5] Releasing recipe assignment lock.
[2025-09-04|11:09:59][INFO]  2025-09-04 11:09:59: [Basket 5 FSM] Assign new menu 1
[2025-09-04|11:09:59][DEBUG] DryRecipeFsmSequence: Trigger Event ASSIGN_MENU on NO_MENU
[2025-09-04|11:09:59][INFO]  2025-09-04 11:09:59: [Basket 5 FSM] Exit DryNoMenuStrategy State.
[2025-09-04|11:09:59][DEBUG] DryRecipeFsmSequence: Enter new state COOKING_READY
[2025-09-04|11:09:59][INFO]  2025-09-04 11:09:59: [Basket 5 FSM] Enter DryCookingReadyStrategy State.
[2025-09-04|11:09:59][INFO]  2025-09-04 11:09:59: [Basket 5 FSM] Start cooking.
[2025-09-04|11:09:59][DEBUG] DryRecipeFsmSequence: Trigger Event START_MENU on COOKING_READY
[2025-09-04|11:09:59][INFO]  2025-09-04 11:09:59: [Basket 5 FSM] Exit DryCookingReadyStrategy State.
[2025-09-04|11:09:59][DEBUG] DryRecipeFsmSequence: Enter new state MOVE_TO_FRYER
[2025-09-04|11:09:59][INFO]  2025-09-04 11:09:59: [Basket 5 FSM] Enter DryMoveToFryStrategy State.
[2025-09-04|11:09:59][INFO]  [Debug] Basket 5: putin_shake=True, type=<class 'bool'>
[2025-09-04|11:10:38][INFO]  2025-09-04 11:10:38: Program stopped by App.
[2025-09-04|11:10:38][INFO]  [DEBUG] stop_program: Sending stop command to Conty.
[2025-09-04|11:10:38][INFO]  [DEBUG] stop_program: Waiting for Conty program to stop. Current state: PROG_RUNNING
[2025-09-04|11:10:38][INFO]  Stop program!!
[2025-09-04|11:10:39][INFO]  [DEBUG] stop_program: Waiting for Conty program to stop. Current state: PROG_RUNNING
[2025-09-04|11:10:39][INFO]  [DEBUG] stop_program: Waiting for Conty program to stop. Current state: PROG_STOPPING
[2025-09-04|11:10:39][WARN]  [ProcessManager] Program stop detected. Resetting all motion triggers to prevent deadlock.
[2025-09-04|11:10:39][INFO]  [DEBUG] stop_program: Waiting for Conty program to stop. Current state: PROG_STOPPING
[2025-09-04|11:10:39][INFO]  [DEBUG] stop_program: Conty program confirmed to be in IDLE state.
[2025-09-04|11:10:39][DEBUG] RobotFsmSequence: Trigger Event STOP on MOVE_BASKET_TO_FRYER
[2025-09-04|11:10:39][INFO]  2025-09-04 11:10:39: Exit MoveBasketToFryerStrategy State.
[2025-09-04|11:10:39][DEBUG] RobotFsmSequence: Enter new state FINISHING_MOTION
[2025-09-04|11:10:39][INFO]  2025-09-04 11:10:39: [Robot FSM] Enter FinishingMotionStrategy State. Waiting for motion to finish or program to stop.
[2025-09-04|11:10:39][INFO]  2025-09-04 11:10:39: Program is NOT running PROG_IDLE.
[2025-09-04|11:10:39][WARN]  2025-09-04 11:10:39: [Robot FSM] Program has stopped. Forcing FINISH_MOTION to DONE.
[2025-09-04|11:10:39][DEBUG] RobotFsmSequence: Trigger Event DONE on FINISHING_MOTION
[2025-09-04|11:10:39][INFO]  2025-09-04 11:10:39: [Robot FSM] Exit FinishingMotionStrategy State.
[2025-09-04|11:10:39][DEBUG] RobotFsmSequence: Enter new state NOT_READY_IDLE
[2025-09-04|11:10:39][INFO]  2025-09-04 11:10:39: Program is NOT running PROG_IDLE.
[2025-09-04|11:10:39][INFO]  2025-09-04 11:10:39: [Robot FSM] Enter NotReadyIdleStrategy State.
[2025-09-04|11:10:39][INFO]  Command I600 : 0
[2025-09-04|11:10:41][INFO]  2025-09-04 11:10:41: [ProcessManager] Reset all recipes!
[2025-09-04|11:10:41][INFO]  [SYSTEM] [DEBUG] Received request for full FSM reset.
[2025-09-04|11:10:41][INFO]  2025-09-04 11:10:41: Program is NOT running PROG_IDLE.
[2025-09-04|11:10:41][INFO]  [SYSTEM] [DEBUG] Re-initializing all FSMs without waiting for old threads.
[2025-09-04|11:10:41][INFO]  RobotFsmSequence: Stopping FSM service thread.
[2025-09-04|11:10:41][INFO]  RobotFsmSequence: FSM service thread stopped.
[2025-09-04|11:10:41][DEBUG] RobotFsmSequence: Enter new state NOT_READY
[2025-09-04|11:10:41][INFO]  2025-09-04 11:10:41: Program is NOT running PROG_IDLE.
[2025-09-04|11:10:41][INFO]  2025-09-04 11:10:41: [Robot FSM] Enter NotReadyStrategy State.
[2025-09-04|11:10:41][INFO]  [SYSTEM] [DEBUG] Robot FSM re-initialized.
[2025-09-04|11:10:41][INFO]  DryRecipeFsmSequence: Stopping FSM service thread.
[2025-09-04|11:10:41][INFO]  DryRecipeFsmSequence: FSM service thread stopped.
[2025-09-04|11:10:41][INFO]  DryRecipeFsmSequence: Stopping FSM service thread.
[2025-09-04|11:10:41][DEBUG] RobotFsmSequence: Trigger Event DONE on NOT_READY
[2025-09-04|11:10:41][INFO]  DryRecipeFsmSequence: FSM service thread stopped.
[2025-09-04|11:10:41][INFO]  DryRecipeFsmSequence: Stopping FSM service thread.
[2025-09-04|11:10:41][INFO]  DryRecipeFsmSequence: FSM service thread stopped.
[2025-09-04|11:10:41][INFO]  DryRecipeFsmSequence: Stopping FSM service thread.
[2025-09-04|11:10:41][INFO]  2025-09-04 11:10:41: [Robot FSM] Exit NotReadyStrategy State.
[2025-09-04|11:10:41][DEBUG] RobotFsmSequence: Enter new state NOT_READY_IDLE
[2025-09-04|11:10:41][INFO]  2025-09-04 11:10:41: Program is NOT running PROG_IDLE.
[2025-09-04|11:10:41][INFO]  2025-09-04 11:10:41: [Robot FSM] Enter NotReadyIdleStrategy State.
[2025-09-04|11:10:41][INFO]  DryRecipeFsmSequence: FSM service thread stopped.
[2025-09-04|11:10:41][INFO]  DryRecipeFsmSequence: Stopping FSM service thread.
[2025-09-04|11:10:41][INFO]  DryRecipeFsmSequence: FSM service thread stopped.
[2025-09-04|11:10:41][INFO]  DryRecipeFsmSequence: Stopping FSM service thread.
[2025-09-04|11:10:41][INFO]  DryRecipeFsmSequence: FSM service thread stopped.
[2025-09-04|11:10:41][INFO]  DryRecipeFsmSequence: Stopping FSM service thread.
[2025-09-04|11:10:41][INFO]  DryRecipeFsmSequence: FSM service thread stopped.
[2025-09-04|11:10:41][INFO]  DryRecipeFsmSequence: Stopping FSM service thread.
[2025-09-04|11:10:41][INFO]  DryRecipeFsmSequence: FSM service thread stopped.
[2025-09-04|11:10:41][INFO]  dryfsm 1
[2025-09-04|11:10:41][DEBUG] DryRecipeFsmSequence: Enter new state NO_MENU
[2025-09-04|11:10:41][INFO]  2025-09-04 11:10:41: [Basket 1 FSM] Enter DryNoMenuStrategy State.
[2025-09-04|11:10:41][INFO]  dryfsm 2
[2025-09-04|11:10:41][DEBUG] DryRecipeFsmSequence: Enter new state NO_MENU
[2025-09-04|11:10:41][INFO]  2025-09-04 11:10:41: [Basket 2 FSM] Enter DryNoMenuStrategy State.
[2025-09-04|11:10:41][INFO]  dryfsm 3
[2025-09-04|11:10:41][DEBUG] DryRecipeFsmSequence: Enter new state NO_MENU
[2025-09-04|11:10:41][INFO]  2025-09-04 11:10:41: [Basket 3 FSM] Enter DryNoMenuStrategy State.
[2025-09-04|11:10:41][INFO]  dryfsm 4
[2025-09-04|11:10:41][DEBUG] DryRecipeFsmSequence: Enter new state NO_MENU
[2025-09-04|11:10:41][INFO]  2025-09-04 11:10:41: [Basket 4 FSM] Enter DryNoMenuStrategy State.
[2025-09-04|11:10:41][INFO]  dryfsm 5
[2025-09-04|11:10:41][DEBUG] DryRecipeFsmSequence: Enter new state NO_MENU
[2025-09-04|11:10:41][INFO]  2025-09-04 11:10:41: [Basket 5 FSM] Enter DryNoMenuStrategy State.
[2025-09-04|11:10:41][INFO]  dryfsm 6
[2025-09-04|11:10:41][DEBUG] DryRecipeFsmSequence: Enter new state NO_MENU
[2025-09-04|11:10:41][INFO]  2025-09-04 11:10:41: [Basket 6 FSM] Enter DryNoMenuStrategy State.
[2025-09-04|11:10:41][INFO]  dryfsm 7
[2025-09-04|11:10:41][DEBUG] DryRecipeFsmSequence: Enter new state NO_MENU
[2025-09-04|11:10:41][INFO]  2025-09-04 11:10:41: [Basket 7 FSM] Enter DryNoMenuStrategy State.
[2025-09-04|11:10:41][INFO]  dryfsm 8
[2025-09-04|11:10:41][DEBUG] DryRecipeFsmSequence: Enter new state NO_MENU
[2025-09-04|11:10:41][INFO]  2025-09-04 11:10:41: [Basket 8 FSM] Enter DryNoMenuStrategy State.
[2025-09-04|11:10:41][INFO]  WetRecipeFsmSequence: Stopping FSM service thread.
[2025-09-04|11:10:41][INFO]  WetRecipeFsmSequence: FSM service thread stopped.
[2025-09-04|11:10:41][INFO]  WetRecipeFsmSequence: Stopping FSM service thread.
[2025-09-04|11:10:42][INFO]  WetRecipeFsmSequence: FSM service thread stopped.
[2025-09-04|11:10:42][INFO]  WetRecipeFsmSequence: Stopping FSM service thread.
[2025-09-04|11:10:42][INFO]  WetRecipeFsmSequence: FSM service thread stopped.
[2025-09-04|11:10:42][INFO]  WetRecipeFsmSequence: Stopping FSM service thread.
[2025-09-04|11:10:42][INFO]  WetRecipeFsmSequence: FSM service thread stopped.
[2025-09-04|11:10:42][INFO]  1 fryer Index : 1
[2025-09-04|11:10:42][DEBUG] WetRecipeFsmSequence: Enter new state WAIT_PUTIN
[2025-09-04|11:10:42][INFO]  [SPECIAL] Basket 1: Reset putin_shake=0, shake_done=0
[2025-09-04|11:10:42][INFO]  2025-09-04 11:10:42: [Basket 1 FSM] Enter WaitPutinStrategy State.
[2025-09-04|11:10:42][INFO]  3 fryer Index : 1
[2025-09-04|11:10:42][DEBUG] WetRecipeFsmSequence: Enter new state WAIT_PUTIN
[2025-09-04|11:10:42][INFO]  [SPECIAL] Basket 3: Reset putin_shake=0, shake_done=0
[2025-09-04|11:10:42][INFO]  2025-09-04 11:10:42: [Basket 3 FSM] Enter WaitPutinStrategy State.
[2025-09-04|11:10:42][INFO]  6 fryer Index : 4
[2025-09-04|11:10:42][DEBUG] WetRecipeFsmSequence: Enter new state WAIT_PUTIN
[2025-09-04|11:10:42][INFO]  [SPECIAL] Basket 6: Reset putin_shake=0, shake_done=0
[2025-09-04|11:10:42][INFO]  2025-09-04 11:10:42: [Basket 6 FSM] Enter WaitPutinStrategy State.
[2025-09-04|11:10:42][INFO]  8 fryer Index : 4
[2025-09-04|11:10:42][DEBUG] WetRecipeFsmSequence: Enter new state WAIT_PUTIN
[2025-09-04|11:10:42][INFO]  [SPECIAL] Basket 8: Reset putin_shake=0, shake_done=0
[2025-09-04|11:10:42][INFO]  2025-09-04 11:10:42: [Basket 8 FSM] Enter WaitPutinStrategy State.
[2025-09-04|11:10:42][INFO]  [SYSTEM] [DEBUG] All FSMs re-initialized.
[2025-09-04|11:10:42][INFO]  [ProcessManager] `prog_stopped` flag has been manually reset.
[2025-09-04|11:10:49][INFO]  2025-09-04 11:10:49: [Robot FSM] Program Start.
[2025-09-04|11:10:49][ERROR] Start main program
[2025-09-04|11:10:49][INFO]  2025-09-04 11:10:49: Wait for main program running
[2025-09-04|11:10:49][INFO]  2025-09-04 11:10:49: Program is NOT running PROG_IDLE.
[2025-09-04|11:10:49][INFO]  2025-09-04 11:10:49: Wait for main program running
[2025-09-04|11:10:49][INFO]  2025-09-04 11:10:49: Program is NOT running PROG_IDLE.
[2025-09-04|11:10:49][INFO]  2025-09-04 11:10:49: Wait for main program running
[2025-09-04|11:10:49][INFO]  2025-09-04 11:10:49: Program is NOT running PROG_IDLE.
[2025-09-04|11:10:49][INFO]  2025-09-04 11:10:49: Wait for main program running
[2025-09-04|11:10:49][INFO]  2025-09-04 11:10:49: Program is NOT running PROG_IDLE.
[2025-09-04|11:10:50][INFO]  2025-09-04 11:10:50: Wait for main program running
[2025-09-04|11:10:50][INFO]  2025-09-04 11:10:50: Program is NOT running PROG_IDLE.
[2025-09-04|11:10:50][INFO]  2025-09-04 11:10:50: Wait for main program running
[2025-09-04|11:10:50][INFO]  2025-09-04 11:10:50: Program is NOT running PROG_IDLE.
[2025-09-04|11:10:50][INFO]  2025-09-04 11:10:50: Wait for main program running
[2025-09-04|11:10:50][INFO]  2025-09-04 11:10:50: Program is NOT running PROG_IDLE.
[2025-09-04|11:10:50][INFO]  2025-09-04 11:10:50: Wait for main program running
[2025-09-04|11:10:50][INFO]  2025-09-04 11:10:50: Program is NOT running PROG_IDLE.
[2025-09-04|11:10:50][INFO]  2025-09-04 11:10:50: Wait for main program running
[2025-09-04|11:10:50][DEBUG] RobotFsmSequence: Trigger Event START_PROGRAM on NOT_READY_IDLE
[2025-09-04|11:10:50][INFO]  2025-09-04 11:10:50: [Robot FSM] Exit NotReadyIdleStrategy State.
[2025-09-04|11:10:50][DEBUG] RobotFsmSequence: Enter new state MOVE_TO_READY
[2025-09-04|11:10:50][INFO]  2025-09-04 11:10:50: [Robot FSM] Enter MoveToReadyStrategy State.
[2025-09-04|11:10:50][INFO]  2025-09-04 11:10:50: [Robot FSM] Start motion True move_to_ready  
[2025-09-04|11:10:50][INFO]  Command I600 : 100
[2025-09-04|11:10:52][INFO]  2025-09-04 11:10:52: [Robot FSM] Finish motion move_to_ready
[2025-09-04|11:10:52][DEBUG] RobotFsmSequence: Trigger Event DONE on MOVE_TO_READY
[2025-09-04|11:10:52][INFO]  2025-09-04 11:10:52: [Robot FSM] Exiting MoveToReadyStrategy State.
[2025-09-04|11:10:52][DEBUG] RobotFsmSequence: Enter new state READY_IDLE
[2025-09-04|11:10:52][INFO]  2025-09-04 11:10:52: [Robot FSM] Enter ReadyIdleStrategy State.
[2025-09-04|11:10:52][INFO]  Command I600 : 0
[2025-09-04|11:10:56][INFO]  [Basket 1] Waiting for recipe assignment lock.
[2025-09-04|11:10:56][INFO]  [Basket 1] Acquired recipe assignment lock.
[2025-09-04|11:10:56][INFO]  [Basket 3] Waiting for recipe assignment lock.
[2025-09-04|11:10:56][INFO]  [Basket 2] Waiting for recipe assignment lock.
[2025-09-04|11:10:56][INFO]  [Basket 1] Releasing recipe assignment lock.
[2025-09-04|11:10:56][INFO]  [Basket 3] Acquired recipe assignment lock.
[2025-09-04|11:10:56][INFO]  2025-09-04 11:10:56: [Basket 1 FSM] Assign new menu 1
[2025-09-04|11:10:56][DEBUG] DryRecipeFsmSequence: Trigger Event ASSIGN_MENU on NO_MENU
[2025-09-04|11:10:56][INFO]  2025-09-04 11:10:56: [Basket 1 FSM] Exit DryNoMenuStrategy State.
[2025-09-04|11:10:56][DEBUG] DryRecipeFsmSequence: Enter new state COOKING_READY
[2025-09-04|11:10:56][INFO]  2025-09-04 11:10:56: [Basket 1 FSM] Enter DryCookingReadyStrategy State.
[2025-09-04|11:10:56][INFO]  2025-09-04 11:10:56: [Basket 1 FSM] Start cooking.
[2025-09-04|11:10:56][DEBUG] DryRecipeFsmSequence: Trigger Event START_MENU on COOKING_READY
[2025-09-04|11:10:56][INFO]  [Basket 3] Releasing recipe assignment lock.
[2025-09-04|11:10:56][INFO]  [Basket 2] Acquired recipe assignment lock.
[2025-09-04|11:10:56][INFO]  2025-09-04 11:10:56: [Basket 3 FSM] Assign new menu 1
[2025-09-04|11:10:56][INFO]  2025-09-04 11:10:56: [Basket 1 FSM] Exit DryCookingReadyStrategy State.
[2025-09-04|11:10:56][DEBUG] DryRecipeFsmSequence: Enter new state MOVE_TO_FRYER
[2025-09-04|11:10:56][INFO]  2025-09-04 11:10:56: [Basket 1 FSM] Enter DryMoveToFryStrategy State.
[2025-09-04|11:10:56][INFO]  [Debug] Basket 1: putin_shake=True, type=<class 'bool'>
[2025-09-04|11:10:56][INFO]  [Basket 2] Releasing recipe assignment lock.
[2025-09-04|11:10:56][INFO]  2025-09-04 11:10:56: [Basket 2 FSM] Assign new menu 1
[2025-09-04|11:10:56][DEBUG] DryRecipeFsmSequence: Trigger Event ASSIGN_MENU on NO_MENU
[2025-09-04|11:10:56][INFO]  2025-09-04 11:10:56: [Basket 2 FSM] Exit DryNoMenuStrategy State.
[2025-09-04|11:10:56][DEBUG] DryRecipeFsmSequence: Enter new state COOKING_READY
[2025-09-04|11:10:56][INFO]  2025-09-04 11:10:56: [Basket 2 FSM] Enter DryCookingReadyStrategy State.
[2025-09-04|11:10:56][INFO]  2025-09-04 11:10:56: [Basket 2 FSM] Start cooking.
[2025-09-04|11:10:56][DEBUG] DryRecipeFsmSequence: Trigger Event START_MENU on COOKING_READY
[2025-09-04|11:10:56][INFO]  2025-09-04 11:10:56: [Basket 2 FSM] Exit DryCookingReadyStrategy State.
[2025-09-04|11:10:56][DEBUG] DryRecipeFsmSequence: Enter new state MOVE_TO_FRYER
[2025-09-04|11:10:56][INFO]  2025-09-04 11:10:56: [Basket 2 FSM] Enter DryMoveToFryStrategy State.
[2025-09-04|11:10:56][INFO]  [Debug] Basket 2: putin_shake=True, type=<class 'bool'>
[2025-09-04|11:10:56][DEBUG] DryRecipeFsmSequence: Trigger Event ASSIGN_MENU on NO_MENU
[2025-09-04|11:10:56][INFO]  2025-09-04 11:10:56: [Basket 3 FSM] Exit DryNoMenuStrategy State.
[2025-09-04|11:10:56][DEBUG] DryRecipeFsmSequence: Enter new state COOKING_READY
[2025-09-04|11:10:56][INFO]  2025-09-04 11:10:56: [Basket 3 FSM] Enter DryCookingReadyStrategy State.
[2025-09-04|11:10:56][INFO]  [Basket 8] Waiting for recipe assignment lock.
[2025-09-04|11:10:56][INFO]  [Basket 8] Acquired recipe assignment lock.
[2025-09-04|11:10:56][INFO]  [Basket 6] Waiting for recipe assignment lock.
[2025-09-04|11:10:56][INFO]  [Basket 7] Waiting for recipe assignment lock.
[2025-09-04|11:10:56][INFO]  [Basket 4] Waiting for recipe assignment lock.
[2025-09-04|11:10:56][INFO]  [Basket 5] Waiting for recipe assignment lock.
[2025-09-04|11:10:56][INFO]  [Basket 8] Releasing recipe assignment lock.
[2025-09-04|11:10:56][INFO]  2025-09-04 11:10:56: [Basket 8 FSM] Assign new menu 1
[2025-09-04|11:10:56][DEBUG] DryRecipeFsmSequence: Trigger Event ASSIGN_MENU on NO_MENU
[2025-09-04|11:10:56][INFO]  2025-09-04 11:10:56: [Basket 8 FSM] Exit DryNoMenuStrategy State.
[2025-09-04|11:10:56][DEBUG] DryRecipeFsmSequence: Enter new state COOKING_READY
[2025-09-04|11:10:56][INFO]  2025-09-04 11:10:56: [Basket 8 FSM] Enter DryCookingReadyStrategy State.
[2025-09-04|11:10:56][INFO]  [Basket 6] Acquired recipe assignment lock.
[2025-09-04|11:10:56][INFO]  [Basket 6] Releasing recipe assignment lock.
[2025-09-04|11:10:56][INFO]  2025-09-04 11:10:56: [Basket 6 FSM] Assign new menu 1
[2025-09-04|11:10:56][INFO]  [Basket 7] Acquired recipe assignment lock.
[2025-09-04|11:10:56][INFO]  [Basket 7] Releasing recipe assignment lock.
[2025-09-04|11:10:56][INFO]  [Basket 4] Acquired recipe assignment lock.
[2025-09-04|11:10:56][INFO]  [Basket 4] Releasing recipe assignment lock.
[2025-09-04|11:10:56][INFO]  2025-09-04 11:10:56: [Basket 4 FSM] Assign new menu 1
[2025-09-04|11:10:56][INFO]  [Basket 5] Acquired recipe assignment lock.
[2025-09-04|11:10:56][DEBUG] DryRecipeFsmSequence: Trigger Event ASSIGN_MENU on NO_MENU
[2025-09-04|11:10:56][INFO]  2025-09-04 11:10:56: [Basket 6 FSM] Exit DryNoMenuStrategy State.
[2025-09-04|11:10:56][INFO]  2025-09-04 11:10:56: [Basket 7 FSM] Assign new menu 1
[2025-09-04|11:10:56][DEBUG] DryRecipeFsmSequence: Trigger Event ASSIGN_MENU on NO_MENU
[2025-09-04|11:10:56][INFO]  [Basket 5] Releasing recipe assignment lock.
[2025-09-04|11:10:56][INFO]  2025-09-04 11:10:56: [Basket 5 FSM] Assign new menu 1
[2025-09-04|11:10:56][DEBUG] DryRecipeFsmSequence: Trigger Event ASSIGN_MENU on NO_MENU
[2025-09-04|11:10:56][DEBUG] DryRecipeFsmSequence: Enter new state COOKING_READY
[2025-09-04|11:10:56][INFO]  2025-09-04 11:10:56: [Basket 7 FSM] Exit DryNoMenuStrategy State.
[2025-09-04|11:10:56][DEBUG] DryRecipeFsmSequence: Trigger Event ASSIGN_MENU on NO_MENU
[2025-09-04|11:10:56][INFO]  2025-09-04 11:10:56: [Basket 4 FSM] Exit DryNoMenuStrategy State.
[2025-09-04|11:10:56][DEBUG] DryRecipeFsmSequence: Enter new state COOKING_READY
[2025-09-04|11:10:56][DEBUG] DryRecipeFsmSequence: Enter new state COOKING_READY
[2025-09-04|11:10:56][INFO]  2025-09-04 11:10:56: [Basket 6 FSM] Enter DryCookingReadyStrategy State.
[2025-09-04|11:10:56][INFO]  2025-09-04 11:10:56: [Basket 5 FSM] Exit DryNoMenuStrategy State.
[2025-09-04|11:10:56][DEBUG] DryRecipeFsmSequence: Enter new state COOKING_READY
[2025-09-04|11:10:56][INFO]  2025-09-04 11:10:56: [Basket 5 FSM] Enter DryCookingReadyStrategy State.
[2025-09-04|11:10:56][INFO]  2025-09-04 11:10:56: [Basket 7 FSM] Enter DryCookingReadyStrategy State.
[2025-09-04|11:10:56][INFO]  2025-09-04 11:10:56: [Basket 6 FSM] Start cooking.
[2025-09-04|11:10:56][DEBUG] DryRecipeFsmSequence: Trigger Event START_MENU on COOKING_READY
[2025-09-04|11:10:56][INFO]  2025-09-04 11:10:56: [Basket 6 FSM] Exit DryCookingReadyStrategy State.
[2025-09-04|11:10:56][INFO]  2025-09-04 11:10:56: [Basket 4 FSM] Enter DryCookingReadyStrategy State.
[2025-09-04|11:10:56][INFO]  2025-09-04 11:10:56: [Basket 5 FSM] Start cooking.
[2025-09-04|11:10:56][DEBUG] DryRecipeFsmSequence: Trigger Event START_MENU on COOKING_READY
[2025-09-04|11:10:56][INFO]  2025-09-04 11:10:56: [Basket 5 FSM] Exit DryCookingReadyStrategy State.
[2025-09-04|11:10:56][DEBUG] DryRecipeFsmSequence: Enter new state MOVE_TO_FRYER
[2025-09-04|11:10:56][INFO]  2025-09-04 11:10:56: [Basket 5 FSM] Enter DryMoveToFryStrategy State.
[2025-09-04|11:10:56][INFO]  [Debug] Basket 5: putin_shake=True, type=<class 'bool'>
[2025-09-04|11:10:56][DEBUG] DryRecipeFsmSequence: Enter new state MOVE_TO_FRYER
[2025-09-04|11:10:56][INFO]  2025-09-04 11:10:56: [Basket 6 FSM] Enter DryMoveToFryStrategy State.
[2025-09-04|11:10:56][INFO]  [Debug] Basket 6: putin_shake=True, type=<class 'bool'>
