Time,FSM,Event,B1,B2,B3,B4,B5,B6,B7,B8,Robot
2025-08-14 10:39:35,B1,-,NO_MENU,NO_MENU,NO_MENU,NO_MENU,NO_MENU,NO_MENU,NO_MENU,NO_MENU,NOT_READY_IDLE
2025-08-14 10:41:34,Robot,START_PROGRAM,NO_MENU,NO_MENU,NO_MENU,NO_MENU,NO_MENU,NO_MENU,NO_MENU,NO_MENU,MOVE_TO_READY
2025-08-14 10:41:36,Robot,DONE,NO_MENU,NO_MENU,NO_MENU,NO_MENU,NO_MENU,NO_MENU,NO_MENU,NO_MENU,READY_IDLE
2025-08-14 10:41:50,Robot,RUN_BASKET_TO_FRYER,NO_MENU,NO_MENU,NO_MENU,NO_MENU,NO_MENU,NO_MENU,NO_MENU,NO_MENU,MOVE_BASKET_TO
2025-08-14 10:42:38,Robot,DONE,NO_MENU,NO_MENU,NO_MENU,NO_MENU,NO_MENU,NO_MENU,NO_MENU,NO_MENU,MOVE_TO_READY
2025-08-14 10:42:42,Robot,DONE,NO_MENU,NO_MENU,NO_MENU,NO_MENU,NO_MENU,NO_MENU,NO_MENU,NO_MENU,READY_IDLE
2025-08-14 10:42:56,Robot,RUN_BASKET_FROM_FRYER,NO_MENU,NO_MENU,NO_MENU,NO_MENU,NO_MENU,NO_MENU,NO_MENU,NO_MENU,MOVE_BASKET_FR
2025-08-14 10:44:02,Robot,DONE,NO_MENU,NO_MENU,NO_MENU,NO_MENU,NO_MENU,NO_MENU,NO_MENU,NO_MENU,MOVE_TO_READY
2025-08-14 10:44:05,Robot,DONE,NO_MENU,NO_MENU,NO_MENU,NO_MENU,NO_MENU,NO_MENU,NO_MENU,NO_MENU,READY_IDLE
2025-08-14 10:44:08,Robot,RUN_BASKET_TO_FRYER,NO_MENU,NO_MENU,NO_MENU,NO_MENU,NO_MENU,NO_MENU,NO_MENU,NO_MENU,MOVE_BASKET_TO
2025-08-14 10:45:26,Robot,DONE,NO_MENU,NO_MENU,NO_MENU,NO_MENU,NO_MENU,NO_MENU,NO_MENU,NO_MENU,MOVE_TO_READY
2025-08-14 10:45:29,Robot,DONE,NO_MENU,NO_MENU,NO_MENU,NO_MENU,NO_MENU,NO_MENU,NO_MENU,NO_MENU,READY_IDLE
2025-08-14 10:45:47,Robot,RUN_BASKET_FROM_FRYER,NO_MENU,NO_MENU,NO_MENU,NO_MENU,NO_MENU,NO_MENU,NO_MENU,NO_MENU,MOVE_BASKET_FR
2025-08-14 10:46:52,Robot,DONE,NO_MENU,NO_MENU,NO_MENU,NO_MENU,NO_MENU,NO_MENU,NO_MENU,NO_MENU,MOVE_TO_READY
2025-08-14 10:46:55,Robot,DONE,NO_MENU,NO_MENU,NO_MENU,NO_MENU,NO_MENU,NO_MENU,NO_MENU,NO_MENU,READY_IDLE
2025-08-14 10:46:56,Robot,RUN_BASKET_TO_FRYER,NO_MENU,NO_MENU,NO_MENU,NO_MENU,NO_MENU,NO_MENU,NO_MENU,NO_MENU,MOVE_BASKET_TO
2025-08-14 10:47:42,Robot,DONE,NO_MENU,NO_MENU,NO_MENU,NO_MENU,NO_MENU,NO_MENU,NO_MENU,NO_MENU,MOVE_TO_READY
2025-08-14 10:47:47,Robot,DONE,NO_MENU,NO_MENU,NO_MENU,NO_MENU,NO_MENU,NO_MENU,NO_MENU,NO_MENU,READY_IDLE
2025-08-14 10:48:01,Robot,RUN_BASKET_FROM_FRYER,NO_MENU,NO_MENU,NO_MENU,NO_MENU,NO_MENU,NO_MENU,NO_MENU,NO_MENU,MOVE_BASKET_FR
2025-08-14 10:49:14,Robot,DONE,NO_MENU,NO_MENU,NO_MENU,NO_MENU,NO_MENU,NO_MENU,NO_MENU,NO_MENU,MOVE_TO_READY
2025-08-14 10:49:19,Robot,DONE,NO_MENU,NO_MENU,NO_MENU,NO_MENU,NO_MENU,NO_MENU,NO_MENU,NO_MENU,READY_IDLE
2025-08-14 10:49:45,Robot,RUN_BASKET_TO_FRYER,NO_MENU,NO_MENU,NO_MENU,NO_MENU,NO_MENU,NO_MENU,NO_MENU,NO_MENU,MOVE_BASKET_TO
2025-08-14 10:50:34,Robot,DONE,NO_MENU,NO_MENU,NO_MENU,NO_MENU,NO_MENU,NO_MENU,NO_MENU,NO_MENU,MOVE_TO_READY
2025-08-14 10:50:39,Robot,DONE,NO_MENU,NO_MENU,NO_MENU,NO_MENU,NO_MENU,NO_MENU,NO_MENU,NO_MENU,READY_IDLE
2025-08-14 10:50:54,Robot,RUN_BASKET_FROM_FRYER,NO_MENU,NO_MENU,NO_MENU,NO_MENU,NO_MENU,NO_MENU,NO_MENU,NO_MENU,MOVE_BASKET_FR
2025-08-14 10:52:07,Robot,DONE,NO_MENU,NO_MENU,NO_MENU,NO_MENU,NO_MENU,NO_MENU,NO_MENU,NO_MENU,MOVE_TO_READY
2025-08-14 10:52:12,Robot,DONE,NO_MENU,NO_MENU,NO_MENU,NO_MENU,NO_MENU,NO_MENU,NO_MENU,NO_MENU,READY_IDLE
2025-08-14 10:52:17,Robot,RUN_BASKET_TO_FRYER,NO_MENU,NO_MENU,NO_MENU,NO_MENU,NO_MENU,NO_MENU,NO_MENU,NO_MENU,MOVE_BASKET_TO
2025-08-14 10:53:05,Robot,DONE,NO_MENU,NO_MENU,NO_MENU,NO_MENU,NO_MENU,NO_MENU,NO_MENU,NO_MENU,MOVE_TO_READY
2025-08-14 10:53:10,Robot,DONE,NO_MENU,NO_MENU,NO_MENU,NO_MENU,NO_MENU,NO_MENU,NO_MENU,NO_MENU,READY_IDLE
2025-08-14 10:53:25,Robot,RUN_BASKET_FROM_FRYER,NO_MENU,NO_MENU,NO_MENU,NO_MENU,NO_MENU,NO_MENU,NO_MENU,NO_MENU,MOVE_BASKET_FR
2025-08-14 10:54:39,Robot,DONE,NO_MENU,NO_MENU,NO_MENU,NO_MENU,NO_MENU,NO_MENU,NO_MENU,NO_MENU,MOVE_TO_READY
2025-08-14 10:54:44,Robot,DONE,NO_MENU,NO_MENU,NO_MENU,NO_MENU,NO_MENU,NO_MENU,NO_MENU,NO_MENU,READY_IDLE
2025-08-14 10:54:52,Robot,RUN_BASKET_TO_FRYER,NO_MENU,NO_MENU,NO_MENU,NO_MENU,NO_MENU,NO_MENU,NO_MENU,NO_MENU,MOVE_BASKET_TO
2025-08-14 10:55:43,Robot,DONE,NO_MENU,NO_MENU,NO_MENU,NO_MENU,NO_MENU,NO_MENU,NO_MENU,NO_MENU,MOVE_TO_READY
2025-08-14 10:55:48,Robot,DONE,NO_MENU,NO_MENU,NO_MENU,NO_MENU,NO_MENU,NO_MENU,NO_MENU,NO_MENU,READY_IDLE
2025-08-14 10:56:03,Robot,RUN_BASKET_FROM_FRYER,NO_MENU,NO_MENU,NO_MENU,NO_MENU,NO_MENU,NO_MENU,NO_MENU,NO_MENU,MOVE_BASKET_FR
2025-08-14 10:57:19,Robot,DONE,NO_MENU,NO_MENU,NO_MENU,NO_MENU,NO_MENU,NO_MENU,NO_MENU,NO_MENU,MOVE_TO_READY
2025-08-14 10:57:24,Robot,DONE,NO_MENU,NO_MENU,NO_MENU,NO_MENU,NO_MENU,NO_MENU,NO_MENU,NO_MENU,READY_IDLE
2025-08-14 10:57:27,Robot,STOP,NO_MENU,NO_MENU,NO_MENU,NO_MENU,NO_MENU,NO_MENU,NO_MENU,NO_MENU,NOT_READY_IDLE
2025-08-14 11:09:31,Robot,START_PROGRAM,NO_MENU,NO_MENU,NO_MENU,NO_MENU,NO_MENU,NO_MENU,NO_MENU,NO_MENU,NOT_READY_IDLE
2025-08-14 11:09:34,Robot,DONE,NO_MENU,NO_MENU,NO_MENU,NO_MENU,NO_MENU,NO_MENU,NO_MENU,NO_MENU,READY_IDLE
2025-08-14 11:09:43,Robot,RUN_BASKET_TO_FRYER,NO_MENU,NO_MENU,NO_MENU,NO_MENU,NO_MENU,NO_MENU,NO_MENU,NO_MENU,MOVE_BASKET_TO
2025-08-14 11:10:27,Robot,DONE,NO_MENU,NO_MENU,NO_MENU,NO_MENU,NO_MENU,NO_MENU,NO_MENU,NO_MENU,READY_IDLE
2025-08-14 11:10:55,Robot,RUN_BASKET_TO_FRYER,NO_MENU,NO_MENU,NO_MENU,NO_MENU,NO_MENU,NO_MENU,NO_MENU,NO_MENU,MOVE_BASKET_TO
2025-08-14 11:11:36,Robot,RUN_SHAKE,NO_MENU,NO_MENU,NO_MENU,NO_MENU,NO_MENU,NO_MENU,NO_MENU,NO_MENU,SHAKE_BASKET
2025-08-14 11:12:13,Robot,RUN_BASKET_TO_FRYER,NO_MENU,NO_MENU,NO_MENU,NO_MENU,NO_MENU,NO_MENU,NO_MENU,NO_MENU,MOVE_BASKET_TO
2025-08-14 11:12:59,Robot,RUN_SHAKE,NO_MENU,NO_MENU,NO_MENU,NO_MENU,NO_MENU,NO_MENU,NO_MENU,NO_MENU,SHAKE_BASKET
2025-08-14 11:13:36,Robot,RUN_BASKET_TO_FRYER,NO_MENU,NO_MENU,NO_MENU,NO_MENU,NO_MENU,NO_MENU,NO_MENU,NO_MENU,MOVE_BASKET_TO
2025-08-14 11:14:26,Robot,RUN_SHAKE,NO_MENU,NO_MENU,NO_MENU,NO_MENU,NO_MENU,NO_MENU,NO_MENU,NO_MENU,SHAKE_BASKET
2025-08-14 11:15:07,Robot,DONE,NO_MENU,NO_MENU,NO_MENU,NO_MENU,NO_MENU,NO_MENU,NO_MENU,NO_MENU,SHAKE_BASKET
2025-08-14 11:15:44,Robot,DONE,NO_MENU,NO_MENU,NO_MENU,NO_MENU,NO_MENU,NO_MENU,NO_MENU,NO_MENU,BYPASS_SHAKE
2025-08-14 11:15:44,Robot,DONE,NO_MENU,NO_MENU,NO_MENU,NO_MENU,NO_MENU,NO_MENU,NO_MENU,NO_MENU,SHAKE_BASKET
2025-08-14 11:16:59,Robot,DONE,NO_MENU,NO_MENU,NO_MENU,NO_MENU,NO_MENU,NO_MENU,NO_MENU,NO_MENU,READY_IDLE
2025-08-14 11:17:05,Robot,RUN_BASKET_FROM_FRYER,NO_MENU,NO_MENU,NO_MENU,NO_MENU,NO_MENU,NO_MENU,NO_MENU,NO_MENU,MOVE_BASKET_FR
2025-08-14 11:18:07,Robot,DONE,NO_MENU,NO_MENU,NO_MENU,NO_MENU,NO_MENU,NO_MENU,NO_MENU,NO_MENU,READY_IDLE
2025-08-14 11:18:16,Robot,RUN_BASKET_FROM_FRYER,NO_MENU,NO_MENU,NO_MENU,NO_MENU,NO_MENU,NO_MENU,NO_MENU,NO_MENU,MOVE_BASKET_FR
2025-08-14 11:19:15,Robot,DONE,NO_MENU,NO_MENU,NO_MENU,NO_MENU,NO_MENU,NO_MENU,NO_MENU,NO_MENU,MOVE_TO_READY
2025-08-14 11:19:39,Robot,RUN_BASKET_FROM_FRYER,NO_MENU,NO_MENU,NO_MENU,NO_MENU,NO_MENU,NO_MENU,NO_MENU,NO_MENU,MOVE_BASKET_FR
2025-08-14 11:20:51,Robot,DONE,NO_MENU,NO_MENU,NO_MENU,NO_MENU,NO_MENU,NO_MENU,NO_MENU,NO_MENU,READY_IDLE
2025-08-14 11:21:06,Robot,RUN_BASKET_FROM_FRYER,NO_MENU,NO_MENU,NO_MENU,NO_MENU,NO_MENU,NO_MENU,NO_MENU,NO_MENU,MOVE_BASKET_FR
2025-08-14 11:22:17,Robot,RUN_BASKET_TO_FRYER,NO_MENU,NO_MENU,NO_MENU,NO_MENU,NO_MENU,NO_MENU,NO_MENU,NO_MENU,MOVE_BASKET_TO
2025-08-14 11:23:06,Robot,DONE,NO_MENU,NO_MENU,NO_MENU,NO_MENU,NO_MENU,NO_MENU,NO_MENU,NO_MENU,READY_IDLE
2025-08-14 11:23:33,Robot,RUN_BASKET_TO_FRYER,NO_MENU,NO_MENU,NO_MENU,NO_MENU,NO_MENU,NO_MENU,NO_MENU,NO_MENU,MOVE_BASKET_TO
2025-08-14 11:24:18,Robot,RUN_SHAKE,NO_MENU,NO_MENU,NO_MENU,NO_MENU,NO_MENU,NO_MENU,NO_MENU,NO_MENU,SHAKE_BASKET
2025-08-14 11:24:55,Robot,RUN_BASKET_TO_FRYER,NO_MENU,NO_MENU,NO_MENU,NO_MENU,NO_MENU,NO_MENU,NO_MENU,NO_MENU,SHAKE_BASKET
2025-08-14 11:25:43,Robot,RUN_SHAKE,NO_MENU,NO_MENU,NO_MENU,NO_MENU,NO_MENU,NO_MENU,NO_MENU,NO_MENU,SHAKE_BASKET
2025-08-14 11:26:21,Robot,RUN_BASKET_TO_FRYER,NO_MENU,NO_MENU,NO_MENU,NO_MENU,NO_MENU,NO_MENU,NO_MENU,NO_MENU,MOVE_BASKET_TO
2025-08-14 11:27:12,Robot,RUN_SHAKE,NO_MENU,NO_MENU,NO_MENU,NO_MENU,NO_MENU,NO_MENU,NO_MENU,NO_MENU,SHAKE_BASKET
2025-08-14 11:27:52,Robot,DONE,NO_MENU,NO_MENU,NO_MENU,NO_MENU,NO_MENU,NO_MENU,NO_MENU,NO_MENU,SHAKE_BASKET
2025-08-14 11:29:44,Robot,RUN_BASKET_FROM_FRYER,NO_MENU,NO_MENU,NO_MENU,NO_MENU,NO_MENU,NO_MENU,NO_MENU,NO_MENU,MOVE_BASKET_FR
2025-08-14 11:30:50,Robot,DONE,NO_MENU,NO_MENU,NO_MENU,NO_MENU,NO_MENU,NO_MENU,NO_MENU,NO_MENU,MOVE_TO_READY
2025-08-14 11:30:58,Robot,RUN_BASKET_FROM_FRYER,NO_MENU,NO_MENU,NO_MENU,NO_MENU,NO_MENU,NO_MENU,NO_MENU,NO_MENU,MOVE_BASKET_FR
2025-08-14 11:32:01,Robot,DONE,NO_MENU,NO_MENU,NO_MENU,NO_MENU,NO_MENU,NO_MENU,NO_MENU,NO_MENU,READY_IDLE
2025-08-14 11:32:24,Robot,RUN_BASKET_FROM_FRYER,NO_MENU,NO_MENU,NO_MENU,NO_MENU,NO_MENU,NO_MENU,NO_MENU,NO_MENU,MOVE_BASKET_FR
2025-08-14 11:33:38,Robot,DONE,NO_MENU,NO_MENU,NO_MENU,NO_MENU,NO_MENU,NO_MENU,NO_MENU,NO_MENU,MOVE_TO_READY
2025-08-14 11:33:43,Robot,DONE,NO_MENU,NO_MENU,NO_MENU,NO_MENU,NO_MENU,NO_MENU,NO_MENU,NO_MENU,READY_IDLE
2025-08-14 11:33:52,Robot,RUN_BASKET_FROM_FRYER,NO_MENU,NO_MENU,NO_MENU,NO_MENU,NO_MENU,NO_MENU,NO_MENU,NO_MENU,MOVE_BASKET_FR
2025-08-14 11:35:08,Robot,DONE,NO_MENU,NO_MENU,NO_MENU,NO_MENU,NO_MENU,NO_MENU,NO_MENU,NO_MENU,MOVE_TO_READY
2025-08-14 11:35:13,Robot,DONE,NO_MENU,NO_MENU,NO_MENU,NO_MENU,NO_MENU,NO_MENU,NO_MENU,NO_MENU,READY_IDLE
