[2025-08-14|11:56:21][INFO]  Blackboard initialized from projects/bulk_frying/configs/blackboard.json
[2025-08-14|11:56:23][INFO]  DEBUG: cooking_logger.py module is being loaded.
[2025-08-14|11:56:23][INFO]  [CookingLogger] Using MQTT Device ID: indyHomyeongFrying
[2025-08-14|11:56:23][INFO]  cooking_logger.py: CONNECT MQTT server success...
[2025-08-14|11:56:23][INFO]  [SYSTEM] Starting bulk_frying System...
[2025-08-14|11:56:23][INFO]  Init AppCommunication
[2025-08-14|11:56:24][DEBUG] RobotFsmSequence: Enter new state NOT_READY
[2025-08-14|11:56:24][INFO]  2025-08-14 11:56:24: Program is NOT running PROG_IDLE.
[2025-08-14|11:56:24][INFO]  2025-08-14 11:56:24: [Robot FSM] Enter NotReadyStrategy State.
[2025-08-14|11:56:24][INFO]  robot fsm run
[2025-08-14|11:56:24][INFO]  ProcessManager initialized with fry_type: dry
[2025-08-14|11:56:24][INFO]  dryfsm 1
[2025-08-14|11:56:24][DEBUG] DryRecipeFsmSequence: Enter new state NO_MENU
[2025-08-14|11:56:24][INFO]  2025-08-14 11:56:24: [Basket 1 FSM] Enter DryNoMenuStrategy State.
[2025-08-14|11:56:24][INFO]  dryfsm 2
[2025-08-14|11:56:24][DEBUG] DryRecipeFsmSequence: Enter new state NO_MENU
[2025-08-14|11:56:24][DEBUG] RobotFsmSequence: Trigger Event DONE on NOT_READY
[2025-08-14|11:56:24][INFO]  2025-08-14 11:56:24: [Basket 2 FSM] Enter DryNoMenuStrategy State.
[2025-08-14|11:56:24][INFO]  dryfsm 3
[2025-08-14|11:56:24][INFO]  2025-08-14 11:56:24: [Robot FSM] Exit NotReadyStrategy State.
[2025-08-14|11:56:24][DEBUG] RobotFsmSequence: Enter new state NOT_READY_IDLE
[2025-08-14|11:56:24][INFO]  2025-08-14 11:56:24: Program is NOT running PROG_IDLE.
[2025-08-14|11:56:24][INFO]  2025-08-14 11:56:24: [Robot FSM] Enter NotReadyIdleStrategy State.
[2025-08-14|11:56:24][DEBUG] DryRecipeFsmSequence: Enter new state NO_MENU
[2025-08-14|11:56:24][INFO]  2025-08-14 11:56:24: [Basket 3 FSM] Enter DryNoMenuStrategy State.
[2025-08-14|11:56:24][INFO]  dryfsm 4
[2025-08-14|11:56:24][DEBUG] DryRecipeFsmSequence: Enter new state NO_MENU
[2025-08-14|11:56:24][INFO]  2025-08-14 11:56:24: [Basket 4 FSM] Enter DryNoMenuStrategy State.
[2025-08-14|11:56:24][INFO]  dryfsm 5
[2025-08-14|11:56:24][DEBUG] DryRecipeFsmSequence: Enter new state NO_MENU
[2025-08-14|11:56:24][INFO]  2025-08-14 11:56:24: [Basket 5 FSM] Enter DryNoMenuStrategy State.
[2025-08-14|11:56:24][INFO]  dryfsm 6
[2025-08-14|11:56:24][DEBUG] DryRecipeFsmSequence: Enter new state NO_MENU
[2025-08-14|11:56:24][INFO]  2025-08-14 11:56:24: [Basket 6 FSM] Enter DryNoMenuStrategy State.
[2025-08-14|11:56:24][INFO]  dryfsm 7
[2025-08-14|11:56:24][DEBUG] DryRecipeFsmSequence: Enter new state NO_MENU
[2025-08-14|11:56:24][INFO]  2025-08-14 11:56:24: [Basket 7 FSM] Enter DryNoMenuStrategy State.
[2025-08-14|11:56:24][INFO]  dryfsm 8
[2025-08-14|11:56:24][DEBUG] DryRecipeFsmSequence: Enter new state NO_MENU
[2025-08-14|11:56:24][INFO]  2025-08-14 11:56:24: [Basket 8 FSM] Enter DryNoMenuStrategy State.
[2025-08-14|11:56:24][INFO]  dry fsm run
[2025-08-14|11:56:24][INFO]  1 fryer Index : 1
[2025-08-14|11:56:24][DEBUG] WetRecipeFsmSequence: Enter new state WAIT_PUTIN
[2025-08-14|11:56:24][INFO]  [SPECIAL] Basket 1: Reset putin_shake=0, shake_done=0
[2025-08-14|11:56:24][INFO]  2025-08-14 11:56:24: [Basket 1 FSM] Enter WaitPutinStrategy State.
[2025-08-14|11:56:24][INFO]  3 fryer Index : 1
[2025-08-14|11:56:24][DEBUG] WetRecipeFsmSequence: Enter new state WAIT_PUTIN
[2025-08-14|11:56:24][INFO]  [SPECIAL] Basket 3: Reset putin_shake=0, shake_done=0
[2025-08-14|11:56:24][INFO]  2025-08-14 11:56:24: [Basket 3 FSM] Enter WaitPutinStrategy State.
[2025-08-14|11:56:24][INFO]  6 fryer Index : 4
[2025-08-14|11:56:24][DEBUG] WetRecipeFsmSequence: Enter new state WAIT_PUTIN
[2025-08-14|11:56:24][INFO]  [SPECIAL] Basket 6: Reset putin_shake=0, shake_done=0
[2025-08-14|11:56:24][INFO]  2025-08-14 11:56:24: [Basket 6 FSM] Enter WaitPutinStrategy State.
[2025-08-14|11:56:24][INFO]  8 fryer Index : 4
[2025-08-14|11:56:24][DEBUG] WetRecipeFsmSequence: Enter new state WAIT_PUTIN
[2025-08-14|11:56:24][INFO]  [SPECIAL] Basket 8: Reset putin_shake=0, shake_done=0
[2025-08-14|11:56:24][INFO]  2025-08-14 11:56:24: [Basket 8 FSM] Enter WaitPutinStrategy State.
[2025-08-14|11:56:24][INFO]  wet fsm run
[2025-08-14|11:56:25][INFO]  [SYSTEM] bulk_frying system initialized. Running...
[2025-08-14|11:56:52][INFO]  UI Command : open - True
[2025-08-14|11:56:52][INFO]  UI Command : open - True
[2025-08-14|11:56:52][INFO]  UI Command : open - True
[2025-08-14|11:56:52][INFO]  UI Command : open - True
[2025-08-14|11:56:54][INFO]  UI Command : close - False
[2025-08-14|11:56:54][INFO]  UI Command : close - False
[2025-08-14|11:56:54][INFO]  UI Command : close - False
[2025-08-14|11:56:54][INFO]  UI Command : close - False
[2025-08-14|11:56:54][INFO]  UI Command : close - False
[2025-08-14|11:56:54][INFO]  UI Command : close - False
[2025-08-14|11:56:54][INFO]  UI Command : close - False
[2025-08-14|11:56:54][INFO]  UI Command : close - False
[2025-08-14|11:56:54][INFO]  UI Command : close - False
[2025-08-14|11:56:56][INFO]  UI Command : open - True
[2025-08-14|11:56:56][INFO]  UI Command : open - True
[2025-08-14|11:56:56][INFO]  UI Command : open - True
[2025-08-14|11:56:56][INFO]  UI Command : open - True
[2025-08-14|11:56:56][INFO]  UI Command : open - True
[2025-08-14|11:56:56][INFO]  UI Command : open - True
[2025-08-14|11:56:57][INFO]  2025-08-14 11:56:57: [ProcessManager] Reset all recipes!
[2025-08-14|11:56:57][INFO]  [SYSTEM] Resetting all Recipe FSMs...
[2025-08-14|11:56:57][INFO]  DryRecipeFsmSequence: Stopping FSM service thread.
[2025-08-14|11:56:57][INFO]  DryRecipeFsmSequence: FSM service thread stopped.
[2025-08-14|11:56:57][INFO]  DryRecipeFsmSequence: Stopping FSM service thread.
[2025-08-14|11:56:57][INFO]  DryRecipeFsmSequence: FSM service thread stopped.
[2025-08-14|11:56:57][INFO]  DryRecipeFsmSequence: Stopping FSM service thread.
[2025-08-14|11:56:57][INFO]  DryRecipeFsmSequence: FSM service thread stopped.
[2025-08-14|11:56:57][INFO]  DryRecipeFsmSequence: Stopping FSM service thread.
[2025-08-14|11:56:57][INFO]  DryRecipeFsmSequence: FSM service thread stopped.
[2025-08-14|11:56:57][INFO]  DryRecipeFsmSequence: Stopping FSM service thread.
[2025-08-14|11:56:57][INFO]  DryRecipeFsmSequence: FSM service thread stopped.
[2025-08-14|11:56:57][INFO]  DryRecipeFsmSequence: Stopping FSM service thread.
[2025-08-14|11:56:57][INFO]  DryRecipeFsmSequence: FSM service thread stopped.
[2025-08-14|11:56:57][INFO]  DryRecipeFsmSequence: Stopping FSM service thread.
[2025-08-14|11:56:57][INFO]  DryRecipeFsmSequence: FSM service thread stopped.
[2025-08-14|11:56:57][INFO]  DryRecipeFsmSequence: Stopping FSM service thread.
[2025-08-14|11:56:57][INFO]  DryRecipeFsmSequence: FSM service thread stopped.
[2025-08-14|11:56:57][INFO]  dryfsm 1
[2025-08-14|11:56:57][DEBUG] DryRecipeFsmSequence: Enter new state NO_MENU
[2025-08-14|11:56:57][INFO]  2025-08-14 11:56:57: [Basket 1 FSM] Enter DryNoMenuStrategy State.
[2025-08-14|11:56:57][INFO]  dryfsm 2
[2025-08-14|11:56:57][DEBUG] DryRecipeFsmSequence: Enter new state NO_MENU
[2025-08-14|11:56:57][INFO]  2025-08-14 11:56:57: [Basket 2 FSM] Enter DryNoMenuStrategy State.
[2025-08-14|11:56:57][INFO]  dryfsm 3
[2025-08-14|11:56:57][DEBUG] DryRecipeFsmSequence: Enter new state NO_MENU
[2025-08-14|11:56:57][INFO]  2025-08-14 11:56:57: [Basket 3 FSM] Enter DryNoMenuStrategy State.
[2025-08-14|11:56:57][INFO]  dryfsm 4
[2025-08-14|11:56:58][DEBUG] DryRecipeFsmSequence: Enter new state NO_MENU
[2025-08-14|11:56:58][INFO]  2025-08-14 11:56:58: [Basket 4 FSM] Enter DryNoMenuStrategy State.
[2025-08-14|11:56:58][INFO]  dryfsm 5
[2025-08-14|11:56:58][DEBUG] DryRecipeFsmSequence: Enter new state NO_MENU
[2025-08-14|11:56:58][INFO]  2025-08-14 11:56:58: [Basket 5 FSM] Enter DryNoMenuStrategy State.
[2025-08-14|11:56:58][INFO]  dryfsm 6
[2025-08-14|11:56:58][DEBUG] DryRecipeFsmSequence: Enter new state NO_MENU
[2025-08-14|11:56:58][INFO]  2025-08-14 11:56:58: [Basket 6 FSM] Enter DryNoMenuStrategy State.
[2025-08-14|11:56:58][INFO]  dryfsm 7
[2025-08-14|11:56:58][DEBUG] DryRecipeFsmSequence: Enter new state NO_MENU
[2025-08-14|11:56:58][INFO]  2025-08-14 11:56:58: [Basket 7 FSM] Enter DryNoMenuStrategy State.
[2025-08-14|11:56:58][INFO]  dryfsm 8
[2025-08-14|11:56:58][DEBUG] DryRecipeFsmSequence: Enter new state NO_MENU
[2025-08-14|11:56:58][INFO]  2025-08-14 11:56:58: [Basket 8 FSM] Enter DryNoMenuStrategy State.
[2025-08-14|11:56:58][INFO]  WetRecipeFsmSequence: Stopping FSM service thread.
[2025-08-14|11:56:58][INFO]  WetRecipeFsmSequence: FSM service thread stopped.
[2025-08-14|11:56:59][INFO]  WetRecipeFsmSequence: Stopping FSM service thread.
[2025-08-14|11:56:59][INFO]  WetRecipeFsmSequence: FSM service thread stopped.
[2025-08-14|11:56:59][INFO]  WetRecipeFsmSequence: Stopping FSM service thread.
[2025-08-14|11:56:59][INFO]  WetRecipeFsmSequence: FSM service thread stopped.
[2025-08-14|11:56:59][INFO]  WetRecipeFsmSequence: Stopping FSM service thread.
[2025-08-14|11:56:59][INFO]  WetRecipeFsmSequence: FSM service thread stopped.
[2025-08-14|11:56:59][INFO]  1 fryer Index : 1
[2025-08-14|11:56:59][DEBUG] WetRecipeFsmSequence: Enter new state WAIT_PUTIN
[2025-08-14|11:56:59][INFO]  [SPECIAL] Basket 1: Reset putin_shake=0, shake_done=0
[2025-08-14|11:56:59][INFO]  2025-08-14 11:56:59: [Basket 1 FSM] Enter WaitPutinStrategy State.
[2025-08-14|11:56:59][INFO]  3 fryer Index : 1
[2025-08-14|11:56:59][DEBUG] WetRecipeFsmSequence: Enter new state WAIT_PUTIN
[2025-08-14|11:56:59][INFO]  [SPECIAL] Basket 3: Reset putin_shake=0, shake_done=0
[2025-08-14|11:56:59][INFO]  2025-08-14 11:56:59: [Basket 3 FSM] Enter WaitPutinStrategy State.
[2025-08-14|11:56:59][INFO]  6 fryer Index : 4
[2025-08-14|11:56:59][DEBUG] WetRecipeFsmSequence: Enter new state WAIT_PUTIN
[2025-08-14|11:56:59][INFO]  [SPECIAL] Basket 6: Reset putin_shake=0, shake_done=0
[2025-08-14|11:56:59][INFO]  2025-08-14 11:56:59: [Basket 6 FSM] Enter WaitPutinStrategy State.
[2025-08-14|11:56:59][INFO]  8 fryer Index : 4
[2025-08-14|11:56:59][DEBUG] WetRecipeFsmSequence: Enter new state WAIT_PUTIN
[2025-08-14|11:56:59][INFO]  [SPECIAL] Basket 8: Reset putin_shake=0, shake_done=0
[2025-08-14|11:56:59][INFO]  2025-08-14 11:56:59: [Basket 8 FSM] Enter WaitPutinStrategy State.
[2025-08-14|11:56:59][INFO]  [SYSTEM] All Recipe FSMs restarted.
[2025-08-14|11:57:00][DEBUG] cooking_logger.py: send_recipe_list_mqtt() called with data: [{'label': 'recipe0', 'time': 0}, {'label': 'recipe1', 'time': 180}, {'label': 'recipe2', 'time': 360}, {'label': 'recipe3', 'time': 60}, {'label': 'recipe4', 'time': 40}, {'label': 'recipe5', 'time': 420}, {'label': 'recipe6', 'time': 480}, {'label': 'recipe7', 'time': 420}, {'label': 'recipe8', 'time': 360}, {'label': 'recipe9', 'time': 0}, {'label': 'recipe10', 'time': 480}]
[2025-08-14|11:57:00][DEBUG] cooking_logger.py: send_mqtt_log() called with data: {'recipeList': [{'label': 'recipe0', 'time': 0}, {'label': 'recipe1', 'time': 180}, {'label': 'recipe2', 'time': 360}, {'label': 'recipe3', 'time': 60}, {'label': 'recipe4', 'time': 40}, {'label': 'recipe5', 'time': 420}, {'label': 'recipe6', 'time': 480}, {'label': 'recipe7', 'time': 420}, {'label': 'recipe8', 'time': 360}, {'label': 'recipe9', 'time': 0}, {'label': 'recipe10', 'time': 480}]}
[2025-08-14|11:57:00][DEBUG] cooking_logger.py: Publishing to topic 'v1/devices/me/telemetry' with payload: {'recipeList': [{'label': 'recipe0', 'time': 0}, {'label': 'recipe1', 'time': 180}, {'label': 'recipe2', 'time': 360}, {'label': 'recipe3', 'time': 60}, {'label': 'recipe4', 'time': 40}, {'label': 'recipe5', 'time': 420}, {'label': 'recipe6', 'time': 480}, {'label': 'recipe7', 'time': 420}, {'label': 'recipe8', 'time': 360}, {'label': 'recipe9', 'time': 0}, {'label': 'recipe10', 'time': 480}]}
[2025-08-14|11:57:00][INFO]  cooking_logger.py: Successfully sent log to MQTT.
[2025-08-14|11:57:14][INFO]  2025-08-14 11:57:14: [Basket 5 FSM] Assign new menu 5
[2025-08-14|11:57:14][DEBUG] DryRecipeFsmSequence: Trigger Event ASSIGN_MENU on NO_MENU
[2025-08-14|11:57:14][INFO]  2025-08-14 11:57:14: [Basket 5 FSM] Exit DryNoMenuStrategy State.
[2025-08-14|11:57:14][DEBUG] DryRecipeFsmSequence: Enter new state COOKING_READY
[2025-08-14|11:57:14][INFO]  2025-08-14 11:57:14: [Basket 5 FSM] Enter DryCookingReadyStrategy State.
[2025-08-14|11:57:14][INFO]  2025-08-14 11:57:14: [Basket 5 FSM] Start cooking.
[2025-08-14|11:57:14][DEBUG] DryRecipeFsmSequence: Trigger Event START_MENU on COOKING_READY
[2025-08-14|11:57:14][INFO]  2025-08-14 11:57:14: [Basket 5 FSM] Exit DryCookingReadyStrategy State.
[2025-08-14|11:57:14][DEBUG] DryRecipeFsmSequence: Enter new state MOVE_TO_FRYER
[2025-08-14|11:57:14][INFO]  2025-08-14 11:57:14: [Basket 5 FSM] Enter DryMoveToFryStrategy State.
[2025-08-14|11:57:14][INFO]  [Debug] Basket 5: putin_shake=True, type=<class 'bool'>
[2025-08-14|11:57:14][INFO]  [PriorityScheduler] Current priority list:
[2025-08-14|11:57:14][INFO]    - Basket 5 | Fryer: 3 | type: dry | State: MOVE_TO_FRYER | Shake_times : 0 | Elapsed: 0.0s | FinishRemain: 1000.0s | Priority: 3
[2025-08-14|11:57:14][INFO]  trigger_to_fryer_motion 5
[2025-08-14|11:57:14][INFO]  2025-08-14 11:57:14: [ProcessManager] Trigger move_to_fryer motion [FSM 5, Basket 5, Fryer 3]
[2025-08-14|11:57:19][INFO]  2025-08-14 11:57:19: [Robot FSM] Program Start.
[2025-08-14|11:57:19][ERROR] Start main program
[2025-08-14|11:57:19][INFO]  2025-08-14 11:57:19: Wait for main program running
[2025-08-14|11:57:19][INFO]  2025-08-14 11:57:19: Program is NOT running PROG_IDLE.
[2025-08-14|11:57:19][INFO]  2025-08-14 11:57:19: Wait for main program running
[2025-08-14|11:57:19][INFO]  2025-08-14 11:57:19: Program is NOT running PROG_IDLE.
[2025-08-14|11:57:19][INFO]  2025-08-14 11:57:19: Wait for main program running
[2025-08-14|11:57:19][INFO]  2025-08-14 11:57:19: Program is NOT running PROG_IDLE.
[2025-08-14|11:57:19][INFO]  2025-08-14 11:57:19: Wait for main program running
[2025-08-14|11:57:19][INFO]  2025-08-14 11:57:19: Program is NOT running PROG_IDLE.
[2025-08-14|11:57:19][INFO]  2025-08-14 11:57:19: Wait for main program running
[2025-08-14|11:57:19][INFO]  2025-08-14 11:57:19: Program is NOT running PROG_IDLE.
[2025-08-14|11:57:19][INFO]  2025-08-14 11:57:19: Wait for main program running
[2025-08-14|11:57:19][DEBUG] RobotFsmSequence: Trigger Event START_PROGRAM on NOT_READY_IDLE
[2025-08-14|11:57:19][INFO]  2025-08-14 11:57:19: [Robot FSM] Exit NotReadyIdleStrategy State.
[2025-08-14|11:57:19][DEBUG] RobotFsmSequence: Enter new state MOVE_TO_READY
[2025-08-14|11:57:19][INFO]  2025-08-14 11:57:19: [Robot FSM] Enter MoveToReadyStrategy State.
[2025-08-14|11:57:19][INFO]  2025-08-14 11:57:19: [Robot FSM] Start motion False move_to_ready  
[2025-08-14|11:57:19][DEBUG] RobotFsmSequence: Trigger Event DONE on MOVE_TO_READY
[2025-08-14|11:57:19][INFO]  2025-08-14 11:57:19: [Robot FSM] Exiting MoveToReadyStrategy State.
[2025-08-14|11:57:19][DEBUG] RobotFsmSequence: Enter new state READY_IDLE
[2025-08-14|11:57:19][INFO]  2025-08-14 11:57:19: [Robot FSM] Enter ReadyIdleStrategy State.
[2025-08-14|11:57:19][DEBUG] RobotFsmSequence: Trigger Event RUN_BASKET_TO_FRYER on READY_IDLE
[2025-08-14|11:57:19][INFO]  2025-08-14 11:57:19: [Robot FSM] Exiting ReadyIdleStrategy State.
[2025-08-14|11:57:19][DEBUG] RobotFsmSequence: Enter new state MOVE_BASKET_TO_FRYER
[2025-08-14|11:57:19][INFO]  2025-08-14 11:57:19: [Robot FSM] Enter MoveBasketToFryerStrategy State.
[2025-08-14|11:57:19][INFO]  2025-08-14 11:57:19: [Robot FSM] Start motion move_to_fryer with [basket 5, fryer 3]
[2025-08-14|11:57:19][INFO]  basket_to_fryer 315
[2025-08-14|11:57:19][INFO]  Command I600 : 315
[2025-08-14|11:58:05][INFO]  2025-08-14 11:58:05: [Robot FSM] Finish motion move_to_fryer with [basket 5, fryer 3]
[2025-08-14|11:58:05][INFO]  2025-08-14 11:58:05: [Basket 5 FSM] Motion move_to_fryer done (0)
[2025-08-14|11:58:05][DEBUG] DryRecipeFsmSequence: Trigger Event MOTION_DONE on MOVE_TO_FRYER
[2025-08-14|11:58:05][INFO]  2025-08-14 11:58:05: [Basket 5 FSM] Exit DryMoveToFryStrategy State.
[2025-08-14|11:58:05][DEBUG] DryRecipeFsmSequence: Enter new state FRY
[2025-08-14|11:58:05][INFO]  2025-08-14 11:58:05: [Basket 5 FSM] Enter DryFryStrategy State.
[2025-08-14|11:58:05][INFO]  Command I600 : 0
[2025-08-14|11:58:06][DEBUG] RobotFsmSequence: Trigger Event DONE on MOVE_BASKET_TO_FRYER
[2025-08-14|11:58:06][INFO]  2025-08-14 11:58:06: Exit MoveBasketToFryerStrategy State.
[2025-08-14|11:58:06][DEBUG] RobotFsmSequence: Enter new state MOVE_TO_READY
[2025-08-14|11:58:06][INFO]  2025-08-14 11:58:06: [Robot FSM] Enter MoveToReadyStrategy State.
[2025-08-14|11:58:06][INFO]  2025-08-14 11:58:06: [Robot FSM] Start motion True move_to_ready  
[2025-08-14|11:58:06][INFO]  Command I600 : 100
[2025-08-14|11:58:11][INFO]  2025-08-14 11:58:11: [Robot FSM] Finish motion move_to_ready
[2025-08-14|11:58:11][DEBUG] RobotFsmSequence: Trigger Event DONE on MOVE_TO_READY
[2025-08-14|11:58:11][INFO]  2025-08-14 11:58:11: [Robot FSM] Exiting MoveToReadyStrategy State.
[2025-08-14|11:58:11][DEBUG] RobotFsmSequence: Enter new state READY_IDLE
[2025-08-14|11:58:11][INFO]  2025-08-14 11:58:11: [Robot FSM] Enter ReadyIdleStrategy State.
[2025-08-14|11:58:11][INFO]  Command I600 : 0
[2025-08-14|11:58:15][INFO]  2025-08-14 11:58:15: [Basket 5 FSM] Cancel fryer 3.
[2025-08-14|11:58:15][DEBUG] DryRecipeFsmSequence: Trigger Event CANCEL_MENU on FRY
[2025-08-14|11:58:15][INFO]  2025-08-14 11:58:15: [Basket 5 FSM] Exit DryFryStrategy State.
[2025-08-14|11:58:15][DEBUG] DryRecipeFsmSequence: Enter new state MOVE_FROM_FRYER
[2025-08-14|11:58:15][INFO]  2025-08-14 11:58:15: [Basket 5 FSM] Enter DryMoveFromFryStrategy State.
[2025-08-14|11:58:15][INFO]  [PriorityScheduler] Current priority list:
[2025-08-14|11:58:15][INFO]    - Basket 5 | Fryer: 3 | type: dry | State: MOVE_FROM_FRYER | Shake_times : 0 | Elapsed: 29.4s | FinishRemain: 390.6s | Priority: 1
[2025-08-14|11:58:15][INFO]  [ProcessManager] Set int_var/pickup_target_fryer/val to 3
[2025-08-14|11:58:15][INFO]  2025-08-14 11:58:15: [ProcessManager] Trigger move_from_fryer motion [FSM 5, Basket 5, Fryer 3]
[2025-08-14|11:58:15][DEBUG] RobotFsmSequence: Trigger Event RUN_BASKET_FROM_FRYER on READY_IDLE
[2025-08-14|11:58:15][INFO]  2025-08-14 11:58:15: [Robot FSM] Exiting ReadyIdleStrategy State.
[2025-08-14|11:58:15][DEBUG] RobotFsmSequence: Enter new state MOVE_BASKET_FROM_FRYER
[2025-08-14|11:58:15][INFO]  2025-08-14 11:58:15: [Robot FSM] Enter MoveBasketFromFryerStrategy State.
[2025-08-14|11:58:15][INFO]  2025-08-14 11:58:15: [Robot FSM] Start motion move_from_fryer with [basket 5, fryer 3]
[2025-08-14|11:58:15][DEBUG] 2025-08-14 11:58:15: [Robot FSM] Current int_var/cmd/val: 0, Setting to: 345
[2025-08-14|11:58:15][INFO]  basket_from_fryer 345
[2025-08-14|11:58:15][INFO]  Command I600 : 345
[2025-08-14|11:58:28][INFO]  2025-08-14 11:58:28 : [Fryer 3 has received pickup singal 1.
[2025-08-14|11:58:28][INFO]  2025-08-14 11:58:28: [Basket 5 FSM] Targeted pickup signal received. total_elapsed_at_pickup set to 42.48
[2025-08-14|11:59:26][INFO]  2025-08-14 11:59:26: [Robot FSM] Finish motion move_from_fryer with [basket 5, fryer 3]
[2025-08-14|11:59:26][INFO]  2025-08-14 11:59:26: [Basket 5 FSM] Motion move_from_fryer done (0)
[2025-08-14|11:59:26][DEBUG] DryRecipeFsmSequence: Trigger Event MOTION_DONE on MOVE_FROM_FRYER
[2025-08-14|11:59:26][INFO]  2025-08-14 11:59:26: [Basket 5 FSM] Exit DryMoveFromFryStrategy State.
[2025-08-14|11:59:26][DEBUG] DryRecipeFsmSequence: Enter new state FINISH
[2025-08-14|11:59:26][DEBUG] cooking_logger.py: log() called for basket Basket 5, recipe 5.
[2025-08-14|11:59:26][DEBUG] cooking_logger.py: Prepared MQTT data for cooking log: {'cookingTactTime': 42.483281, 'recipeName': 'recipe5'}
[2025-08-14|11:59:26][DEBUG] cooking_logger.py: send_mqtt_log() called with data: {'cookingTactTime': 42.483281, 'recipeName': 'recipe5'}
[2025-08-14|11:59:26][ERROR] cooking_logger.py: Cannot send MQTT message, session is not connected. Attempting to re-initialize MQTT session.
[2025-08-14|11:59:26][DEBUG] cooking_logger.py: _init_mqtt() called.
[2025-08-14|11:59:26][INFO]  Command I600 : 0
[2025-08-14|11:59:26][INFO]  [CookingLogger] Using MQTT Device ID: indyHomyeongFrying
[2025-08-14|11:59:26][DEBUG] cooking_logger.py: MQTT session params: hostname=device.thingplus.net, port=1883, username=indyHomyeongFrying:neuromeka
[2025-08-14|11:59:26][DEBUG] cooking_logger.py: MQTTSession instance created.
[2025-08-14|11:59:26][DEBUG] cooking_logger.py: Calling mqtt_session.open()...
[2025-08-14|11:59:26][DEBUG] cooking_logger.py: mqtt_session.open() called. Checking connection status...
[2025-08-14|11:59:26][DEBUG] cooking_logger.py: Waiting for MQTT connection... (elapsed: 0.00s)
[2025-08-14|11:59:26][INFO]  cooking_logger.py: CONNECT MQTT server success...
[2025-08-14|11:59:26][DEBUG] cooking_logger.py: Re-initialization successful, retrying send.
[2025-08-14|11:59:26][DEBUG] cooking_logger.py: send_mqtt_log() called with data: {'cookingTactTime': 42.483281, 'recipeName': 'recipe5'}
[2025-08-14|11:59:26][DEBUG] cooking_logger.py: Publishing to topic 'v1/devices/me/telemetry' with payload: {'cookingTactTime': 42.483281, 'recipeName': 'recipe5'}
[2025-08-14|11:59:26][INFO]  cooking_logger.py: Successfully sent log to MQTT.
[2025-08-14|11:59:26][INFO]  2025-08-14 11:59:26: [Basket 5 FSM] Enter DryFinishStrategy State.
[2025-08-14|11:59:26][DEBUG] DryRecipeFsmSequence: Trigger Event DONE on FINISH
[2025-08-14|11:59:26][INFO]  2025-08-14 11:59:26: [Basket 5 FSM] Exit DryFinishStrategy State.
[2025-08-14|11:59:26][DEBUG] DryRecipeFsmSequence: Enter new state NO_MENU
[2025-08-14|11:59:26][INFO]  2025-08-14 11:59:26: [Basket 5 FSM] Enter DryNoMenuStrategy State.
[2025-08-14|11:59:28][DEBUG] RobotFsmSequence: Trigger Event DONE on MOVE_BASKET_FROM_FRYER
[2025-08-14|11:59:28][INFO]  2025-08-14 11:59:28: Exit MoveBasketFromFryerStrategy State.
[2025-08-14|11:59:28][DEBUG] RobotFsmSequence: Enter new state MOVE_TO_READY
[2025-08-14|11:59:28][INFO]  2025-08-14 11:59:28: [Robot FSM] Enter MoveToReadyStrategy State.
[2025-08-14|11:59:28][INFO]  2025-08-14 11:59:28: [Robot FSM] Start motion True move_to_ready  
[2025-08-14|11:59:28][INFO]  Command I600 : 100
[2025-08-14|11:59:33][INFO]  2025-08-14 11:59:33: [Robot FSM] Finish motion move_to_ready
[2025-08-14|11:59:33][DEBUG] RobotFsmSequence: Trigger Event DONE on MOVE_TO_READY
[2025-08-14|11:59:33][INFO]  2025-08-14 11:59:33: [Robot FSM] Exiting MoveToReadyStrategy State.
[2025-08-14|11:59:33][DEBUG] RobotFsmSequence: Enter new state READY_IDLE
[2025-08-14|11:59:33][INFO]  2025-08-14 11:59:33: [Robot FSM] Enter ReadyIdleStrategy State.
[2025-08-14|11:59:33][INFO]  Command I600 : 0
