[2025-08-10|23:21:20][INFO]  --- Starting EcoSensor MQTT Test ---
[2025-08-10|23:21:20][INFO]  [EcoSensor] Using MQTT Device ID: indyX171WO1824
[2025-08-10|23:21:21][INFO]  [SUCCESS] EcoSensor: Connected to MQTT server.
[2025-08-10|23:21:21][INFO]  
Successfully connected to MQTT. Starting to send simulated data...
[2025-08-10|23:21:21][INFO]  Press Ctrl+C to stop the test.
[2025-08-10|23:21:21][INFO]  
[Sun Aug 10 23:21:21 2025] Sending simulated data:
[2025-08-10|23:21:21][INFO]  {'co2': 787, 'co': 0, 'tvoc': 346, 'temperature': 24.3, 'humidity': 56}
[2025-08-10|23:21:21][INFO]  EcoSensor: Successfully sent data to MQTT topic 'v1/devices/me/telemetry'.
[2025-08-10|23:21:26][INFO]  
[Sun Aug 10 23:21:26 2025] Sending simulated data:
[2025-08-10|23:21:26][INFO]  {'co2': 894, 'co': 2, 'tvoc': 228, 'temperature': 27.3, 'humidity': 57}
[2025-08-10|23:21:26][INFO]  EcoSensor: Successfully sent data to MQTT topic 'v1/devices/me/telemetry'.
[2025-08-10|23:21:31][INFO]  
[Sun Aug 10 23:21:31 2025] Sending simulated data:
[2025-08-10|23:21:31][INFO]  {'co2': 440, 'co': 4, 'tvoc': 488, 'temperature': 22.3, 'humidity': 46}
[2025-08-10|23:21:31][INFO]  EcoSensor: Successfully sent data to MQTT topic 'v1/devices/me/telemetry'.
[2025-08-10|23:21:36][INFO]  
[Sun Aug 10 23:21:36 2025] Sending simulated data:
[2025-08-10|23:21:36][INFO]  {'co2': 747, 'co': 5, 'tvoc': 422, 'temperature': 23.4, 'humidity': 56}
[2025-08-10|23:21:36][INFO]  EcoSensor: Successfully sent data to MQTT topic 'v1/devices/me/telemetry'.
[2025-08-10|23:21:41][INFO]  
[Sun Aug 10 23:21:41 2025] Sending simulated data:
[2025-08-10|23:21:41][INFO]  {'co2': 637, 'co': 5, 'tvoc': 485, 'temperature': 23.4, 'humidity': 57}
[2025-08-10|23:21:41][INFO]  EcoSensor: Successfully sent data to MQTT topic 'v1/devices/me/telemetry'.
[2025-08-10|23:21:46][INFO]  
[Sun Aug 10 23:21:46 2025] Sending simulated data:
[2025-08-10|23:21:46][INFO]  {'co2': 404, 'co': 9, 'tvoc': 158, 'temperature': 20.0, 'humidity': 51}
[2025-08-10|23:21:46][INFO]  EcoSensor: Successfully sent data to MQTT topic 'v1/devices/me/telemetry'.
[2025-08-10|23:21:51][INFO]  
[Sun Aug 10 23:21:51 2025] Sending simulated data:
[2025-08-10|23:21:51][INFO]  {'co2': 912, 'co': 4, 'tvoc': 120, 'temperature': 26.9, 'humidity': 60}
[2025-08-10|23:21:51][INFO]  EcoSensor: Successfully sent data to MQTT topic 'v1/devices/me/telemetry'.
[2025-08-10|23:21:56][INFO]  
[Sun Aug 10 23:21:56 2025] Sending simulated data:
[2025-08-10|23:21:56][INFO]  {'co2': 681, 'co': 9, 'tvoc': 105, 'temperature': 22.8, 'humidity': 47}
[2025-08-10|23:21:56][INFO]  EcoSensor: Successfully sent data to MQTT topic 'v1/devices/me/telemetry'.
[2025-08-10|23:22:01][INFO]  
[Sun Aug 10 23:22:01 2025] Sending simulated data:
[2025-08-10|23:22:01][INFO]  {'co2': 792, 'co': 0, 'tvoc': 116, 'temperature': 27.2, 'humidity': 42}
[2025-08-10|23:22:01][INFO]  EcoSensor: Successfully sent data to MQTT topic 'v1/devices/me/telemetry'.
[2025-08-10|23:22:06][INFO]  
[Sun Aug 10 23:22:06 2025] Sending simulated data:
[2025-08-10|23:22:06][INFO]  {'co2': 478, 'co': 7, 'tvoc': 212, 'temperature': 23.4, 'humidity': 51}
[2025-08-10|23:22:06][INFO]  EcoSensor: Successfully sent data to MQTT topic 'v1/devices/me/telemetry'.
[2025-08-10|23:22:11][INFO]  
[Sun Aug 10 23:22:11 2025] Sending simulated data:
[2025-08-10|23:22:11][INFO]  {'co2': 789, 'co': 7, 'tvoc': 197, 'temperature': 26.2, 'humidity': 53}
[2025-08-10|23:22:11][INFO]  EcoSensor: Successfully sent data to MQTT topic 'v1/devices/me/telemetry'.
[2025-08-10|23:22:16][INFO]  
[Sun Aug 10 23:22:16 2025] Sending simulated data:
[2025-08-10|23:22:16][INFO]  {'co2': 968, 'co': 9, 'tvoc': 371, 'temperature': 26.1, 'humidity': 56}
[2025-08-10|23:22:16][INFO]  EcoSensor: Successfully sent data to MQTT topic 'v1/devices/me/telemetry'.
[2025-08-10|23:22:21][INFO]  
[Sun Aug 10 23:22:21 2025] Sending simulated data:
[2025-08-10|23:22:21][INFO]  {'co2': 825, 'co': 2, 'tvoc': 247, 'temperature': 21.6, 'humidity': 57}
[2025-08-10|23:22:21][INFO]  EcoSensor: Successfully sent data to MQTT topic 'v1/devices/me/telemetry'.
[2025-08-10|23:22:26][INFO]  
[Sun Aug 10 23:22:26 2025] Sending simulated data:
[2025-08-10|23:22:26][INFO]  {'co2': 998, 'co': 10, 'tvoc': 467, 'temperature': 24.8, 'humidity': 41}
[2025-08-10|23:22:26][INFO]  EcoSensor: Successfully sent data to MQTT topic 'v1/devices/me/telemetry'.
[2025-08-10|23:22:31][INFO]  
[Sun Aug 10 23:22:31 2025] Sending simulated data:
[2025-08-10|23:22:31][INFO]  {'co2': 443, 'co': 0, 'tvoc': 205, 'temperature': 23.4, 'humidity': 50}
[2025-08-10|23:22:31][INFO]  EcoSensor: Successfully sent data to MQTT topic 'v1/devices/me/telemetry'.
[2025-08-10|23:22:36][INFO]  EcoSensor: MQTT session closed.
[2025-08-10|23:22:36][INFO]  --- EcoSensor MQTT Test Finished ---
