[2025-09-12|11:33:52][INFO]  Blackboard initialized from projects/bulk_frying/configs/blackboard.json
[2025-09-12|11:33:56][INFO]  DEBUG: cooking_logger.py module is being loaded.
[2025-09-12|11:33:56][INFO]  IndyCare MQTT logging is disabled.
[2025-09-12|11:33:56][INFO]  [SYSTEM] Starting bulk_frying System...
[2025-09-12|11:33:56][INFO]  Init AppCommunication
[2025-09-12|11:33:56][DEBUG] RobotFsmSequence: Enter new state NOT_READY
[2025-09-12|11:33:56][INFO]  2025-09-12 11:33:56: Program is NOT running PROG_IDLE.
[2025-09-12|11:33:56][INFO]  2025-09-12 11:33:56: [Robot FSM] Enter NotReadyStrategy State.
[2025-09-12|11:33:56][INFO]  robot fsm run
[2025-09-12|11:33:56][INFO]  ProcessManager initialized with fry_type: dry
[2025-09-12|11:33:56][INFO]  dryfsm 1
[2025-09-12|11:33:56][DEBUG] DryRecipeFsmSequence: Enter new state NO_MENU
[2025-09-12|11:33:56][INFO]  2025-09-12 11:33:56: [Basket 1 FSM] Enter DryNoMenuStrategy State.
[2025-09-12|11:33:56][INFO]  dryfsm 2
[2025-09-12|11:33:56][DEBUG] RobotFsmSequence: Trigger Event DONE on NOT_READY
[2025-09-12|11:33:56][DEBUG] DryRecipeFsmSequence: Enter new state NO_MENU
[2025-09-12|11:33:56][INFO]  2025-09-12 11:33:56: [Robot FSM] Exit NotReadyStrategy State.
[2025-09-12|11:33:56][DEBUG] RobotFsmSequence: Enter new state NOT_READY_IDLE
[2025-09-12|11:33:56][INFO]  2025-09-12 11:33:56: Program is NOT running PROG_IDLE.
[2025-09-12|11:33:56][INFO]  2025-09-12 11:33:56: [Robot FSM] Enter NotReadyIdleStrategy State.
[2025-09-12|11:33:56][INFO]  2025-09-12 11:33:56: [Basket 2 FSM] Enter DryNoMenuStrategy State.
[2025-09-12|11:33:56][INFO]  dryfsm 3
[2025-09-12|11:33:56][DEBUG] DryRecipeFsmSequence: Enter new state NO_MENU
[2025-09-12|11:33:56][INFO]  2025-09-12 11:33:56: [Basket 3 FSM] Enter DryNoMenuStrategy State.
[2025-09-12|11:33:56][INFO]  dryfsm 4
[2025-09-12|11:33:56][DEBUG] DryRecipeFsmSequence: Enter new state NO_MENU
[2025-09-12|11:33:56][INFO]  2025-09-12 11:33:56: [Basket 4 FSM] Enter DryNoMenuStrategy State.
[2025-09-12|11:33:56][INFO]  dryfsm 5
[2025-09-12|11:33:56][DEBUG] DryRecipeFsmSequence: Enter new state NO_MENU
[2025-09-12|11:33:56][INFO]  2025-09-12 11:33:56: [Basket 5 FSM] Enter DryNoMenuStrategy State.
[2025-09-12|11:33:56][INFO]  dryfsm 6
[2025-09-12|11:33:56][DEBUG] DryRecipeFsmSequence: Enter new state NO_MENU
[2025-09-12|11:33:56][INFO]  2025-09-12 11:33:56: [Basket 6 FSM] Enter DryNoMenuStrategy State.
[2025-09-12|11:33:56][INFO]  dryfsm 7
[2025-09-12|11:33:56][DEBUG] DryRecipeFsmSequence: Enter new state NO_MENU
[2025-09-12|11:33:56][INFO]  2025-09-12 11:33:56: [Basket 7 FSM] Enter DryNoMenuStrategy State.
[2025-09-12|11:33:56][INFO]  dryfsm 8
[2025-09-12|11:33:56][DEBUG] DryRecipeFsmSequence: Enter new state NO_MENU
[2025-09-12|11:33:56][INFO]  2025-09-12 11:33:56: [Basket 8 FSM] Enter DryNoMenuStrategy State.
[2025-09-12|11:33:57][INFO]  dry fsm run
[2025-09-12|11:33:57][INFO]  1 fryer Index : 1
[2025-09-12|11:33:57][DEBUG] WetRecipeFsmSequence: Enter new state WAIT_PUTIN
[2025-09-12|11:33:57][INFO]  [SPECIAL] Basket 1: Reset putin_shake=0, shake_done=0
[2025-09-12|11:33:57][INFO]  2025-09-12 11:33:57: [Basket 1 FSM] Enter WaitPutinStrategy State.
[2025-09-12|11:33:57][INFO]  3 fryer Index : 1
[2025-09-12|11:33:57][DEBUG] WetRecipeFsmSequence: Enter new state WAIT_PUTIN
[2025-09-12|11:33:57][INFO]  [SPECIAL] Basket 3: Reset putin_shake=0, shake_done=0
[2025-09-12|11:33:57][INFO]  2025-09-12 11:33:57: [Basket 3 FSM] Enter WaitPutinStrategy State.
[2025-09-12|11:33:57][INFO]  6 fryer Index : 4
[2025-09-12|11:33:57][DEBUG] WetRecipeFsmSequence: Enter new state WAIT_PUTIN
[2025-09-12|11:33:57][INFO]  [SPECIAL] Basket 6: Reset putin_shake=0, shake_done=0
[2025-09-12|11:33:57][INFO]  2025-09-12 11:33:57: [Basket 6 FSM] Enter WaitPutinStrategy State.
[2025-09-12|11:33:57][INFO]  8 fryer Index : 4
[2025-09-12|11:33:57][DEBUG] WetRecipeFsmSequence: Enter new state WAIT_PUTIN
[2025-09-12|11:33:57][INFO]  [SPECIAL] Basket 8: Reset putin_shake=0, shake_done=0
[2025-09-12|11:33:57][INFO]  2025-09-12 11:33:57: [Basket 8 FSM] Enter WaitPutinStrategy State.
[2025-09-12|11:33:57][INFO]  wet fsm run
[2025-09-12|11:33:57][INFO]  [ProcessManager Init] Current Working Directory: /home/user/dev/runtest/Release/codex_agents_indycare
[2025-09-12|11:33:57][INFO]  [ProcessManager Init] Attempting to load config from: /home/user/dev/runtest/Release/codex_agents_indycare/projects/bulk_frying/configs/app_config.json
[2025-09-12|11:33:57][INFO]  [ProcessManager Init] Extracted eco_sensor_config: {'enabled': False, 'communication_type': 'socket', 'ip': '192.168.0.2', 'port': 5000, 'serial_port': '/dev/ttyUSB0', 'read_interval_minutes': 10, 'send_on_startup': True, 'max_retry_attempts': 3, 'retry_delay_seconds': 5}
[2025-09-12|11:33:57][WARN]  [ProcessManager Init] EcoSensor is not enabled or config not found. Skipping initialization.
[2025-09-12|11:33:57][INFO]  EcoSensor: Will send data immediately on first run.
[2025-09-12|11:33:57][INFO]  [SYSTEM] bulk_frying system initialized. Running...
[2025-09-12|11:34:29][INFO]  2025-09-12 11:34:29: [ProcessManager] Reset all recipes!
[2025-09-12|11:34:29][INFO]  [SYSTEM] [DEBUG] Received request for full FSM reset.
[2025-09-12|11:34:29][INFO]  2025-09-12 11:34:29: Program is NOT running PROG_IDLE.
[2025-09-12|11:34:29][INFO]  [SYSTEM] [DEBUG] Re-initializing all FSMs without waiting for old threads.
[2025-09-12|11:34:29][INFO]  RobotFsmSequence: Stopping FSM service thread.
[2025-09-12|11:34:29][INFO]  RobotFsmSequence: FSM service thread stopped.
[2025-09-12|11:34:29][DEBUG] RobotFsmSequence: Enter new state NOT_READY
[2025-09-12|11:34:29][INFO]  2025-09-12 11:34:29: Program is NOT running PROG_IDLE.
[2025-09-12|11:34:29][INFO]  2025-09-12 11:34:29: [Robot FSM] Enter NotReadyStrategy State.
[2025-09-12|11:34:29][INFO]  [SYSTEM] [DEBUG] Robot FSM re-initialized.
[2025-09-12|11:34:29][INFO]  DryRecipeFsmSequence: Stopping FSM service thread.
[2025-09-12|11:34:29][INFO]  DryRecipeFsmSequence: FSM service thread stopped.
[2025-09-12|11:34:29][INFO]  DryRecipeFsmSequence: Stopping FSM service thread.
[2025-09-12|11:34:29][DEBUG] RobotFsmSequence: Trigger Event DONE on NOT_READY
[2025-09-12|11:34:29][INFO]  DryRecipeFsmSequence: FSM service thread stopped.
[2025-09-12|11:34:29][INFO]  DryRecipeFsmSequence: Stopping FSM service thread.
[2025-09-12|11:34:29][INFO]  DryRecipeFsmSequence: FSM service thread stopped.
[2025-09-12|11:34:29][INFO]  DryRecipeFsmSequence: Stopping FSM service thread.
[2025-09-12|11:34:29][INFO]  2025-09-12 11:34:29: [Robot FSM] Exit NotReadyStrategy State.
[2025-09-12|11:34:29][DEBUG] RobotFsmSequence: Enter new state NOT_READY_IDLE
[2025-09-12|11:34:29][INFO]  2025-09-12 11:34:29: Program is NOT running PROG_IDLE.
[2025-09-12|11:34:29][INFO]  2025-09-12 11:34:29: [Robot FSM] Enter NotReadyIdleStrategy State.
[2025-09-12|11:34:29][INFO]  DryRecipeFsmSequence: FSM service thread stopped.
[2025-09-12|11:34:29][INFO]  DryRecipeFsmSequence: Stopping FSM service thread.
[2025-09-12|11:34:29][INFO]  DryRecipeFsmSequence: FSM service thread stopped.
[2025-09-12|11:34:29][INFO]  DryRecipeFsmSequence: Stopping FSM service thread.
[2025-09-12|11:34:29][INFO]  DryRecipeFsmSequence: FSM service thread stopped.
[2025-09-12|11:34:29][INFO]  DryRecipeFsmSequence: Stopping FSM service thread.
[2025-09-12|11:34:29][INFO]  DryRecipeFsmSequence: FSM service thread stopped.
[2025-09-12|11:34:29][INFO]  DryRecipeFsmSequence: Stopping FSM service thread.
[2025-09-12|11:34:29][INFO]  DryRecipeFsmSequence: FSM service thread stopped.
[2025-09-12|11:34:29][INFO]  dryfsm 1
[2025-09-12|11:34:29][DEBUG] DryRecipeFsmSequence: Enter new state NO_MENU
[2025-09-12|11:34:29][INFO]  2025-09-12 11:34:29: [Basket 1 FSM] Enter DryNoMenuStrategy State.
[2025-09-12|11:34:29][INFO]  dryfsm 2
[2025-09-12|11:34:29][DEBUG] DryRecipeFsmSequence: Enter new state NO_MENU
[2025-09-12|11:34:29][INFO]  2025-09-12 11:34:29: [Basket 2 FSM] Enter DryNoMenuStrategy State.
[2025-09-12|11:34:29][INFO]  dryfsm 3
[2025-09-12|11:34:29][DEBUG] DryRecipeFsmSequence: Enter new state NO_MENU
[2025-09-12|11:34:29][INFO]  2025-09-12 11:34:29: [Basket 3 FSM] Enter DryNoMenuStrategy State.
[2025-09-12|11:34:29][INFO]  dryfsm 4
[2025-09-12|11:34:30][DEBUG] DryRecipeFsmSequence: Enter new state NO_MENU
[2025-09-12|11:34:30][INFO]  2025-09-12 11:34:30: [Basket 4 FSM] Enter DryNoMenuStrategy State.
[2025-09-12|11:34:30][INFO]  dryfsm 5
[2025-09-12|11:34:30][DEBUG] DryRecipeFsmSequence: Enter new state NO_MENU
[2025-09-12|11:34:30][INFO]  2025-09-12 11:34:30: [Basket 5 FSM] Enter DryNoMenuStrategy State.
[2025-09-12|11:34:30][INFO]  dryfsm 6
[2025-09-12|11:34:30][DEBUG] DryRecipeFsmSequence: Enter new state NO_MENU
[2025-09-12|11:34:30][INFO]  2025-09-12 11:34:30: [Basket 6 FSM] Enter DryNoMenuStrategy State.
[2025-09-12|11:34:30][INFO]  dryfsm 7
[2025-09-12|11:34:30][DEBUG] DryRecipeFsmSequence: Enter new state NO_MENU
[2025-09-12|11:34:30][INFO]  2025-09-12 11:34:30: [Basket 7 FSM] Enter DryNoMenuStrategy State.
[2025-09-12|11:34:30][INFO]  dryfsm 8
[2025-09-12|11:34:30][DEBUG] DryRecipeFsmSequence: Enter new state NO_MENU
[2025-09-12|11:34:30][INFO]  2025-09-12 11:34:30: [Basket 8 FSM] Enter DryNoMenuStrategy State.
[2025-09-12|11:34:30][INFO]  WetRecipeFsmSequence: Stopping FSM service thread.
[2025-09-12|11:34:30][INFO]  WetRecipeFsmSequence: FSM service thread stopped.
[2025-09-12|11:34:30][INFO]  WetRecipeFsmSequence: Stopping FSM service thread.
[2025-09-12|11:34:30][INFO]  WetRecipeFsmSequence: FSM service thread stopped.
[2025-09-12|11:34:30][INFO]  WetRecipeFsmSequence: Stopping FSM service thread.
[2025-09-12|11:34:30][INFO]  WetRecipeFsmSequence: FSM service thread stopped.
[2025-09-12|11:34:30][INFO]  WetRecipeFsmSequence: Stopping FSM service thread.
[2025-09-12|11:34:30][INFO]  WetRecipeFsmSequence: FSM service thread stopped.
[2025-09-12|11:34:30][INFO]  1 fryer Index : 1
[2025-09-12|11:34:30][DEBUG] WetRecipeFsmSequence: Enter new state WAIT_PUTIN
[2025-09-12|11:34:30][INFO]  [SPECIAL] Basket 1: Reset putin_shake=0, shake_done=0
[2025-09-12|11:34:30][INFO]  2025-09-12 11:34:30: [Basket 1 FSM] Enter WaitPutinStrategy State.
[2025-09-12|11:34:30][INFO]  3 fryer Index : 1
[2025-09-12|11:34:30][DEBUG] WetRecipeFsmSequence: Enter new state WAIT_PUTIN
[2025-09-12|11:34:30][INFO]  [SPECIAL] Basket 3: Reset putin_shake=0, shake_done=0
[2025-09-12|11:34:30][INFO]  2025-09-12 11:34:30: [Basket 3 FSM] Enter WaitPutinStrategy State.
[2025-09-12|11:34:30][INFO]  6 fryer Index : 4
[2025-09-12|11:34:30][DEBUG] WetRecipeFsmSequence: Enter new state WAIT_PUTIN
[2025-09-12|11:34:30][INFO]  [SPECIAL] Basket 6: Reset putin_shake=0, shake_done=0
[2025-09-12|11:34:30][INFO]  2025-09-12 11:34:30: [Basket 6 FSM] Enter WaitPutinStrategy State.
[2025-09-12|11:34:30][INFO]  8 fryer Index : 4
[2025-09-12|11:34:30][DEBUG] WetRecipeFsmSequence: Enter new state WAIT_PUTIN
[2025-09-12|11:34:30][INFO]  [SPECIAL] Basket 8: Reset putin_shake=0, shake_done=0
[2025-09-12|11:34:30][INFO]  2025-09-12 11:34:30: [Basket 8 FSM] Enter WaitPutinStrategy State.
[2025-09-12|11:34:31][INFO]  [SYSTEM] [DEBUG] All FSMs re-initialized.
[2025-09-12|11:34:31][INFO]  [ProcessManager] `prog_stopped` flag has been manually reset.
[2025-09-12|11:34:31][DEBUG] cooking_logger.py: send_recipe_list_mqtt() called with data: [{'label': '', 'time': 0}, {'label': '테스트', 'time': 180}, {'label': '', 'time': 0}, {'label': '', 'time': 0}, {'label': '', 'time': 0}, {'label': '', 'time': 0}, {'label': '', 'time': 0}, {'label': '', 'time': 0}, {'label': '', 'time': 0}, {'label': '', 'time': 0}, {'label': '', 'time': 0}]
[2025-09-12|11:34:31][INFO]  -------- ui/recipe1/reset/recipe_name 191 True
[2025-09-12|11:34:31][INFO]  ---sdfsdfsdff=----------
[2025-09-12|11:34:32][DEBUG] cooking_logger.py: send_recipe_list_mqtt() called with data: [{'label': '', 'time': 0}, {'label': '테스트', 'time': 180}, {'label': '', 'time': 0}, {'label': '', 'time': 0}, {'label': '', 'time': 0}, {'label': '', 'time': 0}, {'label': '', 'time': 0}, {'label': '', 'time': 0}, {'label': '', 'time': 0}, {'label': '', 'time': 0}, {'label': '', 'time': 0}]
[2025-09-12|11:34:39][INFO]  2025-09-12 11:34:39: [Robot FSM] Program Start.
[2025-09-12|11:34:39][INFO]  2025-09-12 11:34:39: Wait for main program running
[2025-09-12|11:34:39][INFO]  2025-09-12 11:34:39: Program is NOT running PROG_IDLE.
[2025-09-12|11:34:39][ERROR] Start main program
[2025-09-12|11:34:39][INFO]  2025-09-12 11:34:39: Wait for main program running
[2025-09-12|11:34:39][INFO]  2025-09-12 11:34:39: Program is NOT running PROG_IDLE.
[2025-09-12|11:34:39][INFO]  2025-09-12 11:34:39: Wait for main program running
[2025-09-12|11:34:39][INFO]  2025-09-12 11:34:39: Program is NOT running PROG_IDLE.
[2025-09-12|11:34:40][INFO]  2025-09-12 11:34:40: Wait for main program running
[2025-09-12|11:34:40][INFO]  2025-09-12 11:34:40: Program is NOT running PROG_IDLE.
[2025-09-12|11:34:40][INFO]  2025-09-12 11:34:40: Wait for main program running
[2025-09-12|11:34:40][INFO]  2025-09-12 11:34:40: Program is NOT running PROG_IDLE.
[2025-09-12|11:34:40][INFO]  2025-09-12 11:34:40: Wait for main program running
[2025-09-12|11:34:40][INFO]  2025-09-12 11:34:40: Program is NOT running PROG_IDLE.
[2025-09-12|11:34:40][INFO]  2025-09-12 11:34:40: Wait for main program running
[2025-09-12|11:34:40][INFO]  2025-09-12 11:34:40: Program is NOT running PROG_IDLE.
[2025-09-12|11:34:40][INFO]  2025-09-12 11:34:40: Wait for main program running
[2025-09-12|11:34:40][INFO]  2025-09-12 11:34:40: Program is NOT running PROG_IDLE.
[2025-09-12|11:34:40][INFO]  2025-09-12 11:34:40: Wait for main program running
[2025-09-12|11:34:40][INFO]  2025-09-12 11:34:40: Program is NOT running PROG_IDLE.
[2025-09-12|11:34:40][INFO]  2025-09-12 11:34:40: Wait for main program running
[2025-09-12|11:34:40][INFO]  2025-09-12 11:34:40: Program is NOT running PROG_IDLE.
[2025-09-12|11:34:40][INFO]  2025-09-12 11:34:40: Wait for main program running
[2025-09-12|11:34:40][INFO]  2025-09-12 11:34:40: Program is NOT running PROG_IDLE.
[2025-09-12|11:34:40][INFO]  2025-09-12 11:34:40: Wait for main program running
[2025-09-12|11:34:40][INFO]  2025-09-12 11:34:40: Program is NOT running PROG_IDLE.
[2025-09-12|11:34:41][INFO]  2025-09-12 11:34:41: Wait for main program running
[2025-09-12|11:34:41][INFO]  2025-09-12 11:34:41: Program is NOT running PROG_IDLE.
[2025-09-12|11:34:41][INFO]  2025-09-12 11:34:41: Wait for main program running
[2025-09-12|11:34:41][INFO]  2025-09-12 11:34:41: Program is NOT running PROG_IDLE.
[2025-09-12|11:34:41][INFO]  2025-09-12 11:34:41: Wait for main program running
[2025-09-12|11:34:41][INFO]  2025-09-12 11:34:41: Program is NOT running PROG_IDLE.
[2025-09-12|11:34:41][INFO]  2025-09-12 11:34:41: Wait for main program running
[2025-09-12|11:34:41][INFO]  2025-09-12 11:34:41: Program is NOT running PROG_IDLE.
[2025-09-12|11:34:41][INFO]  2025-09-12 11:34:41: Wait for main program running
[2025-09-12|11:34:41][INFO]  2025-09-12 11:34:41: Program is NOT running PROG_IDLE.
[2025-09-12|11:34:41][INFO]  2025-09-12 11:34:41: Wait for main program running
[2025-09-12|11:34:41][INFO]  2025-09-12 11:34:41: Program is NOT running PROG_IDLE.
[2025-09-12|11:34:41][INFO]  2025-09-12 11:34:41: Wait for main program running
[2025-09-12|11:34:41][INFO]  2025-09-12 11:34:41: Program is NOT running PROG_IDLE.
[2025-09-12|11:34:41][INFO]  2025-09-12 11:34:41: Wait for main program running
[2025-09-12|11:34:41][INFO]  2025-09-12 11:34:41: Program is NOT running PROG_IDLE.
[2025-09-12|11:34:41][INFO]  2025-09-12 11:34:41: Wait for main program running
[2025-09-12|11:34:41][INFO]  2025-09-12 11:34:41: Program is NOT running PROG_IDLE.
[2025-09-12|11:34:41][INFO]  2025-09-12 11:34:41: Wait for main program running
[2025-09-12|11:34:42][INFO]  2025-09-12 11:34:42: Program is NOT running PROG_IDLE.
[2025-09-12|11:34:42][INFO]  2025-09-12 11:34:42: Wait for main program running
[2025-09-12|11:34:42][INFO]  2025-09-12 11:34:42: Program is NOT running PROG_IDLE.
[2025-09-12|11:34:42][INFO]  2025-09-12 11:34:42: Wait for main program running
[2025-09-12|11:34:42][INFO]  2025-09-12 11:34:42: Program is NOT running PROG_IDLE.
[2025-09-12|11:34:42][INFO]  2025-09-12 11:34:42: Wait for main program running
[2025-09-12|11:34:42][INFO]  2025-09-12 11:34:42: Program is NOT running PROG_IDLE.
[2025-09-12|11:34:42][INFO]  2025-09-12 11:34:42: Wait for main program running
[2025-09-12|11:34:42][INFO]  2025-09-12 11:34:42: Program is NOT running PROG_IDLE.
[2025-09-12|11:34:42][INFO]  2025-09-12 11:34:42: Wait for main program running
[2025-09-12|11:34:42][INFO]  2025-09-12 11:34:42: Program is NOT running PROG_IDLE.
[2025-09-12|11:34:42][INFO]  2025-09-12 11:34:42: Wait for main program running
[2025-09-12|11:34:42][INFO]  2025-09-12 11:34:42: Program is NOT running PROG_IDLE.
[2025-09-12|11:34:42][INFO]  2025-09-12 11:34:42: Wait for main program running
[2025-09-12|11:34:42][INFO]  2025-09-12 11:34:42: Program is NOT running PROG_IDLE.
[2025-09-12|11:34:42][INFO]  2025-09-12 11:34:42: Wait for main program running
[2025-09-12|11:34:42][INFO]  2025-09-12 11:34:42: Program is NOT running PROG_IDLE.
[2025-09-12|11:34:42][INFO]  2025-09-12 11:34:42: Wait for main program running
[2025-09-12|11:34:42][INFO]  2025-09-12 11:34:42: Program is NOT running PROG_IDLE.
[2025-09-12|11:34:43][INFO]  2025-09-12 11:34:43: Wait for main program running
[2025-09-12|11:34:43][INFO]  2025-09-12 11:34:43: Program is NOT running PROG_IDLE.
[2025-09-12|11:34:43][INFO]  2025-09-12 11:34:43: Wait for main program running
[2025-09-12|11:34:43][INFO]  2025-09-12 11:34:43: Program is NOT running PROG_IDLE.
[2025-09-12|11:34:43][INFO]  2025-09-12 11:34:43: Wait for main program running
[2025-09-12|11:34:43][INFO]  2025-09-12 11:34:43: Program is NOT running PROG_IDLE.
[2025-09-12|11:34:43][INFO]  2025-09-12 11:34:43: Wait for main program running
[2025-09-12|11:34:43][INFO]  2025-09-12 11:34:43: Program is NOT running PROG_IDLE.
[2025-09-12|11:34:43][INFO]  2025-09-12 11:34:43: Wait for main program running
[2025-09-12|11:34:43][DEBUG] RobotFsmSequence: Trigger Event START_PROGRAM on NOT_READY_IDLE
[2025-09-12|11:34:43][INFO]  2025-09-12 11:34:43: [Robot FSM] Exit NotReadyIdleStrategy State.
[2025-09-12|11:34:43][DEBUG] RobotFsmSequence: Enter new state MOVE_TO_READY
[2025-09-12|11:34:43][INFO]  2025-09-12 11:34:43: [Robot FSM] Enter MoveToReadyStrategy State.
[2025-09-12|11:34:43][INFO]  2025-09-12 11:34:43: [Robot FSM] Start motion True move_to_ready  
[2025-09-12|11:34:43][INFO]  Command I600 : 100
[2025-09-12|11:35:03][INFO]  [Basket 1] Waiting for recipe assignment lock.
[2025-09-12|11:35:03][INFO]  [Basket 3] Waiting for recipe assignment lock.
[2025-09-12|11:35:03][INFO]  [Basket 4] Waiting for recipe assignment lock.
[2025-09-12|11:35:03][INFO]  [Basket 2] Waiting for recipe assignment lock.
[2025-09-12|11:35:03][INFO]  [Basket 5] Waiting for recipe assignment lock.
[2025-09-12|11:35:03][INFO]  [Basket 1] Acquired recipe assignment lock.
[2025-09-12|11:35:03][INFO]  [Basket 1] Releasing recipe assignment lock.
[2025-09-12|11:35:03][INFO]  [Basket 2] Acquired recipe assignment lock.
[2025-09-12|11:35:03][INFO]  [Basket 2] Releasing recipe assignment lock.
[2025-09-12|11:35:03][INFO]  2025-09-12 11:35:03: [Basket 1 FSM] Assign new menu 1
[2025-09-12|11:35:03][INFO]  [Basket 3] Acquired recipe assignment lock.
[2025-09-12|11:35:03][INFO]  [Basket 3] Releasing recipe assignment lock.
[2025-09-12|11:35:03][DEBUG] DryRecipeFsmSequence: Trigger Event ASSIGN_MENU on NO_MENU
[2025-09-12|11:35:03][INFO]  2025-09-12 11:35:03: [Basket 2 FSM] Assign new menu 1
[2025-09-12|11:35:03][INFO]  [Basket 5] Acquired recipe assignment lock.
[2025-09-12|11:35:03][INFO]  2025-09-12 11:35:03: [Basket 1 FSM] Exit DryNoMenuStrategy State.
[2025-09-12|11:35:03][DEBUG] DryRecipeFsmSequence: Trigger Event ASSIGN_MENU on NO_MENU
[2025-09-12|11:35:03][INFO]  2025-09-12 11:35:03: [Basket 2 FSM] Exit DryNoMenuStrategy State.
[2025-09-12|11:35:03][DEBUG] DryRecipeFsmSequence: Enter new state COOKING_READY
[2025-09-12|11:35:03][INFO]  2025-09-12 11:35:03: [Basket 1 FSM] Enter DryCookingReadyStrategy State.
[2025-09-12|11:35:03][INFO]  2025-09-12 11:35:03: [Basket 1 FSM] Start cooking.
[2025-09-12|11:35:03][DEBUG] DryRecipeFsmSequence: Trigger Event START_MENU on COOKING_READY
[2025-09-12|11:35:03][INFO]  2025-09-12 11:35:03: [Basket 1 FSM] Exit DryCookingReadyStrategy State.
[2025-09-12|11:35:03][DEBUG] DryRecipeFsmSequence: Enter new state MOVE_TO_FRYER
[2025-09-12|11:35:03][DEBUG] DryRecipeFsmSequence: Enter new state COOKING_READY
[2025-09-12|11:35:03][INFO]  2025-09-12 11:35:03: [Basket 3 FSM] Assign new menu 1
[2025-09-12|11:35:03][INFO]  2025-09-12 11:35:03: [Basket 2 FSM] Enter DryCookingReadyStrategy State.
[2025-09-12|11:35:03][DEBUG] DryRecipeFsmSequence: Trigger Event ASSIGN_MENU on NO_MENU
[2025-09-12|11:35:03][INFO]  2025-09-12 11:35:03: [Basket 3 FSM] Exit DryNoMenuStrategy State.
[2025-09-12|11:35:03][INFO]  2025-09-12 11:35:03: [Basket 1 FSM] Enter DryMoveToFryStrategy State.
[2025-09-12|11:35:03][INFO]  [Basket 5] Releasing recipe assignment lock.
[2025-09-12|11:35:03][INFO]  [Debug] Basket 1: putin_shake=True, type=<class 'bool'>
[2025-09-12|11:35:03][INFO]  2025-09-12 11:35:03: [Basket 2 FSM] Start cooking.
[2025-09-12|11:35:03][DEBUG] DryRecipeFsmSequence: Trigger Event START_MENU on COOKING_READY
[2025-09-12|11:35:03][INFO]  2025-09-12 11:35:03: [Basket 2 FSM] Exit DryCookingReadyStrategy State.
[2025-09-12|11:35:03][INFO]  [Basket 4] Acquired recipe assignment lock.
[2025-09-12|11:35:03][DEBUG] DryRecipeFsmSequence: Enter new state COOKING_READY
[2025-09-12|11:35:03][INFO]  2025-09-12 11:35:03: [Basket 5 FSM] Assign new menu 1
[2025-09-12|11:35:03][INFO]  2025-09-12 11:35:03: [Basket 3 FSM] Enter DryCookingReadyStrategy State.
[2025-09-12|11:35:03][DEBUG] DryRecipeFsmSequence: Trigger Event ASSIGN_MENU on NO_MENU
[2025-09-12|11:35:03][INFO]  2025-09-12 11:35:03: [Basket 5 FSM] Exit DryNoMenuStrategy State.
[2025-09-12|11:35:03][DEBUG] DryRecipeFsmSequence: Enter new state MOVE_TO_FRYER
[2025-09-12|11:35:03][DEBUG] DryRecipeFsmSequence: Enter new state COOKING_READY
[2025-09-12|11:35:03][INFO]  2025-09-12 11:35:03: [Basket 2 FSM] Enter DryMoveToFryStrategy State.
[2025-09-12|11:35:03][INFO]  [Debug] Basket 2: putin_shake=True, type=<class 'bool'>
[2025-09-12|11:35:03][INFO]  2025-09-12 11:35:03: [Basket 5 FSM] Enter DryCookingReadyStrategy State.
[2025-09-12|11:35:03][INFO]  2025-09-12 11:35:03: [Basket 5 FSM] Start cooking.
[2025-09-12|11:35:03][DEBUG] DryRecipeFsmSequence: Trigger Event START_MENU on COOKING_READY
[2025-09-12|11:35:03][INFO]  2025-09-12 11:35:03: [Basket 5 FSM] Exit DryCookingReadyStrategy State.
[2025-09-12|11:35:03][DEBUG] DryRecipeFsmSequence: Enter new state MOVE_TO_FRYER
[2025-09-12|11:35:03][INFO]  [Basket 4] Releasing recipe assignment lock.
[2025-09-12|11:35:03][INFO]  2025-09-12 11:35:03: [Basket 5 FSM] Enter DryMoveToFryStrategy State.
[2025-09-12|11:35:03][INFO]  [Debug] Basket 5: putin_shake=True, type=<class 'bool'>
[2025-09-12|11:35:03][INFO]  2025-09-12 11:35:03: [Basket 4 FSM] Assign new menu 1
[2025-09-12|11:35:03][DEBUG] DryRecipeFsmSequence: Trigger Event ASSIGN_MENU on NO_MENU
[2025-09-12|11:35:03][INFO]  2025-09-12 11:35:03: [Basket 4 FSM] Exit DryNoMenuStrategy State.
[2025-09-12|11:35:03][DEBUG] DryRecipeFsmSequence: Enter new state COOKING_READY
[2025-09-12|11:35:03][INFO]  2025-09-12 11:35:03: [Basket 4 FSM] Enter DryCookingReadyStrategy State.
[2025-09-12|11:35:03][INFO]  [Basket 7] Waiting for recipe assignment lock.
[2025-09-12|11:35:03][INFO]  [Basket 6] Waiting for recipe assignment lock.
[2025-09-12|11:35:03][INFO]  [Basket 7] Acquired recipe assignment lock.
[2025-09-12|11:35:03][INFO]  [Basket 8] Waiting for recipe assignment lock.
[2025-09-12|11:35:03][INFO]  [Basket 7] Releasing recipe assignment lock.
[2025-09-12|11:35:03][INFO]  [Basket 6] Acquired recipe assignment lock.
[2025-09-12|11:35:03][INFO]  2025-09-12 11:35:03: [Basket 7 FSM] Assign new menu 1
[2025-09-12|11:35:03][DEBUG] DryRecipeFsmSequence: Trigger Event ASSIGN_MENU on NO_MENU
[2025-09-12|11:35:03][INFO]  [Basket 6] Releasing recipe assignment lock.
[2025-09-12|11:35:03][INFO]  2025-09-12 11:35:03: [Basket 7 FSM] Exit DryNoMenuStrategy State.
[2025-09-12|11:35:03][DEBUG] DryRecipeFsmSequence: Enter new state COOKING_READY
[2025-09-12|11:35:03][INFO]  2025-09-12 11:35:03: [Basket 7 FSM] Enter DryCookingReadyStrategy State.
[2025-09-12|11:35:03][INFO]  [Basket 8] Acquired recipe assignment lock.
[2025-09-12|11:35:03][INFO]  2025-09-12 11:35:03: [Basket 6 FSM] Assign new menu 1
[2025-09-12|11:35:03][DEBUG] DryRecipeFsmSequence: Trigger Event ASSIGN_MENU on NO_MENU
[2025-09-12|11:35:03][INFO]  2025-09-12 11:35:03: [Basket 6 FSM] Exit DryNoMenuStrategy State.
[2025-09-12|11:35:03][DEBUG] DryRecipeFsmSequence: Enter new state COOKING_READY
[2025-09-12|11:35:03][INFO]  [Basket 8] Releasing recipe assignment lock.
[2025-09-12|11:35:03][INFO]  2025-09-12 11:35:03: [Basket 6 FSM] Enter DryCookingReadyStrategy State.
[2025-09-12|11:35:03][INFO]  2025-09-12 11:35:03: [Basket 6 FSM] Start cooking.
[2025-09-12|11:35:03][DEBUG] DryRecipeFsmSequence: Trigger Event START_MENU on COOKING_READY
[2025-09-12|11:35:03][INFO]  2025-09-12 11:35:03: [Basket 8 FSM] Assign new menu 1
[2025-09-12|11:35:03][DEBUG] DryRecipeFsmSequence: Trigger Event ASSIGN_MENU on NO_MENU
[2025-09-12|11:35:03][INFO]  2025-09-12 11:35:03: [Basket 8 FSM] Exit DryNoMenuStrategy State.
[2025-09-12|11:35:03][DEBUG] DryRecipeFsmSequence: Enter new state COOKING_READY
[2025-09-12|11:35:03][INFO]  2025-09-12 11:35:03: [Basket 6 FSM] Exit DryCookingReadyStrategy State.
[2025-09-12|11:35:03][INFO]  2025-09-12 11:35:03: [Basket 8 FSM] Enter DryCookingReadyStrategy State.
[2025-09-12|11:35:03][DEBUG] DryRecipeFsmSequence: Enter new state MOVE_TO_FRYER
[2025-09-12|11:35:03][INFO]  2025-09-12 11:35:03: [Basket 6 FSM] Enter DryMoveToFryStrategy State.
[2025-09-12|11:35:03][INFO]  [Debug] Basket 6: putin_shake=True, type=<class 'bool'>
[2025-09-12|11:35:12][INFO]  2025-09-12 11:35:12: [Robot FSM] Finish motion move_to_ready
[2025-09-12|11:35:12][DEBUG] RobotFsmSequence: Trigger Event DONE on MOVE_TO_READY
[2025-09-12|11:35:12][INFO]  2025-09-12 11:35:12: [Robot FSM] Exiting MoveToReadyStrategy State.
[2025-09-12|11:35:12][DEBUG] RobotFsmSequence: Enter new state READY_IDLE
[2025-09-12|11:35:12][INFO]  2025-09-12 11:35:12: [Robot FSM] Enter ReadyIdleStrategy State.
[2025-09-12|11:35:12][INFO]  Command I600 : 0
[2025-09-12|11:35:12][INFO]  [PriorityScheduler] Current priority list:
[2025-09-12|11:35:12][INFO]    - Basket 1 | Fryer: 1 | type: dry | State: MOVE_TO_FRYER | Shake_times : 0 | Elapsed: 0.0s | FinishRemain: 1000.0s | Priority: 3
[2025-09-12|11:35:12][INFO]    - Basket 2 | Fryer: 2 | type: dry | State: MOVE_TO_FRYER | Shake_times : 0 | Elapsed: 0.0s | FinishRemain: 1000.0s | Priority: 3
[2025-09-12|11:35:12][INFO]    - Basket 5 | Fryer: 3 | type: dry | State: MOVE_TO_FRYER | Shake_times : 0 | Elapsed: 0.0s | FinishRemain: 1000.0s | Priority: 3
[2025-09-12|11:35:12][INFO]    - Basket 6 | Fryer: 4 | type: dry | State: MOVE_TO_FRYER | Shake_times : 0 | Elapsed: 0.0s | FinishRemain: 1000.0s | Priority: 3
[2025-09-12|11:35:12][INFO]  trigger_to_fryer_motion 1
[2025-09-12|11:35:12][INFO]  2025-09-12 11:35:12: [ProcessManager] Trigger move_to_fryer motion [FSM 1, Basket 1, Fryer 1]
[2025-09-12|11:35:12][DEBUG] RobotFsmSequence: Trigger Event RUN_BASKET_TO_FRYER on READY_IDLE
[2025-09-12|11:35:12][INFO]  2025-09-12 11:35:12: [Robot FSM] Exiting ReadyIdleStrategy State.
[2025-09-12|11:35:12][DEBUG] RobotFsmSequence: Enter new state MOVE_BASKET_TO_FRYER
[2025-09-12|11:35:12][INFO]  2025-09-12 11:35:12: [Robot FSM] Enter MoveBasketToFryerStrategy State.
[2025-09-12|11:35:12][INFO]  2025-09-12 11:35:12: [Robot FSM] Start motion move_to_fryer with [basket 1, fryer 1]
[2025-09-12|11:35:12][INFO]  basket_to_fryer 311
[2025-09-12|11:35:12][INFO]  Command I600 : 311
[2025-09-12|11:48:14][INFO]  2025-09-12 11:48:14: Program stopped by App.
[2025-09-12|11:48:14][INFO]  [DEBUG] stop_program: Sending stop command to Conty.
[2025-09-12|11:48:14][INFO]  [DEBUG] stop_program: Waiting for Conty program to stop. Current state: PROG_RUNNING
[2025-09-12|11:48:14][INFO]  Stop program!!
[2025-09-12|11:48:14][INFO]  [DEBUG] stop_program: Waiting for Conty program to stop. Current state: PROG_RUNNING
[2025-09-12|11:48:14][INFO]  [DEBUG] stop_program: Waiting for Conty program to stop. Current state: PROG_STOPPING
[2025-09-12|11:48:14][WARN]  [ProcessManager] Program stop detected. Resetting all motion triggers to prevent deadlock.
[2025-09-12|11:48:15][INFO]  [DEBUG] stop_program: Conty program confirmed to be in IDLE state.
[2025-09-12|11:48:15][DEBUG] RobotFsmSequence: Trigger Event STOP on MOVE_BASKET_TO_FRYER
[2025-09-12|11:48:15][INFO]  2025-09-12 11:48:15: Exit MoveBasketToFryerStrategy State.
[2025-09-12|11:48:15][DEBUG] RobotFsmSequence: Enter new state FINISHING_MOTION
[2025-09-12|11:48:15][INFO]  2025-09-12 11:48:15: [Robot FSM] Enter FinishingMotionStrategy State. Waiting for motion to finish or program to stop.
[2025-09-12|11:48:15][INFO]  2025-09-12 11:48:15: Program is NOT running PROG_IDLE.
[2025-09-12|11:48:15][WARN]  2025-09-12 11:48:15: [Robot FSM] Program has stopped. Forcing FINISH_MOTION to DONE.
[2025-09-12|11:48:15][DEBUG] RobotFsmSequence: Trigger Event DONE on FINISHING_MOTION
[2025-09-12|11:48:15][INFO]  2025-09-12 11:48:15: [Robot FSM] Exit FinishingMotionStrategy State.
[2025-09-12|11:48:15][DEBUG] RobotFsmSequence: Enter new state NOT_READY_IDLE
[2025-09-12|11:48:15][INFO]  2025-09-12 11:48:15: Program is NOT running PROG_IDLE.
[2025-09-12|11:48:15][INFO]  2025-09-12 11:48:15: [Robot FSM] Enter NotReadyIdleStrategy State.
[2025-09-12|11:48:15][INFO]  Command I600 : 0
[2025-09-12|11:48:15][INFO]  [PriorityScheduler] Current priority list:
[2025-09-12|11:48:15][INFO]    - Basket 1 | Fryer: 1 | type: dry | State: MOVE_TO_FRYER | Shake_times : 0 | Elapsed: 0.0s | FinishRemain: 1000.0s | Priority: 3
[2025-09-12|11:48:15][INFO]    - Basket 2 | Fryer: 2 | type: dry | State: MOVE_TO_FRYER | Shake_times : 0 | Elapsed: 0.0s | FinishRemain: 1000.0s | Priority: 3
[2025-09-12|11:48:15][INFO]    - Basket 5 | Fryer: 3 | type: dry | State: MOVE_TO_FRYER | Shake_times : 0 | Elapsed: 0.0s | FinishRemain: 1000.0s | Priority: 3
[2025-09-12|11:48:15][INFO]    - Basket 6 | Fryer: 4 | type: dry | State: MOVE_TO_FRYER | Shake_times : 0 | Elapsed: 0.0s | FinishRemain: 1000.0s | Priority: 3
[2025-09-12|11:48:16][INFO]  trigger_to_fryer_motion 1
[2025-09-12|11:48:16][INFO]  2025-09-12 11:48:16: [ProcessManager] Trigger move_to_fryer motion [FSM 1, Basket 1, Fryer 1]
[2025-09-12|11:53:30][INFO]  2025-09-12 11:53:30: [ProcessManager] Reset all recipes!
[2025-09-12|11:53:30][INFO]  [SYSTEM] [DEBUG] Received request for full FSM reset.
[2025-09-12|11:53:30][INFO]  2025-09-12 11:53:30: Program is NOT running PROG_IDLE.
[2025-09-12|11:53:30][INFO]  [SYSTEM] [DEBUG] Re-initializing all FSMs without waiting for old threads.
[2025-09-12|11:53:30][INFO]  RobotFsmSequence: Stopping FSM service thread.
[2025-09-12|11:53:30][INFO]  RobotFsmSequence: FSM service thread stopped.
[2025-09-12|11:53:30][DEBUG] RobotFsmSequence: Enter new state NOT_READY
[2025-09-12|11:53:30][INFO]  2025-09-12 11:53:30: Program is NOT running PROG_IDLE.
[2025-09-12|11:53:30][INFO]  2025-09-12 11:53:30: [Robot FSM] Enter NotReadyStrategy State.
[2025-09-12|11:53:30][INFO]  [SYSTEM] [DEBUG] Robot FSM re-initialized.
[2025-09-12|11:53:30][INFO]  DryRecipeFsmSequence: Stopping FSM service thread.
[2025-09-12|11:53:30][INFO]  DryRecipeFsmSequence: FSM service thread stopped.
[2025-09-12|11:53:30][INFO]  DryRecipeFsmSequence: Stopping FSM service thread.
[2025-09-12|11:53:30][INFO]  DryRecipeFsmSequence: FSM service thread stopped.
[2025-09-12|11:53:30][INFO]  DryRecipeFsmSequence: Stopping FSM service thread.
[2025-09-12|11:53:30][INFO]  DryRecipeFsmSequence: FSM service thread stopped.
[2025-09-12|11:53:30][INFO]  DryRecipeFsmSequence: Stopping FSM service thread.
[2025-09-12|11:53:30][DEBUG] RobotFsmSequence: Trigger Event DONE on NOT_READY
[2025-09-12|11:53:30][INFO]  2025-09-12 11:53:30: [Robot FSM] Exit NotReadyStrategy State.
[2025-09-12|11:53:30][DEBUG] RobotFsmSequence: Enter new state NOT_READY_IDLE
[2025-09-12|11:53:30][INFO]  2025-09-12 11:53:30: Program is NOT running PROG_IDLE.
[2025-09-12|11:53:30][INFO]  DryRecipeFsmSequence: FSM service thread stopped.
[2025-09-12|11:53:30][INFO]  DryRecipeFsmSequence: Stopping FSM service thread.
[2025-09-12|11:53:30][INFO]  DryRecipeFsmSequence: FSM service thread stopped.
[2025-09-12|11:53:30][INFO]  DryRecipeFsmSequence: Stopping FSM service thread.
[2025-09-12|11:53:30][INFO]  DryRecipeFsmSequence: FSM service thread stopped.
[2025-09-12|11:53:30][INFO]  DryRecipeFsmSequence: Stopping FSM service thread.
[2025-09-12|11:53:30][INFO]  2025-09-12 11:53:30: [Robot FSM] Enter NotReadyIdleStrategy State.
[2025-09-12|11:53:30][INFO]  DryRecipeFsmSequence: FSM service thread stopped.
[2025-09-12|11:53:30][INFO]  DryRecipeFsmSequence: Stopping FSM service thread.
[2025-09-12|11:53:30][INFO]  DryRecipeFsmSequence: FSM service thread stopped.
[2025-09-12|11:53:30][INFO]  dryfsm 1
[2025-09-12|11:53:30][DEBUG] DryRecipeFsmSequence: Enter new state NO_MENU
[2025-09-12|11:53:30][INFO]  2025-09-12 11:53:30: [Basket 1 FSM] Enter DryNoMenuStrategy State.
[2025-09-12|11:53:30][INFO]  dryfsm 2
[2025-09-12|11:53:30][DEBUG] DryRecipeFsmSequence: Enter new state NO_MENU
[2025-09-12|11:53:30][INFO]  2025-09-12 11:53:30: [Basket 2 FSM] Enter DryNoMenuStrategy State.
[2025-09-12|11:53:30][INFO]  dryfsm 3
[2025-09-12|11:53:30][DEBUG] DryRecipeFsmSequence: Enter new state NO_MENU
[2025-09-12|11:53:30][INFO]  2025-09-12 11:53:30: [Basket 3 FSM] Enter DryNoMenuStrategy State.
[2025-09-12|11:53:30][INFO]  dryfsm 4
[2025-09-12|11:53:30][DEBUG] DryRecipeFsmSequence: Enter new state NO_MENU
[2025-09-12|11:53:30][INFO]  2025-09-12 11:53:30: [Basket 4 FSM] Enter DryNoMenuStrategy State.
[2025-09-12|11:53:30][INFO]  dryfsm 5
[2025-09-12|11:53:30][DEBUG] DryRecipeFsmSequence: Enter new state NO_MENU
[2025-09-12|11:53:30][INFO]  2025-09-12 11:53:30: [Basket 5 FSM] Enter DryNoMenuStrategy State.
[2025-09-12|11:53:30][INFO]  dryfsm 6
[2025-09-12|11:53:30][DEBUG] DryRecipeFsmSequence: Enter new state NO_MENU
[2025-09-12|11:53:30][INFO]  2025-09-12 11:53:30: [Basket 6 FSM] Enter DryNoMenuStrategy State.
[2025-09-12|11:53:30][INFO]  dryfsm 7
[2025-09-12|11:53:30][DEBUG] DryRecipeFsmSequence: Enter new state NO_MENU
[2025-09-12|11:53:30][INFO]  2025-09-12 11:53:30: [Basket 7 FSM] Enter DryNoMenuStrategy State.
[2025-09-12|11:53:30][INFO]  dryfsm 8
[2025-09-12|11:53:30][DEBUG] DryRecipeFsmSequence: Enter new state NO_MENU
[2025-09-12|11:53:30][INFO]  2025-09-12 11:53:30: [Basket 8 FSM] Enter DryNoMenuStrategy State.
[2025-09-12|11:53:31][INFO]  WetRecipeFsmSequence: Stopping FSM service thread.
[2025-09-12|11:53:31][INFO]  WetRecipeFsmSequence: FSM service thread stopped.
[2025-09-12|11:53:31][INFO]  WetRecipeFsmSequence: Stopping FSM service thread.
[2025-09-12|11:53:31][INFO]  WetRecipeFsmSequence: FSM service thread stopped.
[2025-09-12|11:53:31][INFO]  WetRecipeFsmSequence: Stopping FSM service thread.
[2025-09-12|11:53:31][INFO]  WetRecipeFsmSequence: FSM service thread stopped.
[2025-09-12|11:53:31][INFO]  WetRecipeFsmSequence: Stopping FSM service thread.
[2025-09-12|11:53:31][INFO]  WetRecipeFsmSequence: FSM service thread stopped.
[2025-09-12|11:53:31][INFO]  1 fryer Index : 1
[2025-09-12|11:53:31][DEBUG] WetRecipeFsmSequence: Enter new state WAIT_PUTIN
[2025-09-12|11:53:31][INFO]  [SPECIAL] Basket 1: Reset putin_shake=0, shake_done=0
[2025-09-12|11:53:31][INFO]  2025-09-12 11:53:31: [Basket 1 FSM] Enter WaitPutinStrategy State.
[2025-09-12|11:53:31][INFO]  3 fryer Index : 1
[2025-09-12|11:53:31][DEBUG] WetRecipeFsmSequence: Enter new state WAIT_PUTIN
[2025-09-12|11:53:31][INFO]  [SPECIAL] Basket 3: Reset putin_shake=0, shake_done=0
[2025-09-12|11:53:31][INFO]  2025-09-12 11:53:31: [Basket 3 FSM] Enter WaitPutinStrategy State.
[2025-09-12|11:53:31][INFO]  6 fryer Index : 4
[2025-09-12|11:53:31][DEBUG] WetRecipeFsmSequence: Enter new state WAIT_PUTIN
[2025-09-12|11:53:31][INFO]  [SPECIAL] Basket 6: Reset putin_shake=0, shake_done=0
[2025-09-12|11:53:31][INFO]  2025-09-12 11:53:31: [Basket 6 FSM] Enter WaitPutinStrategy State.
[2025-09-12|11:53:31][INFO]  8 fryer Index : 4
[2025-09-12|11:53:31][DEBUG] WetRecipeFsmSequence: Enter new state WAIT_PUTIN
[2025-09-12|11:53:31][INFO]  [SPECIAL] Basket 8: Reset putin_shake=0, shake_done=0
[2025-09-12|11:53:31][INFO]  2025-09-12 11:53:31: [Basket 8 FSM] Enter WaitPutinStrategy State.
[2025-09-12|11:53:31][INFO]  [SYSTEM] [DEBUG] All FSMs re-initialized.
[2025-09-12|11:53:31][INFO]  [ProcessManager] `prog_stopped` flag has been manually reset.
[2025-09-12|11:53:34][INFO]  2025-09-12 11:53:34: [Robot FSM] Program Start.
[2025-09-12|11:53:34][ERROR] Start main program
[2025-09-12|11:53:34][INFO]  2025-09-12 11:53:34: Wait for main program running
[2025-09-12|11:53:34][INFO]  2025-09-12 11:53:34: Program is NOT running PROG_IDLE.
[2025-09-12|11:53:34][INFO]  2025-09-12 11:53:34: Wait for main program running
[2025-09-12|11:53:34][INFO]  2025-09-12 11:53:34: Program is NOT running PROG_IDLE.
[2025-09-12|11:53:34][INFO]  2025-09-12 11:53:34: Wait for main program running
[2025-09-12|11:53:34][INFO]  2025-09-12 11:53:34: Program is NOT running PROG_IDLE.
[2025-09-12|11:53:34][INFO]  2025-09-12 11:53:34: Wait for main program running
[2025-09-12|11:53:34][INFO]  2025-09-12 11:53:34: Program is NOT running PROG_IDLE.
[2025-09-12|11:53:35][INFO]  2025-09-12 11:53:35: Wait for main program running
[2025-09-12|11:53:35][INFO]  2025-09-12 11:53:35: Program is NOT running PROG_IDLE.
[2025-09-12|11:53:35][INFO]  2025-09-12 11:53:35: Wait for main program running
[2025-09-12|11:53:35][INFO]  2025-09-12 11:53:35: Program is NOT running PROG_IDLE.
[2025-09-12|11:53:35][INFO]  2025-09-12 11:53:35: Wait for main program running
[2025-09-12|11:53:35][INFO]  2025-09-12 11:53:35: Program is NOT running PROG_IDLE.
[2025-09-12|11:53:35][INFO]  2025-09-12 11:53:35: Wait for main program running
[2025-09-12|11:53:35][INFO]  2025-09-12 11:53:35: Program is NOT running PROG_IDLE.
[2025-09-12|11:53:35][INFO]  2025-09-12 11:53:35: Wait for main program running
[2025-09-12|11:53:35][INFO]  2025-09-12 11:53:35: Program is NOT running PROG_IDLE.
[2025-09-12|11:53:35][INFO]  2025-09-12 11:53:35: Wait for main program running
[2025-09-12|11:53:35][INFO]  2025-09-12 11:53:35: Program is NOT running PROG_IDLE.
[2025-09-12|11:53:35][INFO]  2025-09-12 11:53:35: Wait for main program running
[2025-09-12|11:53:35][INFO]  2025-09-12 11:53:35: Program is NOT running PROG_IDLE.
[2025-09-12|11:53:35][INFO]  2025-09-12 11:53:35: Wait for main program running
[2025-09-12|11:53:35][INFO]  2025-09-12 11:53:35: Program is NOT running PROG_IDLE.
[2025-09-12|11:53:35][INFO]  2025-09-12 11:53:35: Wait for main program running
[2025-09-12|11:53:35][INFO]  2025-09-12 11:53:35: Program is NOT running PROG_IDLE.
[2025-09-12|11:53:36][INFO]  2025-09-12 11:53:36: Wait for main program running
[2025-09-12|11:53:36][INFO]  2025-09-12 11:53:36: Program is NOT running PROG_IDLE.
[2025-09-12|11:53:36][INFO]  2025-09-12 11:53:36: Wait for main program running
[2025-09-12|11:53:36][INFO]  2025-09-12 11:53:36: Program is NOT running PROG_IDLE.
[2025-09-12|11:53:36][INFO]  2025-09-12 11:53:36: Wait for main program running
[2025-09-12|11:53:36][INFO]  2025-09-12 11:53:36: Program is NOT running PROG_IDLE.
[2025-09-12|11:53:36][INFO]  2025-09-12 11:53:36: Wait for main program running
[2025-09-12|11:53:36][INFO]  2025-09-12 11:53:36: Program is NOT running PROG_IDLE.
[2025-09-12|11:53:36][INFO]  2025-09-12 11:53:36: Wait for main program running
[2025-09-12|11:53:36][INFO]  2025-09-12 11:53:36: Program is NOT running PROG_IDLE.
[2025-09-12|11:53:36][INFO]  2025-09-12 11:53:36: Wait for main program running
[2025-09-12|11:53:36][INFO]  2025-09-12 11:53:36: Program is NOT running PROG_IDLE.
[2025-09-12|11:53:36][INFO]  2025-09-12 11:53:36: Wait for main program running
[2025-09-12|11:53:36][INFO]  2025-09-12 11:53:36: Program is NOT running PROG_IDLE.
[2025-09-12|11:53:36][INFO]  2025-09-12 11:53:36: Wait for main program running
[2025-09-12|11:53:36][INFO]  2025-09-12 11:53:36: Program is NOT running PROG_IDLE.
[2025-09-12|11:53:36][INFO]  2025-09-12 11:53:36: Wait for main program running
[2025-09-12|11:53:36][INFO]  2025-09-12 11:53:36: Program is NOT running PROG_IDLE.
[2025-09-12|11:53:36][INFO]  2025-09-12 11:53:36: Wait for main program running
[2025-09-12|11:53:36][INFO]  2025-09-12 11:53:36: Program is NOT running PROG_IDLE.
[2025-09-12|11:53:37][INFO]  2025-09-12 11:53:37: Wait for main program running
[2025-09-12|11:53:37][INFO]  2025-09-12 11:53:37: Program is NOT running PROG_IDLE.
[2025-09-12|11:53:37][INFO]  2025-09-12 11:53:37: Wait for main program running
[2025-09-12|11:53:37][INFO]  2025-09-12 11:53:37: Program is NOT running PROG_IDLE.
[2025-09-12|11:53:37][INFO]  2025-09-12 11:53:37: Wait for main program running
[2025-09-12|11:53:37][INFO]  2025-09-12 11:53:37: Program is NOT running PROG_IDLE.
[2025-09-12|11:53:37][INFO]  2025-09-12 11:53:37: Wait for main program running
[2025-09-12|11:53:37][INFO]  2025-09-12 11:53:37: Program is NOT running PROG_IDLE.
[2025-09-12|11:53:37][INFO]  2025-09-12 11:53:37: Wait for main program running
[2025-09-12|11:53:37][INFO]  2025-09-12 11:53:37: Program is NOT running PROG_IDLE.
[2025-09-12|11:53:37][INFO]  2025-09-12 11:53:37: Wait for main program running
[2025-09-12|11:53:37][INFO]  2025-09-12 11:53:37: Program is NOT running PROG_IDLE.
[2025-09-12|11:53:37][INFO]  2025-09-12 11:53:37: Wait for main program running
[2025-09-12|11:53:37][INFO]  2025-09-12 11:53:37: Program is NOT running PROG_IDLE.
[2025-09-12|11:53:37][INFO]  2025-09-12 11:53:37: Wait for main program running
[2025-09-12|11:53:37][INFO]  2025-09-12 11:53:37: Program is NOT running PROG_IDLE.
[2025-09-12|11:53:37][INFO]  2025-09-12 11:53:37: Wait for main program running
[2025-09-12|11:53:37][INFO]  2025-09-12 11:53:37: Program is NOT running PROG_IDLE.
[2025-09-12|11:53:38][INFO]  2025-09-12 11:53:38: Wait for main program running
[2025-09-12|11:53:38][INFO]  2025-09-12 11:53:38: Program is NOT running PROG_IDLE.
[2025-09-12|11:53:38][INFO]  2025-09-12 11:53:38: Wait for main program running
[2025-09-12|11:53:38][INFO]  2025-09-12 11:53:38: Program is NOT running PROG_IDLE.
[2025-09-12|11:53:38][INFO]  2025-09-12 11:53:38: Wait for main program running
[2025-09-12|11:53:38][INFO]  2025-09-12 11:53:38: Program is NOT running PROG_IDLE.
[2025-09-12|11:53:38][INFO]  2025-09-12 11:53:38: Wait for main program running
[2025-09-12|11:53:38][INFO]  2025-09-12 11:53:38: Program is NOT running PROG_IDLE.
[2025-09-12|11:53:38][INFO]  2025-09-12 11:53:38: Wait for main program running
[2025-09-12|11:53:38][DEBUG] RobotFsmSequence: Trigger Event START_PROGRAM on NOT_READY_IDLE
[2025-09-12|11:53:38][INFO]  2025-09-12 11:53:38: [Robot FSM] Exit NotReadyIdleStrategy State.
[2025-09-12|11:53:38][DEBUG] RobotFsmSequence: Enter new state MOVE_TO_READY
[2025-09-12|11:53:38][INFO]  2025-09-12 11:53:38: [Robot FSM] Enter MoveToReadyStrategy State.
[2025-09-12|11:53:38][INFO]  2025-09-12 11:53:38: [Robot FSM] Start motion True move_to_ready  
[2025-09-12|11:53:38][INFO]  Command I600 : 100
[2025-09-12|11:54:00][INFO]  2025-09-12 11:54:00: Program stopped by App.
[2025-09-12|11:54:00][INFO]  [DEBUG] stop_program: Sending stop command to Conty.
[2025-09-12|11:54:00][INFO]  [DEBUG] stop_program: Waiting for Conty program to stop. Current state: PROG_RUNNING
[2025-09-12|11:54:00][INFO]  Stop program!!
[2025-09-12|11:54:01][INFO]  [DEBUG] stop_program: Waiting for Conty program to stop. Current state: PROG_STOPPING
[2025-09-12|11:54:01][INFO]  [DEBUG] stop_program: Waiting for Conty program to stop. Current state: PROG_STOPPING
[2025-09-12|11:54:01][WARN]  [ProcessManager] Program stop detected. Resetting all motion triggers to prevent deadlock.
[2025-09-12|11:54:01][INFO]  [DEBUG] stop_program: Waiting for Conty program to stop. Current state: PROG_STOPPING
[2025-09-12|11:54:01][INFO]  [DEBUG] stop_program: Waiting for Conty program to stop. Current state: PROG_STOPPING
[2025-09-12|11:54:01][INFO]  [DEBUG] stop_program: Waiting for Conty program to stop. Current state: PROG_STOPPING
[2025-09-12|11:54:02][INFO]  [DEBUG] stop_program: Waiting for Conty program to stop. Current state: PROG_STOPPING
[2025-09-12|11:54:02][INFO]  [DEBUG] stop_program: Waiting for Conty program to stop. Current state: PROG_STOPPING
[2025-09-12|11:54:02][INFO]  [DEBUG] stop_program: Waiting for Conty program to stop. Current state: PROG_STOPPING
[2025-09-12|11:54:02][INFO]  [DEBUG] stop_program: Conty program confirmed to be in IDLE state.
[2025-09-12|11:54:02][DEBUG] RobotFsmSequence: Trigger Event STOP on MOVE_TO_READY
[2025-09-12|11:54:02][INFO]  2025-09-12 11:54:02: [Robot FSM] Exiting MoveToReadyStrategy State.
[2025-09-12|11:54:02][DEBUG] RobotFsmSequence: Enter new state FINISHING_MOTION
[2025-09-12|11:54:02][INFO]  2025-09-12 11:54:02: [Robot FSM] Enter FinishingMotionStrategy State. Waiting for motion to finish or program to stop.
[2025-09-12|11:54:02][INFO]  2025-09-12 11:54:02: Program is NOT running PROG_IDLE.
[2025-09-12|11:54:02][WARN]  2025-09-12 11:54:02: [Robot FSM] Program has stopped. Forcing FINISH_MOTION to DONE.
[2025-09-12|11:54:02][DEBUG] RobotFsmSequence: Trigger Event DONE on FINISHING_MOTION
[2025-09-12|11:54:02][INFO]  2025-09-12 11:54:02: [Robot FSM] Exit FinishingMotionStrategy State.
[2025-09-12|11:54:02][DEBUG] RobotFsmSequence: Enter new state NOT_READY_IDLE
[2025-09-12|11:54:02][INFO]  2025-09-12 11:54:02: Program is NOT running PROG_IDLE.
[2025-09-12|11:54:02][INFO]  2025-09-12 11:54:02: [Robot FSM] Enter NotReadyIdleStrategy State.
[2025-09-12|11:54:02][INFO]  Command I600 : 0
[2025-09-12|11:55:00][INFO]  2025-09-12 11:55:00: [ProcessManager] Reset all recipes!
[2025-09-12|11:55:00][INFO]  [SYSTEM] [DEBUG] Received request for full FSM reset.
[2025-09-12|11:55:00][INFO]  2025-09-12 11:55:00: Program is NOT running PROG_IDLE.
[2025-09-12|11:55:00][INFO]  [SYSTEM] [DEBUG] Re-initializing all FSMs without waiting for old threads.
[2025-09-12|11:55:00][INFO]  RobotFsmSequence: Stopping FSM service thread.
[2025-09-12|11:55:00][INFO]  RobotFsmSequence: FSM service thread stopped.
[2025-09-12|11:55:00][DEBUG] RobotFsmSequence: Enter new state NOT_READY
[2025-09-12|11:55:00][INFO]  2025-09-12 11:55:00: Program is NOT running PROG_IDLE.
[2025-09-12|11:55:00][INFO]  2025-09-12 11:55:00: [Robot FSM] Enter NotReadyStrategy State.
[2025-09-12|11:55:00][INFO]  [SYSTEM] [DEBUG] Robot FSM re-initialized.
[2025-09-12|11:55:00][INFO]  DryRecipeFsmSequence: Stopping FSM service thread.
[2025-09-12|11:55:00][INFO]  DryRecipeFsmSequence: FSM service thread stopped.
[2025-09-12|11:55:00][INFO]  DryRecipeFsmSequence: Stopping FSM service thread.
[2025-09-12|11:55:00][DEBUG] RobotFsmSequence: Trigger Event DONE on NOT_READY
[2025-09-12|11:55:00][INFO]  DryRecipeFsmSequence: FSM service thread stopped.
[2025-09-12|11:55:00][INFO]  DryRecipeFsmSequence: Stopping FSM service thread.
[2025-09-12|11:55:00][INFO]  2025-09-12 11:55:00: [Robot FSM] Exit NotReadyStrategy State.
[2025-09-12|11:55:00][INFO]  DryRecipeFsmSequence: FSM service thread stopped.
[2025-09-12|11:55:00][INFO]  DryRecipeFsmSequence: Stopping FSM service thread.
[2025-09-12|11:55:00][DEBUG] RobotFsmSequence: Enter new state NOT_READY_IDLE
[2025-09-12|11:55:00][INFO]  2025-09-12 11:55:00: Program is NOT running PROG_IDLE.
[2025-09-12|11:55:00][INFO]  2025-09-12 11:55:00: [Robot FSM] Enter NotReadyIdleStrategy State.
[2025-09-12|11:55:00][INFO]  DryRecipeFsmSequence: FSM service thread stopped.
[2025-09-12|11:55:00][INFO]  DryRecipeFsmSequence: Stopping FSM service thread.
[2025-09-12|11:55:00][INFO]  DryRecipeFsmSequence: FSM service thread stopped.
[2025-09-12|11:55:00][INFO]  DryRecipeFsmSequence: Stopping FSM service thread.
[2025-09-12|11:55:00][INFO]  DryRecipeFsmSequence: FSM service thread stopped.
[2025-09-12|11:55:00][INFO]  DryRecipeFsmSequence: Stopping FSM service thread.
[2025-09-12|11:55:00][INFO]  DryRecipeFsmSequence: FSM service thread stopped.
[2025-09-12|11:55:00][INFO]  DryRecipeFsmSequence: Stopping FSM service thread.
[2025-09-12|11:55:00][INFO]  DryRecipeFsmSequence: FSM service thread stopped.
[2025-09-12|11:55:00][INFO]  dryfsm 1
[2025-09-12|11:55:01][DEBUG] DryRecipeFsmSequence: Enter new state NO_MENU
[2025-09-12|11:55:01][INFO]  2025-09-12 11:55:01: [Basket 1 FSM] Enter DryNoMenuStrategy State.
[2025-09-12|11:55:01][INFO]  dryfsm 2
[2025-09-12|11:55:01][DEBUG] DryRecipeFsmSequence: Enter new state NO_MENU
[2025-09-12|11:55:01][INFO]  2025-09-12 11:55:01: [Basket 2 FSM] Enter DryNoMenuStrategy State.
[2025-09-12|11:55:01][INFO]  dryfsm 3
[2025-09-12|11:55:01][DEBUG] DryRecipeFsmSequence: Enter new state NO_MENU
[2025-09-12|11:55:01][INFO]  2025-09-12 11:55:01: [Basket 3 FSM] Enter DryNoMenuStrategy State.
[2025-09-12|11:55:01][INFO]  dryfsm 4
[2025-09-12|11:55:01][DEBUG] DryRecipeFsmSequence: Enter new state NO_MENU
[2025-09-12|11:55:01][INFO]  2025-09-12 11:55:01: [Basket 4 FSM] Enter DryNoMenuStrategy State.
[2025-09-12|11:55:01][INFO]  dryfsm 5
[2025-09-12|11:55:01][DEBUG] DryRecipeFsmSequence: Enter new state NO_MENU
[2025-09-12|11:55:01][INFO]  2025-09-12 11:55:01: [Basket 5 FSM] Enter DryNoMenuStrategy State.
[2025-09-12|11:55:01][INFO]  dryfsm 6
[2025-09-12|11:55:01][DEBUG] DryRecipeFsmSequence: Enter new state NO_MENU
[2025-09-12|11:55:01][INFO]  2025-09-12 11:55:01: [Basket 6 FSM] Enter DryNoMenuStrategy State.
[2025-09-12|11:55:01][INFO]  dryfsm 7
[2025-09-12|11:55:01][DEBUG] DryRecipeFsmSequence: Enter new state NO_MENU
[2025-09-12|11:55:01][INFO]  2025-09-12 11:55:01: [Basket 7 FSM] Enter DryNoMenuStrategy State.
[2025-09-12|11:55:01][INFO]  dryfsm 8
[2025-09-12|11:55:01][DEBUG] DryRecipeFsmSequence: Enter new state NO_MENU
[2025-09-12|11:55:01][INFO]  2025-09-12 11:55:01: [Basket 8 FSM] Enter DryNoMenuStrategy State.
[2025-09-12|11:55:01][INFO]  WetRecipeFsmSequence: Stopping FSM service thread.
[2025-09-12|11:55:01][INFO]  WetRecipeFsmSequence: FSM service thread stopped.
[2025-09-12|11:55:01][INFO]  WetRecipeFsmSequence: Stopping FSM service thread.
[2025-09-12|11:55:01][INFO]  WetRecipeFsmSequence: FSM service thread stopped.
[2025-09-12|11:55:01][INFO]  WetRecipeFsmSequence: Stopping FSM service thread.
[2025-09-12|11:55:01][INFO]  WetRecipeFsmSequence: FSM service thread stopped.
[2025-09-12|11:55:01][INFO]  WetRecipeFsmSequence: Stopping FSM service thread.
[2025-09-12|11:55:01][INFO]  WetRecipeFsmSequence: FSM service thread stopped.
[2025-09-12|11:55:01][INFO]  1 fryer Index : 1
[2025-09-12|11:55:01][DEBUG] WetRecipeFsmSequence: Enter new state WAIT_PUTIN
[2025-09-12|11:55:01][INFO]  [SPECIAL] Basket 1: Reset putin_shake=0, shake_done=0
[2025-09-12|11:55:01][INFO]  2025-09-12 11:55:01: [Basket 1 FSM] Enter WaitPutinStrategy State.
[2025-09-12|11:55:01][INFO]  3 fryer Index : 1
[2025-09-12|11:55:01][DEBUG] WetRecipeFsmSequence: Enter new state WAIT_PUTIN
[2025-09-12|11:55:01][INFO]  [SPECIAL] Basket 3: Reset putin_shake=0, shake_done=0
[2025-09-12|11:55:01][INFO]  2025-09-12 11:55:01: [Basket 3 FSM] Enter WaitPutinStrategy State.
[2025-09-12|11:55:01][INFO]  6 fryer Index : 4
[2025-09-12|11:55:01][DEBUG] WetRecipeFsmSequence: Enter new state WAIT_PUTIN
[2025-09-12|11:55:02][INFO]  [SPECIAL] Basket 6: Reset putin_shake=0, shake_done=0
[2025-09-12|11:55:02][INFO]  2025-09-12 11:55:02: [Basket 6 FSM] Enter WaitPutinStrategy State.
[2025-09-12|11:55:02][INFO]  8 fryer Index : 4
[2025-09-12|11:55:02][DEBUG] WetRecipeFsmSequence: Enter new state WAIT_PUTIN
[2025-09-12|11:55:02][INFO]  [SPECIAL] Basket 8: Reset putin_shake=0, shake_done=0
[2025-09-12|11:55:02][INFO]  2025-09-12 11:55:02: [Basket 8 FSM] Enter WaitPutinStrategy State.
[2025-09-12|11:55:02][INFO]  [SYSTEM] [DEBUG] All FSMs re-initialized.
[2025-09-12|11:55:02][INFO]  [ProcessManager] `prog_stopped` flag has been manually reset.
[2025-09-12|11:55:02][DEBUG] cooking_logger.py: send_recipe_list_mqtt() called with data: [{'label': '', 'time': 0}, {'label': '테스트', 'time': 180}, {'label': '', 'time': 0}, {'label': '', 'time': 0}, {'label': '', 'time': 0}, {'label': '', 'time': 0}, {'label': '', 'time': 0}, {'label': '', 'time': 0}, {'label': '', 'time': 0}, {'label': '', 'time': 0}, {'label': '', 'time': 0}]
[2025-09-12|11:55:02][INFO]  -------- ui/recipe1/reset/recipe_name 191 True
[2025-09-12|11:55:02][INFO]  ---sdfsdfsdff=----------
[2025-09-12|11:55:11][INFO]  2025-09-12 11:55:11: Wait for warming  program running
[2025-09-12|11:55:11][INFO]  2025-09-12 11:55:11: Program is NOT running PROG_IDLE.
[2025-09-12|11:55:11][INFO]  2025-09-12 11:55:11: Wait for warming  program running
[2025-09-12|11:55:11][INFO]  2025-09-12 11:55:11: Program is NOT running PROG_IDLE.
[2025-09-12|11:55:12][INFO]  2025-09-12 11:55:12: Wait for warming  program running
[2025-09-12|11:55:12][INFO]  2025-09-12 11:55:12: Program is NOT running PROG_IDLE.
[2025-09-12|11:55:12][INFO]  2025-09-12 11:55:12: Wait for warming  program running
[2025-09-12|11:55:12][INFO]  2025-09-12 11:55:12: Program is NOT running PROG_IDLE.
[2025-09-12|11:55:12][INFO]  2025-09-12 11:55:12: Wait for warming  program running
[2025-09-12|11:55:12][INFO]  2025-09-12 11:55:12: Program is NOT running PROG_IDLE.
[2025-09-12|11:55:12][INFO]  2025-09-12 11:55:12: Wait for warming  program running
[2025-09-12|11:55:12][INFO]  2025-09-12 11:55:12: Program is NOT running PROG_IDLE.
[2025-09-12|11:55:12][INFO]  2025-09-12 11:55:12: Wait for warming  program running
[2025-09-12|11:55:12][INFO]  2025-09-12 11:55:12: Program is NOT running PROG_IDLE.
[2025-09-12|11:55:12][INFO]  2025-09-12 11:55:12: Wait for warming  program running
[2025-09-12|11:55:12][INFO]  2025-09-12 11:55:12: Program is NOT running PROG_IDLE.
[2025-09-12|11:55:12][INFO]  2025-09-12 11:55:12: Wait for warming  program running
[2025-09-12|11:55:12][INFO]  2025-09-12 11:55:12: Program is NOT running PROG_IDLE.
[2025-09-12|11:55:12][INFO]  2025-09-12 11:55:12: Wait for warming  program running
[2025-09-12|11:55:12][INFO]  2025-09-12 11:55:12: Program is NOT running PROG_IDLE.
[2025-09-12|11:55:12][INFO]  2025-09-12 11:55:12: Wait for warming  program running
[2025-09-12|11:55:12][INFO]  2025-09-12 11:55:12: Program is NOT running PROG_IDLE.
[2025-09-12|11:55:13][INFO]  2025-09-12 11:55:13: Wait for warming  program running
[2025-09-12|11:55:13][INFO]  2025-09-12 11:55:13: Program is NOT running PROG_IDLE.
[2025-09-12|11:55:13][INFO]  2025-09-12 11:55:13: Wait for warming  program running
[2025-09-12|11:55:13][INFO]  2025-09-12 11:55:13: Program is NOT running PROG_IDLE.
[2025-09-12|11:55:13][INFO]  2025-09-12 11:55:13: Wait for warming  program running
[2025-09-12|11:55:13][INFO]  2025-09-12 11:55:13: Program is NOT running PROG_IDLE.
[2025-09-12|11:55:13][INFO]  2025-09-12 11:55:13: Wait for warming  program running
[2025-09-12|11:55:13][INFO]  2025-09-12 11:55:13: Program is NOT running PROG_IDLE.
[2025-09-12|11:55:13][INFO]  2025-09-12 11:55:13: Wait for warming  program running
[2025-09-12|11:55:13][INFO]  2025-09-12 11:55:13: Program is NOT running PROG_IDLE.
[2025-09-12|11:55:13][INFO]  2025-09-12 11:55:13: Wait for warming  program running
[2025-09-12|11:55:13][INFO]  2025-09-12 11:55:13: Program is NOT running PROG_IDLE.
[2025-09-12|11:55:13][INFO]  2025-09-12 11:55:13: Wait for warming  program running
[2025-09-12|11:55:13][INFO]  2025-09-12 11:55:13: Program is NOT running PROG_IDLE.
[2025-09-12|11:55:13][INFO]  2025-09-12 11:55:13: Wait for warming  program running
[2025-09-12|11:55:13][INFO]  2025-09-12 11:55:13: Program is NOT running PROG_IDLE.
[2025-09-12|11:55:13][INFO]  2025-09-12 11:55:13: Wait for warming  program running
[2025-09-12|11:55:13][INFO]  2025-09-12 11:55:13: Program is NOT running PROG_IDLE.
[2025-09-12|11:55:13][INFO]  2025-09-12 11:55:13: Wait for warming  program running
[2025-09-12|11:55:13][INFO]  2025-09-12 11:55:13: Program is NOT running PROG_IDLE.
[2025-09-12|11:55:14][INFO]  2025-09-12 11:55:14: Wait for warming  program running
[2025-09-12|11:55:14][INFO]  2025-09-12 11:55:14: Program is NOT running PROG_IDLE.
[2025-09-12|11:55:14][INFO]  2025-09-12 11:55:14: Wait for warming  program running
[2025-09-12|11:55:14][INFO]  2025-09-12 11:55:14: Program is NOT running PROG_IDLE.
[2025-09-12|11:55:14][INFO]  2025-09-12 11:55:14: Wait for warming  program running
[2025-09-12|11:55:14][INFO]  2025-09-12 11:55:14: Program is NOT running PROG_IDLE.
[2025-09-12|11:55:14][INFO]  2025-09-12 11:55:14: Wait for warming  program running
[2025-09-12|11:55:14][INFO]  2025-09-12 11:55:14: Program is NOT running PROG_IDLE.
[2025-09-12|11:55:14][INFO]  2025-09-12 11:55:14: Wait for warming  program running
[2025-09-12|11:55:14][INFO]  2025-09-12 11:55:14: Program is NOT running PROG_IDLE.
[2025-09-12|11:55:14][INFO]  2025-09-12 11:55:14: Wait for warming  program running
[2025-09-12|11:55:14][INFO]  2025-09-12 11:55:14: Program is NOT running PROG_IDLE.
[2025-09-12|11:55:14][INFO]  2025-09-12 11:55:14: Wait for warming  program running
[2025-09-12|11:55:14][INFO]  2025-09-12 11:55:14: Program is NOT running PROG_IDLE.
[2025-09-12|11:55:14][INFO]  2025-09-12 11:55:14: Wait for warming  program running
[2025-09-12|11:55:14][INFO]  2025-09-12 11:55:14: Program is NOT running PROG_IDLE.
[2025-09-12|11:55:14][INFO]  2025-09-12 11:55:14: Wait for warming  program running
[2025-09-12|11:55:14][INFO]  2025-09-12 11:55:14: Program is NOT running PROG_IDLE.
[2025-09-12|11:55:15][INFO]  2025-09-12 11:55:15: Wait for warming  program running
[2025-09-12|11:55:15][INFO]  2025-09-12 11:55:15: Program is NOT running PROG_IDLE.
[2025-09-12|11:55:15][INFO]  2025-09-12 11:55:15: Wait for warming  program running
[2025-09-12|11:55:15][INFO]  2025-09-12 11:55:15: Program is NOT running PROG_IDLE.
[2025-09-12|11:55:15][INFO]  2025-09-12 11:55:15: Wait for warming  program running
[2025-09-12|11:55:15][INFO]  2025-09-12 11:55:15: Program is NOT running PROG_IDLE.
[2025-09-12|11:55:15][INFO]  2025-09-12 11:55:15: Wait for warming  program running
[2025-09-12|11:55:15][INFO]  2025-09-12 11:55:15: Program is NOT running PROG_IDLE.
[2025-09-12|11:55:15][INFO]  2025-09-12 11:55:15: Wait for warming  program running
[2025-09-12|11:55:15][INFO]  2025-09-12 11:55:15: Program is NOT running PROG_IDLE.
[2025-09-12|11:55:15][INFO]  2025-09-12 11:55:15: Wait for warming  program running
[2025-09-12|11:55:15][INFO]  2025-09-12 11:55:15: Program is NOT running PROG_IDLE.
[2025-09-12|11:55:15][INFO]  2025-09-12 11:55:15: Wait for warming  program running
[2025-09-12|11:55:15][INFO]  2025-09-12 11:55:15: Program is NOT running PROG_IDLE.
[2025-09-12|11:55:15][INFO]  2025-09-12 11:55:15: Wait for warming  program running
[2025-09-12|11:55:15][INFO]  2025-09-12 11:55:15: Program is NOT running PROG_IDLE.
[2025-09-12|11:55:15][INFO]  2025-09-12 11:55:15: Wait for warming  program running
[2025-09-12|11:55:15][INFO]  2025-09-12 11:55:15: Program is NOT running PROG_IDLE.
[2025-09-12|11:55:15][INFO]  2025-09-12 11:55:15: Wait for warming  program running
[2025-09-12|11:55:15][INFO]  2025-09-12 11:55:15: Program is NOT running PROG_IDLE.
[2025-09-12|11:55:16][INFO]  2025-09-12 11:55:16: Wait for warming  program running
[2025-09-12|11:55:16][DEBUG] RobotFsmSequence: Trigger Event START_WARMING on NOT_READY_IDLE
[2025-09-12|11:55:16][INFO]  2025-09-12 11:55:16: [Robot FSM] Exit NotReadyIdleStrategy State.
[2025-09-12|11:55:16][DEBUG] RobotFsmSequence: Enter new state WARMING_ROBOT
[2025-09-12|11:55:16][INFO]  2025-09-12 11:55:16: [Robot FSM] Enter WarmingRobotStrategy State.
[2025-09-12|11:55:16][INFO]  2025-09-12 11:55:16: Program stopped by App.
[2025-09-12|11:55:16][INFO]  [DEBUG] stop_program: Sending stop command to Conty.
[2025-09-12|11:55:16][INFO]  [DEBUG] stop_program: Waiting for Conty program to stop. Current state: PROG_RUNNING
[2025-09-12|11:55:16][INFO]  Stop program!!
[2025-09-12|11:55:16][INFO]  [DEBUG] stop_program: Waiting for Conty program to stop. Current state: PROG_RUNNING
[2025-09-12|11:55:16][INFO]  [DEBUG] stop_program: Waiting for Conty program to stop. Current state: PROG_STOPPING
[2025-09-12|11:55:16][WARN]  [ProcessManager] Program stop detected. Resetting all motion triggers to prevent deadlock.
[2025-09-12|11:55:16][INFO]  [DEBUG] stop_program: Waiting for Conty program to stop. Current state: PROG_STOPPING
[2025-09-12|11:55:16][INFO]  [DEBUG] stop_program: Waiting for Conty program to stop. Current state: PROG_STOPPING
[2025-09-12|11:55:17][INFO]  [DEBUG] stop_program: Waiting for Conty program to stop. Current state: PROG_STOPPING
[2025-09-12|11:55:17][INFO]  [DEBUG] stop_program: Waiting for Conty program to stop. Current state: PROG_STOPPING
[2025-09-12|11:55:17][INFO]  [DEBUG] stop_program: Waiting for Conty program to stop. Current state: PROG_STOPPING
[2025-09-12|11:55:17][INFO]  [DEBUG] stop_program: Waiting for Conty program to stop. Current state: PROG_STOPPING
[2025-09-12|11:55:17][INFO]  [DEBUG] stop_program: Waiting for Conty program to stop. Current state: PROG_STOPPING
[2025-09-12|11:55:18][INFO]  [DEBUG] stop_program: Waiting for Conty program to stop. Current state: PROG_STOPPING
[2025-09-12|11:55:18][INFO]  [DEBUG] stop_program: Waiting for Conty program to stop. Current state: PROG_STOPPING
[2025-09-12|11:55:18][INFO]  [DEBUG] stop_program: Waiting for Conty program to stop. Current state: PROG_STOPPING
[2025-09-12|11:55:18][INFO]  [DEBUG] stop_program: Waiting for Conty program to stop. Current state: PROG_STOPPING
[2025-09-12|11:55:18][INFO]  [DEBUG] stop_program: Waiting for Conty program to stop. Current state: PROG_STOPPING
[2025-09-12|11:55:19][INFO]  [DEBUG] stop_program: Waiting for Conty program to stop. Current state: PROG_STOPPING
[2025-09-12|11:55:19][INFO]  [DEBUG] stop_program: Waiting for Conty program to stop. Current state: PROG_STOPPING
[2025-09-12|11:55:19][INFO]  [DEBUG] stop_program: Waiting for Conty program to stop. Current state: PROG_STOPPING
[2025-09-12|11:55:19][INFO]  [DEBUG] stop_program: Waiting for Conty program to stop. Current state: PROG_STOPPING
[2025-09-12|11:55:19][INFO]  [DEBUG] stop_program: Waiting for Conty program to stop. Current state: PROG_STOPPING
[2025-09-12|11:55:20][INFO]  [DEBUG] stop_program: Waiting for Conty program to stop. Current state: PROG_STOPPING
[2025-09-12|11:55:20][INFO]  [DEBUG] stop_program: Waiting for Conty program to stop. Current state: PROG_STOPPING
[2025-09-12|11:55:20][INFO]  [DEBUG] stop_program: Waiting for Conty program to stop. Current state: PROG_STOPPING
[2025-09-12|11:55:20][INFO]  [DEBUG] stop_program: Waiting for Conty program to stop. Current state: PROG_STOPPING
[2025-09-12|11:55:20][INFO]  [DEBUG] stop_program: Waiting for Conty program to stop. Current state: PROG_STOPPING
[2025-09-12|11:55:21][INFO]  [DEBUG] stop_program: Waiting for Conty program to stop. Current state: PROG_STOPPING
[2025-09-12|11:55:21][INFO]  [DEBUG] stop_program: Waiting for Conty program to stop. Current state: PROG_STOPPING
[2025-09-12|11:55:21][INFO]  [DEBUG] stop_program: Waiting for Conty program to stop. Current state: PROG_STOPPING
[2025-09-12|11:55:21][INFO]  [DEBUG] stop_program: Waiting for Conty program to stop. Current state: PROG_STOPPING
[2025-09-12|11:55:22][INFO]  [DEBUG] stop_program: Waiting for Conty program to stop. Current state: PROG_STOPPING
[2025-09-12|11:55:22][INFO]  [DEBUG] stop_program: Waiting for Conty program to stop. Current state: PROG_STOPPING
[2025-09-12|11:55:22][INFO]  [DEBUG] stop_program: Waiting for Conty program to stop. Current state: PROG_STOPPING
[2025-09-12|11:55:22][INFO]  [DEBUG] stop_program: Waiting for Conty program to stop. Current state: PROG_STOPPING
[2025-09-12|11:55:22][INFO]  [DEBUG] stop_program: Waiting for Conty program to stop. Current state: PROG_STOPPING
[2025-09-12|11:55:23][INFO]  [DEBUG] stop_program: Waiting for Conty program to stop. Current state: PROG_STOPPING
[2025-09-12|11:55:23][INFO]  [DEBUG] stop_program: Waiting for Conty program to stop. Current state: PROG_STOPPING
[2025-09-12|11:55:23][INFO]  [DEBUG] stop_program: Waiting for Conty program to stop. Current state: PROG_STOPPING
[2025-09-12|11:55:23][INFO]  [DEBUG] stop_program: Waiting for Conty program to stop. Current state: PROG_STOPPING
[2025-09-12|11:55:23][INFO]  [DEBUG] stop_program: Waiting for Conty program to stop. Current state: PROG_STOPPING
[2025-09-12|11:55:24][INFO]  [DEBUG] stop_program: Waiting for Conty program to stop. Current state: PROG_STOPPING
[2025-09-12|11:55:24][INFO]  [DEBUG] stop_program: Waiting for Conty program to stop. Current state: PROG_STOPPING
[2025-09-12|11:55:24][INFO]  [DEBUG] stop_program: Waiting for Conty program to stop. Current state: PROG_STOPPING
[2025-09-12|11:55:24][INFO]  [DEBUG] stop_program: Waiting for Conty program to stop. Current state: PROG_STOPPING
[2025-09-12|11:55:24][INFO]  [DEBUG] stop_program: Waiting for Conty program to stop. Current state: PROG_STOPPING
[2025-09-12|11:55:25][INFO]  [DEBUG] stop_program: Waiting for Conty program to stop. Current state: PROG_STOPPING
[2025-09-12|11:55:25][INFO]  [DEBUG] stop_program: Waiting for Conty program to stop. Current state: PROG_STOPPING
[2025-09-12|11:55:25][INFO]  [DEBUG] stop_program: Waiting for Conty program to stop. Current state: PROG_STOPPING
[2025-09-12|11:55:25][INFO]  [DEBUG] stop_program: Waiting for Conty program to stop. Current state: PROG_STOPPING
[2025-09-12|11:55:25][INFO]  [DEBUG] stop_program: Waiting for Conty program to stop. Current state: PROG_STOPPING
[2025-09-12|11:55:26][WARN]  [DEBUG] stop_program: Timeout waiting for Conty program to stop. Proceeding with reset anyway.
[2025-09-12|11:55:26][DEBUG] RobotFsmSequence: Trigger Event STOP on WARMING_ROBOT
[2025-09-12|11:55:26][INFO]  2025-09-12 11:55:26: [Robot FSM] Exiting WarmingRobotStrategy State.
[2025-09-12|11:55:26][DEBUG] RobotFsmSequence: Enter new state NOT_READY_IDLE
[2025-09-12|11:55:26][INFO]  2025-09-12 11:55:26: Program is NOT running PROG_STOPPING.
[2025-09-12|11:55:26][INFO]  2025-09-12 11:55:26: [Robot FSM] Enter NotReadyIdleStrategy State.
