[2025-09-12|11:17:26][INFO]  Blackboard initialized from projects/bulk_frying/configs/blackboard.json
[2025-09-12|11:17:30][INFO]  DEBUG: cooking_logger.py module is being loaded.
[2025-09-12|11:17:30][INFO]  IndyCare MQTT logging is disabled.
[2025-09-12|11:17:30][INFO]  [SYSTEM] Starting bulk_frying System...
[2025-09-12|11:17:30][INFO]  Init AppCommunication
[2025-09-12|11:17:30][DEBUG] RobotFsmSequence: Enter new state NOT_READY
[2025-09-12|11:17:30][INFO]  2025-09-12 11:17:30: Program is NOT running PROG_IDLE.
[2025-09-12|11:17:30][INFO]  2025-09-12 11:17:30: [Robot FSM] Enter NotReadyStrategy State.
[2025-09-12|11:17:30][INFO]  robot fsm run
[2025-09-12|11:17:30][INFO]  ProcessManager initialized with fry_type: dry
[2025-09-12|11:17:30][INFO]  dryfsm 1
[2025-09-12|11:17:30][DEBUG] DryRecipeFsmSequence: Enter new state NO_MENU
[2025-09-12|11:17:30][INFO]  2025-09-12 11:17:30: [Basket 1 FSM] Enter DryNoMenuStrategy State.
[2025-09-12|11:17:30][INFO]  dryfsm 2
[2025-09-12|11:17:30][DEBUG] RobotFsmSequence: Trigger Event DONE on NOT_READY
[2025-09-12|11:17:30][DEBUG] DryRecipeFsmSequence: Enter new state NO_MENU
[2025-09-12|11:17:30][INFO]  2025-09-12 11:17:30: [Robot FSM] Exit NotReadyStrategy State.
[2025-09-12|11:17:30][DEBUG] RobotFsmSequence: Enter new state NOT_READY_IDLE
[2025-09-12|11:17:30][INFO]  2025-09-12 11:17:30: Program is NOT running PROG_IDLE.
[2025-09-12|11:17:30][INFO]  2025-09-12 11:17:30: [Robot FSM] Enter NotReadyIdleStrategy State.
[2025-09-12|11:17:30][INFO]  2025-09-12 11:17:30: [Basket 2 FSM] Enter DryNoMenuStrategy State.
[2025-09-12|11:17:30][INFO]  dryfsm 3
[2025-09-12|11:17:30][DEBUG] DryRecipeFsmSequence: Enter new state NO_MENU
[2025-09-12|11:17:31][INFO]  2025-09-12 11:17:31: [Basket 3 FSM] Enter DryNoMenuStrategy State.
[2025-09-12|11:17:31][INFO]  dryfsm 4
[2025-09-12|11:17:31][DEBUG] DryRecipeFsmSequence: Enter new state NO_MENU
[2025-09-12|11:17:31][INFO]  2025-09-12 11:17:31: [Basket 4 FSM] Enter DryNoMenuStrategy State.
[2025-09-12|11:17:31][INFO]  dryfsm 5
[2025-09-12|11:17:31][DEBUG] DryRecipeFsmSequence: Enter new state NO_MENU
[2025-09-12|11:17:31][INFO]  2025-09-12 11:17:31: [Basket 5 FSM] Enter DryNoMenuStrategy State.
[2025-09-12|11:17:31][INFO]  dryfsm 6
[2025-09-12|11:17:31][DEBUG] DryRecipeFsmSequence: Enter new state NO_MENU
[2025-09-12|11:17:31][INFO]  2025-09-12 11:17:31: [Basket 6 FSM] Enter DryNoMenuStrategy State.
[2025-09-12|11:17:31][INFO]  dryfsm 7
[2025-09-12|11:17:31][DEBUG] DryRecipeFsmSequence: Enter new state NO_MENU
[2025-09-12|11:17:31][INFO]  2025-09-12 11:17:31: [Basket 7 FSM] Enter DryNoMenuStrategy State.
[2025-09-12|11:17:31][INFO]  dryfsm 8
[2025-09-12|11:17:31][DEBUG] DryRecipeFsmSequence: Enter new state NO_MENU
[2025-09-12|11:17:31][INFO]  2025-09-12 11:17:31: [Basket 8 FSM] Enter DryNoMenuStrategy State.
[2025-09-12|11:17:31][INFO]  dry fsm run
[2025-09-12|11:17:31][INFO]  1 fryer Index : 1
[2025-09-12|11:17:31][DEBUG] WetRecipeFsmSequence: Enter new state WAIT_PUTIN
[2025-09-12|11:17:31][INFO]  [SPECIAL] Basket 1: Reset putin_shake=0, shake_done=0
[2025-09-12|11:17:31][INFO]  2025-09-12 11:17:31: [Basket 1 FSM] Enter WaitPutinStrategy State.
[2025-09-12|11:17:31][INFO]  3 fryer Index : 1
[2025-09-12|11:17:31][DEBUG] WetRecipeFsmSequence: Enter new state WAIT_PUTIN
[2025-09-12|11:17:31][INFO]  [SPECIAL] Basket 3: Reset putin_shake=0, shake_done=0
[2025-09-12|11:17:31][INFO]  2025-09-12 11:17:31: [Basket 3 FSM] Enter WaitPutinStrategy State.
[2025-09-12|11:17:31][INFO]  6 fryer Index : 4
[2025-09-12|11:17:31][DEBUG] WetRecipeFsmSequence: Enter new state WAIT_PUTIN
[2025-09-12|11:17:31][INFO]  [SPECIAL] Basket 6: Reset putin_shake=0, shake_done=0
[2025-09-12|11:17:31][INFO]  2025-09-12 11:17:31: [Basket 6 FSM] Enter WaitPutinStrategy State.
[2025-09-12|11:17:31][INFO]  8 fryer Index : 4
[2025-09-12|11:17:31][DEBUG] WetRecipeFsmSequence: Enter new state WAIT_PUTIN
[2025-09-12|11:17:31][INFO]  [SPECIAL] Basket 8: Reset putin_shake=0, shake_done=0
[2025-09-12|11:17:31][INFO]  2025-09-12 11:17:31: [Basket 8 FSM] Enter WaitPutinStrategy State.
[2025-09-12|11:17:31][INFO]  wet fsm run
[2025-09-12|11:17:31][INFO]  [ProcessManager Init] Current Working Directory: /home/user/dev/runtest/Release/codex_agents_indycare
[2025-09-12|11:17:31][INFO]  [ProcessManager Init] Attempting to load config from: /home/user/dev/runtest/Release/codex_agents_indycare/projects/bulk_frying/configs/app_config.json
[2025-09-12|11:17:31][INFO]  [ProcessManager Init] Extracted eco_sensor_config: {'enabled': False, 'communication_type': 'socket', 'ip': '192.168.0.2', 'port': 5000, 'serial_port': '/dev/ttyUSB0', 'read_interval_minutes': 10, 'send_on_startup': True, 'max_retry_attempts': 3, 'retry_delay_seconds': 5}
[2025-09-12|11:17:31][WARN]  [ProcessManager Init] EcoSensor is not enabled or config not found. Skipping initialization.
[2025-09-12|11:17:31][INFO]  EcoSensor: Will send data immediately on first run.
[2025-09-12|11:17:31][INFO]  [SYSTEM] bulk_frying system initialized. Running...
[2025-09-12|11:17:46][INFO]  2025-09-12 11:17:46: [ProcessManager] Reset all recipes!
[2025-09-12|11:17:46][INFO]  [SYSTEM] [DEBUG] Received request for full FSM reset.
[2025-09-12|11:17:46][INFO]  2025-09-12 11:17:46: Program is NOT running PROG_IDLE.
[2025-09-12|11:17:46][INFO]  [SYSTEM] [DEBUG] Re-initializing all FSMs without waiting for old threads.
[2025-09-12|11:17:46][INFO]  RobotFsmSequence: Stopping FSM service thread.
[2025-09-12|11:17:46][INFO]  RobotFsmSequence: FSM service thread stopped.
[2025-09-12|11:17:46][DEBUG] RobotFsmSequence: Enter new state NOT_READY
[2025-09-12|11:17:46][INFO]  2025-09-12 11:17:46: Program is NOT running PROG_IDLE.
[2025-09-12|11:17:46][INFO]  2025-09-12 11:17:46: [Robot FSM] Enter NotReadyStrategy State.
[2025-09-12|11:17:46][INFO]  [SYSTEM] [DEBUG] Robot FSM re-initialized.
[2025-09-12|11:17:46][INFO]  DryRecipeFsmSequence: Stopping FSM service thread.
[2025-09-12|11:17:46][INFO]  DryRecipeFsmSequence: FSM service thread stopped.
[2025-09-12|11:17:46][INFO]  DryRecipeFsmSequence: Stopping FSM service thread.
[2025-09-12|11:17:46][DEBUG] RobotFsmSequence: Trigger Event DONE on NOT_READY
[2025-09-12|11:17:46][INFO]  DryRecipeFsmSequence: FSM service thread stopped.
[2025-09-12|11:17:46][INFO]  DryRecipeFsmSequence: Stopping FSM service thread.
[2025-09-12|11:17:46][INFO]  2025-09-12 11:17:46: [Robot FSM] Exit NotReadyStrategy State.
[2025-09-12|11:17:46][DEBUG] RobotFsmSequence: Enter new state NOT_READY_IDLE
[2025-09-12|11:17:46][INFO]  2025-09-12 11:17:46: Program is NOT running PROG_IDLE.
[2025-09-12|11:17:46][INFO]  2025-09-12 11:17:46: [Robot FSM] Enter NotReadyIdleStrategy State.
[2025-09-12|11:17:46][INFO]  DryRecipeFsmSequence: FSM service thread stopped.
[2025-09-12|11:17:46][INFO]  DryRecipeFsmSequence: Stopping FSM service thread.
[2025-09-12|11:17:46][INFO]  DryRecipeFsmSequence: FSM service thread stopped.
[2025-09-12|11:17:46][INFO]  DryRecipeFsmSequence: Stopping FSM service thread.
[2025-09-12|11:17:46][INFO]  DryRecipeFsmSequence: FSM service thread stopped.
[2025-09-12|11:17:46][INFO]  DryRecipeFsmSequence: Stopping FSM service thread.
[2025-09-12|11:17:46][INFO]  DryRecipeFsmSequence: FSM service thread stopped.
[2025-09-12|11:17:46][INFO]  DryRecipeFsmSequence: Stopping FSM service thread.
[2025-09-12|11:17:46][INFO]  DryRecipeFsmSequence: FSM service thread stopped.
[2025-09-12|11:17:46][INFO]  DryRecipeFsmSequence: Stopping FSM service thread.
[2025-09-12|11:17:46][INFO]  DryRecipeFsmSequence: FSM service thread stopped.
[2025-09-12|11:17:46][INFO]  dryfsm 1
[2025-09-12|11:17:46][DEBUG] DryRecipeFsmSequence: Enter new state NO_MENU
[2025-09-12|11:17:46][INFO]  2025-09-12 11:17:46: [Basket 1 FSM] Enter DryNoMenuStrategy State.
[2025-09-12|11:17:46][INFO]  dryfsm 2
[2025-09-12|11:17:46][DEBUG] DryRecipeFsmSequence: Enter new state NO_MENU
[2025-09-12|11:17:46][INFO]  2025-09-12 11:17:46: [Basket 2 FSM] Enter DryNoMenuStrategy State.
[2025-09-12|11:17:46][INFO]  dryfsm 3
[2025-09-12|11:17:46][DEBUG] DryRecipeFsmSequence: Enter new state NO_MENU
[2025-09-12|11:17:46][INFO]  2025-09-12 11:17:46: [Basket 3 FSM] Enter DryNoMenuStrategy State.
[2025-09-12|11:17:46][INFO]  dryfsm 4
[2025-09-12|11:17:46][DEBUG] DryRecipeFsmSequence: Enter new state NO_MENU
[2025-09-12|11:17:46][INFO]  2025-09-12 11:17:46: [Basket 4 FSM] Enter DryNoMenuStrategy State.
[2025-09-12|11:17:46][INFO]  dryfsm 5
[2025-09-12|11:17:46][DEBUG] DryRecipeFsmSequence: Enter new state NO_MENU
[2025-09-12|11:17:46][INFO]  2025-09-12 11:17:46: [Basket 5 FSM] Enter DryNoMenuStrategy State.
[2025-09-12|11:17:46][INFO]  dryfsm 6
[2025-09-12|11:17:46][DEBUG] DryRecipeFsmSequence: Enter new state NO_MENU
[2025-09-12|11:17:46][INFO]  2025-09-12 11:17:46: [Basket 6 FSM] Enter DryNoMenuStrategy State.
[2025-09-12|11:17:46][INFO]  dryfsm 7
[2025-09-12|11:17:46][DEBUG] DryRecipeFsmSequence: Enter new state NO_MENU
[2025-09-12|11:17:46][INFO]  2025-09-12 11:17:46: [Basket 7 FSM] Enter DryNoMenuStrategy State.
[2025-09-12|11:17:46][INFO]  dryfsm 8
[2025-09-12|11:17:46][DEBUG] DryRecipeFsmSequence: Enter new state NO_MENU
[2025-09-12|11:17:46][INFO]  2025-09-12 11:17:46: [Basket 8 FSM] Enter DryNoMenuStrategy State.
[2025-09-12|11:17:47][INFO]  WetRecipeFsmSequence: Stopping FSM service thread.
[2025-09-12|11:17:47][INFO]  WetRecipeFsmSequence: FSM service thread stopped.
[2025-09-12|11:17:47][INFO]  WetRecipeFsmSequence: Stopping FSM service thread.
[2025-09-12|11:17:47][INFO]  WetRecipeFsmSequence: FSM service thread stopped.
[2025-09-12|11:17:47][INFO]  WetRecipeFsmSequence: Stopping FSM service thread.
[2025-09-12|11:17:47][INFO]  WetRecipeFsmSequence: FSM service thread stopped.
[2025-09-12|11:17:47][INFO]  WetRecipeFsmSequence: Stopping FSM service thread.
[2025-09-12|11:17:47][INFO]  WetRecipeFsmSequence: FSM service thread stopped.
[2025-09-12|11:17:47][INFO]  1 fryer Index : 1
[2025-09-12|11:17:47][DEBUG] WetRecipeFsmSequence: Enter new state WAIT_PUTIN
[2025-09-12|11:17:47][INFO]  [SPECIAL] Basket 1: Reset putin_shake=0, shake_done=0
[2025-09-12|11:17:47][INFO]  2025-09-12 11:17:47: [Basket 1 FSM] Enter WaitPutinStrategy State.
[2025-09-12|11:17:47][INFO]  3 fryer Index : 1
[2025-09-12|11:17:47][DEBUG] WetRecipeFsmSequence: Enter new state WAIT_PUTIN
[2025-09-12|11:17:47][INFO]  [SPECIAL] Basket 3: Reset putin_shake=0, shake_done=0
[2025-09-12|11:17:47][INFO]  2025-09-12 11:17:47: [Basket 3 FSM] Enter WaitPutinStrategy State.
[2025-09-12|11:17:47][INFO]  6 fryer Index : 4
[2025-09-12|11:17:47][DEBUG] WetRecipeFsmSequence: Enter new state WAIT_PUTIN
[2025-09-12|11:17:47][INFO]  [SPECIAL] Basket 6: Reset putin_shake=0, shake_done=0
[2025-09-12|11:17:47][INFO]  2025-09-12 11:17:47: [Basket 6 FSM] Enter WaitPutinStrategy State.
[2025-09-12|11:17:47][INFO]  8 fryer Index : 4
[2025-09-12|11:17:47][DEBUG] WetRecipeFsmSequence: Enter new state WAIT_PUTIN
[2025-09-12|11:17:47][INFO]  [SPECIAL] Basket 8: Reset putin_shake=0, shake_done=0
[2025-09-12|11:17:47][INFO]  2025-09-12 11:17:47: [Basket 8 FSM] Enter WaitPutinStrategy State.
[2025-09-12|11:17:47][INFO]  [SYSTEM] [DEBUG] All FSMs re-initialized.
[2025-09-12|11:17:47][INFO]  [ProcessManager] `prog_stopped` flag has been manually reset.
[2025-09-12|11:17:48][DEBUG] cooking_logger.py: send_recipe_list_mqtt() called with data: [{'label': '', 'time': 0}, {'label': '테스트', 'time': 180}, {'label': '', 'time': 0}, {'label': '', 'time': 0}, {'label': '', 'time': 0}, {'label': '', 'time': 0}, {'label': '', 'time': 0}, {'label': '', 'time': 0}, {'label': '', 'time': 0}, {'label': '', 'time': 0}, {'label': '', 'time': 0}]
[2025-09-12|11:17:48][INFO]  -------- ui/recipe1/reset/recipe_name 191 True
[2025-09-12|11:17:48][INFO]  ---sdfsdfsdff=----------
[2025-09-12|11:17:57][INFO]  2025-09-12 11:17:57: [Robot FSM] Program Start.
[2025-09-12|11:17:57][ERROR] Start main program
[2025-09-12|11:17:57][INFO]  2025-09-12 11:17:57: Wait for main program running
[2025-09-12|11:17:57][INFO]  2025-09-12 11:17:57: Program is NOT running PROG_IDLE.
[2025-09-12|11:17:57][INFO]  2025-09-12 11:17:57: Wait for main program running
[2025-09-12|11:17:57][INFO]  2025-09-12 11:17:57: Program is NOT running PROG_IDLE.
[2025-09-12|11:17:57][INFO]  2025-09-12 11:17:57: Wait for main program running
[2025-09-12|11:17:57][INFO]  2025-09-12 11:17:57: Program is NOT running PROG_IDLE.
[2025-09-12|11:17:57][INFO]  2025-09-12 11:17:57: Wait for main program running
[2025-09-12|11:17:57][INFO]  2025-09-12 11:17:57: Program is NOT running PROG_IDLE.
[2025-09-12|11:17:57][INFO]  2025-09-12 11:17:57: Wait for main program running
[2025-09-12|11:17:57][INFO]  2025-09-12 11:17:57: Program is NOT running PROG_IDLE.
[2025-09-12|11:17:57][INFO]  2025-09-12 11:17:57: Wait for main program running
[2025-09-12|11:17:57][INFO]  2025-09-12 11:17:57: Program is NOT running PROG_IDLE.
[2025-09-12|11:17:57][INFO]  2025-09-12 11:17:57: Wait for main program running
[2025-09-12|11:17:57][INFO]  2025-09-12 11:17:57: Program is NOT running PROG_IDLE.
[2025-09-12|11:17:57][INFO]  2025-09-12 11:17:57: Wait for main program running
[2025-09-12|11:17:57][INFO]  2025-09-12 11:17:57: Program is NOT running PROG_IDLE.
[2025-09-12|11:17:58][INFO]  2025-09-12 11:17:58: Wait for main program running
[2025-09-12|11:17:58][INFO]  2025-09-12 11:17:58: Program is NOT running PROG_IDLE.
[2025-09-12|11:17:58][INFO]  2025-09-12 11:17:58: Wait for main program running
[2025-09-12|11:17:58][INFO]  2025-09-12 11:17:58: Program is NOT running PROG_IDLE.
[2025-09-12|11:17:58][INFO]  2025-09-12 11:17:58: Wait for main program running
[2025-09-12|11:17:58][INFO]  2025-09-12 11:17:58: Program is NOT running PROG_IDLE.
[2025-09-12|11:17:58][INFO]  2025-09-12 11:17:58: Wait for main program running
[2025-09-12|11:17:58][INFO]  2025-09-12 11:17:58: Program is NOT running PROG_IDLE.
[2025-09-12|11:17:58][INFO]  2025-09-12 11:17:58: Wait for main program running
[2025-09-12|11:17:58][INFO]  2025-09-12 11:17:58: Program is NOT running PROG_IDLE.
[2025-09-12|11:17:58][INFO]  2025-09-12 11:17:58: Wait for main program running
[2025-09-12|11:17:58][INFO]  2025-09-12 11:17:58: Program is NOT running PROG_IDLE.
[2025-09-12|11:17:58][INFO]  2025-09-12 11:17:58: Wait for main program running
[2025-09-12|11:17:58][INFO]  2025-09-12 11:17:58: Program is NOT running PROG_IDLE.
[2025-09-12|11:17:58][INFO]  2025-09-12 11:17:58: Wait for main program running
[2025-09-12|11:17:58][INFO]  2025-09-12 11:17:58: Program is NOT running PROG_IDLE.
[2025-09-12|11:17:58][INFO]  2025-09-12 11:17:58: Wait for main program running
[2025-09-12|11:17:58][INFO]  2025-09-12 11:17:58: Program is NOT running PROG_IDLE.
[2025-09-12|11:17:59][INFO]  2025-09-12 11:17:59: Wait for main program running
[2025-09-12|11:17:59][INFO]  2025-09-12 11:17:59: Program is NOT running PROG_IDLE.
[2025-09-12|11:17:59][INFO]  2025-09-12 11:17:59: Wait for main program running
[2025-09-12|11:17:59][INFO]  2025-09-12 11:17:59: Program is NOT running PROG_IDLE.
[2025-09-12|11:17:59][INFO]  2025-09-12 11:17:59: Wait for main program running
[2025-09-12|11:17:59][INFO]  2025-09-12 11:17:59: Program is NOT running PROG_IDLE.
[2025-09-12|11:17:59][INFO]  2025-09-12 11:17:59: Wait for main program running
[2025-09-12|11:17:59][INFO]  2025-09-12 11:17:59: Program is NOT running PROG_IDLE.
[2025-09-12|11:17:59][INFO]  2025-09-12 11:17:59: Wait for main program running
[2025-09-12|11:17:59][INFO]  2025-09-12 11:17:59: Program is NOT running PROG_IDLE.
[2025-09-12|11:17:59][INFO]  2025-09-12 11:17:59: Wait for main program running
[2025-09-12|11:17:59][INFO]  2025-09-12 11:17:59: Program is NOT running PROG_IDLE.
[2025-09-12|11:17:59][INFO]  2025-09-12 11:17:59: Wait for main program running
[2025-09-12|11:17:59][INFO]  2025-09-12 11:17:59: Program is NOT running PROG_IDLE.
[2025-09-12|11:17:59][INFO]  2025-09-12 11:17:59: Wait for main program running
[2025-09-12|11:17:59][INFO]  2025-09-12 11:17:59: Program is NOT running PROG_IDLE.
[2025-09-12|11:17:59][INFO]  2025-09-12 11:17:59: Wait for main program running
[2025-09-12|11:17:59][INFO]  2025-09-12 11:17:59: Program is NOT running PROG_IDLE.
[2025-09-12|11:17:59][INFO]  2025-09-12 11:17:59: Wait for main program running
[2025-09-12|11:17:59][INFO]  2025-09-12 11:17:59: Program is NOT running PROG_IDLE.
[2025-09-12|11:18:00][INFO]  2025-09-12 11:18:00: Wait for main program running
[2025-09-12|11:18:00][INFO]  2025-09-12 11:18:00: Program is NOT running PROG_IDLE.
[2025-09-12|11:18:00][INFO]  2025-09-12 11:18:00: Wait for main program running
[2025-09-12|11:18:00][INFO]  2025-09-12 11:18:00: Program is NOT running PROG_IDLE.
[2025-09-12|11:18:00][INFO]  2025-09-12 11:18:00: Wait for main program running
[2025-09-12|11:18:00][INFO]  2025-09-12 11:18:00: Program is NOT running PROG_IDLE.
[2025-09-12|11:18:00][INFO]  2025-09-12 11:18:00: Wait for main program running
[2025-09-12|11:18:00][INFO]  2025-09-12 11:18:00: Program is NOT running PROG_IDLE.
[2025-09-12|11:18:00][INFO]  2025-09-12 11:18:00: Wait for main program running
[2025-09-12|11:18:00][INFO]  2025-09-12 11:18:00: Program is NOT running PROG_IDLE.
[2025-09-12|11:18:00][INFO]  2025-09-12 11:18:00: Wait for main program running
[2025-09-12|11:18:00][INFO]  2025-09-12 11:18:00: Program is NOT running PROG_IDLE.
[2025-09-12|11:18:00][INFO]  2025-09-12 11:18:00: Wait for main program running
[2025-09-12|11:18:00][INFO]  2025-09-12 11:18:00: Program is NOT running PROG_IDLE.
[2025-09-12|11:18:00][INFO]  2025-09-12 11:18:00: Wait for main program running
[2025-09-12|11:18:00][INFO]  2025-09-12 11:18:00: Program is NOT running PROG_IDLE.
[2025-09-12|11:18:00][INFO]  2025-09-12 11:18:00: Wait for main program running
[2025-09-12|11:18:00][DEBUG] RobotFsmSequence: Trigger Event START_PROGRAM on NOT_READY_IDLE
[2025-09-12|11:18:00][INFO]  2025-09-12 11:18:00: [Robot FSM] Exit NotReadyIdleStrategy State.
[2025-09-12|11:18:00][DEBUG] RobotFsmSequence: Enter new state MOVE_TO_READY
[2025-09-12|11:18:00][INFO]  2025-09-12 11:18:00: [Robot FSM] Enter MoveToReadyStrategy State.
[2025-09-12|11:18:00][INFO]  2025-09-12 11:18:00: [Robot FSM] Start motion True move_to_ready  
[2025-09-12|11:18:01][ERROR] 2025-09-12 11:18:01: [Robot FSM] Violation detected [indy_state=OP_SYSTEM_ON, violation_code=NOT_READY]
[2025-09-12|11:18:01][DEBUG] RobotFsmSequence: Trigger Event ERROR_DETECT on MOVE_TO_READY
[2025-09-12|11:18:01][INFO]  2025-09-12 11:18:01: [Robot FSM] Exiting MoveToReadyStrategy State.
[2025-09-12|11:18:01][DEBUG] RobotFsmSequence: Enter new state ERROR
[2025-09-12|11:18:01][INFO]  2025-09-12 11:18:01: [Robot FSM] Violation code NOT_READY
[2025-09-12|11:18:01][INFO]  2025-09-12 11:18:01: [Robot FSM] Enter ErrorStrategy State.
[2025-09-12|11:18:01][INFO]  [DEBUG] stop_program: Sending stop command to Conty.
[2025-09-12|11:18:01][INFO]  [DEBUG] stop_program: Waiting for Conty program to stop. Current state: PROG_RUNNING
[2025-09-12|11:18:01][INFO]  Stop program!!
[2025-09-12|11:18:01][INFO]  [DEBUG] stop_program: Waiting for Conty program to stop. Current state: PROG_RUNNING
[2025-09-12|11:18:01][INFO]  [DEBUG] stop_program: Waiting for Conty program to stop. Current state: PROG_STOPPING
[2025-09-12|11:18:01][INFO]  [DEBUG] stop_program: Waiting for Conty program to stop. Current state: PROG_STOPPING
[2025-09-12|11:18:01][WARN]  [ProcessManager] Program stop detected. Resetting all motion triggers to prevent deadlock.
[2025-09-12|11:18:01][INFO]  [DEBUG] stop_program: Waiting for Conty program to stop. Current state: PROG_STOPPING
[2025-09-12|11:18:02][INFO]  [DEBUG] stop_program: Waiting for Conty program to stop. Current state: PROG_STOPPING
[2025-09-12|11:18:02][INFO]  [DEBUG] stop_program: Waiting for Conty program to stop. Current state: PROG_STOPPING
[2025-09-12|11:18:02][INFO]  [DEBUG] stop_program: Waiting for Conty program to stop. Current state: PROG_STOPPING
[2025-09-12|11:18:02][INFO]  [DEBUG] stop_program: Waiting for Conty program to stop. Current state: PROG_STOPPING
[2025-09-12|11:18:02][INFO]  [DEBUG] stop_program: Waiting for Conty program to stop. Current state: PROG_STOPPING
[2025-09-12|11:18:03][INFO]  [DEBUG] stop_program: Waiting for Conty program to stop. Current state: PROG_STOPPING
[2025-09-12|11:18:03][INFO]  [DEBUG] stop_program: Waiting for Conty program to stop. Current state: PROG_STOPPING
[2025-09-12|11:18:03][INFO]  [DEBUG] stop_program: Waiting for Conty program to stop. Current state: PROG_STOPPING
[2025-09-12|11:18:03][INFO]  [DEBUG] stop_program: Waiting for Conty program to stop. Current state: PROG_STOPPING
[2025-09-12|11:18:03][INFO]  [DEBUG] stop_program: Waiting for Conty program to stop. Current state: PROG_STOPPING
[2025-09-12|11:18:04][INFO]  [DEBUG] stop_program: Waiting for Conty program to stop. Current state: PROG_STOPPING
[2025-09-12|11:18:04][INFO]  [DEBUG] stop_program: Waiting for Conty program to stop. Current state: PROG_STOPPING
[2025-09-12|11:18:04][INFO]  [DEBUG] stop_program: Waiting for Conty program to stop. Current state: PROG_STOPPING
[2025-09-12|11:18:04][INFO]  [DEBUG] stop_program: Waiting for Conty program to stop. Current state: PROG_STOPPING
[2025-09-12|11:18:05][INFO]  [DEBUG] stop_program: Waiting for Conty program to stop. Current state: PROG_STOPPING
[2025-09-12|11:18:05][INFO]  [DEBUG] stop_program: Waiting for Conty program to stop. Current state: PROG_STOPPING
[2025-09-12|11:18:05][INFO]  [DEBUG] stop_program: Waiting for Conty program to stop. Current state: PROG_STOPPING
[2025-09-12|11:18:05][INFO]  [DEBUG] stop_program: Waiting for Conty program to stop. Current state: PROG_STOPPING
[2025-09-12|11:18:05][INFO]  [DEBUG] stop_program: Waiting for Conty program to stop. Current state: PROG_STOPPING
[2025-09-12|11:18:06][INFO]  [DEBUG] stop_program: Waiting for Conty program to stop. Current state: PROG_STOPPING
[2025-09-12|11:18:06][INFO]  [DEBUG] stop_program: Waiting for Conty program to stop. Current state: PROG_STOPPING
[2025-09-12|11:18:06][INFO]  [DEBUG] stop_program: Waiting for Conty program to stop. Current state: PROG_STOPPING
[2025-09-12|11:18:06][INFO]  [DEBUG] stop_program: Waiting for Conty program to stop. Current state: PROG_STOPPING
[2025-09-12|11:18:06][INFO]  [DEBUG] stop_program: Waiting for Conty program to stop. Current state: PROG_STOPPING
[2025-09-12|11:18:07][INFO]  [DEBUG] stop_program: Waiting for Conty program to stop. Current state: PROG_STOPPING
[2025-09-12|11:18:07][INFO]  [DEBUG] stop_program: Waiting for Conty program to stop. Current state: PROG_STOPPING
[2025-09-12|11:18:07][INFO]  [DEBUG] stop_program: Waiting for Conty program to stop. Current state: PROG_STOPPING
[2025-09-12|11:18:07][INFO]  [DEBUG] stop_program: Waiting for Conty program to stop. Current state: PROG_STOPPING
[2025-09-12|11:18:07][INFO]  [DEBUG] stop_program: Waiting for Conty program to stop. Current state: PROG_STOPPING
[2025-09-12|11:18:08][INFO]  [DEBUG] stop_program: Waiting for Conty program to stop. Current state: PROG_STOPPING
[2025-09-12|11:18:08][INFO]  [DEBUG] stop_program: Waiting for Conty program to stop. Current state: PROG_STOPPING
[2025-09-12|11:18:08][INFO]  [DEBUG] stop_program: Waiting for Conty program to stop. Current state: PROG_STOPPING
[2025-09-12|11:18:08][INFO]  [DEBUG] stop_program: Waiting for Conty program to stop. Current state: PROG_STOPPING
[2025-09-12|11:18:08][INFO]  [DEBUG] stop_program: Waiting for Conty program to stop. Current state: PROG_STOPPING
[2025-09-12|11:18:09][INFO]  [DEBUG] stop_program: Waiting for Conty program to stop. Current state: PROG_STOPPING
[2025-09-12|11:18:09][INFO]  [DEBUG] stop_program: Waiting for Conty program to stop. Current state: PROG_STOPPING
[2025-09-12|11:18:09][INFO]  [DEBUG] stop_program: Waiting for Conty program to stop. Current state: PROG_STOPPING
[2025-09-12|11:18:09][INFO]  [DEBUG] stop_program: Waiting for Conty program to stop. Current state: PROG_STOPPING
[2025-09-12|11:18:09][INFO]  [DEBUG] stop_program: Waiting for Conty program to stop. Current state: PROG_STOPPING
[2025-09-12|11:18:10][INFO]  [DEBUG] stop_program: Waiting for Conty program to stop. Current state: PROG_STOPPING
[2025-09-12|11:18:10][INFO]  [DEBUG] stop_program: Waiting for Conty program to stop. Current state: PROG_STOPPING
[2025-09-12|11:18:10][INFO]  [DEBUG] stop_program: Waiting for Conty program to stop. Current state: PROG_STOPPING
[2025-09-12|11:18:10][INFO]  [DEBUG] stop_program: Waiting for Conty program to stop. Current state: PROG_STOPPING
[2025-09-12|11:18:10][INFO]  [DEBUG] stop_program: Waiting for Conty program to stop. Current state: PROG_STOPPING
[2025-09-12|11:18:11][WARN]  [DEBUG] stop_program: Timeout waiting for Conty program to stop. Proceeding with reset anyway.
[2025-09-12|11:18:11][DEBUG] RobotFsmSequence: Trigger Event DONE on ERROR
[2025-09-12|11:18:11][INFO]  2025-09-12 11:18:11: [Robot FSM] Exit ErrorStrategy State.
[2025-09-12|11:18:11][DEBUG] RobotFsmSequence: Enter new state NOT_READY_IDLE
[2025-09-12|11:18:11][INFO]  2025-09-12 11:18:11: Program is NOT running PROG_STOPPING.
[2025-09-12|11:18:11][INFO]  2025-09-12 11:18:11: [Robot FSM] Enter NotReadyIdleStrategy State.
[2025-09-12|11:18:19][ERROR] 2025-09-12 11:18:19: [Robot FSM] Violation detected [indy_state=OP_SYSTEM_RESET, violation_code=VIOLATION]
[2025-09-12|11:18:19][ERROR] 2025-09-12 11:18:19: [Robot FSM] Violation detected [indy_state=OP_SYSTEM_RESET, violation_code=VIOLATION]
[2025-09-12|11:18:19][ERROR] 2025-09-12 11:18:19: [Robot FSM] Violation detected [indy_state=OP_SYSTEM_RESET, violation_code=VIOLATION]
[2025-09-12|11:18:19][ERROR] 2025-09-12 11:18:19: [Robot FSM] Violation detected [indy_state=OP_SYSTEM_RESET, violation_code=VIOLATION]
[2025-09-12|11:18:19][ERROR] 2025-09-12 11:18:19: [Robot FSM] Violation detected [indy_state=OP_SYSTEM_RESET, violation_code=VIOLATION]
[2025-09-12|11:18:19][ERROR] 2025-09-12 11:18:19: [Robot FSM] Violation detected [indy_state=OP_SYSTEM_RESET, violation_code=VIOLATION]
[2025-09-12|11:18:19][ERROR] 2025-09-12 11:18:19: [Robot FSM] Violation detected [indy_state=OP_SYSTEM_RESET, violation_code=VIOLATION]
[2025-09-12|11:18:19][ERROR] 2025-09-12 11:18:19: [Robot FSM] Violation detected [indy_state=OP_SYSTEM_ON, violation_code=NOT_READY]
[2025-09-12|11:18:19][DEBUG] RobotFsmSequence: Trigger Event ERROR_DETECT on NOT_READY_IDLE
[2025-09-12|11:18:19][INFO]  2025-09-12 11:18:19: [Robot FSM] Exit NotReadyIdleStrategy State.
[2025-09-12|11:18:19][DEBUG] RobotFsmSequence: Enter new state ERROR
[2025-09-12|11:18:19][INFO]  2025-09-12 11:18:19: [Robot FSM] Violation code NOT_READY
[2025-09-12|11:18:19][INFO]  2025-09-12 11:18:19: [Robot FSM] Enter ErrorStrategy State.
[2025-09-12|11:18:19][DEBUG] RobotFsmSequence: Trigger Event DONE on ERROR
[2025-09-12|11:18:19][INFO]  2025-09-12 11:18:19: [Robot FSM] Exit ErrorStrategy State.
[2025-09-12|11:18:19][DEBUG] RobotFsmSequence: Enter new state NOT_READY_IDLE
[2025-09-12|11:18:19][INFO]  2025-09-12 11:18:19: Program is NOT running PROG_IDLE.
[2025-09-12|11:18:19][INFO]  2025-09-12 11:18:19: [Robot FSM] Enter NotReadyIdleStrategy State.
